[  8%] [32mBuilding CXX object CMakeFiles/Incubator_i_Instance_pt_ptp_device_manager_exe.dir/src/user_code/Incubator_i_Instance_pt_ptp_device_manager_src.cpp.o[0m
[ 16%] [32mBuilding CXX object CMakeFiles/Incubator_i_Instance_pt_ptp_controller_exe.dir/src/base_code/Incubator_i_Instance_pt_ptp_controller_runner.cpp.o[0m
[ 25%] [32mBuilding CXX object CMakeFiles/Incubator_i_Instance_pt_ptp_controller_exe.dir/src/user_code/Incubator_i_Instance_pt_ptp_controller_src.cpp.o[0m
[ 33%] [32mBuilding CXX object CMakeFiles/Incubator_i_Instance_pt_ptp_device_manager_exe.dir/src/base_code/Incubator_i_Instance_pt_ptp_device_manager_runner.cpp.o[0m
[ 41%] [32mBuilding CXX object CMakeFiles/Incubator_i_Instance_dt_dtp_idbr_exe.dir/src/base_code/Incubator_i_Instance_dt_dtp_idbr_runner.cpp.o[0m
[ 50%] [32mBuilding CXX object CMakeFiles/Incubator_i_Instance_dt_dtp_idbr_exe.dir/src/user_code/Incubator_i_Instance_dt_dtp_idbr_src.cpp.o[0m
[ 58%] [32mBuilding CXX object CMakeFiles/Incubator_i_Instance_pt_ptp_device_manager_exe.dir/src/base_code/Incubator_i_Instance_pt_ptp_device_manager_base_src.cpp.o[0m
[ 75%] [32mBuilding CXX object CMakeFiles/Incubator_i_Instance_dt_dtp_idbr_exe.dir/src/base_code/Incubator_i_Instance_dt_dtp_idbr_base_src.cpp.o[0m
[ 75%] [32mBuilding CXX object CMakeFiles/Incubator_i_Instance_pt_ptp_controller_exe.dir/src/base_code/Incubator_i_Instance_pt_ptp_controller_base_src.cpp.o[0m
[ 83%] [32m[1mLinking CXX executable Incubator_i_Instance_pt_ptp_device_manager_exe[0m
[ 83%] Built target Incubator_i_Instance_pt_ptp_device_manager_exe
[ 91%] [32m[1mLinking CXX executable Incubator_i_Instance_dt_dtp_idbr_exe[0m
[ 91%] Built target Incubator_i_Instance_dt_dtp_idbr_exe
[100%] [32m[1mLinking CXX executable Incubator_i_Instance_pt_ptp_controller_exe[0m
[100%] Built target Incubator_i_Instance_pt_ptp_controller_exe
-- Install configuration: ""
-- Installing: /home/thompson/MS_Report/hamr_incubator_ws/install/incubator_cpp_pkg/lib/incubator_cpp_pkg/Incubator_i_Instance_pt_ptp_device_manager_exe
-- Set runtime path of "/home/thompson/MS_Report/hamr_incubator_ws/install/incubator_cpp_pkg/lib/incubator_cpp_pkg/Incubator_i_Instance_pt_ptp_device_manager_exe" to ""
-- Installing: /home/thompson/MS_Report/hamr_incubator_ws/install/incubator_cpp_pkg/lib/incubator_cpp_pkg/Incubator_i_Instance_pt_ptp_controller_exe
-- Set runtime path of "/home/thompson/MS_Report/hamr_incubator_ws/install/incubator_cpp_pkg/lib/incubator_cpp_pkg/Incubator_i_Instance_pt_ptp_controller_exe" to ""
-- Installing: /home/thompson/MS_Report/hamr_incubator_ws/install/incubator_cpp_pkg/lib/incubator_cpp_pkg/Incubator_i_Instance_dt_dtp_idbr_exe
-- Set runtime path of "/home/thompson/MS_Report/hamr_incubator_ws/install/incubator_cpp_pkg/lib/incubator_cpp_pkg/Incubator_i_Instance_dt_dtp_idbr_exe" to ""
-- Installing: /home/thompson/MS_Report/hamr_incubator_ws/install/incubator_cpp_pkg/share/ament_index/resource_index/package_run_dependencies/incubator_cpp_pkg
-- Installing: /home/thompson/MS_Report/hamr_incubator_ws/install/incubator_cpp_pkg/share/ament_index/resource_index/parent_prefix_path/incubator_cpp_pkg
-- Installing: /home/thompson/MS_Report/hamr_incubator_ws/install/incubator_cpp_pkg/share/incubator_cpp_pkg/environment/ament_prefix_path.sh
-- Installing: /home/thompson/MS_Report/hamr_incubator_ws/install/incubator_cpp_pkg/share/incubator_cpp_pkg/environment/ament_prefix_path.dsv
-- Installing: /home/thompson/MS_Report/hamr_incubator_ws/install/incubator_cpp_pkg/share/incubator_cpp_pkg/environment/path.sh
-- Installing: /home/thompson/MS_Report/hamr_incubator_ws/install/incubator_cpp_pkg/share/incubator_cpp_pkg/environment/path.dsv
-- Installing: /home/thompson/MS_Report/hamr_incubator_ws/install/incubator_cpp_pkg/share/incubator_cpp_pkg/local_setup.bash
-- Installing: /home/thompson/MS_Report/hamr_incubator_ws/install/incubator_cpp_pkg/share/incubator_cpp_pkg/local_setup.sh
-- Installing: /home/thompson/MS_Report/hamr_incubator_ws/install/incubator_cpp_pkg/share/incubator_cpp_pkg/local_setup.zsh
-- Installing: /home/thompson/MS_Report/hamr_incubator_ws/install/incubator_cpp_pkg/share/incubator_cpp_pkg/local_setup.dsv
-- Installing: /home/thompson/MS_Report/hamr_incubator_ws/install/incubator_cpp_pkg/share/incubator_cpp_pkg/package.dsv
-- Installing: /home/thompson/MS_Report/hamr_incubator_ws/install/incubator_cpp_pkg/share/ament_index/resource_index/packages/incubator_cpp_pkg
-- Installing: /home/thompson/MS_Report/hamr_incubator_ws/install/incubator_cpp_pkg/share/incubator_cpp_pkg/cmake/incubator_cpp_pkgConfig.cmake
-- Installing: /home/thompson/MS_Report/hamr_incubator_ws/install/incubator_cpp_pkg/share/incubator_cpp_pkg/cmake/incubator_cpp_pkgConfig-version.cmake
-- Installing: /home/thompson/MS_Report/hamr_incubator_ws/install/incubator_cpp_pkg/share/incubator_cpp_pkg/package.xml
