[0.012s] Invoking command in '/home/thompson/incubator_ws/build/incubator_cpp_pkg': AMENT_PREFIX_PATH=/home/thompson/incubator_ws/install/incubator_cpp_pkg_interfaces:${AMENT_PREFIX_PATH} CMAKE_PREFIX_PATH=/home/thompson/incubator_ws/install/incubator_cpp_pkg_interfaces:/opt/ros/humble LD_LIBRARY_PATH=/home/thompson/incubator_ws/install/incubator_cpp_pkg_interfaces/lib:${LD_LIBRARY_PATH} PYTHONPATH=/home/thompson/incubator_ws/install/incubator_cpp_pkg_interfaces/local/lib/python3.10/dist-packages:${PYTHONPATH} /usr/bin/cmake --build /home/thompson/incubator_ws/build/incubator_cpp_pkg -- -j7 -l7
[0.051s] -- Found ament_cmake: 1.3.10 (/opt/ros/humble/share/ament_cmake/cmake)
[0.213s] -- Found rclcpp: 16.0.10 (/opt/ros/humble/share/rclcpp/cmake)
[0.262s] -- Found rosidl_generator_c: 3.1.5 (/opt/ros/humble/share/rosidl_generator_c/cmake)
[0.267s] -- Found rosidl_adapter: 3.1.5 (/opt/ros/humble/share/rosidl_adapter/cmake)
[0.278s] -- Found rosidl_generator_cpp: 3.1.5 (/opt/ros/humble/share/rosidl_generator_cpp/cmake)
[0.296s] -- Using all available rosidl_typesupport_c: rosidl_typesupport_fastrtps_c;rosidl_typesupport_introspection_c
[0.316s] -- Using all available rosidl_typesupport_cpp: rosidl_typesupport_fastrtps_cpp;rosidl_typesupport_introspection_cpp
[0.369s] -- Found rmw_implementation_cmake: 6.1.2 (/opt/ros/humble/share/rmw_implementation_cmake/cmake)
[0.372s] -- Found rmw_fastrtps_cpp: 6.2.7 (/opt/ros/humble/share/rmw_fastrtps_cpp/cmake)
[0.476s] -- Using RMW implementation 'rmw_fastrtps_cpp' as default
[0.565s] -- Found incubator_cpp_pkg_interfaces: 0.0.0 (/home/thompson/incubator_ws/install/incubator_cpp_pkg_interfaces/share/incubator_cpp_pkg_interfaces/cmake)
[0.579s] -- Found sensor_msgs: 4.2.4 (/opt/ros/humble/share/sensor_msgs/cmake)
[0.689s] -- Configuring done
[0.711s] -- Generating done
[0.714s] -- Build files have been written to: /home/thompson/incubator_ws/build/incubator_cpp_pkg
[0.745s] [35m[1mConsolidate compiler generated dependencies of target Incubator_i_Instance_dt_dtp_idbr_exe[0m
[0.745s] [35m[1mConsolidate compiler generated dependencies of target Incubator_i_Instance_pt_ptp_device_manager_exe[0m
[0.745s] [35m[1mConsolidate compiler generated dependencies of target Incubator_i_Instance_pt_ptp_controller_exe[0m
[0.768s] [ 25%] [32mBuilding CXX object CMakeFiles/Incubator_i_Instance_pt_ptp_device_manager_exe.dir/src/base_code/Incubator_i_Instance_pt_ptp_device_manager_runner.cpp.o[0m
[0.769s] [ 66%] Built target Incubator_i_Instance_pt_ptp_controller_exe
[0.769s] [ 66%] [32mBuilding CXX object CMakeFiles/Incubator_i_Instance_pt_ptp_device_manager_exe.dir/src/user_code/Incubator_i_Instance_pt_ptp_device_manager_src.cpp.o[0m
[0.769s] [ 83%] Built target Incubator_i_Instance_dt_dtp_idbr_exe
[0.770s] [ 91%] [32mBuilding CXX object CMakeFiles/Incubator_i_Instance_pt_ptp_device_manager_exe.dir/src/base_code/Incubator_i_Instance_pt_ptp_device_manager_base_src.cpp.o[0m
[3.551s] [01m[K/home/thompson/incubator_ws/src/incubator_cpp_pkg/src/base_code/Incubator_i_Instance_pt_ptp_device_manager_runner.cpp:[m[K In function ‘[01m[Kvoid sigintHandler(int)[m[K’:
[3.551s] [01m[K/home/thompson/incubator_ws/src/incubator_cpp_pkg/src/base_code/Incubator_i_Instance_pt_ptp_device_manager_runner.cpp:18:24:[m[K [01;35m[Kwarning: [m[Kunused parameter ‘[01m[Kc[m[K’ [[01;35m[K]8;;https://gcc.gnu.org/onlinedocs/gcc/Warning-Options.html#index-Wunused-parameter-Wunused-parameter]8;;[m[K]
[3.551s]    18 | void sigintHandler([01;35m[Kint c[m[K)
[3.551s]       |                    [01;35m[K~~~~^[m[K
[9.783s] [100%] [32m[1mLinking CXX executable Incubator_i_Instance_pt_ptp_device_manager_exe[0m
[10.317s] [100%] Built target Incubator_i_Instance_pt_ptp_device_manager_exe
[10.328s] Invoked command in '/home/thompson/incubator_ws/build/incubator_cpp_pkg' returned '0': AMENT_PREFIX_PATH=/home/thompson/incubator_ws/install/incubator_cpp_pkg_interfaces:${AMENT_PREFIX_PATH} CMAKE_PREFIX_PATH=/home/thompson/incubator_ws/install/incubator_cpp_pkg_interfaces:/opt/ros/humble LD_LIBRARY_PATH=/home/thompson/incubator_ws/install/incubator_cpp_pkg_interfaces/lib:${LD_LIBRARY_PATH} PYTHONPATH=/home/thompson/incubator_ws/install/incubator_cpp_pkg_interfaces/local/lib/python3.10/dist-packages:${PYTHONPATH} /usr/bin/cmake --build /home/thompson/incubator_ws/build/incubator_cpp_pkg -- -j7 -l7
[10.392s] Invoking command in '/home/thompson/incubator_ws/build/incubator_cpp_pkg': AMENT_PREFIX_PATH=/home/thompson/incubator_ws/install/incubator_cpp_pkg_interfaces:${AMENT_PREFIX_PATH} CMAKE_PREFIX_PATH=/home/thompson/incubator_ws/install/incubator_cpp_pkg_interfaces:/opt/ros/humble LD_LIBRARY_PATH=/home/thompson/incubator_ws/install/incubator_cpp_pkg_interfaces/lib:${LD_LIBRARY_PATH} PYTHONPATH=/home/thompson/incubator_ws/install/incubator_cpp_pkg_interfaces/local/lib/python3.10/dist-packages:${PYTHONPATH} /usr/bin/cmake --install /home/thompson/incubator_ws/build/incubator_cpp_pkg
[10.399s] -- Install configuration: ""
[10.399s] -- Installing: /home/thompson/incubator_ws/install/incubator_cpp_pkg/lib/incubator_cpp_pkg/Incubator_i_Instance_pt_ptp_device_manager_exe
[10.406s] -- Set runtime path of "/home/thompson/incubator_ws/install/incubator_cpp_pkg/lib/incubator_cpp_pkg/Incubator_i_Instance_pt_ptp_device_manager_exe" to ""
[10.406s] -- Up-to-date: /home/thompson/incubator_ws/install/incubator_cpp_pkg/lib/incubator_cpp_pkg/Incubator_i_Instance_pt_ptp_controller_exe
[10.406s] -- Up-to-date: /home/thompson/incubator_ws/install/incubator_cpp_pkg/lib/incubator_cpp_pkg/Incubator_i_Instance_dt_dtp_idbr_exe
[10.407s] -- Installing: /home/thompson/incubator_ws/install/incubator_cpp_pkg/share/ament_index/resource_index/package_run_dependencies/incubator_cpp_pkg
[10.407s] -- Up-to-date: /home/thompson/incubator_ws/install/incubator_cpp_pkg/share/ament_index/resource_index/parent_prefix_path/incubator_cpp_pkg
[10.407s] -- Up-to-date: /home/thompson/incubator_ws/install/incubator_cpp_pkg/share/incubator_cpp_pkg/environment/ament_prefix_path.sh
[10.407s] -- Installing: /home/thompson/incubator_ws/install/incubator_cpp_pkg/share/incubator_cpp_pkg/environment/ament_prefix_path.dsv
[10.407s] -- Up-to-date: /home/thompson/incubator_ws/install/incubator_cpp_pkg/share/incubator_cpp_pkg/environment/path.sh
[10.407s] -- Installing: /home/thompson/incubator_ws/install/incubator_cpp_pkg/share/incubator_cpp_pkg/environment/path.dsv
[10.408s] -- Up-to-date: /home/thompson/incubator_ws/install/incubator_cpp_pkg/share/incubator_cpp_pkg/local_setup.bash
[10.408s] -- Up-to-date: /home/thompson/incubator_ws/install/incubator_cpp_pkg/share/incubator_cpp_pkg/local_setup.sh
[10.408s] -- Up-to-date: /home/thompson/incubator_ws/install/incubator_cpp_pkg/share/incubator_cpp_pkg/local_setup.zsh
[10.408s] -- Installing: /home/thompson/incubator_ws/install/incubator_cpp_pkg/share/incubator_cpp_pkg/local_setup.dsv
[10.408s] -- Installing: /home/thompson/incubator_ws/install/incubator_cpp_pkg/share/incubator_cpp_pkg/package.dsv
[10.408s] -- Up-to-date: /home/thompson/incubator_ws/install/incubator_cpp_pkg/share/ament_index/resource_index/packages/incubator_cpp_pkg
[10.408s] -- Up-to-date: /home/thompson/incubator_ws/install/incubator_cpp_pkg/share/incubator_cpp_pkg/cmake/incubator_cpp_pkgConfig.cmake
[10.408s] -- Up-to-date: /home/thompson/incubator_ws/install/incubator_cpp_pkg/share/incubator_cpp_pkg/cmake/incubator_cpp_pkgConfig-version.cmake
[10.409s] -- Installing: /home/thompson/incubator_ws/install/incubator_cpp_pkg/share/incubator_cpp_pkg/package.xml
[10.411s] Invoked command in '/home/thompson/incubator_ws/build/incubator_cpp_pkg' returned '0': AMENT_PREFIX_PATH=/home/thompson/incubator_ws/install/incubator_cpp_pkg_interfaces:${AMENT_PREFIX_PATH} CMAKE_PREFIX_PATH=/home/thompson/incubator_ws/install/incubator_cpp_pkg_interfaces:/opt/ros/humble LD_LIBRARY_PATH=/home/thompson/incubator_ws/install/incubator_cpp_pkg_interfaces/lib:${LD_LIBRARY_PATH} PYTHONPATH=/home/thompson/incubator_ws/install/incubator_cpp_pkg_interfaces/local/lib/python3.10/dist-packages:${PYTHONPATH} /usr/bin/cmake --install /home/thompson/incubator_ws/build/incubator_cpp_pkg
