[0.016s] Invoking command in '/home/thompson/incubator_ws/build/incubator_cpp_pkg_interfaces': CMAKE_PREFIX_PATH=/opt/ros/humble /usr/bin/cmake --build /home/thompson/incubator_ws/build/incubator_cpp_pkg_interfaces -- -j7 -l7
[0.046s] -- Found ament_cmake: 1.3.10 (/opt/ros/humble/share/ament_cmake/cmake)
[0.167s] -- Found rosidl_default_generators: 1.2.0 (/opt/ros/humble/share/rosidl_default_generators/cmake)
[0.169s] -- Using all available rosidl_typesupport_c: rosidl_typesupport_fastrtps_c;rosidl_typesupport_introspection_c
[0.171s] -- Found rosidl_adapter: 3.1.5 (/opt/ros/humble/share/rosidl_adapter/cmake)
[0.196s] -- Using all available rosidl_typesupport_cpp: rosidl_typesupport_fastrtps_cpp;rosidl_typesupport_introspection_cpp
[0.471s] -- Found ament_cmake_ros: 0.10.0 (/opt/ros/humble/share/ament_cmake_ros/cmake)
[0.625s] -- Using all available rosidl_typesupport_c: rosidl_typesupport_fastrtps_c;rosidl_typesupport_introspection_c
[0.825s] -- Using all available rosidl_typesupport_cpp: rosidl_typesupport_fastrtps_cpp;rosidl_typesupport_introspection_cpp
[0.843s] -- Found python_cmake_module: 0.10.0 (/opt/ros/humble/share/python_cmake_module/cmake)
[0.863s] -- Using PYTHON_EXECUTABLE: /usr/bin/python3
[0.863s] -- Using PYTHON_INCLUDE_DIRS: /usr/include/python3.10
[0.863s] -- Using PYTHON_LIBRARIES: /usr/lib/x86_64-linux-gnu/libpython3.10.so
[0.883s] -- Configuring done
[0.937s] -- Generating done
[0.940s] -- Build files have been written to: /home/thompson/incubator_ws/build/incubator_cpp_pkg_interfaces
[0.964s] [  1%] [34m[1mGenerating C code for ROS interfaces[0m
[0.975s] [  1%] [34m[1mGenerating C++ code for ROS interfaces[0m
[0.988s] [  1%] Built target ament_cmake_python_copy_incubator_cpp_pkg_interfaces
[1.204s] running egg_info
[1.205s] writing incubator_cpp_pkg_interfaces.egg-info/PKG-INFO
[1.205s] writing dependency_links to incubator_cpp_pkg_interfaces.egg-info/dependency_links.txt
[1.205s] writing top-level names to incubator_cpp_pkg_interfaces.egg-info/top_level.txt
[1.207s] reading manifest file 'incubator_cpp_pkg_interfaces.egg-info/SOURCES.txt'
[1.208s] writing manifest file 'incubator_cpp_pkg_interfaces.egg-info/SOURCES.txt'
[1.232s] [  1%] Built target ament_cmake_python_build_incubator_cpp_pkg_interfaces_egg
[1.648s] [  1%] Built target incubator_cpp_pkg_interfaces__cpp
[1.665s] [  2%] [34m[1mGenerating C++ type support dispatch for ROS interfaces[0m
[1.665s] [  2%] [34m[1mGenerating C++ type support for eProsima Fast-RTPS[0m
[1.668s] [  3%] [34m[1mGenerating C++ introspection for ROS interfaces[0m
[1.771s] [35m[1mConsolidate compiler generated dependencies of target incubator_cpp_pkg_interfaces__rosidl_generator_c[0m
[1.787s] [  4%] [32mBuilding C object CMakeFiles/incubator_cpp_pkg_interfaces__rosidl_generator_c.dir/rosidl_generator_c/incubator_cpp_pkg_interfaces/msg/detail/float32__functions.c.o[0m
[1.789s] [  5%] [32mBuilding C object CMakeFiles/incubator_cpp_pkg_interfaces__rosidl_generator_c.dir/rosidl_generator_c/incubator_cpp_pkg_interfaces/msg/detail/degrees_ci__functions.c.o[0m
[1.789s] [  6%] [32mBuilding C object CMakeFiles/incubator_cpp_pkg_interfaces__rosidl_generator_c.dir/rosidl_generator_c/incubator_cpp_pkg_interfaces/msg/detail/closed_loop_param_updatesi__functions.c.o[0m
[1.789s] [  7%] [32mBuilding C object CMakeFiles/incubator_cpp_pkg_interfaces__rosidl_generator_c.dir/rosidl_generator_c/incubator_cpp_pkg_interfaces/msg/detail/integer64__functions.c.o[0m
[1.846s] [  9%] [32mBuilding C object CMakeFiles/incubator_cpp_pkg_interfaces__rosidl_generator_c.dir/rosidl_generator_c/incubator_cpp_pkg_interfaces/msg/detail/boolean__functions.c.o[0m
[1.846s] [  9%] [32mBuilding C object CMakeFiles/incubator_cpp_pkg_interfaces__rosidl_generator_c.dir/rosidl_generator_c/incubator_cpp_pkg_interfaces/msg/detail/secondsi__functions.c.o[0m
[1.849s] [ 10%] [32mBuilding C object CMakeFiles/incubator_cpp_pkg_interfaces__rosidl_generator_c.dir/rosidl_generator_c/incubator_cpp_pkg_interfaces/msg/detail/controller_state__functions.c.o[0m
[1.849s] [ 10%] [32mBuilding C object CMakeFiles/incubator_cpp_pkg_interfaces__rosidl_generator_c.dir/rosidl_generator_c/incubator_cpp_pkg_interfaces/msg/detail/device_statei__functions.c.o[0m
[1.897s] [ 12%] [32mBuilding C object CMakeFiles/incubator_cpp_pkg_interfaces__rosidl_generator_c.dir/rosidl_generator_c/incubator_cpp_pkg_interfaces/msg/detail/controller_statusi__functions.c.o[0m
[1.897s] [ 12%] [32mBuilding C object CMakeFiles/incubator_cpp_pkg_interfaces__rosidl_generator_c.dir/rosidl_generator_c/incubator_cpp_pkg_interfaces/msg/detail/kalman_predictioni__functions.c.o[0m
[1.901s] [ 13%] [32mBuilding C object CMakeFiles/incubator_cpp_pkg_interfaces__rosidl_generator_c.dir/rosidl_generator_c/incubator_cpp_pkg_interfaces/msg/detail/empty__functions.c.o[0m
[1.951s] [ 14%] [32m[1mLinking C shared library libincubator_cpp_pkg_interfaces__rosidl_generator_c.so[0m
[1.990s] [ 14%] Built target incubator_cpp_pkg_interfaces__rosidl_generator_c
[2.002s] [ 15%] [34m[1mGenerating C type support for eProsima Fast-RTPS[0m
[2.002s] [ 17%] [34m[1mGenerating C type support dispatch for ROS interfaces[0m
[2.002s] [ 17%] [34m[1mGenerating C introspection for ROS interfaces[0m
[2.188s] [35m[1mConsolidate compiler generated dependencies of target incubator_cpp_pkg_interfaces__rosidl_typesupport_cpp[0m
[2.205s] [ 18%] [32mBuilding CXX object CMakeFiles/incubator_cpp_pkg_interfaces__rosidl_typesupport_cpp.dir/rosidl_typesupport_cpp/incubator_cpp_pkg_interfaces/msg/degrees_ci__type_support.cpp.o[0m
[2.205s] [ 19%] [32mBuilding CXX object CMakeFiles/incubator_cpp_pkg_interfaces__rosidl_typesupport_cpp.dir/rosidl_typesupport_cpp/incubator_cpp_pkg_interfaces/msg/float32__type_support.cpp.o[0m
[2.445s] [35m[1mConsolidate compiler generated dependencies of target incubator_cpp_pkg_interfaces__rosidl_typesupport_introspection_cpp[0m
[2.464s] [ 20%] [32mBuilding CXX object CMakeFiles/incubator_cpp_pkg_interfaces__rosidl_typesupport_introspection_cpp.dir/rosidl_typesupport_introspection_cpp/incubator_cpp_pkg_interfaces/msg/detail/float32__type_support.cpp.o[0m
[2.498s] [ 21%] [32mBuilding CXX object CMakeFiles/incubator_cpp_pkg_interfaces__rosidl_typesupport_cpp.dir/rosidl_typesupport_cpp/incubator_cpp_pkg_interfaces/msg/closed_loop_param_updatesi__type_support.cpp.o[0m
[2.506s] [ 22%] [32mBuilding CXX object CMakeFiles/incubator_cpp_pkg_interfaces__rosidl_typesupport_cpp.dir/rosidl_typesupport_cpp/incubator_cpp_pkg_interfaces/msg/integer64__type_support.cpp.o[0m
[2.532s] [35m[1mConsolidate compiler generated dependencies of target incubator_cpp_pkg_interfaces__rosidl_typesupport_fastrtps_cpp[0m
[2.553s] [ 23%] [32mBuilding CXX object CMakeFiles/incubator_cpp_pkg_interfaces__rosidl_typesupport_fastrtps_cpp.dir/rosidl_typesupport_fastrtps_cpp/incubator_cpp_pkg_interfaces/msg/detail/dds_fastrtps/float32__type_support.cpp.o[0m
[2.562s] [35m[1mConsolidate compiler generated dependencies of target incubator_cpp_pkg_interfaces__rosidl_typesupport_c[0m
[2.572s] [ 24%] [32mBuilding CXX object CMakeFiles/incubator_cpp_pkg_interfaces__rosidl_typesupport_c.dir/rosidl_typesupport_c/incubator_cpp_pkg_interfaces/msg/float32__type_support.cpp.o[0m
[2.603s] [ 25%] [32mBuilding CXX object CMakeFiles/incubator_cpp_pkg_interfaces__rosidl_typesupport_c.dir/rosidl_typesupport_c/incubator_cpp_pkg_interfaces/msg/degrees_ci__type_support.cpp.o[0m
[2.639s] [ 25%] [32mBuilding CXX object CMakeFiles/incubator_cpp_pkg_interfaces__rosidl_typesupport_c.dir/rosidl_typesupport_c/incubator_cpp_pkg_interfaces/msg/closed_loop_param_updatesi__type_support.cpp.o[0m
[2.670s] [ 26%] [32mBuilding CXX object CMakeFiles/incubator_cpp_pkg_interfaces__rosidl_typesupport_c.dir/rosidl_typesupport_c/incubator_cpp_pkg_interfaces/msg/integer64__type_support.cpp.o[0m
[2.703s] [ 27%] [32mBuilding CXX object CMakeFiles/incubator_cpp_pkg_interfaces__rosidl_typesupport_c.dir/rosidl_typesupport_c/incubator_cpp_pkg_interfaces/msg/secondsi__type_support.cpp.o[0m
[2.733s] [ 28%] [32mBuilding CXX object CMakeFiles/incubator_cpp_pkg_interfaces__rosidl_typesupport_c.dir/rosidl_typesupport_c/incubator_cpp_pkg_interfaces/msg/boolean__type_support.cpp.o[0m
[2.765s] [ 29%] [32mBuilding CXX object CMakeFiles/incubator_cpp_pkg_interfaces__rosidl_typesupport_c.dir/rosidl_typesupport_c/incubator_cpp_pkg_interfaces/msg/device_statei__type_support.cpp.o[0m
[2.795s] [ 30%] [32mBuilding CXX object CMakeFiles/incubator_cpp_pkg_interfaces__rosidl_typesupport_c.dir/rosidl_typesupport_c/incubator_cpp_pkg_interfaces/msg/controller_state__type_support.cpp.o[0m
[2.796s] [ 31%] [32mBuilding CXX object CMakeFiles/incubator_cpp_pkg_interfaces__rosidl_typesupport_c.dir/rosidl_typesupport_c/incubator_cpp_pkg_interfaces/msg/controller_statusi__type_support.cpp.o[0m
[2.807s] [ 32%] [32mBuilding CXX object CMakeFiles/incubator_cpp_pkg_interfaces__rosidl_typesupport_cpp.dir/rosidl_typesupport_cpp/incubator_cpp_pkg_interfaces/msg/secondsi__type_support.cpp.o[0m
[2.829s] [35m[1mConsolidate compiler generated dependencies of target incubator_cpp_pkg_interfaces__rosidl_typesupport_introspection_c[0m
[2.829s] [ 33%] [32mBuilding CXX object CMakeFiles/incubator_cpp_pkg_interfaces__rosidl_typesupport_c.dir/rosidl_typesupport_c/incubator_cpp_pkg_interfaces/msg/kalman_predictioni__type_support.cpp.o[0m
[2.833s] [ 34%] [32mBuilding CXX object CMakeFiles/incubator_cpp_pkg_interfaces__rosidl_typesupport_fastrtps_cpp.dir/rosidl_typesupport_fastrtps_cpp/incubator_cpp_pkg_interfaces/msg/detail/dds_fastrtps/degrees_ci__type_support.cpp.o[0m
[2.846s] [ 35%] [32mBuilding C object CMakeFiles/incubator_cpp_pkg_interfaces__rosidl_typesupport_introspection_c.dir/rosidl_typesupport_introspection_c/incubator_cpp_pkg_interfaces/msg/detail/float32__type_support.c.o[0m
[2.863s] [35m[1mConsolidate compiler generated dependencies of target incubator_cpp_pkg_interfaces__rosidl_typesupport_fastrtps_c[0m
[2.869s] [ 36%] [32mBuilding CXX object CMakeFiles/incubator_cpp_pkg_interfaces__rosidl_typesupport_c.dir/rosidl_typesupport_c/incubator_cpp_pkg_interfaces/msg/empty__type_support.cpp.o[0m
[2.880s] [ 37%] [32mBuilding C object CMakeFiles/incubator_cpp_pkg_interfaces__rosidl_typesupport_introspection_c.dir/rosidl_typesupport_introspection_c/incubator_cpp_pkg_interfaces/msg/detail/degrees_ci__type_support.c.o[0m
[2.881s] [ 38%] [32mBuilding CXX object CMakeFiles/incubator_cpp_pkg_interfaces__rosidl_typesupport_fastrtps_c.dir/rosidl_typesupport_fastrtps_c/incubator_cpp_pkg_interfaces/msg/detail/float32__type_support_c.cpp.o[0m
[2.889s] [ 38%] [32mBuilding CXX object CMakeFiles/incubator_cpp_pkg_interfaces__rosidl_typesupport_introspection_cpp.dir/rosidl_typesupport_introspection_cpp/incubator_cpp_pkg_interfaces/msg/detail/degrees_ci__type_support.cpp.o[0m
[2.901s] [ 39%] [32m[1mLinking CXX shared library libincubator_cpp_pkg_interfaces__rosidl_typesupport_c.so[0m
[2.916s] [ 40%] [32mBuilding C object CMakeFiles/incubator_cpp_pkg_interfaces__rosidl_typesupport_introspection_c.dir/rosidl_typesupport_introspection_c/incubator_cpp_pkg_interfaces/msg/detail/closed_loop_param_updatesi__type_support.c.o[0m
[2.948s] [ 40%] Built target incubator_cpp_pkg_interfaces__rosidl_typesupport_c
[2.956s] [ 41%] [32mBuilding C object CMakeFiles/incubator_cpp_pkg_interfaces__rosidl_typesupport_introspection_c.dir/rosidl_typesupport_introspection_c/incubator_cpp_pkg_interfaces/msg/detail/integer64__type_support.c.o[0m
[2.963s] [ 42%] [32mBuilding C object CMakeFiles/incubator_cpp_pkg_interfaces__rosidl_typesupport_introspection_c.dir/rosidl_typesupport_introspection_c/incubator_cpp_pkg_interfaces/msg/detail/secondsi__type_support.c.o[0m
[2.979s] [ 43%] [32mBuilding CXX object CMakeFiles/incubator_cpp_pkg_interfaces__rosidl_typesupport_introspection_cpp.dir/rosidl_typesupport_introspection_cpp/incubator_cpp_pkg_interfaces/msg/detail/closed_loop_param_updatesi__type_support.cpp.o[0m
[2.991s] [ 44%] [32mBuilding C object CMakeFiles/incubator_cpp_pkg_interfaces__rosidl_typesupport_introspection_c.dir/rosidl_typesupport_introspection_c/incubator_cpp_pkg_interfaces/msg/detail/boolean__type_support.c.o[0m
[2.997s] [ 44%] [32mBuilding C object CMakeFiles/incubator_cpp_pkg_interfaces__rosidl_typesupport_introspection_c.dir/rosidl_typesupport_introspection_c/incubator_cpp_pkg_interfaces/msg/detail/device_statei__type_support.c.o[0m
[3.028s] [ 45%] [32mBuilding CXX object CMakeFiles/incubator_cpp_pkg_interfaces__rosidl_typesupport_fastrtps_c.dir/rosidl_typesupport_fastrtps_c/incubator_cpp_pkg_interfaces/msg/detail/degrees_ci__type_support_c.cpp.o[0m
[3.034s] [ 46%] [32mBuilding C object CMakeFiles/incubator_cpp_pkg_interfaces__rosidl_typesupport_introspection_c.dir/rosidl_typesupport_introspection_c/incubator_cpp_pkg_interfaces/msg/detail/controller_state__type_support.c.o[0m
[3.069s] [ 47%] [32mBuilding C object CMakeFiles/incubator_cpp_pkg_interfaces__rosidl_typesupport_introspection_c.dir/rosidl_typesupport_introspection_c/incubator_cpp_pkg_interfaces/msg/detail/controller_statusi__type_support.c.o[0m
[3.103s] [ 48%] [32mBuilding CXX object CMakeFiles/incubator_cpp_pkg_interfaces__rosidl_typesupport_cpp.dir/rosidl_typesupport_cpp/incubator_cpp_pkg_interfaces/msg/boolean__type_support.cpp.o[0m
[3.106s] [ 49%] [32mBuilding C object CMakeFiles/incubator_cpp_pkg_interfaces__rosidl_typesupport_introspection_c.dir/rosidl_typesupport_introspection_c/incubator_cpp_pkg_interfaces/msg/detail/kalman_predictioni__type_support.c.o[0m
[3.141s] [ 50%] [32mBuilding C object CMakeFiles/incubator_cpp_pkg_interfaces__rosidl_typesupport_introspection_c.dir/rosidl_typesupport_introspection_c/incubator_cpp_pkg_interfaces/msg/detail/empty__type_support.c.o[0m
[3.177s] [ 51%] [32m[1mLinking C shared library libincubator_cpp_pkg_interfaces__rosidl_typesupport_introspection_c.so[0m
[3.213s] [ 51%] Built target incubator_cpp_pkg_interfaces__rosidl_typesupport_introspection_c
[3.226s] [ 52%] [32mBuilding CXX object CMakeFiles/incubator_cpp_pkg_interfaces__rosidl_typesupport_fastrtps_c.dir/rosidl_typesupport_fastrtps_c/incubator_cpp_pkg_interfaces/msg/detail/closed_loop_param_updatesi__type_support_c.cpp.o[0m
[3.240s] [ 53%] [32mBuilding CXX object CMakeFiles/incubator_cpp_pkg_interfaces__rosidl_typesupport_fastrtps_cpp.dir/rosidl_typesupport_fastrtps_cpp/incubator_cpp_pkg_interfaces/msg/detail/dds_fastrtps/closed_loop_param_updatesi__type_support.cpp.o[0m
[3.260s] [ 54%] [32mBuilding CXX object CMakeFiles/incubator_cpp_pkg_interfaces__rosidl_typesupport_fastrtps_c.dir/rosidl_typesupport_fastrtps_c/incubator_cpp_pkg_interfaces/msg/detail/integer64__type_support_c.cpp.o[0m
[3.299s] [ 55%] [32mBuilding CXX object CMakeFiles/incubator_cpp_pkg_interfaces__rosidl_typesupport_cpp.dir/rosidl_typesupport_cpp/incubator_cpp_pkg_interfaces/msg/device_statei__type_support.cpp.o[0m
[3.387s] [ 56%] [32mBuilding CXX object CMakeFiles/incubator_cpp_pkg_interfaces__rosidl_typesupport_introspection_cpp.dir/rosidl_typesupport_introspection_cpp/incubator_cpp_pkg_interfaces/msg/detail/integer64__type_support.cpp.o[0m
[3.394s] [ 57%] [32mBuilding CXX object CMakeFiles/incubator_cpp_pkg_interfaces__rosidl_typesupport_fastrtps_cpp.dir/rosidl_typesupport_fastrtps_cpp/incubator_cpp_pkg_interfaces/msg/detail/dds_fastrtps/integer64__type_support.cpp.o[0m
[3.395s] [ 57%] [32mBuilding CXX object CMakeFiles/incubator_cpp_pkg_interfaces__rosidl_typesupport_fastrtps_c.dir/rosidl_typesupport_fastrtps_c/incubator_cpp_pkg_interfaces/msg/detail/secondsi__type_support_c.cpp.o[0m
[3.581s] [ 58%] [32mBuilding CXX object CMakeFiles/incubator_cpp_pkg_interfaces__rosidl_typesupport_introspection_cpp.dir/rosidl_typesupport_introspection_cpp/incubator_cpp_pkg_interfaces/msg/detail/secondsi__type_support.cpp.o[0m
[3.591s] [ 58%] [32mBuilding CXX object CMakeFiles/incubator_cpp_pkg_interfaces__rosidl_typesupport_cpp.dir/rosidl_typesupport_cpp/incubator_cpp_pkg_interfaces/msg/controller_state__type_support.cpp.o[0m
[3.619s] [ 59%] [32mBuilding CXX object CMakeFiles/incubator_cpp_pkg_interfaces__rosidl_typesupport_introspection_cpp.dir/rosidl_typesupport_introspection_cpp/incubator_cpp_pkg_interfaces/msg/detail/boolean__type_support.cpp.o[0m
[3.668s] [ 60%] [32mBuilding CXX object CMakeFiles/incubator_cpp_pkg_interfaces__rosidl_typesupport_fastrtps_c.dir/rosidl_typesupport_fastrtps_c/incubator_cpp_pkg_interfaces/msg/detail/boolean__type_support_c.cpp.o[0m
[3.764s] [ 61%] [32mBuilding CXX object CMakeFiles/incubator_cpp_pkg_interfaces__rosidl_typesupport_cpp.dir/rosidl_typesupport_cpp/incubator_cpp_pkg_interfaces/msg/controller_statusi__type_support.cpp.o[0m
[3.802s] [ 62%] [32mBuilding CXX object CMakeFiles/incubator_cpp_pkg_interfaces__rosidl_typesupport_fastrtps_c.dir/rosidl_typesupport_fastrtps_c/incubator_cpp_pkg_interfaces/msg/detail/device_statei__type_support_c.cpp.o[0m
[3.833s] [ 63%] [32mBuilding CXX object CMakeFiles/incubator_cpp_pkg_interfaces__rosidl_typesupport_fastrtps_cpp.dir/rosidl_typesupport_fastrtps_cpp/incubator_cpp_pkg_interfaces/msg/detail/dds_fastrtps/secondsi__type_support.cpp.o[0m
[3.881s] [ 64%] [32mBuilding CXX object CMakeFiles/incubator_cpp_pkg_interfaces__rosidl_typesupport_introspection_cpp.dir/rosidl_typesupport_introspection_cpp/incubator_cpp_pkg_interfaces/msg/detail/device_statei__type_support.cpp.o[0m
[3.991s] [ 65%] [32mBuilding CXX object CMakeFiles/incubator_cpp_pkg_interfaces__rosidl_typesupport_fastrtps_c.dir/rosidl_typesupport_fastrtps_c/incubator_cpp_pkg_interfaces/msg/detail/controller_state__type_support_c.cpp.o[0m
[4.023s] [ 66%] [32mBuilding CXX object CMakeFiles/incubator_cpp_pkg_interfaces__rosidl_typesupport_fastrtps_cpp.dir/rosidl_typesupport_fastrtps_cpp/incubator_cpp_pkg_interfaces/msg/detail/dds_fastrtps/boolean__type_support.cpp.o[0m
[4.026s] [ 67%] [32mBuilding CXX object CMakeFiles/incubator_cpp_pkg_interfaces__rosidl_typesupport_cpp.dir/rosidl_typesupport_cpp/incubator_cpp_pkg_interfaces/msg/kalman_predictioni__type_support.cpp.o[0m
[4.058s] [ 68%] [32mBuilding CXX object CMakeFiles/incubator_cpp_pkg_interfaces__rosidl_typesupport_fastrtps_c.dir/rosidl_typesupport_fastrtps_c/incubator_cpp_pkg_interfaces/msg/detail/controller_statusi__type_support_c.cpp.o[0m
[4.177s] [ 69%] [32mBuilding CXX object CMakeFiles/incubator_cpp_pkg_interfaces__rosidl_typesupport_introspection_cpp.dir/rosidl_typesupport_introspection_cpp/incubator_cpp_pkg_interfaces/msg/detail/controller_state__type_support.cpp.o[0m
[4.273s] [ 70%] [32mBuilding CXX object CMakeFiles/incubator_cpp_pkg_interfaces__rosidl_typesupport_cpp.dir/rosidl_typesupport_cpp/incubator_cpp_pkg_interfaces/msg/empty__type_support.cpp.o[0m
[4.303s] [ 71%] [32mBuilding CXX object CMakeFiles/incubator_cpp_pkg_interfaces__rosidl_typesupport_fastrtps_cpp.dir/rosidl_typesupport_fastrtps_cpp/incubator_cpp_pkg_interfaces/msg/detail/dds_fastrtps/device_statei__type_support.cpp.o[0m
[4.317s] [ 72%] [32mBuilding CXX object CMakeFiles/incubator_cpp_pkg_interfaces__rosidl_typesupport_fastrtps_c.dir/rosidl_typesupport_fastrtps_c/incubator_cpp_pkg_interfaces/msg/detail/kalman_predictioni__type_support_c.cpp.o[0m
[4.355s] [ 73%] [32mBuilding CXX object CMakeFiles/incubator_cpp_pkg_interfaces__rosidl_typesupport_introspection_cpp.dir/rosidl_typesupport_introspection_cpp/incubator_cpp_pkg_interfaces/msg/detail/controller_statusi__type_support.cpp.o[0m
[4.450s] [ 74%] [32mBuilding CXX object CMakeFiles/incubator_cpp_pkg_interfaces__rosidl_typesupport_introspection_cpp.dir/rosidl_typesupport_introspection_cpp/incubator_cpp_pkg_interfaces/msg/detail/kalman_predictioni__type_support.cpp.o[0m
[4.475s] [ 75%] [32mBuilding CXX object CMakeFiles/incubator_cpp_pkg_interfaces__rosidl_typesupport_fastrtps_c.dir/rosidl_typesupport_fastrtps_c/incubator_cpp_pkg_interfaces/msg/detail/empty__type_support_c.cpp.o[0m
[4.591s] [ 76%] [32m[1mLinking CXX shared library libincubator_cpp_pkg_interfaces__rosidl_typesupport_cpp.so[0m
[4.610s] [ 77%] [32mBuilding CXX object CMakeFiles/incubator_cpp_pkg_interfaces__rosidl_typesupport_fastrtps_cpp.dir/rosidl_typesupport_fastrtps_cpp/incubator_cpp_pkg_interfaces/msg/detail/dds_fastrtps/controller_state__type_support.cpp.o[0m
[4.643s] [ 77%] Built target incubator_cpp_pkg_interfaces__rosidl_typesupport_cpp
[4.652s] [ 78%] [32mBuilding CXX object CMakeFiles/incubator_cpp_pkg_interfaces__rosidl_typesupport_fastrtps_cpp.dir/rosidl_typesupport_fastrtps_cpp/incubator_cpp_pkg_interfaces/msg/detail/dds_fastrtps/controller_statusi__type_support.cpp.o[0m
[4.698s] [ 78%] [32mBuilding CXX object CMakeFiles/incubator_cpp_pkg_interfaces__rosidl_typesupport_fastrtps_cpp.dir/rosidl_typesupport_fastrtps_cpp/incubator_cpp_pkg_interfaces/msg/detail/dds_fastrtps/kalman_predictioni__type_support.cpp.o[0m
[4.767s] [ 79%] [32mBuilding CXX object CMakeFiles/incubator_cpp_pkg_interfaces__rosidl_typesupport_introspection_cpp.dir/rosidl_typesupport_introspection_cpp/incubator_cpp_pkg_interfaces/msg/detail/empty__type_support.cpp.o[0m
[4.789s] [ 80%] [32mBuilding CXX object CMakeFiles/incubator_cpp_pkg_interfaces__rosidl_typesupport_fastrtps_cpp.dir/rosidl_typesupport_fastrtps_cpp/incubator_cpp_pkg_interfaces/msg/detail/dds_fastrtps/empty__type_support.cpp.o[0m
[4.832s] [ 81%] [32m[1mLinking CXX shared library libincubator_cpp_pkg_interfaces__rosidl_typesupport_fastrtps_c.so[0m
[4.920s] [ 81%] Built target incubator_cpp_pkg_interfaces__rosidl_typesupport_fastrtps_c
[5.163s] [ 82%] [32m[1mLinking CXX shared library libincubator_cpp_pkg_interfaces__rosidl_typesupport_introspection_cpp.so[0m
[5.193s] [ 83%] [32m[1mLinking CXX shared library libincubator_cpp_pkg_interfaces__rosidl_typesupport_fastrtps_cpp.so[0m
[5.226s] [ 83%] Built target incubator_cpp_pkg_interfaces__rosidl_typesupport_introspection_cpp
[5.265s] [ 83%] Built target incubator_cpp_pkg_interfaces__rosidl_typesupport_fastrtps_cpp
[5.285s] [ 83%] Built target incubator_cpp_pkg_interfaces
[5.306s] [ 84%] [34m[1mGenerating Python code for ROS interfaces[0m
[6.326s] [ 84%] Built target incubator_cpp_pkg_interfaces__py
[6.346s] [35m[1mConsolidate compiler generated dependencies of target incubator_cpp_pkg_interfaces__rosidl_generator_py[0m
[6.366s] [ 86%] [32mBuilding C object CMakeFiles/incubator_cpp_pkg_interfaces__rosidl_generator_py.dir/rosidl_generator_py/incubator_cpp_pkg_interfaces/msg/_float32_s.c.o[0m
[6.366s] [ 86%] [32mBuilding C object CMakeFiles/incubator_cpp_pkg_interfaces__rosidl_generator_py.dir/rosidl_generator_py/incubator_cpp_pkg_interfaces/msg/_degrees_ci_s.c.o[0m
[6.367s] [ 87%] [32mBuilding C object CMakeFiles/incubator_cpp_pkg_interfaces__rosidl_generator_py.dir/rosidl_generator_py/incubator_cpp_pkg_interfaces/msg/_closed_loop_param_updatesi_s.c.o[0m
[6.367s] [ 88%] [32mBuilding C object CMakeFiles/incubator_cpp_pkg_interfaces__rosidl_generator_py.dir/rosidl_generator_py/incubator_cpp_pkg_interfaces/msg/_integer64_s.c.o[0m
[6.367s] [ 89%] [32mBuilding C object CMakeFiles/incubator_cpp_pkg_interfaces__rosidl_generator_py.dir/rosidl_generator_py/incubator_cpp_pkg_interfaces/msg/_secondsi_s.c.o[0m
[6.367s] [ 89%] [32mBuilding C object CMakeFiles/incubator_cpp_pkg_interfaces__rosidl_generator_py.dir/rosidl_generator_py/incubator_cpp_pkg_interfaces/msg/_boolean_s.c.o[0m
[6.372s] [ 90%] [32mBuilding C object CMakeFiles/incubator_cpp_pkg_interfaces__rosidl_generator_py.dir/rosidl_generator_py/incubator_cpp_pkg_interfaces/msg/_device_statei_s.c.o[0m
[6.472s] [ 91%] [32mBuilding C object CMakeFiles/incubator_cpp_pkg_interfaces__rosidl_generator_py.dir/rosidl_generator_py/incubator_cpp_pkg_interfaces/msg/_controller_state_s.c.o[0m
[6.474s] [ 93%] [32mBuilding C object CMakeFiles/incubator_cpp_pkg_interfaces__rosidl_generator_py.dir/rosidl_generator_py/incubator_cpp_pkg_interfaces/msg/_kalman_predictioni_s.c.o[0m
[6.474s] [ 93%] [32mBuilding C object CMakeFiles/incubator_cpp_pkg_interfaces__rosidl_generator_py.dir/rosidl_generator_py/incubator_cpp_pkg_interfaces/msg/_controller_statusi_s.c.o[0m
[6.474s] [ 94%] [32mBuilding C object CMakeFiles/incubator_cpp_pkg_interfaces__rosidl_generator_py.dir/rosidl_generator_py/incubator_cpp_pkg_interfaces/msg/_empty_s.c.o[0m
[6.570s] [ 95%] [32m[1mLinking C shared library rosidl_generator_py/incubator_cpp_pkg_interfaces/libincubator_cpp_pkg_interfaces__rosidl_generator_py.so[0m
[6.609s] [ 95%] Built target incubator_cpp_pkg_interfaces__rosidl_generator_py
[6.620s] [35m[1mConsolidate compiler generated dependencies of target incubator_cpp_pkg_interfaces__rosidl_typesupport_introspection_c__pyext[0m
[6.620s] [35m[1mConsolidate compiler generated dependencies of target incubator_cpp_pkg_interfaces__rosidl_typesupport_fastrtps_c__pyext[0m
[6.620s] [35m[1mConsolidate compiler generated dependencies of target incubator_cpp_pkg_interfaces__rosidl_typesupport_c__pyext[0m
[6.633s] [ 97%] [32mBuilding C object CMakeFiles/incubator_cpp_pkg_interfaces__rosidl_typesupport_fastrtps_c__pyext.dir/rosidl_generator_py/incubator_cpp_pkg_interfaces/_incubator_cpp_pkg_interfaces_s.ep.rosidl_typesupport_fastrtps_c.c.o[0m
[6.633s] [ 97%] [32mBuilding C object CMakeFiles/incubator_cpp_pkg_interfaces__rosidl_typesupport_introspection_c__pyext.dir/rosidl_generator_py/incubator_cpp_pkg_interfaces/_incubator_cpp_pkg_interfaces_s.ep.rosidl_typesupport_introspection_c.c.o[0m
[6.633s] [ 97%] [32mBuilding C object CMakeFiles/incubator_cpp_pkg_interfaces__rosidl_typesupport_c__pyext.dir/rosidl_generator_py/incubator_cpp_pkg_interfaces/_incubator_cpp_pkg_interfaces_s.ep.rosidl_typesupport_c.c.o[0m
[6.744s] [ 98%] [32m[1mLinking C shared library rosidl_generator_py/incubator_cpp_pkg_interfaces/incubator_cpp_pkg_interfaces_s__rosidl_typesupport_c.cpython-310-x86_64-linux-gnu.so[0m
[6.745s] [ 99%] [32m[1mLinking C shared library rosidl_generator_py/incubator_cpp_pkg_interfaces/incubator_cpp_pkg_interfaces_s__rosidl_typesupport_introspection_c.cpython-310-x86_64-linux-gnu.so[0m
[6.748s] [100%] [32m[1mLinking C shared library rosidl_generator_py/incubator_cpp_pkg_interfaces/incubator_cpp_pkg_interfaces_s__rosidl_typesupport_fastrtps_c.cpython-310-x86_64-linux-gnu.so[0m
[6.778s] [100%] Built target incubator_cpp_pkg_interfaces__rosidl_typesupport_c__pyext
[6.778s] [100%] Built target incubator_cpp_pkg_interfaces__rosidl_typesupport_introspection_c__pyext
[6.783s] [100%] Built target incubator_cpp_pkg_interfaces__rosidl_typesupport_fastrtps_c__pyext
[6.796s] Invoked command in '/home/thompson/incubator_ws/build/incubator_cpp_pkg_interfaces' returned '0': CMAKE_PREFIX_PATH=/opt/ros/humble /usr/bin/cmake --build /home/thompson/incubator_ws/build/incubator_cpp_pkg_interfaces -- -j7 -l7
[7.123s] Invoking command in '/home/thompson/incubator_ws/build/incubator_cpp_pkg_interfaces': CMAKE_PREFIX_PATH=/opt/ros/humble /usr/bin/cmake --install /home/thompson/incubator_ws/build/incubator_cpp_pkg_interfaces
[7.131s] -- Install configuration: ""
[7.132s] -- Installing: /home/thompson/incubator_ws/install/incubator_cpp_pkg_interfaces/share/ament_index/resource_index/rosidl_interfaces/incubator_cpp_pkg_interfaces
[7.132s] -- Up-to-date: /home/thompson/incubator_ws/install/incubator_cpp_pkg_interfaces/include/incubator_cpp_pkg_interfaces/incubator_cpp_pkg_interfaces
[7.132s] -- Up-to-date: /home/thompson/incubator_ws/install/incubator_cpp_pkg_interfaces/include/incubator_cpp_pkg_interfaces/incubator_cpp_pkg_interfaces/msg
[7.132s] -- Installing: /home/thompson/incubator_ws/install/incubator_cpp_pkg_interfaces/include/incubator_cpp_pkg_interfaces/incubator_cpp_pkg_interfaces/msg/kalman_predictioni.h
[7.132s] -- Up-to-date: /home/thompson/incubator_ws/install/incubator_cpp_pkg_interfaces/include/incubator_cpp_pkg_interfaces/incubator_cpp_pkg_interfaces/msg/detail
[7.132s] -- Installing: /home/thompson/incubator_ws/install/incubator_cpp_pkg_interfaces/include/incubator_cpp_pkg_interfaces/incubator_cpp_pkg_interfaces/msg/detail/controller_state__struct.h
[7.132s] -- Installing: /home/thompson/incubator_ws/install/incubator_cpp_pkg_interfaces/include/incubator_cpp_pkg_interfaces/incubator_cpp_pkg_interfaces/msg/detail/integer64__functions.c
[7.132s] -- Installing: /home/thompson/incubator_ws/install/incubator_cpp_pkg_interfaces/include/incubator_cpp_pkg_interfaces/incubator_cpp_pkg_interfaces/msg/detail/boolean__functions.h
[7.132s] -- Installing: /home/thompson/incubator_ws/install/incubator_cpp_pkg_interfaces/include/incubator_cpp_pkg_interfaces/incubator_cpp_pkg_interfaces/msg/detail/float32__functions.h
[7.133s] -- Installing: /home/thompson/incubator_ws/install/incubator_cpp_pkg_interfaces/include/incubator_cpp_pkg_interfaces/incubator_cpp_pkg_interfaces/msg/detail/closed_loop_param_updatesi__functions.c
[7.133s] -- Installing: /home/thompson/incubator_ws/install/incubator_cpp_pkg_interfaces/include/incubator_cpp_pkg_interfaces/incubator_cpp_pkg_interfaces/msg/detail/float32__type_support.h
[7.133s] -- Installing: /home/thompson/incubator_ws/install/incubator_cpp_pkg_interfaces/include/incubator_cpp_pkg_interfaces/incubator_cpp_pkg_interfaces/msg/detail/boolean__functions.c
[7.133s] -- Installing: /home/thompson/incubator_ws/install/incubator_cpp_pkg_interfaces/include/incubator_cpp_pkg_interfaces/incubator_cpp_pkg_interfaces/msg/detail/controller_statusi__functions.c
[7.133s] -- Installing: /home/thompson/incubator_ws/install/incubator_cpp_pkg_interfaces/include/incubator_cpp_pkg_interfaces/incubator_cpp_pkg_interfaces/msg/detail/empty__type_support.h
[7.133s] -- Installing: /home/thompson/incubator_ws/install/incubator_cpp_pkg_interfaces/include/incubator_cpp_pkg_interfaces/incubator_cpp_pkg_interfaces/msg/detail/empty__functions.c
[7.134s] -- Installing: /home/thompson/incubator_ws/install/incubator_cpp_pkg_interfaces/include/incubator_cpp_pkg_interfaces/incubator_cpp_pkg_interfaces/msg/detail/integer64__functions.h
[7.134s] -- Installing: /home/thompson/incubator_ws/install/incubator_cpp_pkg_interfaces/include/incubator_cpp_pkg_interfaces/incubator_cpp_pkg_interfaces/msg/detail/integer64__type_support.h
[7.134s] -- Installing: /home/thompson/incubator_ws/install/incubator_cpp_pkg_interfaces/include/incubator_cpp_pkg_interfaces/incubator_cpp_pkg_interfaces/msg/detail/degrees_ci__functions.c
[7.134s] -- Installing: /home/thompson/incubator_ws/install/incubator_cpp_pkg_interfaces/include/incubator_cpp_pkg_interfaces/incubator_cpp_pkg_interfaces/msg/detail/degrees_ci__type_support.h
[7.134s] -- Installing: /home/thompson/incubator_ws/install/incubator_cpp_pkg_interfaces/include/incubator_cpp_pkg_interfaces/incubator_cpp_pkg_interfaces/msg/detail/empty__functions.h
[7.134s] -- Installing: /home/thompson/incubator_ws/install/incubator_cpp_pkg_interfaces/include/incubator_cpp_pkg_interfaces/incubator_cpp_pkg_interfaces/msg/detail/secondsi__type_support.h
[7.134s] -- Installing: /home/thompson/incubator_ws/install/incubator_cpp_pkg_interfaces/include/incubator_cpp_pkg_interfaces/incubator_cpp_pkg_interfaces/msg/detail/closed_loop_param_updatesi__type_support.h
[7.134s] -- Installing: /home/thompson/incubator_ws/install/incubator_cpp_pkg_interfaces/include/incubator_cpp_pkg_interfaces/incubator_cpp_pkg_interfaces/msg/detail/controller_statusi__functions.h
[7.135s] -- Installing: /home/thompson/incubator_ws/install/incubator_cpp_pkg_interfaces/include/incubator_cpp_pkg_interfaces/incubator_cpp_pkg_interfaces/msg/detail/device_statei__functions.h
[7.135s] -- Installing: /home/thompson/incubator_ws/install/incubator_cpp_pkg_interfaces/include/incubator_cpp_pkg_interfaces/incubator_cpp_pkg_interfaces/msg/detail/controller_state__functions.h
[7.135s] -- Installing: /home/thompson/incubator_ws/install/incubator_cpp_pkg_interfaces/include/incubator_cpp_pkg_interfaces/incubator_cpp_pkg_interfaces/msg/detail/controller_state__functions.c
[7.135s] -- Installing: /home/thompson/incubator_ws/install/incubator_cpp_pkg_interfaces/include/incubator_cpp_pkg_interfaces/incubator_cpp_pkg_interfaces/msg/detail/boolean__type_support.h
[7.135s] -- Installing: /home/thompson/incubator_ws/install/incubator_cpp_pkg_interfaces/include/incubator_cpp_pkg_interfaces/incubator_cpp_pkg_interfaces/msg/detail/controller_statusi__type_support.h
[7.135s] -- Installing: /home/thompson/incubator_ws/install/incubator_cpp_pkg_interfaces/include/incubator_cpp_pkg_interfaces/incubator_cpp_pkg_interfaces/msg/detail/secondsi__struct.h
[7.135s] -- Installing: /home/thompson/incubator_ws/install/incubator_cpp_pkg_interfaces/include/incubator_cpp_pkg_interfaces/incubator_cpp_pkg_interfaces/msg/detail/kalman_predictioni__type_support.h
[7.136s] -- Installing: /home/thompson/incubator_ws/install/incubator_cpp_pkg_interfaces/include/incubator_cpp_pkg_interfaces/incubator_cpp_pkg_interfaces/msg/detail/device_statei__struct.h
[7.136s] -- Installing: /home/thompson/incubator_ws/install/incubator_cpp_pkg_interfaces/include/incubator_cpp_pkg_interfaces/incubator_cpp_pkg_interfaces/msg/detail/device_statei__type_support.h
[7.136s] -- Installing: /home/thompson/incubator_ws/install/incubator_cpp_pkg_interfaces/include/incubator_cpp_pkg_interfaces/incubator_cpp_pkg_interfaces/msg/detail/closed_loop_param_updatesi__struct.h
[7.136s] -- Installing: /home/thompson/incubator_ws/install/incubator_cpp_pkg_interfaces/include/incubator_cpp_pkg_interfaces/incubator_cpp_pkg_interfaces/msg/detail/closed_loop_param_updatesi__functions.h
[7.136s] -- Installing: /home/thompson/incubator_ws/install/incubator_cpp_pkg_interfaces/include/incubator_cpp_pkg_interfaces/incubator_cpp_pkg_interfaces/msg/detail/integer64__struct.h
[7.136s] -- Installing: /home/thompson/incubator_ws/install/incubator_cpp_pkg_interfaces/include/incubator_cpp_pkg_interfaces/incubator_cpp_pkg_interfaces/msg/detail/device_statei__functions.c
[7.136s] -- Installing: /home/thompson/incubator_ws/install/incubator_cpp_pkg_interfaces/include/incubator_cpp_pkg_interfaces/incubator_cpp_pkg_interfaces/msg/detail/degrees_ci__struct.h
[7.137s] -- Installing: /home/thompson/incubator_ws/install/incubator_cpp_pkg_interfaces/include/incubator_cpp_pkg_interfaces/incubator_cpp_pkg_interfaces/msg/detail/controller_state__type_support.h
[7.137s] -- Installing: /home/thompson/incubator_ws/install/incubator_cpp_pkg_interfaces/include/incubator_cpp_pkg_interfaces/incubator_cpp_pkg_interfaces/msg/detail/boolean__struct.h
[7.137s] -- Installing: /home/thompson/incubator_ws/install/incubator_cpp_pkg_interfaces/include/incubator_cpp_pkg_interfaces/incubator_cpp_pkg_interfaces/msg/detail/secondsi__functions.c
[7.137s] -- Installing: /home/thompson/incubator_ws/install/incubator_cpp_pkg_interfaces/include/incubator_cpp_pkg_interfaces/incubator_cpp_pkg_interfaces/msg/detail/float32__functions.c
[7.137s] -- Installing: /home/thompson/incubator_ws/install/incubator_cpp_pkg_interfaces/include/incubator_cpp_pkg_interfaces/incubator_cpp_pkg_interfaces/msg/detail/kalman_predictioni__functions.c
[7.137s] -- Installing: /home/thompson/incubator_ws/install/incubator_cpp_pkg_interfaces/include/incubator_cpp_pkg_interfaces/incubator_cpp_pkg_interfaces/msg/detail/secondsi__functions.h
[7.137s] -- Installing: /home/thompson/incubator_ws/install/incubator_cpp_pkg_interfaces/include/incubator_cpp_pkg_interfaces/incubator_cpp_pkg_interfaces/msg/detail/kalman_predictioni__struct.h
[7.138s] -- Installing: /home/thompson/incubator_ws/install/incubator_cpp_pkg_interfaces/include/incubator_cpp_pkg_interfaces/incubator_cpp_pkg_interfaces/msg/detail/controller_statusi__struct.h
[7.138s] -- Installing: /home/thompson/incubator_ws/install/incubator_cpp_pkg_interfaces/include/incubator_cpp_pkg_interfaces/incubator_cpp_pkg_interfaces/msg/detail/degrees_ci__functions.h
[7.138s] -- Installing: /home/thompson/incubator_ws/install/incubator_cpp_pkg_interfaces/include/incubator_cpp_pkg_interfaces/incubator_cpp_pkg_interfaces/msg/detail/empty__struct.h
[7.138s] -- Installing: /home/thompson/incubator_ws/install/incubator_cpp_pkg_interfaces/include/incubator_cpp_pkg_interfaces/incubator_cpp_pkg_interfaces/msg/detail/kalman_predictioni__functions.h
[7.138s] -- Installing: /home/thompson/incubator_ws/install/incubator_cpp_pkg_interfaces/include/incubator_cpp_pkg_interfaces/incubator_cpp_pkg_interfaces/msg/detail/float32__struct.h
[7.138s] -- Installing: /home/thompson/incubator_ws/install/incubator_cpp_pkg_interfaces/include/incubator_cpp_pkg_interfaces/incubator_cpp_pkg_interfaces/msg/boolean.h
[7.138s] -- Installing: /home/thompson/incubator_ws/install/incubator_cpp_pkg_interfaces/include/incubator_cpp_pkg_interfaces/incubator_cpp_pkg_interfaces/msg/controller_state.h
[7.139s] -- Installing: /home/thompson/incubator_ws/install/incubator_cpp_pkg_interfaces/include/incubator_cpp_pkg_interfaces/incubator_cpp_pkg_interfaces/msg/secondsi.h
[7.139s] -- Installing: /home/thompson/incubator_ws/install/incubator_cpp_pkg_interfaces/include/incubator_cpp_pkg_interfaces/incubator_cpp_pkg_interfaces/msg/device_statei.h
[7.139s] -- Installing: /home/thompson/incubator_ws/install/incubator_cpp_pkg_interfaces/include/incubator_cpp_pkg_interfaces/incubator_cpp_pkg_interfaces/msg/empty.h
[7.139s] -- Installing: /home/thompson/incubator_ws/install/incubator_cpp_pkg_interfaces/include/incubator_cpp_pkg_interfaces/incubator_cpp_pkg_interfaces/msg/controller_statusi.h
[7.139s] -- Installing: /home/thompson/incubator_ws/install/incubator_cpp_pkg_interfaces/include/incubator_cpp_pkg_interfaces/incubator_cpp_pkg_interfaces/msg/degrees_ci.h
[7.139s] -- Up-to-date: /home/thompson/incubator_ws/install/incubator_cpp_pkg_interfaces/include/incubator_cpp_pkg_interfaces/incubator_cpp_pkg_interfaces/msg/rosidl_generator_c__visibility_control.h
[7.139s] -- Installing: /home/thompson/incubator_ws/install/incubator_cpp_pkg_interfaces/include/incubator_cpp_pkg_interfaces/incubator_cpp_pkg_interfaces/msg/integer64.h
[7.140s] -- Installing: /home/thompson/incubator_ws/install/incubator_cpp_pkg_interfaces/include/incubator_cpp_pkg_interfaces/incubator_cpp_pkg_interfaces/msg/float32.h
[7.140s] -- Installing: /home/thompson/incubator_ws/install/incubator_cpp_pkg_interfaces/include/incubator_cpp_pkg_interfaces/incubator_cpp_pkg_interfaces/msg/closed_loop_param_updatesi.h
[7.140s] -- Up-to-date: /home/thompson/incubator_ws/install/incubator_cpp_pkg_interfaces/share/incubator_cpp_pkg_interfaces/environment/library_path.sh
[7.140s] -- Installing: /home/thompson/incubator_ws/install/incubator_cpp_pkg_interfaces/share/incubator_cpp_pkg_interfaces/environment/library_path.dsv
[7.140s] -- Installing: /home/thompson/incubator_ws/install/incubator_cpp_pkg_interfaces/lib/libincubator_cpp_pkg_interfaces__rosidl_generator_c.so
[7.140s] -- Set runtime path of "/home/thompson/incubator_ws/install/incubator_cpp_pkg_interfaces/lib/libincubator_cpp_pkg_interfaces__rosidl_generator_c.so" to ""
[7.140s] -- Up-to-date: /home/thompson/incubator_ws/install/incubator_cpp_pkg_interfaces/include/incubator_cpp_pkg_interfaces/incubator_cpp_pkg_interfaces
[7.141s] -- Up-to-date: /home/thompson/incubator_ws/install/incubator_cpp_pkg_interfaces/include/incubator_cpp_pkg_interfaces/incubator_cpp_pkg_interfaces/msg
[7.141s] -- Up-to-date: /home/thompson/incubator_ws/install/incubator_cpp_pkg_interfaces/include/incubator_cpp_pkg_interfaces/incubator_cpp_pkg_interfaces/msg/detail
[7.141s] -- Installing: /home/thompson/incubator_ws/install/incubator_cpp_pkg_interfaces/include/incubator_cpp_pkg_interfaces/incubator_cpp_pkg_interfaces/msg/detail/empty__rosidl_typesupport_fastrtps_c.h
[7.141s] -- Installing: /home/thompson/incubator_ws/install/incubator_cpp_pkg_interfaces/include/incubator_cpp_pkg_interfaces/incubator_cpp_pkg_interfaces/msg/detail/kalman_predictioni__rosidl_typesupport_fastrtps_c.h
[7.141s] -- Installing: /home/thompson/incubator_ws/install/incubator_cpp_pkg_interfaces/include/incubator_cpp_pkg_interfaces/incubator_cpp_pkg_interfaces/msg/detail/closed_loop_param_updatesi__rosidl_typesupport_fastrtps_c.h
[7.141s] -- Installing: /home/thompson/incubator_ws/install/incubator_cpp_pkg_interfaces/include/incubator_cpp_pkg_interfaces/incubator_cpp_pkg_interfaces/msg/detail/device_statei__rosidl_typesupport_fastrtps_c.h
[7.141s] -- Installing: /home/thompson/incubator_ws/install/incubator_cpp_pkg_interfaces/include/incubator_cpp_pkg_interfaces/incubator_cpp_pkg_interfaces/msg/detail/boolean__rosidl_typesupport_fastrtps_c.h
[7.142s] -- Installing: /home/thompson/incubator_ws/install/incubator_cpp_pkg_interfaces/include/incubator_cpp_pkg_interfaces/incubator_cpp_pkg_interfaces/msg/detail/controller_state__rosidl_typesupport_fastrtps_c.h
[7.142s] -- Installing: /home/thompson/incubator_ws/install/incubator_cpp_pkg_interfaces/include/incubator_cpp_pkg_interfaces/incubator_cpp_pkg_interfaces/msg/detail/secondsi__rosidl_typesupport_fastrtps_c.h
[7.142s] -- Installing: /home/thompson/incubator_ws/install/incubator_cpp_pkg_interfaces/include/incubator_cpp_pkg_interfaces/incubator_cpp_pkg_interfaces/msg/detail/degrees_ci__rosidl_typesupport_fastrtps_c.h
[7.142s] -- Installing: /home/thompson/incubator_ws/install/incubator_cpp_pkg_interfaces/include/incubator_cpp_pkg_interfaces/incubator_cpp_pkg_interfaces/msg/detail/controller_statusi__rosidl_typesupport_fastrtps_c.h
[7.142s] -- Installing: /home/thompson/incubator_ws/install/incubator_cpp_pkg_interfaces/include/incubator_cpp_pkg_interfaces/incubator_cpp_pkg_interfaces/msg/detail/float32__rosidl_typesupport_fastrtps_c.h
[7.142s] -- Installing: /home/thompson/incubator_ws/install/incubator_cpp_pkg_interfaces/include/incubator_cpp_pkg_interfaces/incubator_cpp_pkg_interfaces/msg/detail/integer64__rosidl_typesupport_fastrtps_c.h
[7.142s] -- Up-to-date: /home/thompson/incubator_ws/install/incubator_cpp_pkg_interfaces/include/incubator_cpp_pkg_interfaces/incubator_cpp_pkg_interfaces/msg/rosidl_typesupport_fastrtps_c__visibility_control.h
[7.143s] -- Installing: /home/thompson/incubator_ws/install/incubator_cpp_pkg_interfaces/lib/libincubator_cpp_pkg_interfaces__rosidl_typesupport_fastrtps_c.so
[7.143s] -- Set runtime path of "/home/thompson/incubator_ws/install/incubator_cpp_pkg_interfaces/lib/libincubator_cpp_pkg_interfaces__rosidl_typesupport_fastrtps_c.so" to ""
[7.143s] -- Up-to-date: /home/thompson/incubator_ws/install/incubator_cpp_pkg_interfaces/include/incubator_cpp_pkg_interfaces/incubator_cpp_pkg_interfaces
[7.143s] -- Up-to-date: /home/thompson/incubator_ws/install/incubator_cpp_pkg_interfaces/include/incubator_cpp_pkg_interfaces/incubator_cpp_pkg_interfaces/msg
[7.143s] -- Up-to-date: /home/thompson/incubator_ws/install/incubator_cpp_pkg_interfaces/include/incubator_cpp_pkg_interfaces/incubator_cpp_pkg_interfaces/msg/detail
[7.143s] -- Installing: /home/thompson/incubator_ws/install/incubator_cpp_pkg_interfaces/include/incubator_cpp_pkg_interfaces/incubator_cpp_pkg_interfaces/msg/detail/closed_loop_param_updatesi__type_support.c
[7.143s] -- Installing: /home/thompson/incubator_ws/install/incubator_cpp_pkg_interfaces/include/incubator_cpp_pkg_interfaces/incubator_cpp_pkg_interfaces/msg/detail/closed_loop_param_updatesi__rosidl_typesupport_introspection_c.h
[7.143s] -- Installing: /home/thompson/incubator_ws/install/incubator_cpp_pkg_interfaces/include/incubator_cpp_pkg_interfaces/incubator_cpp_pkg_interfaces/msg/detail/device_statei__type_support.c
[7.144s] -- Installing: /home/thompson/incubator_ws/install/incubator_cpp_pkg_interfaces/include/incubator_cpp_pkg_interfaces/incubator_cpp_pkg_interfaces/msg/detail/controller_state__type_support.c
[7.144s] -- Installing: /home/thompson/incubator_ws/install/incubator_cpp_pkg_interfaces/include/incubator_cpp_pkg_interfaces/incubator_cpp_pkg_interfaces/msg/detail/empty__rosidl_typesupport_introspection_c.h
[7.144s] -- Installing: /home/thompson/incubator_ws/install/incubator_cpp_pkg_interfaces/include/incubator_cpp_pkg_interfaces/incubator_cpp_pkg_interfaces/msg/detail/degrees_ci__rosidl_typesupport_introspection_c.h
[7.144s] -- Installing: /home/thompson/incubator_ws/install/incubator_cpp_pkg_interfaces/include/incubator_cpp_pkg_interfaces/incubator_cpp_pkg_interfaces/msg/detail/boolean__rosidl_typesupport_introspection_c.h
[7.144s] -- Installing: /home/thompson/incubator_ws/install/incubator_cpp_pkg_interfaces/include/incubator_cpp_pkg_interfaces/incubator_cpp_pkg_interfaces/msg/detail/empty__type_support.c
[7.144s] -- Installing: /home/thompson/incubator_ws/install/incubator_cpp_pkg_interfaces/include/incubator_cpp_pkg_interfaces/incubator_cpp_pkg_interfaces/msg/detail/kalman_predictioni__rosidl_typesupport_introspection_c.h
[7.144s] -- Installing: /home/thompson/incubator_ws/install/incubator_cpp_pkg_interfaces/include/incubator_cpp_pkg_interfaces/incubator_cpp_pkg_interfaces/msg/detail/controller_statusi__rosidl_typesupport_introspection_c.h
[7.145s] -- Installing: /home/thompson/incubator_ws/install/incubator_cpp_pkg_interfaces/include/incubator_cpp_pkg_interfaces/incubator_cpp_pkg_interfaces/msg/detail/integer64__rosidl_typesupport_introspection_c.h
[7.145s] -- Installing: /home/thompson/incubator_ws/install/incubator_cpp_pkg_interfaces/include/incubator_cpp_pkg_interfaces/incubator_cpp_pkg_interfaces/msg/detail/controller_statusi__type_support.c
[7.145s] -- Installing: /home/thompson/incubator_ws/install/incubator_cpp_pkg_interfaces/include/incubator_cpp_pkg_interfaces/incubator_cpp_pkg_interfaces/msg/detail/boolean__type_support.c
[7.145s] -- Installing: /home/thompson/incubator_ws/install/incubator_cpp_pkg_interfaces/include/incubator_cpp_pkg_interfaces/incubator_cpp_pkg_interfaces/msg/detail/controller_state__rosidl_typesupport_introspection_c.h
[7.145s] -- Installing: /home/thompson/incubator_ws/install/incubator_cpp_pkg_interfaces/include/incubator_cpp_pkg_interfaces/incubator_cpp_pkg_interfaces/msg/detail/degrees_ci__type_support.c
[7.145s] -- Installing: /home/thompson/incubator_ws/install/incubator_cpp_pkg_interfaces/include/incubator_cpp_pkg_interfaces/incubator_cpp_pkg_interfaces/msg/detail/kalman_predictioni__type_support.c
[7.145s] -- Installing: /home/thompson/incubator_ws/install/incubator_cpp_pkg_interfaces/include/incubator_cpp_pkg_interfaces/incubator_cpp_pkg_interfaces/msg/detail/device_statei__rosidl_typesupport_introspection_c.h
[7.145s] -- Installing: /home/thompson/incubator_ws/install/incubator_cpp_pkg_interfaces/include/incubator_cpp_pkg_interfaces/incubator_cpp_pkg_interfaces/msg/detail/float32__type_support.c
[7.145s] -- Installing: /home/thompson/incubator_ws/install/incubator_cpp_pkg_interfaces/include/incubator_cpp_pkg_interfaces/incubator_cpp_pkg_interfaces/msg/detail/secondsi__rosidl_typesupport_introspection_c.h
[7.145s] -- Installing: /home/thompson/incubator_ws/install/incubator_cpp_pkg_interfaces/include/incubator_cpp_pkg_interfaces/incubator_cpp_pkg_interfaces/msg/detail/integer64__type_support.c
[7.146s] -- Installing: /home/thompson/incubator_ws/install/incubator_cpp_pkg_interfaces/include/incubator_cpp_pkg_interfaces/incubator_cpp_pkg_interfaces/msg/detail/float32__rosidl_typesupport_introspection_c.h
[7.146s] -- Installing: /home/thompson/incubator_ws/install/incubator_cpp_pkg_interfaces/include/incubator_cpp_pkg_interfaces/incubator_cpp_pkg_interfaces/msg/detail/secondsi__type_support.c
[7.146s] -- Up-to-date: /home/thompson/incubator_ws/install/incubator_cpp_pkg_interfaces/include/incubator_cpp_pkg_interfaces/incubator_cpp_pkg_interfaces/msg/rosidl_typesupport_introspection_c__visibility_control.h
[7.146s] -- Installing: /home/thompson/incubator_ws/install/incubator_cpp_pkg_interfaces/lib/libincubator_cpp_pkg_interfaces__rosidl_typesupport_introspection_c.so
[7.147s] -- Set runtime path of "/home/thompson/incubator_ws/install/incubator_cpp_pkg_interfaces/lib/libincubator_cpp_pkg_interfaces__rosidl_typesupport_introspection_c.so" to ""
[7.147s] -- Installing: /home/thompson/incubator_ws/install/incubator_cpp_pkg_interfaces/lib/libincubator_cpp_pkg_interfaces__rosidl_typesupport_c.so
[7.147s] -- Set runtime path of "/home/thompson/incubator_ws/install/incubator_cpp_pkg_interfaces/lib/libincubator_cpp_pkg_interfaces__rosidl_typesupport_c.so" to ""
[7.147s] -- Up-to-date: /home/thompson/incubator_ws/install/incubator_cpp_pkg_interfaces/include/incubator_cpp_pkg_interfaces/incubator_cpp_pkg_interfaces
[7.147s] -- Up-to-date: /home/thompson/incubator_ws/install/incubator_cpp_pkg_interfaces/include/incubator_cpp_pkg_interfaces/incubator_cpp_pkg_interfaces/msg
[7.147s] -- Installing: /home/thompson/incubator_ws/install/incubator_cpp_pkg_interfaces/include/incubator_cpp_pkg_interfaces/incubator_cpp_pkg_interfaces/msg/integer64.hpp
[7.148s] -- Up-to-date: /home/thompson/incubator_ws/install/incubator_cpp_pkg_interfaces/include/incubator_cpp_pkg_interfaces/incubator_cpp_pkg_interfaces/msg/detail
[7.148s] -- Installing: /home/thompson/incubator_ws/install/incubator_cpp_pkg_interfaces/include/incubator_cpp_pkg_interfaces/incubator_cpp_pkg_interfaces/msg/detail/kalman_predictioni__traits.hpp
[7.148s] -- Installing: /home/thompson/incubator_ws/install/incubator_cpp_pkg_interfaces/include/incubator_cpp_pkg_interfaces/incubator_cpp_pkg_interfaces/msg/detail/device_statei__struct.hpp
[7.148s] -- Installing: /home/thompson/incubator_ws/install/incubator_cpp_pkg_interfaces/include/incubator_cpp_pkg_interfaces/incubator_cpp_pkg_interfaces/msg/detail/device_statei__builder.hpp
[7.148s] -- Installing: /home/thompson/incubator_ws/install/incubator_cpp_pkg_interfaces/include/incubator_cpp_pkg_interfaces/incubator_cpp_pkg_interfaces/msg/detail/degrees_ci__builder.hpp
[7.148s] -- Installing: /home/thompson/incubator_ws/install/incubator_cpp_pkg_interfaces/include/incubator_cpp_pkg_interfaces/incubator_cpp_pkg_interfaces/msg/detail/integer64__builder.hpp
[7.148s] -- Installing: /home/thompson/incubator_ws/install/incubator_cpp_pkg_interfaces/include/incubator_cpp_pkg_interfaces/incubator_cpp_pkg_interfaces/msg/detail/integer64__traits.hpp
[7.148s] -- Installing: /home/thompson/incubator_ws/install/incubator_cpp_pkg_interfaces/include/incubator_cpp_pkg_interfaces/incubator_cpp_pkg_interfaces/msg/detail/controller_state__builder.hpp
[7.149s] -- Installing: /home/thompson/incubator_ws/install/incubator_cpp_pkg_interfaces/include/incubator_cpp_pkg_interfaces/incubator_cpp_pkg_interfaces/msg/detail/secondsi__traits.hpp
[7.149s] -- Installing: /home/thompson/incubator_ws/install/incubator_cpp_pkg_interfaces/include/incubator_cpp_pkg_interfaces/incubator_cpp_pkg_interfaces/msg/detail/boolean__traits.hpp
[7.149s] -- Installing: /home/thompson/incubator_ws/install/incubator_cpp_pkg_interfaces/include/incubator_cpp_pkg_interfaces/incubator_cpp_pkg_interfaces/msg/detail/controller_statusi__struct.hpp
[7.149s] -- Installing: /home/thompson/incubator_ws/install/incubator_cpp_pkg_interfaces/include/incubator_cpp_pkg_interfaces/incubator_cpp_pkg_interfaces/msg/detail/float32__builder.hpp
[7.149s] -- Installing: /home/thompson/incubator_ws/install/incubator_cpp_pkg_interfaces/include/incubator_cpp_pkg_interfaces/incubator_cpp_pkg_interfaces/msg/detail/float32__struct.hpp
[7.149s] -- Installing: /home/thompson/incubator_ws/install/incubator_cpp_pkg_interfaces/include/incubator_cpp_pkg_interfaces/incubator_cpp_pkg_interfaces/msg/detail/empty__builder.hpp
[7.150s] -- Installing: /home/thompson/incubator_ws/install/incubator_cpp_pkg_interfaces/include/incubator_cpp_pkg_interfaces/incubator_cpp_pkg_interfaces/msg/detail/secondsi__struct.hpp
[7.150s] -- Installing: /home/thompson/incubator_ws/install/incubator_cpp_pkg_interfaces/include/incubator_cpp_pkg_interfaces/incubator_cpp_pkg_interfaces/msg/detail/boolean__struct.hpp
[7.150s] -- Installing: /home/thompson/incubator_ws/install/incubator_cpp_pkg_interfaces/include/incubator_cpp_pkg_interfaces/incubator_cpp_pkg_interfaces/msg/detail/closed_loop_param_updatesi__traits.hpp
[7.150s] -- Installing: /home/thompson/incubator_ws/install/incubator_cpp_pkg_interfaces/include/incubator_cpp_pkg_interfaces/incubator_cpp_pkg_interfaces/msg/detail/float32__traits.hpp
[7.150s] -- Installing: /home/thompson/incubator_ws/install/incubator_cpp_pkg_interfaces/include/incubator_cpp_pkg_interfaces/incubator_cpp_pkg_interfaces/msg/detail/controller_statusi__traits.hpp
[7.150s] -- Installing: /home/thompson/incubator_ws/install/incubator_cpp_pkg_interfaces/include/incubator_cpp_pkg_interfaces/incubator_cpp_pkg_interfaces/msg/detail/degrees_ci__traits.hpp
[7.150s] -- Installing: /home/thompson/incubator_ws/install/incubator_cpp_pkg_interfaces/include/incubator_cpp_pkg_interfaces/incubator_cpp_pkg_interfaces/msg/detail/empty__struct.hpp
[7.150s] -- Installing: /home/thompson/incubator_ws/install/incubator_cpp_pkg_interfaces/include/incubator_cpp_pkg_interfaces/incubator_cpp_pkg_interfaces/msg/detail/controller_state__struct.hpp
[7.151s] -- Installing: /home/thompson/incubator_ws/install/incubator_cpp_pkg_interfaces/include/incubator_cpp_pkg_interfaces/incubator_cpp_pkg_interfaces/msg/detail/empty__traits.hpp
[7.151s] -- Installing: /home/thompson/incubator_ws/install/incubator_cpp_pkg_interfaces/include/incubator_cpp_pkg_interfaces/incubator_cpp_pkg_interfaces/msg/detail/closed_loop_param_updatesi__struct.hpp
[7.151s] -- Installing: /home/thompson/incubator_ws/install/incubator_cpp_pkg_interfaces/include/incubator_cpp_pkg_interfaces/incubator_cpp_pkg_interfaces/msg/detail/kalman_predictioni__struct.hpp
[7.151s] -- Installing: /home/thompson/incubator_ws/install/incubator_cpp_pkg_interfaces/include/incubator_cpp_pkg_interfaces/incubator_cpp_pkg_interfaces/msg/detail/closed_loop_param_updatesi__builder.hpp
[7.151s] -- Installing: /home/thompson/incubator_ws/install/incubator_cpp_pkg_interfaces/include/incubator_cpp_pkg_interfaces/incubator_cpp_pkg_interfaces/msg/detail/kalman_predictioni__builder.hpp
[7.151s] -- Installing: /home/thompson/incubator_ws/install/incubator_cpp_pkg_interfaces/include/incubator_cpp_pkg_interfaces/incubator_cpp_pkg_interfaces/msg/detail/controller_statusi__builder.hpp
[7.151s] -- Installing: /home/thompson/incubator_ws/install/incubator_cpp_pkg_interfaces/include/incubator_cpp_pkg_interfaces/incubator_cpp_pkg_interfaces/msg/detail/controller_state__traits.hpp
[7.151s] -- Installing: /home/thompson/incubator_ws/install/incubator_cpp_pkg_interfaces/include/incubator_cpp_pkg_interfaces/incubator_cpp_pkg_interfaces/msg/detail/boolean__builder.hpp
[7.151s] -- Installing: /home/thompson/incubator_ws/install/incubator_cpp_pkg_interfaces/include/incubator_cpp_pkg_interfaces/incubator_cpp_pkg_interfaces/msg/detail/integer64__struct.hpp
[7.152s] -- Installing: /home/thompson/incubator_ws/install/incubator_cpp_pkg_interfaces/include/incubator_cpp_pkg_interfaces/incubator_cpp_pkg_interfaces/msg/detail/secondsi__builder.hpp
[7.152s] -- Installing: /home/thompson/incubator_ws/install/incubator_cpp_pkg_interfaces/include/incubator_cpp_pkg_interfaces/incubator_cpp_pkg_interfaces/msg/detail/degrees_ci__struct.hpp
[7.152s] -- Installing: /home/thompson/incubator_ws/install/incubator_cpp_pkg_interfaces/include/incubator_cpp_pkg_interfaces/incubator_cpp_pkg_interfaces/msg/detail/device_statei__traits.hpp
[7.152s] -- Installing: /home/thompson/incubator_ws/install/incubator_cpp_pkg_interfaces/include/incubator_cpp_pkg_interfaces/incubator_cpp_pkg_interfaces/msg/empty.hpp
[7.152s] -- Installing: /home/thompson/incubator_ws/install/incubator_cpp_pkg_interfaces/include/incubator_cpp_pkg_interfaces/incubator_cpp_pkg_interfaces/msg/degrees_ci.hpp
[7.152s] -- Installing: /home/thompson/incubator_ws/install/incubator_cpp_pkg_interfaces/include/incubator_cpp_pkg_interfaces/incubator_cpp_pkg_interfaces/msg/boolean.hpp
[7.152s] -- Installing: /home/thompson/incubator_ws/install/incubator_cpp_pkg_interfaces/include/incubator_cpp_pkg_interfaces/incubator_cpp_pkg_interfaces/msg/float32.hpp
[7.152s] -- Installing: /home/thompson/incubator_ws/install/incubator_cpp_pkg_interfaces/include/incubator_cpp_pkg_interfaces/incubator_cpp_pkg_interfaces/msg/controller_statusi.hpp
[7.153s] -- Installing: /home/thompson/incubator_ws/install/incubator_cpp_pkg_interfaces/include/incubator_cpp_pkg_interfaces/incubator_cpp_pkg_interfaces/msg/controller_state.hpp
[7.153s] -- Installing: /home/thompson/incubator_ws/install/incubator_cpp_pkg_interfaces/include/incubator_cpp_pkg_interfaces/incubator_cpp_pkg_interfaces/msg/secondsi.hpp
[7.153s] -- Installing: /home/thompson/incubator_ws/install/incubator_cpp_pkg_interfaces/include/incubator_cpp_pkg_interfaces/incubator_cpp_pkg_interfaces/msg/closed_loop_param_updatesi.hpp
[7.153s] -- Installing: /home/thompson/incubator_ws/install/incubator_cpp_pkg_interfaces/include/incubator_cpp_pkg_interfaces/incubator_cpp_pkg_interfaces/msg/kalman_predictioni.hpp
[7.153s] -- Installing: /home/thompson/incubator_ws/install/incubator_cpp_pkg_interfaces/include/incubator_cpp_pkg_interfaces/incubator_cpp_pkg_interfaces/msg/device_statei.hpp
[7.153s] -- Up-to-date: /home/thompson/incubator_ws/install/incubator_cpp_pkg_interfaces/include/incubator_cpp_pkg_interfaces/incubator_cpp_pkg_interfaces
[7.153s] -- Up-to-date: /home/thompson/incubator_ws/install/incubator_cpp_pkg_interfaces/include/incubator_cpp_pkg_interfaces/incubator_cpp_pkg_interfaces/msg
[7.153s] -- Up-to-date: /home/thompson/incubator_ws/install/incubator_cpp_pkg_interfaces/include/incubator_cpp_pkg_interfaces/incubator_cpp_pkg_interfaces/msg/detail
[7.153s] -- Installing: /home/thompson/incubator_ws/install/incubator_cpp_pkg_interfaces/include/incubator_cpp_pkg_interfaces/incubator_cpp_pkg_interfaces/msg/detail/secondsi__rosidl_typesupport_fastrtps_cpp.hpp
[7.154s] -- Installing: /home/thompson/incubator_ws/install/incubator_cpp_pkg_interfaces/include/incubator_cpp_pkg_interfaces/incubator_cpp_pkg_interfaces/msg/detail/device_statei__rosidl_typesupport_fastrtps_cpp.hpp
[7.154s] -- Installing: /home/thompson/incubator_ws/install/incubator_cpp_pkg_interfaces/include/incubator_cpp_pkg_interfaces/incubator_cpp_pkg_interfaces/msg/detail/float32__rosidl_typesupport_fastrtps_cpp.hpp
[7.154s] -- Installing: /home/thompson/incubator_ws/install/incubator_cpp_pkg_interfaces/include/incubator_cpp_pkg_interfaces/incubator_cpp_pkg_interfaces/msg/detail/integer64__rosidl_typesupport_fastrtps_cpp.hpp
[7.154s] -- Installing: /home/thompson/incubator_ws/install/incubator_cpp_pkg_interfaces/include/incubator_cpp_pkg_interfaces/incubator_cpp_pkg_interfaces/msg/detail/degrees_ci__rosidl_typesupport_fastrtps_cpp.hpp
[7.154s] -- Installing: /home/thompson/incubator_ws/install/incubator_cpp_pkg_interfaces/include/incubator_cpp_pkg_interfaces/incubator_cpp_pkg_interfaces/msg/detail/controller_statusi__rosidl_typesupport_fastrtps_cpp.hpp
[7.154s] -- Installing: /home/thompson/incubator_ws/install/incubator_cpp_pkg_interfaces/include/incubator_cpp_pkg_interfaces/incubator_cpp_pkg_interfaces/msg/detail/closed_loop_param_updatesi__rosidl_typesupport_fastrtps_cpp.hpp
[7.154s] -- Installing: /home/thompson/incubator_ws/install/incubator_cpp_pkg_interfaces/include/incubator_cpp_pkg_interfaces/incubator_cpp_pkg_interfaces/msg/detail/kalman_predictioni__rosidl_typesupport_fastrtps_cpp.hpp
[7.154s] -- Installing: /home/thompson/incubator_ws/install/incubator_cpp_pkg_interfaces/include/incubator_cpp_pkg_interfaces/incubator_cpp_pkg_interfaces/msg/detail/empty__rosidl_typesupport_fastrtps_cpp.hpp
[7.154s] -- Up-to-date: /home/thompson/incubator_ws/install/incubator_cpp_pkg_interfaces/include/incubator_cpp_pkg_interfaces/incubator_cpp_pkg_interfaces/msg/detail/dds_fastrtps
[7.154s] -- Installing: /home/thompson/incubator_ws/install/incubator_cpp_pkg_interfaces/include/incubator_cpp_pkg_interfaces/incubator_cpp_pkg_interfaces/msg/detail/controller_state__rosidl_typesupport_fastrtps_cpp.hpp
[7.155s] -- Installing: /home/thompson/incubator_ws/install/incubator_cpp_pkg_interfaces/include/incubator_cpp_pkg_interfaces/incubator_cpp_pkg_interfaces/msg/detail/boolean__rosidl_typesupport_fastrtps_cpp.hpp
[7.155s] -- Up-to-date: /home/thompson/incubator_ws/install/incubator_cpp_pkg_interfaces/include/incubator_cpp_pkg_interfaces/incubator_cpp_pkg_interfaces/msg/rosidl_typesupport_fastrtps_cpp__visibility_control.h
[7.155s] -- Installing: /home/thompson/incubator_ws/install/incubator_cpp_pkg_interfaces/lib/libincubator_cpp_pkg_interfaces__rosidl_typesupport_fastrtps_cpp.so
[7.155s] -- Set runtime path of "/home/thompson/incubator_ws/install/incubator_cpp_pkg_interfaces/lib/libincubator_cpp_pkg_interfaces__rosidl_typesupport_fastrtps_cpp.so" to ""
[7.155s] -- Up-to-date: /home/thompson/incubator_ws/install/incubator_cpp_pkg_interfaces/include/incubator_cpp_pkg_interfaces/incubator_cpp_pkg_interfaces
[7.155s] -- Up-to-date: /home/thompson/incubator_ws/install/incubator_cpp_pkg_interfaces/include/incubator_cpp_pkg_interfaces/incubator_cpp_pkg_interfaces/msg
[7.155s] -- Up-to-date: /home/thompson/incubator_ws/install/incubator_cpp_pkg_interfaces/include/incubator_cpp_pkg_interfaces/incubator_cpp_pkg_interfaces/msg/detail
[7.156s] -- Installing: /home/thompson/incubator_ws/install/incubator_cpp_pkg_interfaces/include/incubator_cpp_pkg_interfaces/incubator_cpp_pkg_interfaces/msg/detail/boolean__type_support.cpp
[7.156s] -- Installing: /home/thompson/incubator_ws/install/incubator_cpp_pkg_interfaces/include/incubator_cpp_pkg_interfaces/incubator_cpp_pkg_interfaces/msg/detail/boolean__rosidl_typesupport_introspection_cpp.hpp
[7.156s] -- Installing: /home/thompson/incubator_ws/install/incubator_cpp_pkg_interfaces/include/incubator_cpp_pkg_interfaces/incubator_cpp_pkg_interfaces/msg/detail/device_statei__type_support.cpp
[7.156s] -- Installing: /home/thompson/incubator_ws/install/incubator_cpp_pkg_interfaces/include/incubator_cpp_pkg_interfaces/incubator_cpp_pkg_interfaces/msg/detail/empty__rosidl_typesupport_introspection_cpp.hpp
[7.156s] -- Installing: /home/thompson/incubator_ws/install/incubator_cpp_pkg_interfaces/include/incubator_cpp_pkg_interfaces/incubator_cpp_pkg_interfaces/msg/detail/device_statei__rosidl_typesupport_introspection_cpp.hpp
[7.157s] -- Installing: /home/thompson/incubator_ws/install/incubator_cpp_pkg_interfaces/include/incubator_cpp_pkg_interfaces/incubator_cpp_pkg_interfaces/msg/detail/secondsi__rosidl_typesupport_introspection_cpp.hpp
[7.157s] -- Installing: /home/thompson/incubator_ws/install/incubator_cpp_pkg_interfaces/include/incubator_cpp_pkg_interfaces/incubator_cpp_pkg_interfaces/msg/detail/closed_loop_param_updatesi__rosidl_typesupport_introspection_cpp.hpp
[7.157s] -- Installing: /home/thompson/incubator_ws/install/incubator_cpp_pkg_interfaces/include/incubator_cpp_pkg_interfaces/incubator_cpp_pkg_interfaces/msg/detail/controller_state__type_support.cpp
[7.157s] -- Installing: /home/thompson/incubator_ws/install/incubator_cpp_pkg_interfaces/include/incubator_cpp_pkg_interfaces/incubator_cpp_pkg_interfaces/msg/detail/degrees_ci__type_support.cpp
[7.157s] -- Installing: /home/thompson/incubator_ws/install/incubator_cpp_pkg_interfaces/include/incubator_cpp_pkg_interfaces/incubator_cpp_pkg_interfaces/msg/detail/controller_state__rosidl_typesupport_introspection_cpp.hpp
[7.157s] -- Installing: /home/thompson/incubator_ws/install/incubator_cpp_pkg_interfaces/include/incubator_cpp_pkg_interfaces/incubator_cpp_pkg_interfaces/msg/detail/kalman_predictioni__type_support.cpp
[7.157s] -- Installing: /home/thompson/incubator_ws/install/incubator_cpp_pkg_interfaces/include/incubator_cpp_pkg_interfaces/incubator_cpp_pkg_interfaces/msg/detail/controller_statusi__type_support.cpp
[7.157s] -- Installing: /home/thompson/incubator_ws/install/incubator_cpp_pkg_interfaces/include/incubator_cpp_pkg_interfaces/incubator_cpp_pkg_interfaces/msg/detail/integer64__rosidl_typesupport_introspection_cpp.hpp
[7.158s] -- Installing: /home/thompson/incubator_ws/install/incubator_cpp_pkg_interfaces/include/incubator_cpp_pkg_interfaces/incubator_cpp_pkg_interfaces/msg/detail/float32__type_support.cpp
[7.158s] -- Installing: /home/thompson/incubator_ws/install/incubator_cpp_pkg_interfaces/include/incubator_cpp_pkg_interfaces/incubator_cpp_pkg_interfaces/msg/detail/float32__rosidl_typesupport_introspection_cpp.hpp
[7.158s] -- Installing: /home/thompson/incubator_ws/install/incubator_cpp_pkg_interfaces/include/incubator_cpp_pkg_interfaces/incubator_cpp_pkg_interfaces/msg/detail/empty__type_support.cpp
[7.158s] -- Installing: /home/thompson/incubator_ws/install/incubator_cpp_pkg_interfaces/include/incubator_cpp_pkg_interfaces/incubator_cpp_pkg_interfaces/msg/detail/secondsi__type_support.cpp
[7.158s] -- Installing: /home/thompson/incubator_ws/install/incubator_cpp_pkg_interfaces/include/incubator_cpp_pkg_interfaces/incubator_cpp_pkg_interfaces/msg/detail/integer64__type_support.cpp
[7.158s] -- Installing: /home/thompson/incubator_ws/install/incubator_cpp_pkg_interfaces/include/incubator_cpp_pkg_interfaces/incubator_cpp_pkg_interfaces/msg/detail/kalman_predictioni__rosidl_typesupport_introspection_cpp.hpp
[7.158s] -- Installing: /home/thompson/incubator_ws/install/incubator_cpp_pkg_interfaces/include/incubator_cpp_pkg_interfaces/incubator_cpp_pkg_interfaces/msg/detail/controller_statusi__rosidl_typesupport_introspection_cpp.hpp
[7.159s] -- Installing: /home/thompson/incubator_ws/install/incubator_cpp_pkg_interfaces/include/incubator_cpp_pkg_interfaces/incubator_cpp_pkg_interfaces/msg/detail/closed_loop_param_updatesi__type_support.cpp
[7.159s] -- Installing: /home/thompson/incubator_ws/install/incubator_cpp_pkg_interfaces/include/incubator_cpp_pkg_interfaces/incubator_cpp_pkg_interfaces/msg/detail/degrees_ci__rosidl_typesupport_introspection_cpp.hpp
[7.159s] -- Installing: /home/thompson/incubator_ws/install/incubator_cpp_pkg_interfaces/lib/libincubator_cpp_pkg_interfaces__rosidl_typesupport_introspection_cpp.so
[7.160s] -- Set runtime path of "/home/thompson/incubator_ws/install/incubator_cpp_pkg_interfaces/lib/libincubator_cpp_pkg_interfaces__rosidl_typesupport_introspection_cpp.so" to ""
[7.160s] -- Installing: /home/thompson/incubator_ws/install/incubator_cpp_pkg_interfaces/lib/libincubator_cpp_pkg_interfaces__rosidl_typesupport_cpp.so
[7.160s] -- Set runtime path of "/home/thompson/incubator_ws/install/incubator_cpp_pkg_interfaces/lib/libincubator_cpp_pkg_interfaces__rosidl_typesupport_cpp.so" to ""
[7.160s] -- Up-to-date: /home/thompson/incubator_ws/install/incubator_cpp_pkg_interfaces/share/incubator_cpp_pkg_interfaces/environment/pythonpath.sh
[7.160s] -- Installing: /home/thompson/incubator_ws/install/incubator_cpp_pkg_interfaces/share/incubator_cpp_pkg_interfaces/environment/pythonpath.dsv
[7.160s] -- Up-to-date: /home/thompson/incubator_ws/install/incubator_cpp_pkg_interfaces/local/lib/python3.10/dist-packages/incubator_cpp_pkg_interfaces-0.0.0-py3.10.egg-info
[7.161s] -- Installing: /home/thompson/incubator_ws/install/incubator_cpp_pkg_interfaces/local/lib/python3.10/dist-packages/incubator_cpp_pkg_interfaces-0.0.0-py3.10.egg-info/SOURCES.txt
[7.161s] -- Installing: /home/thompson/incubator_ws/install/incubator_cpp_pkg_interfaces/local/lib/python3.10/dist-packages/incubator_cpp_pkg_interfaces-0.0.0-py3.10.egg-info/dependency_links.txt
[7.161s] -- Installing: /home/thompson/incubator_ws/install/incubator_cpp_pkg_interfaces/local/lib/python3.10/dist-packages/incubator_cpp_pkg_interfaces-0.0.0-py3.10.egg-info/PKG-INFO
[7.161s] -- Installing: /home/thompson/incubator_ws/install/incubator_cpp_pkg_interfaces/local/lib/python3.10/dist-packages/incubator_cpp_pkg_interfaces-0.0.0-py3.10.egg-info/top_level.txt
[7.161s] -- Up-to-date: /home/thompson/incubator_ws/install/incubator_cpp_pkg_interfaces/local/lib/python3.10/dist-packages/incubator_cpp_pkg_interfaces
[7.161s] -- Installing: /home/thompson/incubator_ws/install/incubator_cpp_pkg_interfaces/local/lib/python3.10/dist-packages/incubator_cpp_pkg_interfaces/__init__.py
[7.162s] -- Installing: /home/thompson/incubator_ws/install/incubator_cpp_pkg_interfaces/local/lib/python3.10/dist-packages/incubator_cpp_pkg_interfaces/_incubator_cpp_pkg_interfaces_s.ep.rosidl_typesupport_c.c
[7.162s] -- Installing: /home/thompson/incubator_ws/install/incubator_cpp_pkg_interfaces/local/lib/python3.10/dist-packages/incubator_cpp_pkg_interfaces/_incubator_cpp_pkg_interfaces_s.ep.rosidl_typesupport_fastrtps_c.c
[7.162s] -- Installing: /home/thompson/incubator_ws/install/incubator_cpp_pkg_interfaces/local/lib/python3.10/dist-packages/incubator_cpp_pkg_interfaces/libincubator_cpp_pkg_interfaces__rosidl_generator_py.so
[7.163s] -- Installing: /home/thompson/incubator_ws/install/incubator_cpp_pkg_interfaces/local/lib/python3.10/dist-packages/incubator_cpp_pkg_interfaces/_incubator_cpp_pkg_interfaces_s.ep.rosidl_typesupport_introspection_c.c
[7.163s] -- Installing: /home/thompson/incubator_ws/install/incubator_cpp_pkg_interfaces/local/lib/python3.10/dist-packages/incubator_cpp_pkg_interfaces/incubator_cpp_pkg_interfaces_s__rosidl_typesupport_c.cpython-310-x86_64-linux-gnu.so
[7.163s] -- Installing: /home/thompson/incubator_ws/install/incubator_cpp_pkg_interfaces/local/lib/python3.10/dist-packages/incubator_cpp_pkg_interfaces/incubator_cpp_pkg_interfaces_s__rosidl_typesupport_fastrtps_c.cpython-310-x86_64-linux-gnu.so
[7.163s] -- Up-to-date: /home/thompson/incubator_ws/install/incubator_cpp_pkg_interfaces/local/lib/python3.10/dist-packages/incubator_cpp_pkg_interfaces/msg
[7.164s] -- Installing: /home/thompson/incubator_ws/install/incubator_cpp_pkg_interfaces/local/lib/python3.10/dist-packages/incubator_cpp_pkg_interfaces/msg/_integer64_s.c
[7.164s] -- Installing: /home/thompson/incubator_ws/install/incubator_cpp_pkg_interfaces/local/lib/python3.10/dist-packages/incubator_cpp_pkg_interfaces/msg/__init__.py
[7.164s] -- Installing: /home/thompson/incubator_ws/install/incubator_cpp_pkg_interfaces/local/lib/python3.10/dist-packages/incubator_cpp_pkg_interfaces/msg/_empty_s.c
[7.164s] -- Installing: /home/thompson/incubator_ws/install/incubator_cpp_pkg_interfaces/local/lib/python3.10/dist-packages/incubator_cpp_pkg_interfaces/msg/_controller_statusi_s.c
[7.164s] -- Installing: /home/thompson/incubator_ws/install/incubator_cpp_pkg_interfaces/local/lib/python3.10/dist-packages/incubator_cpp_pkg_interfaces/msg/_closed_loop_param_updatesi.py
[7.164s] -- Installing: /home/thompson/incubator_ws/install/incubator_cpp_pkg_interfaces/local/lib/python3.10/dist-packages/incubator_cpp_pkg_interfaces/msg/_kalman_predictioni.py
[7.165s] -- Installing: /home/thompson/incubator_ws/install/incubator_cpp_pkg_interfaces/local/lib/python3.10/dist-packages/incubator_cpp_pkg_interfaces/msg/_controller_state.py
[7.165s] -- Installing: /home/thompson/incubator_ws/install/incubator_cpp_pkg_interfaces/local/lib/python3.10/dist-packages/incubator_cpp_pkg_interfaces/msg/_kalman_predictioni_s.c
[7.165s] -- Installing: /home/thompson/incubator_ws/install/incubator_cpp_pkg_interfaces/local/lib/python3.10/dist-packages/incubator_cpp_pkg_interfaces/msg/_secondsi.py
[7.165s] -- Installing: /home/thompson/incubator_ws/install/incubator_cpp_pkg_interfaces/local/lib/python3.10/dist-packages/incubator_cpp_pkg_interfaces/msg/_boolean.py
[7.165s] -- Installing: /home/thompson/incubator_ws/install/incubator_cpp_pkg_interfaces/local/lib/python3.10/dist-packages/incubator_cpp_pkg_interfaces/msg/_secondsi_s.c
[7.165s] -- Installing: /home/thompson/incubator_ws/install/incubator_cpp_pkg_interfaces/local/lib/python3.10/dist-packages/incubator_cpp_pkg_interfaces/msg/_closed_loop_param_updatesi_s.c
[7.165s] -- Installing: /home/thompson/incubator_ws/install/incubator_cpp_pkg_interfaces/local/lib/python3.10/dist-packages/incubator_cpp_pkg_interfaces/msg/_integer64.py
[7.165s] -- Installing: /home/thompson/incubator_ws/install/incubator_cpp_pkg_interfaces/local/lib/python3.10/dist-packages/incubator_cpp_pkg_interfaces/msg/_controller_statusi.py
[7.166s] -- Installing: /home/thompson/incubator_ws/install/incubator_cpp_pkg_interfaces/local/lib/python3.10/dist-packages/incubator_cpp_pkg_interfaces/msg/_degrees_ci.py
[7.166s] -- Installing: /home/thompson/incubator_ws/install/incubator_cpp_pkg_interfaces/local/lib/python3.10/dist-packages/incubator_cpp_pkg_interfaces/msg/_float32_s.c
[7.166s] -- Installing: /home/thompson/incubator_ws/install/incubator_cpp_pkg_interfaces/local/lib/python3.10/dist-packages/incubator_cpp_pkg_interfaces/msg/_degrees_ci_s.c
[7.166s] -- Installing: /home/thompson/incubator_ws/install/incubator_cpp_pkg_interfaces/local/lib/python3.10/dist-packages/incubator_cpp_pkg_interfaces/msg/_boolean_s.c
[7.166s] -- Installing: /home/thompson/incubator_ws/install/incubator_cpp_pkg_interfaces/local/lib/python3.10/dist-packages/incubator_cpp_pkg_interfaces/msg/_empty.py
[7.166s] -- Installing: /home/thompson/incubator_ws/install/incubator_cpp_pkg_interfaces/local/lib/python3.10/dist-packages/incubator_cpp_pkg_interfaces/msg/_device_statei_s.c
[7.166s] -- Installing: /home/thompson/incubator_ws/install/incubator_cpp_pkg_interfaces/local/lib/python3.10/dist-packages/incubator_cpp_pkg_interfaces/msg/_device_statei.py
[7.166s] -- Installing: /home/thompson/incubator_ws/install/incubator_cpp_pkg_interfaces/local/lib/python3.10/dist-packages/incubator_cpp_pkg_interfaces/msg/_controller_state_s.c
[7.166s] -- Installing: /home/thompson/incubator_ws/install/incubator_cpp_pkg_interfaces/local/lib/python3.10/dist-packages/incubator_cpp_pkg_interfaces/msg/_float32.py
[7.166s] -- Installing: /home/thompson/incubator_ws/install/incubator_cpp_pkg_interfaces/local/lib/python3.10/dist-packages/incubator_cpp_pkg_interfaces/incubator_cpp_pkg_interfaces_s__rosidl_typesupport_introspection_c.cpython-310-x86_64-linux-gnu.so
[7.203s] Listing '/home/thompson/incubator_ws/install/incubator_cpp_pkg_interfaces/local/lib/python3.10/dist-packages/incubator_cpp_pkg_interfaces'...
[7.203s] Compiling '/home/thompson/incubator_ws/install/incubator_cpp_pkg_interfaces/local/lib/python3.10/dist-packages/incubator_cpp_pkg_interfaces/__init__.py'...
[7.203s] Listing '/home/thompson/incubator_ws/install/incubator_cpp_pkg_interfaces/local/lib/python3.10/dist-packages/incubator_cpp_pkg_interfaces/msg'...
[7.203s] Compiling '/home/thompson/incubator_ws/install/incubator_cpp_pkg_interfaces/local/lib/python3.10/dist-packages/incubator_cpp_pkg_interfaces/msg/__init__.py'...
[7.203s] Compiling '/home/thompson/incubator_ws/install/incubator_cpp_pkg_interfaces/local/lib/python3.10/dist-packages/incubator_cpp_pkg_interfaces/msg/_boolean.py'...
[7.203s] Compiling '/home/thompson/incubator_ws/install/incubator_cpp_pkg_interfaces/local/lib/python3.10/dist-packages/incubator_cpp_pkg_interfaces/msg/_closed_loop_param_updatesi.py'...
[7.203s] Compiling '/home/thompson/incubator_ws/install/incubator_cpp_pkg_interfaces/local/lib/python3.10/dist-packages/incubator_cpp_pkg_interfaces/msg/_controller_state.py'...
[7.203s] Compiling '/home/thompson/incubator_ws/install/incubator_cpp_pkg_interfaces/local/lib/python3.10/dist-packages/incubator_cpp_pkg_interfaces/msg/_controller_statusi.py'...
[7.203s] Compiling '/home/thompson/incubator_ws/install/incubator_cpp_pkg_interfaces/local/lib/python3.10/dist-packages/incubator_cpp_pkg_interfaces/msg/_degrees_ci.py'...
[7.203s] Compiling '/home/thompson/incubator_ws/install/incubator_cpp_pkg_interfaces/local/lib/python3.10/dist-packages/incubator_cpp_pkg_interfaces/msg/_device_statei.py'...
[7.203s] Compiling '/home/thompson/incubator_ws/install/incubator_cpp_pkg_interfaces/local/lib/python3.10/dist-packages/incubator_cpp_pkg_interfaces/msg/_empty.py'...
[7.203s] Compiling '/home/thompson/incubator_ws/install/incubator_cpp_pkg_interfaces/local/lib/python3.10/dist-packages/incubator_cpp_pkg_interfaces/msg/_float32.py'...
[7.203s] Compiling '/home/thompson/incubator_ws/install/incubator_cpp_pkg_interfaces/local/lib/python3.10/dist-packages/incubator_cpp_pkg_interfaces/msg/_integer64.py'...
[7.204s] Compiling '/home/thompson/incubator_ws/install/incubator_cpp_pkg_interfaces/local/lib/python3.10/dist-packages/incubator_cpp_pkg_interfaces/msg/_kalman_predictioni.py'...
[7.204s] Compiling '/home/thompson/incubator_ws/install/incubator_cpp_pkg_interfaces/local/lib/python3.10/dist-packages/incubator_cpp_pkg_interfaces/msg/_secondsi.py'...
[7.206s] -- Installing: /home/thompson/incubator_ws/install/incubator_cpp_pkg_interfaces/local/lib/python3.10/dist-packages/incubator_cpp_pkg_interfaces/incubator_cpp_pkg_interfaces_s__rosidl_typesupport_fastrtps_c.cpython-310-x86_64-linux-gnu.so
[7.207s] -- Set runtime path of "/home/thompson/incubator_ws/install/incubator_cpp_pkg_interfaces/local/lib/python3.10/dist-packages/incubator_cpp_pkg_interfaces/incubator_cpp_pkg_interfaces_s__rosidl_typesupport_fastrtps_c.cpython-310-x86_64-linux-gnu.so" to ""
[7.207s] -- Installing: /home/thompson/incubator_ws/install/incubator_cpp_pkg_interfaces/local/lib/python3.10/dist-packages/incubator_cpp_pkg_interfaces/incubator_cpp_pkg_interfaces_s__rosidl_typesupport_introspection_c.cpython-310-x86_64-linux-gnu.so
[7.207s] -- Set runtime path of "/home/thompson/incubator_ws/install/incubator_cpp_pkg_interfaces/local/lib/python3.10/dist-packages/incubator_cpp_pkg_interfaces/incubator_cpp_pkg_interfaces_s__rosidl_typesupport_introspection_c.cpython-310-x86_64-linux-gnu.so" to ""
[7.207s] -- Installing: /home/thompson/incubator_ws/install/incubator_cpp_pkg_interfaces/local/lib/python3.10/dist-packages/incubator_cpp_pkg_interfaces/incubator_cpp_pkg_interfaces_s__rosidl_typesupport_c.cpython-310-x86_64-linux-gnu.so
[7.208s] -- Set runtime path of "/home/thompson/incubator_ws/install/incubator_cpp_pkg_interfaces/local/lib/python3.10/dist-packages/incubator_cpp_pkg_interfaces/incubator_cpp_pkg_interfaces_s__rosidl_typesupport_c.cpython-310-x86_64-linux-gnu.so" to ""
[7.208s] -- Installing: /home/thompson/incubator_ws/install/incubator_cpp_pkg_interfaces/lib/libincubator_cpp_pkg_interfaces__rosidl_generator_py.so
[7.208s] -- Set runtime path of "/home/thompson/incubator_ws/install/incubator_cpp_pkg_interfaces/lib/libincubator_cpp_pkg_interfaces__rosidl_generator_py.so" to ""
[7.208s] -- Up-to-date: /home/thompson/incubator_ws/install/incubator_cpp_pkg_interfaces/share/incubator_cpp_pkg_interfaces/msg/Float32.idl
[7.208s] -- Up-to-date: /home/thompson/incubator_ws/install/incubator_cpp_pkg_interfaces/share/incubator_cpp_pkg_interfaces/msg/DegreesCi.idl
[7.209s] -- Up-to-date: /home/thompson/incubator_ws/install/incubator_cpp_pkg_interfaces/share/incubator_cpp_pkg_interfaces/msg/ClosedLoopParamUpdatesi.idl
[7.209s] -- Up-to-date: /home/thompson/incubator_ws/install/incubator_cpp_pkg_interfaces/share/incubator_cpp_pkg_interfaces/msg/Integer64.idl
[7.209s] -- Up-to-date: /home/thompson/incubator_ws/install/incubator_cpp_pkg_interfaces/share/incubator_cpp_pkg_interfaces/msg/Secondsi.idl
[7.209s] -- Up-to-date: /home/thompson/incubator_ws/install/incubator_cpp_pkg_interfaces/share/incubator_cpp_pkg_interfaces/msg/Boolean.idl
[7.209s] -- Up-to-date: /home/thompson/incubator_ws/install/incubator_cpp_pkg_interfaces/share/incubator_cpp_pkg_interfaces/msg/DeviceStatei.idl
[7.209s] -- Up-to-date: /home/thompson/incubator_ws/install/incubator_cpp_pkg_interfaces/share/incubator_cpp_pkg_interfaces/msg/ControllerState.idl
[7.209s] -- Up-to-date: /home/thompson/incubator_ws/install/incubator_cpp_pkg_interfaces/share/incubator_cpp_pkg_interfaces/msg/ControllerStatusi.idl
[7.209s] -- Installing: /home/thompson/incubator_ws/install/incubator_cpp_pkg_interfaces/share/incubator_cpp_pkg_interfaces/msg/KalmanPredictioni.idl
[7.209s] -- Up-to-date: /home/thompson/incubator_ws/install/incubator_cpp_pkg_interfaces/share/incubator_cpp_pkg_interfaces/msg/Empty.idl
[7.210s] -- Installing: /home/thompson/incubator_ws/install/incubator_cpp_pkg_interfaces/share/incubator_cpp_pkg_interfaces/msg/Float32.msg
[7.210s] -- Installing: /home/thompson/incubator_ws/install/incubator_cpp_pkg_interfaces/share/incubator_cpp_pkg_interfaces/msg/DegreesCi.msg
[7.210s] -- Installing: /home/thompson/incubator_ws/install/incubator_cpp_pkg_interfaces/share/incubator_cpp_pkg_interfaces/msg/ClosedLoopParamUpdatesi.msg
[7.210s] -- Installing: /home/thompson/incubator_ws/install/incubator_cpp_pkg_interfaces/share/incubator_cpp_pkg_interfaces/msg/Integer64.msg
[7.210s] -- Installing: /home/thompson/incubator_ws/install/incubator_cpp_pkg_interfaces/share/incubator_cpp_pkg_interfaces/msg/Secondsi.msg
[7.211s] -- Installing: /home/thompson/incubator_ws/install/incubator_cpp_pkg_interfaces/share/incubator_cpp_pkg_interfaces/msg/Boolean.msg
[7.211s] -- Installing: /home/thompson/incubator_ws/install/incubator_cpp_pkg_interfaces/share/incubator_cpp_pkg_interfaces/msg/DeviceStatei.msg
[7.211s] -- Installing: /home/thompson/incubator_ws/install/incubator_cpp_pkg_interfaces/share/incubator_cpp_pkg_interfaces/msg/ControllerState.msg
[7.211s] -- Installing: /home/thompson/incubator_ws/install/incubator_cpp_pkg_interfaces/share/incubator_cpp_pkg_interfaces/msg/ControllerStatusi.msg
[7.211s] -- Installing: /home/thompson/incubator_ws/install/incubator_cpp_pkg_interfaces/share/incubator_cpp_pkg_interfaces/msg/KalmanPredictioni.msg
[7.211s] -- Installing: /home/thompson/incubator_ws/install/incubator_cpp_pkg_interfaces/share/incubator_cpp_pkg_interfaces/msg/Empty.msg
[7.211s] -- Up-to-date: /home/thompson/incubator_ws/install/incubator_cpp_pkg_interfaces/share/ament_index/resource_index/package_run_dependencies/incubator_cpp_pkg_interfaces
[7.211s] -- Up-to-date: /home/thompson/incubator_ws/install/incubator_cpp_pkg_interfaces/share/ament_index/resource_index/parent_prefix_path/incubator_cpp_pkg_interfaces
[7.211s] -- Up-to-date: /home/thompson/incubator_ws/install/incubator_cpp_pkg_interfaces/share/incubator_cpp_pkg_interfaces/environment/ament_prefix_path.sh
[7.211s] -- Installing: /home/thompson/incubator_ws/install/incubator_cpp_pkg_interfaces/share/incubator_cpp_pkg_interfaces/environment/ament_prefix_path.dsv
[7.212s] -- Up-to-date: /home/thompson/incubator_ws/install/incubator_cpp_pkg_interfaces/share/incubator_cpp_pkg_interfaces/environment/path.sh
[7.212s] -- Installing: /home/thompson/incubator_ws/install/incubator_cpp_pkg_interfaces/share/incubator_cpp_pkg_interfaces/environment/path.dsv
[7.212s] -- Up-to-date: /home/thompson/incubator_ws/install/incubator_cpp_pkg_interfaces/share/incubator_cpp_pkg_interfaces/local_setup.bash
[7.212s] -- Up-to-date: /home/thompson/incubator_ws/install/incubator_cpp_pkg_interfaces/share/incubator_cpp_pkg_interfaces/local_setup.sh
[7.212s] -- Up-to-date: /home/thompson/incubator_ws/install/incubator_cpp_pkg_interfaces/share/incubator_cpp_pkg_interfaces/local_setup.zsh
[7.212s] -- Installing: /home/thompson/incubator_ws/install/incubator_cpp_pkg_interfaces/share/incubator_cpp_pkg_interfaces/local_setup.dsv
[7.212s] -- Installing: /home/thompson/incubator_ws/install/incubator_cpp_pkg_interfaces/share/incubator_cpp_pkg_interfaces/package.dsv
[7.212s] -- Up-to-date: /home/thompson/incubator_ws/install/incubator_cpp_pkg_interfaces/share/ament_index/resource_index/packages/incubator_cpp_pkg_interfaces
[7.213s] -- Up-to-date: /home/thompson/incubator_ws/install/incubator_cpp_pkg_interfaces/share/incubator_cpp_pkg_interfaces/cmake/export_incubator_cpp_pkg_interfaces__rosidl_generator_cExport.cmake
[7.213s] -- Up-to-date: /home/thompson/incubator_ws/install/incubator_cpp_pkg_interfaces/share/incubator_cpp_pkg_interfaces/cmake/export_incubator_cpp_pkg_interfaces__rosidl_generator_cExport-noconfig.cmake
[7.213s] -- Up-to-date: /home/thompson/incubator_ws/install/incubator_cpp_pkg_interfaces/share/incubator_cpp_pkg_interfaces/cmake/export_incubator_cpp_pkg_interfaces__rosidl_typesupport_fastrtps_cExport.cmake
[7.213s] -- Up-to-date: /home/thompson/incubator_ws/install/incubator_cpp_pkg_interfaces/share/incubator_cpp_pkg_interfaces/cmake/export_incubator_cpp_pkg_interfaces__rosidl_typesupport_fastrtps_cExport-noconfig.cmake
[7.213s] -- Up-to-date: /home/thompson/incubator_ws/install/incubator_cpp_pkg_interfaces/share/incubator_cpp_pkg_interfaces/cmake/incubator_cpp_pkg_interfaces__rosidl_typesupport_introspection_cExport.cmake
[7.213s] -- Up-to-date: /home/thompson/incubator_ws/install/incubator_cpp_pkg_interfaces/share/incubator_cpp_pkg_interfaces/cmake/incubator_cpp_pkg_interfaces__rosidl_typesupport_introspection_cExport-noconfig.cmake
[7.213s] -- Up-to-date: /home/thompson/incubator_ws/install/incubator_cpp_pkg_interfaces/share/incubator_cpp_pkg_interfaces/cmake/incubator_cpp_pkg_interfaces__rosidl_typesupport_cExport.cmake
[7.214s] -- Up-to-date: /home/thompson/incubator_ws/install/incubator_cpp_pkg_interfaces/share/incubator_cpp_pkg_interfaces/cmake/incubator_cpp_pkg_interfaces__rosidl_typesupport_cExport-noconfig.cmake
[7.214s] -- Up-to-date: /home/thompson/incubator_ws/install/incubator_cpp_pkg_interfaces/share/incubator_cpp_pkg_interfaces/cmake/export_incubator_cpp_pkg_interfaces__rosidl_generator_cppExport.cmake
[7.214s] -- Up-to-date: /home/thompson/incubator_ws/install/incubator_cpp_pkg_interfaces/share/incubator_cpp_pkg_interfaces/cmake/export_incubator_cpp_pkg_interfaces__rosidl_typesupport_fastrtps_cppExport.cmake
[7.214s] -- Up-to-date: /home/thompson/incubator_ws/install/incubator_cpp_pkg_interfaces/share/incubator_cpp_pkg_interfaces/cmake/export_incubator_cpp_pkg_interfaces__rosidl_typesupport_fastrtps_cppExport-noconfig.cmake
[7.214s] -- Up-to-date: /home/thompson/incubator_ws/install/incubator_cpp_pkg_interfaces/share/incubator_cpp_pkg_interfaces/cmake/incubator_cpp_pkg_interfaces__rosidl_typesupport_introspection_cppExport.cmake
[7.214s] -- Up-to-date: /home/thompson/incubator_ws/install/incubator_cpp_pkg_interfaces/share/incubator_cpp_pkg_interfaces/cmake/incubator_cpp_pkg_interfaces__rosidl_typesupport_introspection_cppExport-noconfig.cmake
[7.214s] -- Up-to-date: /home/thompson/incubator_ws/install/incubator_cpp_pkg_interfaces/share/incubator_cpp_pkg_interfaces/cmake/incubator_cpp_pkg_interfaces__rosidl_typesupport_cppExport.cmake
[7.215s] -- Up-to-date: /home/thompson/incubator_ws/install/incubator_cpp_pkg_interfaces/share/incubator_cpp_pkg_interfaces/cmake/incubator_cpp_pkg_interfaces__rosidl_typesupport_cppExport-noconfig.cmake
[7.215s] -- Up-to-date: /home/thompson/incubator_ws/install/incubator_cpp_pkg_interfaces/share/incubator_cpp_pkg_interfaces/cmake/export_incubator_cpp_pkg_interfaces__rosidl_generator_pyExport.cmake
[7.215s] -- Up-to-date: /home/thompson/incubator_ws/install/incubator_cpp_pkg_interfaces/share/incubator_cpp_pkg_interfaces/cmake/export_incubator_cpp_pkg_interfaces__rosidl_generator_pyExport-noconfig.cmake
[7.215s] -- Installing: /home/thompson/incubator_ws/install/incubator_cpp_pkg_interfaces/share/incubator_cpp_pkg_interfaces/cmake/rosidl_cmake-extras.cmake
[7.215s] -- Up-to-date: /home/thompson/incubator_ws/install/incubator_cpp_pkg_interfaces/share/incubator_cpp_pkg_interfaces/cmake/ament_cmake_export_include_directories-extras.cmake
[7.215s] -- Up-to-date: /home/thompson/incubator_ws/install/incubator_cpp_pkg_interfaces/share/incubator_cpp_pkg_interfaces/cmake/ament_cmake_export_libraries-extras.cmake
[7.215s] -- Up-to-date: /home/thompson/incubator_ws/install/incubator_cpp_pkg_interfaces/share/incubator_cpp_pkg_interfaces/cmake/ament_cmake_export_targets-extras.cmake
[7.215s] -- Up-to-date: /home/thompson/incubator_ws/install/incubator_cpp_pkg_interfaces/share/incubator_cpp_pkg_interfaces/cmake/rosidl_cmake_export_typesupport_targets-extras.cmake
[7.215s] -- Up-to-date: /home/thompson/incubator_ws/install/incubator_cpp_pkg_interfaces/share/incubator_cpp_pkg_interfaces/cmake/ament_cmake_export_dependencies-extras.cmake
[7.215s] -- Up-to-date: /home/thompson/incubator_ws/install/incubator_cpp_pkg_interfaces/share/incubator_cpp_pkg_interfaces/cmake/rosidl_cmake_export_typesupport_libraries-extras.cmake
[7.215s] -- Up-to-date: /home/thompson/incubator_ws/install/incubator_cpp_pkg_interfaces/share/incubator_cpp_pkg_interfaces/cmake/incubator_cpp_pkg_interfacesConfig.cmake
[7.215s] -- Up-to-date: /home/thompson/incubator_ws/install/incubator_cpp_pkg_interfaces/share/incubator_cpp_pkg_interfaces/cmake/incubator_cpp_pkg_interfacesConfig-version.cmake
[7.215s] -- Installing: /home/thompson/incubator_ws/install/incubator_cpp_pkg_interfaces/share/incubator_cpp_pkg_interfaces/package.xml
[7.218s] Invoked command in '/home/thompson/incubator_ws/build/incubator_cpp_pkg_interfaces' returned '0': CMAKE_PREFIX_PATH=/opt/ros/humble /usr/bin/cmake --install /home/thompson/incubator_ws/build/incubator_cpp_pkg_interfaces
