[0.416s] DEBUG:colcon:Command line arguments: ['/usr/bin/colcon', 'build']
[0.416s] DEBUG:colcon:Parsed command line arguments: Namespace(log_base=None, log_level=None, verb_name='build', build_base='build', install_base='install', merge_install=False, symlink_install=False, test_result_base=None, continue_on_error=False, executor='parallel', parallel_workers=7, event_handlers=None, ignore_user_meta=False, metas=['./colcon.meta'], base_paths=['.'], packages_ignore=None, packages_ignore_regex=None, paths=None, packages_up_to=None, packages_up_to_regex=None, packages_above=None, packages_above_and_dependencies=None, packages_above_depth=None, packages_select_by_dep=None, packages_skip_by_dep=None, packages_skip_up_to=None, packages_select_build_failed=False, packages_skip_build_finished=False, packages_select_test_failures=False, packages_skip_test_passed=False, packages_select=None, packages_skip=None, packages_select_regex=None, packages_skip_regex=None, packages_start=None, packages_end=None, allow_overriding=[], cmake_args=None, cmake_target=None, cmake_target_skip_unavailable=False, cmake_clean_cache=False, cmake_clean_first=False, cmake_force_configure=False, ament_cmake_args=None, catkin_cmake_args=None, catkin_skip_building_tests=False, verb_parser=<colcon_defaults.argument_parser.defaults.DefaultArgumentsDecorator object at 0x7f23b4aa7490>, verb_extension=<colcon_core.verb.build.BuildVerb object at 0x7f23b4aa63e0>, main=<bound method BuildVerb.main of <colcon_core.verb.build.BuildVerb object at 0x7f23b4aa63e0>>)
[0.776s] Level 1:colcon.colcon_core.package_discovery:discover_packages(colcon_meta) check parameters
[0.776s] Level 1:colcon.colcon_core.package_discovery:discover_packages(recursive) check parameters
[0.776s] Level 1:colcon.colcon_core.package_discovery:discover_packages(ignore) check parameters
[0.777s] Level 1:colcon.colcon_core.package_discovery:discover_packages(path) check parameters
[0.777s] Level 1:colcon.colcon_core.package_discovery:discover_packages(colcon_meta) discover
[0.777s] Level 1:colcon.colcon_core.package_discovery:discover_packages(recursive) discover
[0.777s] INFO:colcon.colcon_core.package_discovery:Crawling recursively for packages in '/home/thompson/MS_Report/hamr_incubator_ws'
[0.777s] Level 1:colcon.colcon_core.package_identification:_identify(.) by extensions ['ignore', 'ignore_ament_install']
[0.777s] Level 1:colcon.colcon_core.package_identification:_identify(.) by extension 'ignore'
[0.777s] Level 1:colcon.colcon_core.package_identification:_identify(.) by extension 'ignore_ament_install'
[0.777s] Level 1:colcon.colcon_core.package_identification:_identify(.) by extensions ['colcon_pkg']
[0.777s] Level 1:colcon.colcon_core.package_identification:_identify(.) by extension 'colcon_pkg'
[0.777s] Level 1:colcon.colcon_core.package_identification:_identify(.) by extensions ['colcon_meta']
[0.777s] Level 1:colcon.colcon_core.package_identification:_identify(.) by extension 'colcon_meta'
[0.777s] Level 1:colcon.colcon_core.package_identification:_identify(.) by extensions ['ros']
[0.777s] Level 1:colcon.colcon_core.package_identification:_identify(.) by extension 'ros'
[0.794s] Level 1:colcon.colcon_core.package_identification:_identify(.) by extensions ['cmake', 'python']
[0.794s] Level 1:colcon.colcon_core.package_identification:_identify(.) by extension 'cmake'
[0.794s] Level 1:colcon.colcon_core.package_identification:_identify(.) by extension 'python'
[0.794s] Level 1:colcon.colcon_core.package_identification:_identify(.) by extensions ['python_setup_py']
[0.794s] Level 1:colcon.colcon_core.package_identification:_identify(.) by extension 'python_setup_py'
[0.795s] Level 1:colcon.colcon_core.package_identification:_identify(build) by extensions ['ignore', 'ignore_ament_install']
[0.795s] Level 1:colcon.colcon_core.package_identification:_identify(build) by extension 'ignore'
[0.795s] Level 1:colcon.colcon_core.package_identification:_identify(build) ignored
[0.795s] Level 1:colcon.colcon_core.package_identification:_identify(install) by extensions ['ignore', 'ignore_ament_install']
[0.795s] Level 1:colcon.colcon_core.package_identification:_identify(install) by extension 'ignore'
[0.795s] Level 1:colcon.colcon_core.package_identification:_identify(install) ignored
[0.795s] Level 1:colcon.colcon_core.package_identification:_identify(log) by extensions ['ignore', 'ignore_ament_install']
[0.795s] Level 1:colcon.colcon_core.package_identification:_identify(log) by extension 'ignore'
[0.795s] Level 1:colcon.colcon_core.package_identification:_identify(log) ignored
[0.795s] Level 1:colcon.colcon_core.package_identification:_identify(src) by extensions ['ignore', 'ignore_ament_install']
[0.795s] Level 1:colcon.colcon_core.package_identification:_identify(src) by extension 'ignore'
[0.795s] Level 1:colcon.colcon_core.package_identification:_identify(src) by extension 'ignore_ament_install'
[0.796s] Level 1:colcon.colcon_core.package_identification:_identify(src) by extensions ['colcon_pkg']
[0.796s] Level 1:colcon.colcon_core.package_identification:_identify(src) by extension 'colcon_pkg'
[0.796s] Level 1:colcon.colcon_core.package_identification:_identify(src) by extensions ['colcon_meta']
[0.796s] Level 1:colcon.colcon_core.package_identification:_identify(src) by extension 'colcon_meta'
[0.796s] Level 1:colcon.colcon_core.package_identification:_identify(src) by extensions ['ros']
[0.796s] Level 1:colcon.colcon_core.package_identification:_identify(src) by extension 'ros'
[0.796s] Level 1:colcon.colcon_core.package_identification:_identify(src) by extensions ['cmake', 'python']
[0.796s] Level 1:colcon.colcon_core.package_identification:_identify(src) by extension 'cmake'
[0.796s] Level 1:colcon.colcon_core.package_identification:_identify(src) by extension 'python'
[0.796s] Level 1:colcon.colcon_core.package_identification:_identify(src) by extensions ['python_setup_py']
[0.796s] Level 1:colcon.colcon_core.package_identification:_identify(src) by extension 'python_setup_py'
[0.796s] Level 1:colcon.colcon_core.package_identification:_identify(src/incubator_cpp_pkg) by extensions ['ignore', 'ignore_ament_install']
[0.796s] Level 1:colcon.colcon_core.package_identification:_identify(src/incubator_cpp_pkg) by extension 'ignore'
[0.796s] Level 1:colcon.colcon_core.package_identification:_identify(src/incubator_cpp_pkg) by extension 'ignore_ament_install'
[0.796s] Level 1:colcon.colcon_core.package_identification:_identify(src/incubator_cpp_pkg) by extensions ['colcon_pkg']
[0.796s] Level 1:colcon.colcon_core.package_identification:_identify(src/incubator_cpp_pkg) by extension 'colcon_pkg'
[0.796s] Level 1:colcon.colcon_core.package_identification:_identify(src/incubator_cpp_pkg) by extensions ['colcon_meta']
[0.796s] Level 1:colcon.colcon_core.package_identification:_identify(src/incubator_cpp_pkg) by extension 'colcon_meta'
[0.797s] Level 1:colcon.colcon_core.package_identification:_identify(src/incubator_cpp_pkg) by extensions ['ros']
[0.797s] Level 1:colcon.colcon_core.package_identification:_identify(src/incubator_cpp_pkg) by extension 'ros'
[0.801s] DEBUG:colcon.colcon_core.package_identification:Package 'src/incubator_cpp_pkg' with type 'ros.ament_cmake' and name 'incubator_cpp_pkg'
[0.802s] Level 1:colcon.colcon_core.package_identification:_identify(src/incubator_cpp_pkg_bringup) by extensions ['ignore', 'ignore_ament_install']
[0.802s] Level 1:colcon.colcon_core.package_identification:_identify(src/incubator_cpp_pkg_bringup) by extension 'ignore'
[0.802s] Level 1:colcon.colcon_core.package_identification:_identify(src/incubator_cpp_pkg_bringup) by extension 'ignore_ament_install'
[0.802s] Level 1:colcon.colcon_core.package_identification:_identify(src/incubator_cpp_pkg_bringup) by extensions ['colcon_pkg']
[0.802s] Level 1:colcon.colcon_core.package_identification:_identify(src/incubator_cpp_pkg_bringup) by extension 'colcon_pkg'
[0.802s] Level 1:colcon.colcon_core.package_identification:_identify(src/incubator_cpp_pkg_bringup) by extensions ['colcon_meta']
[0.802s] Level 1:colcon.colcon_core.package_identification:_identify(src/incubator_cpp_pkg_bringup) by extension 'colcon_meta'
[0.802s] Level 1:colcon.colcon_core.package_identification:_identify(src/incubator_cpp_pkg_bringup) by extensions ['ros']
[0.802s] Level 1:colcon.colcon_core.package_identification:_identify(src/incubator_cpp_pkg_bringup) by extension 'ros'
[0.803s] DEBUG:colcon.colcon_core.package_identification:Package 'src/incubator_cpp_pkg_bringup' with type 'ros.ament_cmake' and name 'incubator_cpp_pkg_bringup'
[0.803s] Level 1:colcon.colcon_core.package_identification:_identify(src/incubator_cpp_pkg_interfaces) by extensions ['ignore', 'ignore_ament_install']
[0.803s] Level 1:colcon.colcon_core.package_identification:_identify(src/incubator_cpp_pkg_interfaces) by extension 'ignore'
[0.803s] Level 1:colcon.colcon_core.package_identification:_identify(src/incubator_cpp_pkg_interfaces) by extension 'ignore_ament_install'
[0.803s] Level 1:colcon.colcon_core.package_identification:_identify(src/incubator_cpp_pkg_interfaces) by extensions ['colcon_pkg']
[0.803s] Level 1:colcon.colcon_core.package_identification:_identify(src/incubator_cpp_pkg_interfaces) by extension 'colcon_pkg'
[0.803s] Level 1:colcon.colcon_core.package_identification:_identify(src/incubator_cpp_pkg_interfaces) by extensions ['colcon_meta']
[0.803s] Level 1:colcon.colcon_core.package_identification:_identify(src/incubator_cpp_pkg_interfaces) by extension 'colcon_meta'
[0.804s] Level 1:colcon.colcon_core.package_identification:_identify(src/incubator_cpp_pkg_interfaces) by extensions ['ros']
[0.804s] Level 1:colcon.colcon_core.package_identification:_identify(src/incubator_cpp_pkg_interfaces) by extension 'ros'
[0.804s] DEBUG:colcon.colcon_core.package_identification:Package 'src/incubator_cpp_pkg_interfaces' with type 'ros.ament_cmake' and name 'incubator_cpp_pkg_interfaces'
[0.804s] Level 1:colcon.colcon_core.package_discovery:discover_packages(recursive) using defaults
[0.804s] Level 1:colcon.colcon_core.package_discovery:discover_packages(ignore) discover
[0.804s] Level 1:colcon.colcon_core.package_discovery:discover_packages(ignore) using defaults
[0.804s] Level 1:colcon.colcon_core.package_discovery:discover_packages(path) discover
[0.804s] Level 1:colcon.colcon_core.package_discovery:discover_packages(path) using defaults
[0.844s] Level 1:colcon.colcon_core.package_discovery:discover_packages(prefix_path) check parameters
[0.844s] Level 1:colcon.colcon_core.package_discovery:discover_packages(prefix_path) discover
[0.850s] DEBUG:colcon.colcon_installed_package_information.package_discovery:Found 270 installed packages in /opt/ros/humble
[0.852s] Level 1:colcon.colcon_core.package_discovery:discover_packages(prefix_path) using defaults
[0.940s] Level 5:colcon.colcon_core.verb:set package 'incubator_cpp_pkg_interfaces' build argument 'cmake_args' from command line to 'None'
[0.940s] Level 5:colcon.colcon_core.verb:set package 'incubator_cpp_pkg_interfaces' build argument 'cmake_target' from command line to 'None'
[0.940s] Level 5:colcon.colcon_core.verb:set package 'incubator_cpp_pkg_interfaces' build argument 'cmake_target_skip_unavailable' from command line to 'False'
[0.940s] Level 5:colcon.colcon_core.verb:set package 'incubator_cpp_pkg_interfaces' build argument 'cmake_clean_cache' from command line to 'False'
[0.940s] Level 5:colcon.colcon_core.verb:set package 'incubator_cpp_pkg_interfaces' build argument 'cmake_clean_first' from command line to 'False'
[0.940s] Level 5:colcon.colcon_core.verb:set package 'incubator_cpp_pkg_interfaces' build argument 'cmake_force_configure' from command line to 'False'
[0.940s] Level 5:colcon.colcon_core.verb:set package 'incubator_cpp_pkg_interfaces' build argument 'ament_cmake_args' from command line to 'None'
[0.940s] Level 5:colcon.colcon_core.verb:set package 'incubator_cpp_pkg_interfaces' build argument 'catkin_cmake_args' from command line to 'None'
[0.941s] Level 5:colcon.colcon_core.verb:set package 'incubator_cpp_pkg_interfaces' build argument 'catkin_skip_building_tests' from command line to 'False'
[0.941s] DEBUG:colcon.colcon_core.verb:Building package 'incubator_cpp_pkg_interfaces' with the following arguments: {'ament_cmake_args': None, 'build_base': '/home/thompson/MS_Report/hamr_incubator_ws/build/incubator_cpp_pkg_interfaces', 'catkin_cmake_args': None, 'catkin_skip_building_tests': False, 'cmake_args': None, 'cmake_clean_cache': False, 'cmake_clean_first': False, 'cmake_force_configure': False, 'cmake_target': None, 'cmake_target_skip_unavailable': False, 'install_base': '/home/thompson/MS_Report/hamr_incubator_ws/install/incubator_cpp_pkg_interfaces', 'merge_install': False, 'path': '/home/thompson/MS_Report/hamr_incubator_ws/src/incubator_cpp_pkg_interfaces', 'symlink_install': False, 'test_result_base': None}
[0.941s] Level 5:colcon.colcon_core.verb:set package 'incubator_cpp_pkg' build argument 'cmake_args' from command line to 'None'
[0.941s] Level 5:colcon.colcon_core.verb:set package 'incubator_cpp_pkg' build argument 'cmake_target' from command line to 'None'
[0.941s] Level 5:colcon.colcon_core.verb:set package 'incubator_cpp_pkg' build argument 'cmake_target_skip_unavailable' from command line to 'False'
[0.941s] Level 5:colcon.colcon_core.verb:set package 'incubator_cpp_pkg' build argument 'cmake_clean_cache' from command line to 'False'
[0.941s] Level 5:colcon.colcon_core.verb:set package 'incubator_cpp_pkg' build argument 'cmake_clean_first' from command line to 'False'
[0.941s] Level 5:colcon.colcon_core.verb:set package 'incubator_cpp_pkg' build argument 'cmake_force_configure' from command line to 'False'
[0.941s] Level 5:colcon.colcon_core.verb:set package 'incubator_cpp_pkg' build argument 'ament_cmake_args' from command line to 'None'
[0.941s] Level 5:colcon.colcon_core.verb:set package 'incubator_cpp_pkg' build argument 'catkin_cmake_args' from command line to 'None'
[0.941s] Level 5:colcon.colcon_core.verb:set package 'incubator_cpp_pkg' build argument 'catkin_skip_building_tests' from command line to 'False'
[0.941s] DEBUG:colcon.colcon_core.verb:Building package 'incubator_cpp_pkg' with the following arguments: {'ament_cmake_args': None, 'build_base': '/home/thompson/MS_Report/hamr_incubator_ws/build/incubator_cpp_pkg', 'catkin_cmake_args': None, 'catkin_skip_building_tests': False, 'cmake_args': None, 'cmake_clean_cache': False, 'cmake_clean_first': False, 'cmake_force_configure': False, 'cmake_target': None, 'cmake_target_skip_unavailable': False, 'install_base': '/home/thompson/MS_Report/hamr_incubator_ws/install/incubator_cpp_pkg', 'merge_install': False, 'path': '/home/thompson/MS_Report/hamr_incubator_ws/src/incubator_cpp_pkg', 'symlink_install': False, 'test_result_base': None}
[0.941s] Level 5:colcon.colcon_core.verb:set package 'incubator_cpp_pkg_bringup' build argument 'cmake_args' from command line to 'None'
[0.941s] Level 5:colcon.colcon_core.verb:set package 'incubator_cpp_pkg_bringup' build argument 'cmake_target' from command line to 'None'
[0.942s] Level 5:colcon.colcon_core.verb:set package 'incubator_cpp_pkg_bringup' build argument 'cmake_target_skip_unavailable' from command line to 'False'
[0.942s] Level 5:colcon.colcon_core.verb:set package 'incubator_cpp_pkg_bringup' build argument 'cmake_clean_cache' from command line to 'False'
[0.942s] Level 5:colcon.colcon_core.verb:set package 'incubator_cpp_pkg_bringup' build argument 'cmake_clean_first' from command line to 'False'
[0.942s] Level 5:colcon.colcon_core.verb:set package 'incubator_cpp_pkg_bringup' build argument 'cmake_force_configure' from command line to 'False'
[0.942s] Level 5:colcon.colcon_core.verb:set package 'incubator_cpp_pkg_bringup' build argument 'ament_cmake_args' from command line to 'None'
[0.942s] Level 5:colcon.colcon_core.verb:set package 'incubator_cpp_pkg_bringup' build argument 'catkin_cmake_args' from command line to 'None'
[0.942s] Level 5:colcon.colcon_core.verb:set package 'incubator_cpp_pkg_bringup' build argument 'catkin_skip_building_tests' from command line to 'False'
[0.942s] DEBUG:colcon.colcon_core.verb:Building package 'incubator_cpp_pkg_bringup' with the following arguments: {'ament_cmake_args': None, 'build_base': '/home/thompson/MS_Report/hamr_incubator_ws/build/incubator_cpp_pkg_bringup', 'catkin_cmake_args': None, 'catkin_skip_building_tests': False, 'cmake_args': None, 'cmake_clean_cache': False, 'cmake_clean_first': False, 'cmake_force_configure': False, 'cmake_target': None, 'cmake_target_skip_unavailable': False, 'install_base': '/home/thompson/MS_Report/hamr_incubator_ws/install/incubator_cpp_pkg_bringup', 'merge_install': False, 'path': '/home/thompson/MS_Report/hamr_incubator_ws/src/incubator_cpp_pkg_bringup', 'symlink_install': False, 'test_result_base': None}
[0.942s] INFO:colcon.colcon_core.executor:Executing jobs using 'parallel' executor
[0.943s] DEBUG:colcon.colcon_parallel_executor.executor.parallel:run_until_complete
[0.943s] INFO:colcon.colcon_ros.task.ament_cmake.build:Building ROS package in '/home/thompson/MS_Report/hamr_incubator_ws/src/incubator_cpp_pkg_interfaces' with build type 'ament_cmake'
[0.943s] INFO:colcon.colcon_cmake.task.cmake.build:Building CMake package in '/home/thompson/MS_Report/hamr_incubator_ws/src/incubator_cpp_pkg_interfaces'
[0.953s] INFO:colcon.colcon_core.plugin_system:Skipping extension 'colcon_core.shell.bat': Not used on non-Windows systems
[0.953s] INFO:colcon.colcon_core.shell:Skip shell extension 'powershell' for command environment: Not usable outside of PowerShell
[0.953s] DEBUG:colcon.colcon_core.shell:Skip shell extension 'dsv' for command environment
[0.961s] DEBUG:colcon.colcon_core.event_handler.log_command:Invoking command in '/home/thompson/MS_Report/hamr_incubator_ws/build/incubator_cpp_pkg_interfaces': CMAKE_PREFIX_PATH=/opt/ros/humble /usr/bin/cmake /home/thompson/MS_Report/hamr_incubator_ws/src/incubator_cpp_pkg_interfaces -DCMAKE_INSTALL_PREFIX=/home/thompson/MS_Report/hamr_incubator_ws/install/incubator_cpp_pkg_interfaces
[2.807s] DEBUG:colcon.colcon_core.event_handler.log_command:Invoked command in '/home/thompson/MS_Report/hamr_incubator_ws/build/incubator_cpp_pkg_interfaces' returned '0': CMAKE_PREFIX_PATH=/opt/ros/humble /usr/bin/cmake /home/thompson/MS_Report/hamr_incubator_ws/src/incubator_cpp_pkg_interfaces -DCMAKE_INSTALL_PREFIX=/home/thompson/MS_Report/hamr_incubator_ws/install/incubator_cpp_pkg_interfaces
[2.809s] DEBUG:colcon.colcon_core.event_handler.log_command:Invoking command in '/home/thompson/MS_Report/hamr_incubator_ws/build/incubator_cpp_pkg_interfaces': CMAKE_PREFIX_PATH=/opt/ros/humble /usr/bin/cmake --build /home/thompson/MS_Report/hamr_incubator_ws/build/incubator_cpp_pkg_interfaces -- -j7 -l7
[9.250s] DEBUG:colcon.colcon_core.event_handler.log_command:Invoked command in '/home/thompson/MS_Report/hamr_incubator_ws/build/incubator_cpp_pkg_interfaces' returned '0': CMAKE_PREFIX_PATH=/opt/ros/humble /usr/bin/cmake --build /home/thompson/MS_Report/hamr_incubator_ws/build/incubator_cpp_pkg_interfaces -- -j7 -l7
[9.611s] DEBUG:colcon.colcon_core.event_handler.log_command:Invoking command in '/home/thompson/MS_Report/hamr_incubator_ws/build/incubator_cpp_pkg_interfaces': CMAKE_PREFIX_PATH=/opt/ros/humble /usr/bin/cmake --install /home/thompson/MS_Report/hamr_incubator_ws/build/incubator_cpp_pkg_interfaces
[9.702s] Level 1:colcon.colcon_core.environment:create_environment_scripts_only(incubator_cpp_pkg_interfaces)
[9.702s] DEBUG:colcon.colcon_core.event_handler.log_command:Invoked command in '/home/thompson/MS_Report/hamr_incubator_ws/build/incubator_cpp_pkg_interfaces' returned '0': CMAKE_PREFIX_PATH=/opt/ros/humble /usr/bin/cmake --install /home/thompson/MS_Report/hamr_incubator_ws/build/incubator_cpp_pkg_interfaces
[9.712s] Level 1:colcon.colcon_core.environment:checking '/home/thompson/MS_Report/hamr_incubator_ws/install/incubator_cpp_pkg_interfaces' for CMake module files
[9.712s] Level 1:colcon.colcon_core.environment:checking '/home/thompson/MS_Report/hamr_incubator_ws/install/incubator_cpp_pkg_interfaces' for CMake config files
[9.713s] Level 1:colcon.colcon_core.shell:create_environment_hook('incubator_cpp_pkg_interfaces', 'cmake_prefix_path')
[9.713s] INFO:colcon.colcon_core.shell:Creating environment hook '/home/thompson/MS_Report/hamr_incubator_ws/install/incubator_cpp_pkg_interfaces/share/incubator_cpp_pkg_interfaces/hook/cmake_prefix_path.ps1'
[9.715s] INFO:colcon.colcon_core.shell:Creating environment descriptor '/home/thompson/MS_Report/hamr_incubator_ws/install/incubator_cpp_pkg_interfaces/share/incubator_cpp_pkg_interfaces/hook/cmake_prefix_path.dsv'
[9.716s] INFO:colcon.colcon_core.shell:Creating environment hook '/home/thompson/MS_Report/hamr_incubator_ws/install/incubator_cpp_pkg_interfaces/share/incubator_cpp_pkg_interfaces/hook/cmake_prefix_path.sh'
[9.717s] Level 1:colcon.colcon_core.environment:checking '/home/thompson/MS_Report/hamr_incubator_ws/install/incubator_cpp_pkg_interfaces/lib'
[9.717s] Level 1:colcon.colcon_core.shell:create_environment_hook('incubator_cpp_pkg_interfaces', 'ld_library_path_lib')
[9.717s] INFO:colcon.colcon_core.shell:Creating environment hook '/home/thompson/MS_Report/hamr_incubator_ws/install/incubator_cpp_pkg_interfaces/share/incubator_cpp_pkg_interfaces/hook/ld_library_path_lib.ps1'
[9.718s] INFO:colcon.colcon_core.shell:Creating environment descriptor '/home/thompson/MS_Report/hamr_incubator_ws/install/incubator_cpp_pkg_interfaces/share/incubator_cpp_pkg_interfaces/hook/ld_library_path_lib.dsv'
[9.718s] INFO:colcon.colcon_core.shell:Creating environment hook '/home/thompson/MS_Report/hamr_incubator_ws/install/incubator_cpp_pkg_interfaces/share/incubator_cpp_pkg_interfaces/hook/ld_library_path_lib.sh'
[9.718s] Level 1:colcon.colcon_core.environment:checking '/home/thompson/MS_Report/hamr_incubator_ws/install/incubator_cpp_pkg_interfaces/bin'
[9.719s] Level 1:colcon.colcon_core.environment:checking '/home/thompson/MS_Report/hamr_incubator_ws/install/incubator_cpp_pkg_interfaces/lib/pkgconfig/incubator_cpp_pkg_interfaces.pc'
[9.719s] Level 1:colcon.colcon_core.environment:checking '/home/thompson/MS_Report/hamr_incubator_ws/install/incubator_cpp_pkg_interfaces/lib/python3.10/site-packages'
[9.719s] Level 1:colcon.colcon_core.environment:checking '/home/thompson/MS_Report/hamr_incubator_ws/install/incubator_cpp_pkg_interfaces/bin'
[9.719s] INFO:colcon.colcon_core.shell:Creating package script '/home/thompson/MS_Report/hamr_incubator_ws/install/incubator_cpp_pkg_interfaces/share/incubator_cpp_pkg_interfaces/package.ps1'
[9.720s] INFO:colcon.colcon_core.shell:Creating package descriptor '/home/thompson/MS_Report/hamr_incubator_ws/install/incubator_cpp_pkg_interfaces/share/incubator_cpp_pkg_interfaces/package.dsv'
[9.721s] INFO:colcon.colcon_core.shell:Creating package script '/home/thompson/MS_Report/hamr_incubator_ws/install/incubator_cpp_pkg_interfaces/share/incubator_cpp_pkg_interfaces/package.sh'
[9.722s] INFO:colcon.colcon_core.shell:Creating package script '/home/thompson/MS_Report/hamr_incubator_ws/install/incubator_cpp_pkg_interfaces/share/incubator_cpp_pkg_interfaces/package.bash'
[9.724s] INFO:colcon.colcon_core.shell:Creating package script '/home/thompson/MS_Report/hamr_incubator_ws/install/incubator_cpp_pkg_interfaces/share/incubator_cpp_pkg_interfaces/package.zsh'
[9.725s] Level 1:colcon.colcon_core.environment:create_file_with_runtime_dependencies(/home/thompson/MS_Report/hamr_incubator_ws/install/incubator_cpp_pkg_interfaces/share/colcon-core/packages/incubator_cpp_pkg_interfaces)
[10.050s] Level 1:colcon.colcon_core.environment:create_environment_scripts_only(incubator_cpp_pkg_interfaces)
[10.051s] Level 1:colcon.colcon_core.environment:checking '/home/thompson/MS_Report/hamr_incubator_ws/install/incubator_cpp_pkg_interfaces' for CMake module files
[10.053s] Level 1:colcon.colcon_core.environment:checking '/home/thompson/MS_Report/hamr_incubator_ws/install/incubator_cpp_pkg_interfaces' for CMake config files
[10.053s] Level 1:colcon.colcon_core.shell:create_environment_hook('incubator_cpp_pkg_interfaces', 'cmake_prefix_path')
[10.053s] INFO:colcon.colcon_core.shell:Creating environment hook '/home/thompson/MS_Report/hamr_incubator_ws/install/incubator_cpp_pkg_interfaces/share/incubator_cpp_pkg_interfaces/hook/cmake_prefix_path.ps1'
[10.054s] INFO:colcon.colcon_core.shell:Creating environment descriptor '/home/thompson/MS_Report/hamr_incubator_ws/install/incubator_cpp_pkg_interfaces/share/incubator_cpp_pkg_interfaces/hook/cmake_prefix_path.dsv'
[10.054s] INFO:colcon.colcon_core.shell:Creating environment hook '/home/thompson/MS_Report/hamr_incubator_ws/install/incubator_cpp_pkg_interfaces/share/incubator_cpp_pkg_interfaces/hook/cmake_prefix_path.sh'
[10.055s] Level 1:colcon.colcon_core.environment:checking '/home/thompson/MS_Report/hamr_incubator_ws/install/incubator_cpp_pkg_interfaces/lib'
[10.055s] Level 1:colcon.colcon_core.shell:create_environment_hook('incubator_cpp_pkg_interfaces', 'ld_library_path_lib')
[10.055s] INFO:colcon.colcon_core.shell:Creating environment hook '/home/thompson/MS_Report/hamr_incubator_ws/install/incubator_cpp_pkg_interfaces/share/incubator_cpp_pkg_interfaces/hook/ld_library_path_lib.ps1'
[10.055s] INFO:colcon.colcon_core.shell:Creating environment descriptor '/home/thompson/MS_Report/hamr_incubator_ws/install/incubator_cpp_pkg_interfaces/share/incubator_cpp_pkg_interfaces/hook/ld_library_path_lib.dsv'
[10.056s] INFO:colcon.colcon_core.shell:Creating environment hook '/home/thompson/MS_Report/hamr_incubator_ws/install/incubator_cpp_pkg_interfaces/share/incubator_cpp_pkg_interfaces/hook/ld_library_path_lib.sh'
[10.056s] Level 1:colcon.colcon_core.environment:checking '/home/thompson/MS_Report/hamr_incubator_ws/install/incubator_cpp_pkg_interfaces/bin'
[10.056s] Level 1:colcon.colcon_core.environment:checking '/home/thompson/MS_Report/hamr_incubator_ws/install/incubator_cpp_pkg_interfaces/lib/pkgconfig/incubator_cpp_pkg_interfaces.pc'
[10.056s] Level 1:colcon.colcon_core.environment:checking '/home/thompson/MS_Report/hamr_incubator_ws/install/incubator_cpp_pkg_interfaces/lib/python3.10/site-packages'
[10.057s] Level 1:colcon.colcon_core.environment:checking '/home/thompson/MS_Report/hamr_incubator_ws/install/incubator_cpp_pkg_interfaces/bin'
[10.057s] INFO:colcon.colcon_core.shell:Creating package script '/home/thompson/MS_Report/hamr_incubator_ws/install/incubator_cpp_pkg_interfaces/share/incubator_cpp_pkg_interfaces/package.ps1'
[10.057s] INFO:colcon.colcon_core.shell:Creating package descriptor '/home/thompson/MS_Report/hamr_incubator_ws/install/incubator_cpp_pkg_interfaces/share/incubator_cpp_pkg_interfaces/package.dsv'
[10.058s] INFO:colcon.colcon_core.shell:Creating package script '/home/thompson/MS_Report/hamr_incubator_ws/install/incubator_cpp_pkg_interfaces/share/incubator_cpp_pkg_interfaces/package.sh'
[10.058s] INFO:colcon.colcon_core.shell:Creating package script '/home/thompson/MS_Report/hamr_incubator_ws/install/incubator_cpp_pkg_interfaces/share/incubator_cpp_pkg_interfaces/package.bash'
[10.059s] INFO:colcon.colcon_core.shell:Creating package script '/home/thompson/MS_Report/hamr_incubator_ws/install/incubator_cpp_pkg_interfaces/share/incubator_cpp_pkg_interfaces/package.zsh'
[10.059s] Level 1:colcon.colcon_core.environment:create_file_with_runtime_dependencies(/home/thompson/MS_Report/hamr_incubator_ws/install/incubator_cpp_pkg_interfaces/share/colcon-core/packages/incubator_cpp_pkg_interfaces)
[10.060s] INFO:colcon.colcon_ros.task.ament_cmake.build:Building ROS package in '/home/thompson/MS_Report/hamr_incubator_ws/src/incubator_cpp_pkg' with build type 'ament_cmake'
[10.060s] INFO:colcon.colcon_cmake.task.cmake.build:Building CMake package in '/home/thompson/MS_Report/hamr_incubator_ws/src/incubator_cpp_pkg'
[10.060s] INFO:colcon.colcon_core.shell:Skip shell extension 'powershell' for command environment: Not usable outside of PowerShell
[10.060s] DEBUG:colcon.colcon_core.shell:Skip shell extension 'dsv' for command environment
[10.070s] DEBUG:colcon.colcon_core.event_handler.log_command:Invoking command in '/home/thompson/MS_Report/hamr_incubator_ws/build/incubator_cpp_pkg': AMENT_PREFIX_PATH=/home/thompson/MS_Report/hamr_incubator_ws/install/incubator_cpp_pkg_interfaces:${AMENT_PREFIX_PATH} CMAKE_PREFIX_PATH=/home/thompson/MS_Report/hamr_incubator_ws/install/incubator_cpp_pkg_interfaces:/opt/ros/humble LD_LIBRARY_PATH=/home/thompson/MS_Report/hamr_incubator_ws/install/incubator_cpp_pkg_interfaces/lib:${LD_LIBRARY_PATH} PYTHONPATH=/home/thompson/MS_Report/hamr_incubator_ws/install/incubator_cpp_pkg_interfaces/local/lib/python3.10/dist-packages:${PYTHONPATH} /usr/bin/cmake /home/thompson/MS_Report/hamr_incubator_ws/src/incubator_cpp_pkg -DCMAKE_INSTALL_PREFIX=/home/thompson/MS_Report/hamr_incubator_ws/install/incubator_cpp_pkg
[11.108s] DEBUG:colcon.colcon_core.event_handler.log_command:Invoked command in '/home/thompson/MS_Report/hamr_incubator_ws/build/incubator_cpp_pkg' returned '1': AMENT_PREFIX_PATH=/home/thompson/MS_Report/hamr_incubator_ws/install/incubator_cpp_pkg_interfaces:${AMENT_PREFIX_PATH} CMAKE_PREFIX_PATH=/home/thompson/MS_Report/hamr_incubator_ws/install/incubator_cpp_pkg_interfaces:/opt/ros/humble LD_LIBRARY_PATH=/home/thompson/MS_Report/hamr_incubator_ws/install/incubator_cpp_pkg_interfaces/lib:${LD_LIBRARY_PATH} PYTHONPATH=/home/thompson/MS_Report/hamr_incubator_ws/install/incubator_cpp_pkg_interfaces/local/lib/python3.10/dist-packages:${PYTHONPATH} /usr/bin/cmake /home/thompson/MS_Report/hamr_incubator_ws/src/incubator_cpp_pkg -DCMAKE_INSTALL_PREFIX=/home/thompson/MS_Report/hamr_incubator_ws/install/incubator_cpp_pkg
[11.120s] Level 1:colcon.colcon_core.environment:create_environment_scripts_only(incubator_cpp_pkg)
[11.120s] Level 1:colcon.colcon_core.environment:checking '/home/thompson/MS_Report/hamr_incubator_ws/install/incubator_cpp_pkg' for CMake module files
[11.120s] Level 1:colcon.colcon_core.environment:checking '/home/thompson/MS_Report/hamr_incubator_ws/install/incubator_cpp_pkg' for CMake config files
[11.120s] Level 1:colcon.colcon_core.environment:checking '/home/thompson/MS_Report/hamr_incubator_ws/install/incubator_cpp_pkg/bin'
[11.121s] Level 1:colcon.colcon_core.environment:checking '/home/thompson/MS_Report/hamr_incubator_ws/install/incubator_cpp_pkg/lib/pkgconfig/incubator_cpp_pkg.pc'
[11.121s] Level 1:colcon.colcon_core.environment:checking '/home/thompson/MS_Report/hamr_incubator_ws/install/incubator_cpp_pkg/lib/python3.10/site-packages'
[11.121s] Level 1:colcon.colcon_core.environment:checking '/home/thompson/MS_Report/hamr_incubator_ws/install/incubator_cpp_pkg/bin'
[11.121s] INFO:colcon.colcon_core.shell:Creating package script '/home/thompson/MS_Report/hamr_incubator_ws/install/incubator_cpp_pkg/share/incubator_cpp_pkg/package.ps1'
[11.122s] INFO:colcon.colcon_core.shell:Creating package descriptor '/home/thompson/MS_Report/hamr_incubator_ws/install/incubator_cpp_pkg/share/incubator_cpp_pkg/package.dsv'
[11.122s] INFO:colcon.colcon_core.shell:Creating package script '/home/thompson/MS_Report/hamr_incubator_ws/install/incubator_cpp_pkg/share/incubator_cpp_pkg/package.sh'
[11.122s] INFO:colcon.colcon_core.shell:Creating package script '/home/thompson/MS_Report/hamr_incubator_ws/install/incubator_cpp_pkg/share/incubator_cpp_pkg/package.bash'
[11.123s] INFO:colcon.colcon_core.shell:Creating package script '/home/thompson/MS_Report/hamr_incubator_ws/install/incubator_cpp_pkg/share/incubator_cpp_pkg/package.zsh'
[11.123s] Level 1:colcon.colcon_core.environment:create_file_with_runtime_dependencies(/home/thompson/MS_Report/hamr_incubator_ws/install/incubator_cpp_pkg/share/colcon-core/packages/incubator_cpp_pkg)
[11.134s] DEBUG:colcon.colcon_parallel_executor.executor.parallel:closing loop
[11.134s] DEBUG:colcon.colcon_parallel_executor.executor.parallel:loop closed
[11.134s] DEBUG:colcon.colcon_parallel_executor.executor.parallel:run_until_complete finished with '1'
[11.134s] DEBUG:colcon.colcon_core.event_reactor:joining thread
[11.148s] INFO:colcon.colcon_core.plugin_system:Skipping extension 'colcon_notification.desktop_notification.terminal_notifier': Not used on non-Darwin systems
[11.149s] INFO:colcon.colcon_core.plugin_system:Skipping extension 'colcon_notification.desktop_notification.win32': Not used on non-Windows systems
[11.149s] INFO:colcon.colcon_notification.desktop_notification:Sending desktop notification using 'notify2'
[11.235s] DEBUG:colcon.colcon_core.event_reactor:joined thread
[11.236s] INFO:colcon.colcon_core.shell:Creating prefix script '/home/thompson/MS_Report/hamr_incubator_ws/install/local_setup.ps1'
[11.238s] INFO:colcon.colcon_core.shell:Creating prefix util module '/home/thompson/MS_Report/hamr_incubator_ws/install/_local_setup_util_ps1.py'
[11.241s] INFO:colcon.colcon_core.shell:Creating prefix chain script '/home/thompson/MS_Report/hamr_incubator_ws/install/setup.ps1'
[11.242s] INFO:colcon.colcon_core.shell:Creating prefix script '/home/thompson/MS_Report/hamr_incubator_ws/install/local_setup.sh'
[11.244s] INFO:colcon.colcon_core.shell:Creating prefix util module '/home/thompson/MS_Report/hamr_incubator_ws/install/_local_setup_util_sh.py'
[11.245s] INFO:colcon.colcon_core.shell:Creating prefix chain script '/home/thompson/MS_Report/hamr_incubator_ws/install/setup.sh'
[11.247s] INFO:colcon.colcon_core.shell:Creating prefix script '/home/thompson/MS_Report/hamr_incubator_ws/install/local_setup.bash'
[11.248s] INFO:colcon.colcon_core.shell:Creating prefix chain script '/home/thompson/MS_Report/hamr_incubator_ws/install/setup.bash'
[11.250s] INFO:colcon.colcon_core.shell:Creating prefix script '/home/thompson/MS_Report/hamr_incubator_ws/install/local_setup.zsh'
[11.252s] INFO:colcon.colcon_core.shell:Creating prefix chain script '/home/thompson/MS_Report/hamr_incubator_ws/install/setup.zsh'
