[0.718s] Invoking command in '/home/thompson/incubator_ws/src/incubator_py_pkg': CMAKE_PREFIX_PATH=/home/thompson/incubator_ws/install/incubator_cpp_pkg_interfaces:/home/thompson/incubator_ws/install/incubator_cpp_pkg_bringup:/home/thompson/incubator_ws/install/incubator_description:/home/thompson/incubator_ws/install/incubator_cpp_pkg PYTHONPATH=/home/thompson/incubator_ws/build/incubator_py_pkg/prefix_override:/usr/lib/python3/dist-packages/colcon_core/task/python/colcon_distutils_commands:/home/thompson/incubator_ws/install/incubator_py_pkg/lib/python3.10/site-packages:${PYTHONPATH} /usr/bin/python3 -W ignore:setup.py install is deprecated setup.py egg_info --egg-base ../../build/incubator_py_pkg build --build-base /home/thompson/incubator_ws/build/incubator_py_pkg/build install --record /home/thompson/incubator_ws/build/incubator_py_pkg/install.log --single-version-externally-managed install_data
[0.978s] running egg_info
[0.979s] creating ../../build/incubator_py_pkg/incubator_py_pkg.egg-info
[0.979s] writing ../../build/incubator_py_pkg/incubator_py_pkg.egg-info/PKG-INFO
[0.979s] writing dependency_links to ../../build/incubator_py_pkg/incubator_py_pkg.egg-info/dependency_links.txt
[0.979s] writing entry points to ../../build/incubator_py_pkg/incubator_py_pkg.egg-info/entry_points.txt
[0.980s] writing requirements to ../../build/incubator_py_pkg/incubator_py_pkg.egg-info/requires.txt
[0.980s] writing top-level names to ../../build/incubator_py_pkg/incubator_py_pkg.egg-info/top_level.txt
[0.980s] writing manifest file '../../build/incubator_py_pkg/incubator_py_pkg.egg-info/SOURCES.txt'
[0.982s] reading manifest file '../../build/incubator_py_pkg/incubator_py_pkg.egg-info/SOURCES.txt'
[0.983s] writing manifest file '../../build/incubator_py_pkg/incubator_py_pkg.egg-info/SOURCES.txt'
[0.983s] running build
[0.983s] running build_py
[0.983s] creating /home/thompson/incubator_ws/build/incubator_py_pkg/build
[0.983s] creating /home/thompson/incubator_ws/build/incubator_py_pkg/build/lib
[0.983s] creating /home/thompson/incubator_ws/build/incubator_py_pkg/build/lib/incubator_py_pkg
[0.983s] copying incubator_py_pkg/__init__.py -> /home/thompson/incubator_ws/build/incubator_py_pkg/build/lib/incubator_py_pkg
[0.984s] copying incubator_py_pkg/Kalman_Filter_4P.py -> /home/thompson/incubator_ws/build/incubator_py_pkg/build/lib/incubator_py_pkg
[0.984s] copying incubator_py_pkg/Incubator_i_Instance_dt_dtp_pkf.py -> /home/thompson/incubator_ws/build/incubator_py_pkg/build/lib/incubator_py_pkg
[0.984s] running install
[0.984s] running install_lib
[0.985s] creating /home/thompson/incubator_ws/install/incubator_py_pkg/lib/python3.10/site-packages/incubator_py_pkg
[0.985s] copying /home/thompson/incubator_ws/build/incubator_py_pkg/build/lib/incubator_py_pkg/__init__.py -> /home/thompson/incubator_ws/install/incubator_py_pkg/lib/python3.10/site-packages/incubator_py_pkg
[0.985s] copying /home/thompson/incubator_ws/build/incubator_py_pkg/build/lib/incubator_py_pkg/Kalman_Filter_4P.py -> /home/thompson/incubator_ws/install/incubator_py_pkg/lib/python3.10/site-packages/incubator_py_pkg
[0.985s] copying /home/thompson/incubator_ws/build/incubator_py_pkg/build/lib/incubator_py_pkg/Incubator_i_Instance_dt_dtp_pkf.py -> /home/thompson/incubator_ws/install/incubator_py_pkg/lib/python3.10/site-packages/incubator_py_pkg
[0.986s] byte-compiling /home/thompson/incubator_ws/install/incubator_py_pkg/lib/python3.10/site-packages/incubator_py_pkg/__init__.py to __init__.cpython-310.pyc
[0.986s] byte-compiling /home/thompson/incubator_ws/install/incubator_py_pkg/lib/python3.10/site-packages/incubator_py_pkg/Kalman_Filter_4P.py to Kalman_Filter_4P.cpython-310.pyc
[0.988s] byte-compiling /home/thompson/incubator_ws/install/incubator_py_pkg/lib/python3.10/site-packages/incubator_py_pkg/Incubator_i_Instance_dt_dtp_pkf.py to Incubator_i_Instance_dt_dtp_pkf.cpython-310.pyc
[0.988s] running install_data
[0.988s] creating /home/thompson/incubator_ws/install/incubator_py_pkg/share/ament_index
[0.988s] creating /home/thompson/incubator_ws/install/incubator_py_pkg/share/ament_index/resource_index
[0.988s] creating /home/thompson/incubator_ws/install/incubator_py_pkg/share/ament_index/resource_index/packages
[0.989s] copying resource/incubator_py_pkg -> /home/thompson/incubator_ws/install/incubator_py_pkg/share/ament_index/resource_index/packages
[0.989s] copying package.xml -> /home/thompson/incubator_ws/install/incubator_py_pkg/share/incubator_py_pkg
[0.989s] running install_egg_info
[0.991s] Copying ../../build/incubator_py_pkg/incubator_py_pkg.egg-info to /home/thompson/incubator_ws/install/incubator_py_pkg/lib/python3.10/site-packages/incubator_py_pkg-0.0.0-py3.10.egg-info
[0.992s] running install_scripts
[1.015s] writing list of installed files to '/home/thompson/incubator_ws/build/incubator_py_pkg/install.log'
[1.041s] Invoked command in '/home/thompson/incubator_ws/src/incubator_py_pkg' returned '0': CMAKE_PREFIX_PATH=/home/thompson/incubator_ws/install/incubator_cpp_pkg_interfaces:/home/thompson/incubator_ws/install/incubator_cpp_pkg_bringup:/home/thompson/incubator_ws/install/incubator_description:/home/thompson/incubator_ws/install/incubator_cpp_pkg PYTHONPATH=/home/thompson/incubator_ws/build/incubator_py_pkg/prefix_override:/usr/lib/python3/dist-packages/colcon_core/task/python/colcon_distutils_commands:/home/thompson/incubator_ws/install/incubator_py_pkg/lib/python3.10/site-packages:${PYTHONPATH} /usr/bin/python3 -W ignore:setup.py install is deprecated setup.py egg_info --egg-base ../../build/incubator_py_pkg build --build-base /home/thompson/incubator_ws/build/incubator_py_pkg/build install --record /home/thompson/incubator_ws/build/incubator_py_pkg/install.log --single-version-externally-managed install_data
