[0.018s] Invoking command in '/home/thompson/incubator_ws/build/incubator_description': CMAKE_PREFIX_PATH=/opt/ros/humble /usr/bin/cmake /home/thompson/incubator_ws/src/incubator_description -DCMAKE_INSTALL_PREFIX=/home/thompson/incubator_ws/install/incubator_description
[0.140s] -- The C compiler identification is GNU 11.4.0
[0.203s] -- The CXX compiler identification is GNU 11.4.0
[0.216s] -- Detecting C compiler ABI info
[0.294s] -- Detecting C compiler ABI info - done
[0.301s] -- Check for working C compiler: /usr/bin/cc - skipped
[0.302s] -- Detecting C compile features
[0.304s] -- Detecting C compile features - done
[0.307s] -- Detecting CXX compiler ABI info
[0.394s] -- Detecting CXX compiler ABI info - done
[0.402s] -- Check for working CXX compiler: /usr/bin/c++ - skipped
[0.403s] -- Detecting CXX compile features
[0.403s] -- Detecting CXX compile features - done
[0.406s] -- Found ament_cmake: 1.3.10 (/opt/ros/humble/share/ament_cmake/cmake)
[0.562s] -- Found Python3: /usr/bin/python3 (found version "3.10.12") found components: Interpreter 
[0.705s] -- Configuring done
[0.708s] -- Generating done
[0.709s] -- Build files have been written to: /home/thompson/incubator_ws/build/incubator_description
[0.714s] Invoked command in '/home/thompson/incubator_ws/build/incubator_description' returned '0': CMAKE_PREFIX_PATH=/opt/ros/humble /usr/bin/cmake /home/thompson/incubator_ws/src/incubator_description -DCMAKE_INSTALL_PREFIX=/home/thompson/incubator_ws/install/incubator_description
[0.718s] Invoking command in '/home/thompson/incubator_ws/build/incubator_description': CMAKE_PREFIX_PATH=/opt/ros/humble /usr/bin/cmake --build /home/thompson/incubator_ws/build/incubator_description -- -j7 -l7
[0.765s] Invoked command in '/home/thompson/incubator_ws/build/incubator_description' returned '0': CMAKE_PREFIX_PATH=/opt/ros/humble /usr/bin/cmake --build /home/thompson/incubator_ws/build/incubator_description -- -j7 -l7
[0.808s] Invoking command in '/home/thompson/incubator_ws/build/incubator_description': CMAKE_PREFIX_PATH=/opt/ros/humble /usr/bin/cmake --install /home/thompson/incubator_ws/build/incubator_description
[0.816s] -- Install configuration: ""
[0.817s] -- Installing: /home/thompson/incubator_ws/install/incubator_description/share/incubator_description//urdf
[0.817s] -- Installing: /home/thompson/incubator_ws/install/incubator_description/share/incubator_description//urdf/incubator_form.xacro
[0.817s] -- Installing: /home/thompson/incubator_ws/install/incubator_description/share/incubator_description//urdf/common_properties.xacro
[0.817s] -- Installing: /home/thompson/incubator_ws/install/incubator_description/share/incubator_description//urdf/incubator.urdf.xacro
[0.817s] -- Installing: /home/thompson/incubator_ws/install/incubator_description/share/incubator_description//rviz
[0.817s] -- Installing: /home/thompson/incubator_ws/install/incubator_description/share/ament_index/resource_index/package_run_dependencies/incubator_description
[0.817s] -- Installing: /home/thompson/incubator_ws/install/incubator_description/share/ament_index/resource_index/parent_prefix_path/incubator_description
[0.818s] -- Installing: /home/thompson/incubator_ws/install/incubator_description/share/incubator_description/environment/ament_prefix_path.sh
[0.818s] -- Installing: /home/thompson/incubator_ws/install/incubator_description/share/incubator_description/environment/ament_prefix_path.dsv
[0.818s] -- Installing: /home/thompson/incubator_ws/install/incubator_description/share/incubator_description/environment/path.sh
[0.818s] -- Installing: /home/thompson/incubator_ws/install/incubator_description/share/incubator_description/environment/path.dsv
[0.818s] -- Installing: /home/thompson/incubator_ws/install/incubator_description/share/incubator_description/local_setup.bash
[0.818s] -- Installing: /home/thompson/incubator_ws/install/incubator_description/share/incubator_description/local_setup.sh
[0.818s] -- Installing: /home/thompson/incubator_ws/install/incubator_description/share/incubator_description/local_setup.zsh
[0.818s] -- Installing: /home/thompson/incubator_ws/install/incubator_description/share/incubator_description/local_setup.dsv
[0.818s] -- Installing: /home/thompson/incubator_ws/install/incubator_description/share/incubator_description/package.dsv
[0.819s] -- Installing: /home/thompson/incubator_ws/install/incubator_description/share/ament_index/resource_index/packages/incubator_description
[0.820s] -- Installing: /home/thompson/incubator_ws/install/incubator_description/share/incubator_description/cmake/incubator_descriptionConfig.cmake
[0.820s] -- Installing: /home/thompson/incubator_ws/install/incubator_description/share/incubator_description/cmake/incubator_descriptionConfig-version.cmake
[0.820s] -- Installing: /home/thompson/incubator_ws/install/incubator_description/share/incubator_description/package.xml
[0.823s] Invoked command in '/home/thompson/incubator_ws/build/incubator_description' returned '0': CMAKE_PREFIX_PATH=/opt/ros/humble /usr/bin/cmake --install /home/thompson/incubator_ws/build/incubator_description
