[0.018s] Invoking command in '/home/thompson/incubator_ws/build/incubator_cpp_pkg_interfaces': CMAKE_PREFIX_PATH=/opt/ros/humble /usr/bin/cmake --build /home/thompson/incubator_ws/build/incubator_cpp_pkg_interfaces -- -j7 -l7
[0.074s] [35m[1mConsolidate compiler generated dependencies of target incubator_cpp_pkg_interfaces__rosidl_generator_c[0m
[0.083s] [  0%] Built target incubator_cpp_pkg_interfaces__cpp
[0.093s] [ 12%] Built target incubator_cpp_pkg_interfaces__rosidl_generator_c
[0.106s] [35m[1mConsolidate compiler generated dependencies of target incubator_cpp_pkg_interfaces__rosidl_typesupport_cpp[0m
[0.108s] [ 12%] Built target ament_cmake_python_copy_incubator_cpp_pkg_interfaces
[0.117s] [35m[1mConsolidate compiler generated dependencies of target incubator_cpp_pkg_interfaces__rosidl_typesupport_fastrtps_cpp[0m
[0.118s] [35m[1mConsolidate compiler generated dependencies of target incubator_cpp_pkg_interfaces__rosidl_typesupport_introspection_cpp[0m
[0.118s] [35m[1mConsolidate compiler generated dependencies of target incubator_cpp_pkg_interfaces__rosidl_typesupport_c[0m
[0.127s] [35m[1mConsolidate compiler generated dependencies of target incubator_cpp_pkg_interfaces__rosidl_typesupport_fastrtps_c[0m
[0.128s] [ 24%] Built target incubator_cpp_pkg_interfaces__rosidl_typesupport_cpp
[0.128s] [35m[1mConsolidate compiler generated dependencies of target incubator_cpp_pkg_interfaces__rosidl_typesupport_introspection_c[0m
[0.142s] [ 36%] Built target incubator_cpp_pkg_interfaces__rosidl_typesupport_c
[0.147s] [ 48%] Built target incubator_cpp_pkg_interfaces__rosidl_typesupport_introspection_cpp
[0.150s] [ 60%] Built target incubator_cpp_pkg_interfaces__rosidl_typesupport_fastrtps_c
[0.151s] [ 72%] Built target incubator_cpp_pkg_interfaces__rosidl_typesupport_introspection_c
[0.153s] [ 83%] Built target incubator_cpp_pkg_interfaces__rosidl_typesupport_fastrtps_cpp
[0.178s] [ 83%] Built target incubator_cpp_pkg_interfaces
[0.207s] [ 84%] Built target incubator_cpp_pkg_interfaces__py
[0.232s] [35m[1mConsolidate compiler generated dependencies of target incubator_cpp_pkg_interfaces__rosidl_generator_py[0m
[0.255s] [ 95%] Built target incubator_cpp_pkg_interfaces__rosidl_generator_py
[0.272s] [35m[1mConsolidate compiler generated dependencies of target incubator_cpp_pkg_interfaces__rosidl_typesupport_fastrtps_c__pyext[0m
[0.272s] [35m[1mConsolidate compiler generated dependencies of target incubator_cpp_pkg_interfaces__rosidl_typesupport_c__pyext[0m
[0.272s] [35m[1mConsolidate compiler generated dependencies of target incubator_cpp_pkg_interfaces__rosidl_typesupport_introspection_c__pyext[0m
[0.287s] [ 99%] Built target incubator_cpp_pkg_interfaces__rosidl_typesupport_c__pyext
[0.289s] [100%] Built target incubator_cpp_pkg_interfaces__rosidl_typesupport_introspection_c__pyext
[0.289s] [100%] Built target incubator_cpp_pkg_interfaces__rosidl_typesupport_fastrtps_c__pyext
[0.374s] running egg_info
[0.374s] writing incubator_cpp_pkg_interfaces.egg-info/PKG-INFO
[0.375s] writing dependency_links to incubator_cpp_pkg_interfaces.egg-info/dependency_links.txt
[0.376s] writing top-level names to incubator_cpp_pkg_interfaces.egg-info/top_level.txt
[0.377s] reading manifest file 'incubator_cpp_pkg_interfaces.egg-info/SOURCES.txt'
[0.378s] writing manifest file 'incubator_cpp_pkg_interfaces.egg-info/SOURCES.txt'
[0.401s] [100%] Built target ament_cmake_python_build_incubator_cpp_pkg_interfaces_egg
[0.417s] Invoked command in '/home/thompson/incubator_ws/build/incubator_cpp_pkg_interfaces' returned '0': CMAKE_PREFIX_PATH=/opt/ros/humble /usr/bin/cmake --build /home/thompson/incubator_ws/build/incubator_cpp_pkg_interfaces -- -j7 -l7
[0.804s] Invoking command in '/home/thompson/incubator_ws/build/incubator_cpp_pkg_interfaces': CMAKE_PREFIX_PATH=/opt/ros/humble /usr/bin/cmake --install /home/thompson/incubator_ws/build/incubator_cpp_pkg_interfaces
[0.813s] -- Install configuration: ""
[0.813s] -- Up-to-date: /home/thompson/incubator_ws/install/incubator_cpp_pkg_interfaces/share/ament_index/resource_index/rosidl_interfaces/incubator_cpp_pkg_interfaces
[0.813s] -- Up-to-date: /home/thompson/incubator_ws/install/incubator_cpp_pkg_interfaces/include/incubator_cpp_pkg_interfaces/incubator_cpp_pkg_interfaces
[0.814s] -- Up-to-date: /home/thompson/incubator_ws/install/incubator_cpp_pkg_interfaces/include/incubator_cpp_pkg_interfaces/incubator_cpp_pkg_interfaces/msg
[0.814s] -- Up-to-date: /home/thompson/incubator_ws/install/incubator_cpp_pkg_interfaces/include/incubator_cpp_pkg_interfaces/incubator_cpp_pkg_interfaces/msg/kalman_predictioni.h
[0.814s] -- Up-to-date: /home/thompson/incubator_ws/install/incubator_cpp_pkg_interfaces/include/incubator_cpp_pkg_interfaces/incubator_cpp_pkg_interfaces/msg/detail
[0.815s] -- Up-to-date: /home/thompson/incubator_ws/install/incubator_cpp_pkg_interfaces/include/incubator_cpp_pkg_interfaces/incubator_cpp_pkg_interfaces/msg/detail/controller_state__struct.h
[0.815s] -- Up-to-date: /home/thompson/incubator_ws/install/incubator_cpp_pkg_interfaces/include/incubator_cpp_pkg_interfaces/incubator_cpp_pkg_interfaces/msg/detail/integer64__functions.c
[0.815s] -- Up-to-date: /home/thompson/incubator_ws/install/incubator_cpp_pkg_interfaces/include/incubator_cpp_pkg_interfaces/incubator_cpp_pkg_interfaces/msg/detail/boolean__functions.h
[0.816s] -- Up-to-date: /home/thompson/incubator_ws/install/incubator_cpp_pkg_interfaces/include/incubator_cpp_pkg_interfaces/incubator_cpp_pkg_interfaces/msg/detail/float32__functions.h
[0.816s] -- Up-to-date: /home/thompson/incubator_ws/install/incubator_cpp_pkg_interfaces/include/incubator_cpp_pkg_interfaces/incubator_cpp_pkg_interfaces/msg/detail/closed_loop_param_updatesi__functions.c
[0.816s] -- Up-to-date: /home/thompson/incubator_ws/install/incubator_cpp_pkg_interfaces/include/incubator_cpp_pkg_interfaces/incubator_cpp_pkg_interfaces/msg/detail/float32__type_support.h
[0.816s] -- Up-to-date: /home/thompson/incubator_ws/install/incubator_cpp_pkg_interfaces/include/incubator_cpp_pkg_interfaces/incubator_cpp_pkg_interfaces/msg/detail/boolean__functions.c
[0.817s] -- Up-to-date: /home/thompson/incubator_ws/install/incubator_cpp_pkg_interfaces/include/incubator_cpp_pkg_interfaces/incubator_cpp_pkg_interfaces/msg/detail/controller_statusi__functions.c
[0.817s] -- Up-to-date: /home/thompson/incubator_ws/install/incubator_cpp_pkg_interfaces/include/incubator_cpp_pkg_interfaces/incubator_cpp_pkg_interfaces/msg/detail/empty__type_support.h
[0.817s] -- Up-to-date: /home/thompson/incubator_ws/install/incubator_cpp_pkg_interfaces/include/incubator_cpp_pkg_interfaces/incubator_cpp_pkg_interfaces/msg/detail/empty__functions.c
[0.817s] -- Up-to-date: /home/thompson/incubator_ws/install/incubator_cpp_pkg_interfaces/include/incubator_cpp_pkg_interfaces/incubator_cpp_pkg_interfaces/msg/detail/integer64__functions.h
[0.817s] -- Up-to-date: /home/thompson/incubator_ws/install/incubator_cpp_pkg_interfaces/include/incubator_cpp_pkg_interfaces/incubator_cpp_pkg_interfaces/msg/detail/integer64__type_support.h
[0.817s] -- Up-to-date: /home/thompson/incubator_ws/install/incubator_cpp_pkg_interfaces/include/incubator_cpp_pkg_interfaces/incubator_cpp_pkg_interfaces/msg/detail/degrees_ci__functions.c
[0.818s] -- Up-to-date: /home/thompson/incubator_ws/install/incubator_cpp_pkg_interfaces/include/incubator_cpp_pkg_interfaces/incubator_cpp_pkg_interfaces/msg/detail/degrees_ci__type_support.h
[0.818s] -- Up-to-date: /home/thompson/incubator_ws/install/incubator_cpp_pkg_interfaces/include/incubator_cpp_pkg_interfaces/incubator_cpp_pkg_interfaces/msg/detail/empty__functions.h
[0.818s] -- Up-to-date: /home/thompson/incubator_ws/install/incubator_cpp_pkg_interfaces/include/incubator_cpp_pkg_interfaces/incubator_cpp_pkg_interfaces/msg/detail/secondsi__type_support.h
[0.818s] -- Up-to-date: /home/thompson/incubator_ws/install/incubator_cpp_pkg_interfaces/include/incubator_cpp_pkg_interfaces/incubator_cpp_pkg_interfaces/msg/detail/closed_loop_param_updatesi__type_support.h
[0.818s] -- Up-to-date: /home/thompson/incubator_ws/install/incubator_cpp_pkg_interfaces/include/incubator_cpp_pkg_interfaces/incubator_cpp_pkg_interfaces/msg/detail/controller_statusi__functions.h
[0.819s] -- Up-to-date: /home/thompson/incubator_ws/install/incubator_cpp_pkg_interfaces/include/incubator_cpp_pkg_interfaces/incubator_cpp_pkg_interfaces/msg/detail/device_statei__functions.h
[0.819s] -- Up-to-date: /home/thompson/incubator_ws/install/incubator_cpp_pkg_interfaces/include/incubator_cpp_pkg_interfaces/incubator_cpp_pkg_interfaces/msg/detail/controller_state__functions.h
[0.820s] -- Up-to-date: /home/thompson/incubator_ws/install/incubator_cpp_pkg_interfaces/include/incubator_cpp_pkg_interfaces/incubator_cpp_pkg_interfaces/msg/detail/controller_state__functions.c
[0.820s] -- Up-to-date: /home/thompson/incubator_ws/install/incubator_cpp_pkg_interfaces/include/incubator_cpp_pkg_interfaces/incubator_cpp_pkg_interfaces/msg/detail/boolean__type_support.h
[0.820s] -- Up-to-date: /home/thompson/incubator_ws/install/incubator_cpp_pkg_interfaces/include/incubator_cpp_pkg_interfaces/incubator_cpp_pkg_interfaces/msg/detail/controller_statusi__type_support.h
[0.820s] -- Up-to-date: /home/thompson/incubator_ws/install/incubator_cpp_pkg_interfaces/include/incubator_cpp_pkg_interfaces/incubator_cpp_pkg_interfaces/msg/detail/secondsi__struct.h
[0.820s] -- Up-to-date: /home/thompson/incubator_ws/install/incubator_cpp_pkg_interfaces/include/incubator_cpp_pkg_interfaces/incubator_cpp_pkg_interfaces/msg/detail/kalman_predictioni__type_support.h
[0.821s] -- Up-to-date: /home/thompson/incubator_ws/install/incubator_cpp_pkg_interfaces/include/incubator_cpp_pkg_interfaces/incubator_cpp_pkg_interfaces/msg/detail/device_statei__struct.h
[0.821s] -- Up-to-date: /home/thompson/incubator_ws/install/incubator_cpp_pkg_interfaces/include/incubator_cpp_pkg_interfaces/incubator_cpp_pkg_interfaces/msg/detail/device_statei__type_support.h
[0.821s] -- Up-to-date: /home/thompson/incubator_ws/install/incubator_cpp_pkg_interfaces/include/incubator_cpp_pkg_interfaces/incubator_cpp_pkg_interfaces/msg/detail/closed_loop_param_updatesi__struct.h
[0.821s] -- Up-to-date: /home/thompson/incubator_ws/install/incubator_cpp_pkg_interfaces/include/incubator_cpp_pkg_interfaces/incubator_cpp_pkg_interfaces/msg/detail/closed_loop_param_updatesi__functions.h
[0.821s] -- Up-to-date: /home/thompson/incubator_ws/install/incubator_cpp_pkg_interfaces/include/incubator_cpp_pkg_interfaces/incubator_cpp_pkg_interfaces/msg/detail/integer64__struct.h
[0.821s] -- Up-to-date: /home/thompson/incubator_ws/install/incubator_cpp_pkg_interfaces/include/incubator_cpp_pkg_interfaces/incubator_cpp_pkg_interfaces/msg/detail/device_statei__functions.c
[0.821s] -- Up-to-date: /home/thompson/incubator_ws/install/incubator_cpp_pkg_interfaces/include/incubator_cpp_pkg_interfaces/incubator_cpp_pkg_interfaces/msg/detail/degrees_ci__struct.h
[0.821s] -- Up-to-date: /home/thompson/incubator_ws/install/incubator_cpp_pkg_interfaces/include/incubator_cpp_pkg_interfaces/incubator_cpp_pkg_interfaces/msg/detail/controller_state__type_support.h
[0.821s] -- Up-to-date: /home/thompson/incubator_ws/install/incubator_cpp_pkg_interfaces/include/incubator_cpp_pkg_interfaces/incubator_cpp_pkg_interfaces/msg/detail/boolean__struct.h
[0.821s] -- Up-to-date: /home/thompson/incubator_ws/install/incubator_cpp_pkg_interfaces/include/incubator_cpp_pkg_interfaces/incubator_cpp_pkg_interfaces/msg/detail/secondsi__functions.c
[0.822s] -- Up-to-date: /home/thompson/incubator_ws/install/incubator_cpp_pkg_interfaces/include/incubator_cpp_pkg_interfaces/incubator_cpp_pkg_interfaces/msg/detail/float32__functions.c
[0.822s] -- Up-to-date: /home/thompson/incubator_ws/install/incubator_cpp_pkg_interfaces/include/incubator_cpp_pkg_interfaces/incubator_cpp_pkg_interfaces/msg/detail/kalman_predictioni__functions.c
[0.822s] -- Up-to-date: /home/thompson/incubator_ws/install/incubator_cpp_pkg_interfaces/include/incubator_cpp_pkg_interfaces/incubator_cpp_pkg_interfaces/msg/detail/secondsi__functions.h
[0.822s] -- Up-to-date: /home/thompson/incubator_ws/install/incubator_cpp_pkg_interfaces/include/incubator_cpp_pkg_interfaces/incubator_cpp_pkg_interfaces/msg/detail/kalman_predictioni__struct.h
[0.822s] -- Up-to-date: /home/thompson/incubator_ws/install/incubator_cpp_pkg_interfaces/include/incubator_cpp_pkg_interfaces/incubator_cpp_pkg_interfaces/msg/detail/controller_statusi__struct.h
[0.822s] -- Up-to-date: /home/thompson/incubator_ws/install/incubator_cpp_pkg_interfaces/include/incubator_cpp_pkg_interfaces/incubator_cpp_pkg_interfaces/msg/detail/degrees_ci__functions.h
[0.823s] -- Up-to-date: /home/thompson/incubator_ws/install/incubator_cpp_pkg_interfaces/include/incubator_cpp_pkg_interfaces/incubator_cpp_pkg_interfaces/msg/detail/empty__struct.h
[0.823s] -- Up-to-date: /home/thompson/incubator_ws/install/incubator_cpp_pkg_interfaces/include/incubator_cpp_pkg_interfaces/incubator_cpp_pkg_interfaces/msg/detail/kalman_predictioni__functions.h
[0.823s] -- Up-to-date: /home/thompson/incubator_ws/install/incubator_cpp_pkg_interfaces/include/incubator_cpp_pkg_interfaces/incubator_cpp_pkg_interfaces/msg/detail/float32__struct.h
[0.823s] -- Up-to-date: /home/thompson/incubator_ws/install/incubator_cpp_pkg_interfaces/include/incubator_cpp_pkg_interfaces/incubator_cpp_pkg_interfaces/msg/boolean.h
[0.823s] -- Up-to-date: /home/thompson/incubator_ws/install/incubator_cpp_pkg_interfaces/include/incubator_cpp_pkg_interfaces/incubator_cpp_pkg_interfaces/msg/controller_state.h
[0.824s] -- Up-to-date: /home/thompson/incubator_ws/install/incubator_cpp_pkg_interfaces/include/incubator_cpp_pkg_interfaces/incubator_cpp_pkg_interfaces/msg/secondsi.h
[0.824s] -- Up-to-date: /home/thompson/incubator_ws/install/incubator_cpp_pkg_interfaces/include/incubator_cpp_pkg_interfaces/incubator_cpp_pkg_interfaces/msg/device_statei.h
[0.824s] -- Up-to-date: /home/thompson/incubator_ws/install/incubator_cpp_pkg_interfaces/include/incubator_cpp_pkg_interfaces/incubator_cpp_pkg_interfaces/msg/empty.h
[0.824s] -- Up-to-date: /home/thompson/incubator_ws/install/incubator_cpp_pkg_interfaces/include/incubator_cpp_pkg_interfaces/incubator_cpp_pkg_interfaces/msg/controller_statusi.h
[0.824s] -- Up-to-date: /home/thompson/incubator_ws/install/incubator_cpp_pkg_interfaces/include/incubator_cpp_pkg_interfaces/incubator_cpp_pkg_interfaces/msg/degrees_ci.h
[0.824s] -- Up-to-date: /home/thompson/incubator_ws/install/incubator_cpp_pkg_interfaces/include/incubator_cpp_pkg_interfaces/incubator_cpp_pkg_interfaces/msg/rosidl_generator_c__visibility_control.h
[0.824s] -- Up-to-date: /home/thompson/incubator_ws/install/incubator_cpp_pkg_interfaces/include/incubator_cpp_pkg_interfaces/incubator_cpp_pkg_interfaces/msg/integer64.h
[0.824s] -- Up-to-date: /home/thompson/incubator_ws/install/incubator_cpp_pkg_interfaces/include/incubator_cpp_pkg_interfaces/incubator_cpp_pkg_interfaces/msg/float32.h
[0.824s] -- Up-to-date: /home/thompson/incubator_ws/install/incubator_cpp_pkg_interfaces/include/incubator_cpp_pkg_interfaces/incubator_cpp_pkg_interfaces/msg/closed_loop_param_updatesi.h
[0.825s] -- Up-to-date: /home/thompson/incubator_ws/install/incubator_cpp_pkg_interfaces/share/incubator_cpp_pkg_interfaces/environment/library_path.sh
[0.825s] -- Up-to-date: /home/thompson/incubator_ws/install/incubator_cpp_pkg_interfaces/share/incubator_cpp_pkg_interfaces/environment/library_path.dsv
[0.825s] -- Up-to-date: /home/thompson/incubator_ws/install/incubator_cpp_pkg_interfaces/lib/libincubator_cpp_pkg_interfaces__rosidl_generator_c.so
[0.825s] -- Up-to-date: /home/thompson/incubator_ws/install/incubator_cpp_pkg_interfaces/include/incubator_cpp_pkg_interfaces/incubator_cpp_pkg_interfaces
[0.825s] -- Up-to-date: /home/thompson/incubator_ws/install/incubator_cpp_pkg_interfaces/include/incubator_cpp_pkg_interfaces/incubator_cpp_pkg_interfaces/msg
[0.826s] -- Up-to-date: /home/thompson/incubator_ws/install/incubator_cpp_pkg_interfaces/include/incubator_cpp_pkg_interfaces/incubator_cpp_pkg_interfaces/msg/detail
[0.826s] -- Up-to-date: /home/thompson/incubator_ws/install/incubator_cpp_pkg_interfaces/include/incubator_cpp_pkg_interfaces/incubator_cpp_pkg_interfaces/msg/detail/empty__rosidl_typesupport_fastrtps_c.h
[0.826s] -- Up-to-date: /home/thompson/incubator_ws/install/incubator_cpp_pkg_interfaces/include/incubator_cpp_pkg_interfaces/incubator_cpp_pkg_interfaces/msg/detail/kalman_predictioni__rosidl_typesupport_fastrtps_c.h
[0.826s] -- Up-to-date: /home/thompson/incubator_ws/install/incubator_cpp_pkg_interfaces/include/incubator_cpp_pkg_interfaces/incubator_cpp_pkg_interfaces/msg/detail/closed_loop_param_updatesi__rosidl_typesupport_fastrtps_c.h
[0.827s] -- Up-to-date: /home/thompson/incubator_ws/install/incubator_cpp_pkg_interfaces/include/incubator_cpp_pkg_interfaces/incubator_cpp_pkg_interfaces/msg/detail/device_statei__rosidl_typesupport_fastrtps_c.h
[0.827s] -- Up-to-date: /home/thompson/incubator_ws/install/incubator_cpp_pkg_interfaces/include/incubator_cpp_pkg_interfaces/incubator_cpp_pkg_interfaces/msg/detail/boolean__rosidl_typesupport_fastrtps_c.h
[0.827s] -- Up-to-date: /home/thompson/incubator_ws/install/incubator_cpp_pkg_interfaces/include/incubator_cpp_pkg_interfaces/incubator_cpp_pkg_interfaces/msg/detail/controller_state__rosidl_typesupport_fastrtps_c.h
[0.827s] -- Up-to-date: /home/thompson/incubator_ws/install/incubator_cpp_pkg_interfaces/include/incubator_cpp_pkg_interfaces/incubator_cpp_pkg_interfaces/msg/detail/secondsi__rosidl_typesupport_fastrtps_c.h
[0.827s] -- Up-to-date: /home/thompson/incubator_ws/install/incubator_cpp_pkg_interfaces/include/incubator_cpp_pkg_interfaces/incubator_cpp_pkg_interfaces/msg/detail/degrees_ci__rosidl_typesupport_fastrtps_c.h
[0.828s] -- Up-to-date: /home/thompson/incubator_ws/install/incubator_cpp_pkg_interfaces/include/incubator_cpp_pkg_interfaces/incubator_cpp_pkg_interfaces/msg/detail/controller_statusi__rosidl_typesupport_fastrtps_c.h
[0.828s] -- Up-to-date: /home/thompson/incubator_ws/install/incubator_cpp_pkg_interfaces/include/incubator_cpp_pkg_interfaces/incubator_cpp_pkg_interfaces/msg/detail/float32__rosidl_typesupport_fastrtps_c.h
[0.828s] -- Up-to-date: /home/thompson/incubator_ws/install/incubator_cpp_pkg_interfaces/include/incubator_cpp_pkg_interfaces/incubator_cpp_pkg_interfaces/msg/detail/integer64__rosidl_typesupport_fastrtps_c.h
[0.828s] -- Up-to-date: /home/thompson/incubator_ws/install/incubator_cpp_pkg_interfaces/include/incubator_cpp_pkg_interfaces/incubator_cpp_pkg_interfaces/msg/rosidl_typesupport_fastrtps_c__visibility_control.h
[0.828s] -- Up-to-date: /home/thompson/incubator_ws/install/incubator_cpp_pkg_interfaces/lib/libincubator_cpp_pkg_interfaces__rosidl_typesupport_fastrtps_c.so
[0.828s] -- Up-to-date: /home/thompson/incubator_ws/install/incubator_cpp_pkg_interfaces/include/incubator_cpp_pkg_interfaces/incubator_cpp_pkg_interfaces
[0.828s] -- Up-to-date: /home/thompson/incubator_ws/install/incubator_cpp_pkg_interfaces/include/incubator_cpp_pkg_interfaces/incubator_cpp_pkg_interfaces/msg
[0.829s] -- Up-to-date: /home/thompson/incubator_ws/install/incubator_cpp_pkg_interfaces/include/incubator_cpp_pkg_interfaces/incubator_cpp_pkg_interfaces/msg/detail
[0.829s] -- Up-to-date: /home/thompson/incubator_ws/install/incubator_cpp_pkg_interfaces/include/incubator_cpp_pkg_interfaces/incubator_cpp_pkg_interfaces/msg/detail/closed_loop_param_updatesi__type_support.c
[0.829s] -- Up-to-date: /home/thompson/incubator_ws/install/incubator_cpp_pkg_interfaces/include/incubator_cpp_pkg_interfaces/incubator_cpp_pkg_interfaces/msg/detail/closed_loop_param_updatesi__rosidl_typesupport_introspection_c.h
[0.829s] -- Up-to-date: /home/thompson/incubator_ws/install/incubator_cpp_pkg_interfaces/include/incubator_cpp_pkg_interfaces/incubator_cpp_pkg_interfaces/msg/detail/device_statei__type_support.c
[0.829s] -- Up-to-date: /home/thompson/incubator_ws/install/incubator_cpp_pkg_interfaces/include/incubator_cpp_pkg_interfaces/incubator_cpp_pkg_interfaces/msg/detail/controller_state__type_support.c
[0.830s] -- Up-to-date: /home/thompson/incubator_ws/install/incubator_cpp_pkg_interfaces/include/incubator_cpp_pkg_interfaces/incubator_cpp_pkg_interfaces/msg/detail/empty__rosidl_typesupport_introspection_c.h
[0.830s] -- Up-to-date: /home/thompson/incubator_ws/install/incubator_cpp_pkg_interfaces/include/incubator_cpp_pkg_interfaces/incubator_cpp_pkg_interfaces/msg/detail/degrees_ci__rosidl_typesupport_introspection_c.h
[0.830s] -- Up-to-date: /home/thompson/incubator_ws/install/incubator_cpp_pkg_interfaces/include/incubator_cpp_pkg_interfaces/incubator_cpp_pkg_interfaces/msg/detail/boolean__rosidl_typesupport_introspection_c.h
[0.830s] -- Up-to-date: /home/thompson/incubator_ws/install/incubator_cpp_pkg_interfaces/include/incubator_cpp_pkg_interfaces/incubator_cpp_pkg_interfaces/msg/detail/empty__type_support.c
[0.830s] -- Up-to-date: /home/thompson/incubator_ws/install/incubator_cpp_pkg_interfaces/include/incubator_cpp_pkg_interfaces/incubator_cpp_pkg_interfaces/msg/detail/kalman_predictioni__rosidl_typesupport_introspection_c.h
[0.830s] -- Up-to-date: /home/thompson/incubator_ws/install/incubator_cpp_pkg_interfaces/include/incubator_cpp_pkg_interfaces/incubator_cpp_pkg_interfaces/msg/detail/controller_statusi__rosidl_typesupport_introspection_c.h
[0.830s] -- Up-to-date: /home/thompson/incubator_ws/install/incubator_cpp_pkg_interfaces/include/incubator_cpp_pkg_interfaces/incubator_cpp_pkg_interfaces/msg/detail/integer64__rosidl_typesupport_introspection_c.h
[0.830s] -- Up-to-date: /home/thompson/incubator_ws/install/incubator_cpp_pkg_interfaces/include/incubator_cpp_pkg_interfaces/incubator_cpp_pkg_interfaces/msg/detail/controller_statusi__type_support.c
[0.831s] -- Up-to-date: /home/thompson/incubator_ws/install/incubator_cpp_pkg_interfaces/include/incubator_cpp_pkg_interfaces/incubator_cpp_pkg_interfaces/msg/detail/boolean__type_support.c
[0.831s] -- Up-to-date: /home/thompson/incubator_ws/install/incubator_cpp_pkg_interfaces/include/incubator_cpp_pkg_interfaces/incubator_cpp_pkg_interfaces/msg/detail/controller_state__rosidl_typesupport_introspection_c.h
[0.831s] -- Up-to-date: /home/thompson/incubator_ws/install/incubator_cpp_pkg_interfaces/include/incubator_cpp_pkg_interfaces/incubator_cpp_pkg_interfaces/msg/detail/degrees_ci__type_support.c
[0.831s] -- Up-to-date: /home/thompson/incubator_ws/install/incubator_cpp_pkg_interfaces/include/incubator_cpp_pkg_interfaces/incubator_cpp_pkg_interfaces/msg/detail/kalman_predictioni__type_support.c
[0.831s] -- Up-to-date: /home/thompson/incubator_ws/install/incubator_cpp_pkg_interfaces/include/incubator_cpp_pkg_interfaces/incubator_cpp_pkg_interfaces/msg/detail/device_statei__rosidl_typesupport_introspection_c.h
[0.831s] -- Up-to-date: /home/thompson/incubator_ws/install/incubator_cpp_pkg_interfaces/include/incubator_cpp_pkg_interfaces/incubator_cpp_pkg_interfaces/msg/detail/float32__type_support.c
[0.831s] -- Up-to-date: /home/thompson/incubator_ws/install/incubator_cpp_pkg_interfaces/include/incubator_cpp_pkg_interfaces/incubator_cpp_pkg_interfaces/msg/detail/secondsi__rosidl_typesupport_introspection_c.h
[0.831s] -- Up-to-date: /home/thompson/incubator_ws/install/incubator_cpp_pkg_interfaces/include/incubator_cpp_pkg_interfaces/incubator_cpp_pkg_interfaces/msg/detail/integer64__type_support.c
[0.832s] -- Up-to-date: /home/thompson/incubator_ws/install/incubator_cpp_pkg_interfaces/include/incubator_cpp_pkg_interfaces/incubator_cpp_pkg_interfaces/msg/detail/float32__rosidl_typesupport_introspection_c.h
[0.832s] -- Up-to-date: /home/thompson/incubator_ws/install/incubator_cpp_pkg_interfaces/include/incubator_cpp_pkg_interfaces/incubator_cpp_pkg_interfaces/msg/detail/secondsi__type_support.c
[0.832s] -- Up-to-date: /home/thompson/incubator_ws/install/incubator_cpp_pkg_interfaces/include/incubator_cpp_pkg_interfaces/incubator_cpp_pkg_interfaces/msg/rosidl_typesupport_introspection_c__visibility_control.h
[0.832s] -- Up-to-date: /home/thompson/incubator_ws/install/incubator_cpp_pkg_interfaces/lib/libincubator_cpp_pkg_interfaces__rosidl_typesupport_introspection_c.so
[0.832s] -- Up-to-date: /home/thompson/incubator_ws/install/incubator_cpp_pkg_interfaces/lib/libincubator_cpp_pkg_interfaces__rosidl_typesupport_c.so
[0.832s] -- Up-to-date: /home/thompson/incubator_ws/install/incubator_cpp_pkg_interfaces/include/incubator_cpp_pkg_interfaces/incubator_cpp_pkg_interfaces
[0.832s] -- Up-to-date: /home/thompson/incubator_ws/install/incubator_cpp_pkg_interfaces/include/incubator_cpp_pkg_interfaces/incubator_cpp_pkg_interfaces/msg
[0.832s] -- Up-to-date: /home/thompson/incubator_ws/install/incubator_cpp_pkg_interfaces/include/incubator_cpp_pkg_interfaces/incubator_cpp_pkg_interfaces/msg/integer64.hpp
[0.833s] -- Up-to-date: /home/thompson/incubator_ws/install/incubator_cpp_pkg_interfaces/include/incubator_cpp_pkg_interfaces/incubator_cpp_pkg_interfaces/msg/detail
[0.833s] -- Up-to-date: /home/thompson/incubator_ws/install/incubator_cpp_pkg_interfaces/include/incubator_cpp_pkg_interfaces/incubator_cpp_pkg_interfaces/msg/detail/kalman_predictioni__traits.hpp
[0.833s] -- Up-to-date: /home/thompson/incubator_ws/install/incubator_cpp_pkg_interfaces/include/incubator_cpp_pkg_interfaces/incubator_cpp_pkg_interfaces/msg/detail/device_statei__struct.hpp
[0.833s] -- Up-to-date: /home/thompson/incubator_ws/install/incubator_cpp_pkg_interfaces/include/incubator_cpp_pkg_interfaces/incubator_cpp_pkg_interfaces/msg/detail/device_statei__builder.hpp
[0.833s] -- Up-to-date: /home/thompson/incubator_ws/install/incubator_cpp_pkg_interfaces/include/incubator_cpp_pkg_interfaces/incubator_cpp_pkg_interfaces/msg/detail/degrees_ci__builder.hpp
[0.834s] -- Up-to-date: /home/thompson/incubator_ws/install/incubator_cpp_pkg_interfaces/include/incubator_cpp_pkg_interfaces/incubator_cpp_pkg_interfaces/msg/detail/integer64__builder.hpp
[0.834s] -- Up-to-date: /home/thompson/incubator_ws/install/incubator_cpp_pkg_interfaces/include/incubator_cpp_pkg_interfaces/incubator_cpp_pkg_interfaces/msg/detail/integer64__traits.hpp
[0.834s] -- Up-to-date: /home/thompson/incubator_ws/install/incubator_cpp_pkg_interfaces/include/incubator_cpp_pkg_interfaces/incubator_cpp_pkg_interfaces/msg/detail/controller_state__builder.hpp
[0.834s] -- Up-to-date: /home/thompson/incubator_ws/install/incubator_cpp_pkg_interfaces/include/incubator_cpp_pkg_interfaces/incubator_cpp_pkg_interfaces/msg/detail/secondsi__traits.hpp
[0.834s] -- Up-to-date: /home/thompson/incubator_ws/install/incubator_cpp_pkg_interfaces/include/incubator_cpp_pkg_interfaces/incubator_cpp_pkg_interfaces/msg/detail/boolean__traits.hpp
[0.834s] -- Up-to-date: /home/thompson/incubator_ws/install/incubator_cpp_pkg_interfaces/include/incubator_cpp_pkg_interfaces/incubator_cpp_pkg_interfaces/msg/detail/controller_statusi__struct.hpp
[0.834s] -- Up-to-date: /home/thompson/incubator_ws/install/incubator_cpp_pkg_interfaces/include/incubator_cpp_pkg_interfaces/incubator_cpp_pkg_interfaces/msg/detail/float32__builder.hpp
[0.834s] -- Up-to-date: /home/thompson/incubator_ws/install/incubator_cpp_pkg_interfaces/include/incubator_cpp_pkg_interfaces/incubator_cpp_pkg_interfaces/msg/detail/float32__struct.hpp
[0.834s] -- Up-to-date: /home/thompson/incubator_ws/install/incubator_cpp_pkg_interfaces/include/incubator_cpp_pkg_interfaces/incubator_cpp_pkg_interfaces/msg/detail/empty__builder.hpp
[0.834s] -- Up-to-date: /home/thompson/incubator_ws/install/incubator_cpp_pkg_interfaces/include/incubator_cpp_pkg_interfaces/incubator_cpp_pkg_interfaces/msg/detail/secondsi__struct.hpp
[0.834s] -- Up-to-date: /home/thompson/incubator_ws/install/incubator_cpp_pkg_interfaces/include/incubator_cpp_pkg_interfaces/incubator_cpp_pkg_interfaces/msg/detail/boolean__struct.hpp
[0.834s] -- Up-to-date: /home/thompson/incubator_ws/install/incubator_cpp_pkg_interfaces/include/incubator_cpp_pkg_interfaces/incubator_cpp_pkg_interfaces/msg/detail/closed_loop_param_updatesi__traits.hpp
[0.835s] -- Up-to-date: /home/thompson/incubator_ws/install/incubator_cpp_pkg_interfaces/include/incubator_cpp_pkg_interfaces/incubator_cpp_pkg_interfaces/msg/detail/float32__traits.hpp
[0.835s] -- Up-to-date: /home/thompson/incubator_ws/install/incubator_cpp_pkg_interfaces/include/incubator_cpp_pkg_interfaces/incubator_cpp_pkg_interfaces/msg/detail/controller_statusi__traits.hpp
[0.835s] -- Up-to-date: /home/thompson/incubator_ws/install/incubator_cpp_pkg_interfaces/include/incubator_cpp_pkg_interfaces/incubator_cpp_pkg_interfaces/msg/detail/degrees_ci__traits.hpp
[0.835s] -- Up-to-date: /home/thompson/incubator_ws/install/incubator_cpp_pkg_interfaces/include/incubator_cpp_pkg_interfaces/incubator_cpp_pkg_interfaces/msg/detail/empty__struct.hpp
[0.835s] -- Up-to-date: /home/thompson/incubator_ws/install/incubator_cpp_pkg_interfaces/include/incubator_cpp_pkg_interfaces/incubator_cpp_pkg_interfaces/msg/detail/controller_state__struct.hpp
[0.835s] -- Up-to-date: /home/thompson/incubator_ws/install/incubator_cpp_pkg_interfaces/include/incubator_cpp_pkg_interfaces/incubator_cpp_pkg_interfaces/msg/detail/empty__traits.hpp
[0.835s] -- Up-to-date: /home/thompson/incubator_ws/install/incubator_cpp_pkg_interfaces/include/incubator_cpp_pkg_interfaces/incubator_cpp_pkg_interfaces/msg/detail/closed_loop_param_updatesi__struct.hpp
[0.835s] -- Up-to-date: /home/thompson/incubator_ws/install/incubator_cpp_pkg_interfaces/include/incubator_cpp_pkg_interfaces/incubator_cpp_pkg_interfaces/msg/detail/kalman_predictioni__struct.hpp
[0.835s] -- Up-to-date: /home/thompson/incubator_ws/install/incubator_cpp_pkg_interfaces/include/incubator_cpp_pkg_interfaces/incubator_cpp_pkg_interfaces/msg/detail/closed_loop_param_updatesi__builder.hpp
[0.835s] -- Up-to-date: /home/thompson/incubator_ws/install/incubator_cpp_pkg_interfaces/include/incubator_cpp_pkg_interfaces/incubator_cpp_pkg_interfaces/msg/detail/kalman_predictioni__builder.hpp
[0.835s] -- Up-to-date: /home/thompson/incubator_ws/install/incubator_cpp_pkg_interfaces/include/incubator_cpp_pkg_interfaces/incubator_cpp_pkg_interfaces/msg/detail/controller_statusi__builder.hpp
[0.835s] -- Up-to-date: /home/thompson/incubator_ws/install/incubator_cpp_pkg_interfaces/include/incubator_cpp_pkg_interfaces/incubator_cpp_pkg_interfaces/msg/detail/controller_state__traits.hpp
[0.835s] -- Up-to-date: /home/thompson/incubator_ws/install/incubator_cpp_pkg_interfaces/include/incubator_cpp_pkg_interfaces/incubator_cpp_pkg_interfaces/msg/detail/boolean__builder.hpp
[0.835s] -- Up-to-date: /home/thompson/incubator_ws/install/incubator_cpp_pkg_interfaces/include/incubator_cpp_pkg_interfaces/incubator_cpp_pkg_interfaces/msg/detail/integer64__struct.hpp
[0.835s] -- Up-to-date: /home/thompson/incubator_ws/install/incubator_cpp_pkg_interfaces/include/incubator_cpp_pkg_interfaces/incubator_cpp_pkg_interfaces/msg/detail/secondsi__builder.hpp
[0.836s] -- Up-to-date: /home/thompson/incubator_ws/install/incubator_cpp_pkg_interfaces/include/incubator_cpp_pkg_interfaces/incubator_cpp_pkg_interfaces/msg/detail/degrees_ci__struct.hpp
[0.836s] -- Up-to-date: /home/thompson/incubator_ws/install/incubator_cpp_pkg_interfaces/include/incubator_cpp_pkg_interfaces/incubator_cpp_pkg_interfaces/msg/detail/device_statei__traits.hpp
[0.836s] -- Up-to-date: /home/thompson/incubator_ws/install/incubator_cpp_pkg_interfaces/include/incubator_cpp_pkg_interfaces/incubator_cpp_pkg_interfaces/msg/empty.hpp
[0.836s] -- Up-to-date: /home/thompson/incubator_ws/install/incubator_cpp_pkg_interfaces/include/incubator_cpp_pkg_interfaces/incubator_cpp_pkg_interfaces/msg/degrees_ci.hpp
[0.836s] -- Up-to-date: /home/thompson/incubator_ws/install/incubator_cpp_pkg_interfaces/include/incubator_cpp_pkg_interfaces/incubator_cpp_pkg_interfaces/msg/boolean.hpp
[0.836s] -- Up-to-date: /home/thompson/incubator_ws/install/incubator_cpp_pkg_interfaces/include/incubator_cpp_pkg_interfaces/incubator_cpp_pkg_interfaces/msg/float32.hpp
[0.836s] -- Up-to-date: /home/thompson/incubator_ws/install/incubator_cpp_pkg_interfaces/include/incubator_cpp_pkg_interfaces/incubator_cpp_pkg_interfaces/msg/controller_statusi.hpp
[0.836s] -- Up-to-date: /home/thompson/incubator_ws/install/incubator_cpp_pkg_interfaces/include/incubator_cpp_pkg_interfaces/incubator_cpp_pkg_interfaces/msg/controller_state.hpp
[0.836s] -- Up-to-date: /home/thompson/incubator_ws/install/incubator_cpp_pkg_interfaces/include/incubator_cpp_pkg_interfaces/incubator_cpp_pkg_interfaces/msg/secondsi.hpp
[0.836s] -- Up-to-date: /home/thompson/incubator_ws/install/incubator_cpp_pkg_interfaces/include/incubator_cpp_pkg_interfaces/incubator_cpp_pkg_interfaces/msg/closed_loop_param_updatesi.hpp
[0.836s] -- Up-to-date: /home/thompson/incubator_ws/install/incubator_cpp_pkg_interfaces/include/incubator_cpp_pkg_interfaces/incubator_cpp_pkg_interfaces/msg/kalman_predictioni.hpp
[0.836s] -- Up-to-date: /home/thompson/incubator_ws/install/incubator_cpp_pkg_interfaces/include/incubator_cpp_pkg_interfaces/incubator_cpp_pkg_interfaces/msg/device_statei.hpp
[0.836s] -- Up-to-date: /home/thompson/incubator_ws/install/incubator_cpp_pkg_interfaces/include/incubator_cpp_pkg_interfaces/incubator_cpp_pkg_interfaces
[0.836s] -- Up-to-date: /home/thompson/incubator_ws/install/incubator_cpp_pkg_interfaces/include/incubator_cpp_pkg_interfaces/incubator_cpp_pkg_interfaces/msg
[0.836s] -- Up-to-date: /home/thompson/incubator_ws/install/incubator_cpp_pkg_interfaces/include/incubator_cpp_pkg_interfaces/incubator_cpp_pkg_interfaces/msg/detail
[0.836s] -- Up-to-date: /home/thompson/incubator_ws/install/incubator_cpp_pkg_interfaces/include/incubator_cpp_pkg_interfaces/incubator_cpp_pkg_interfaces/msg/detail/secondsi__rosidl_typesupport_fastrtps_cpp.hpp
[0.837s] -- Up-to-date: /home/thompson/incubator_ws/install/incubator_cpp_pkg_interfaces/include/incubator_cpp_pkg_interfaces/incubator_cpp_pkg_interfaces/msg/detail/device_statei__rosidl_typesupport_fastrtps_cpp.hpp
[0.837s] -- Up-to-date: /home/thompson/incubator_ws/install/incubator_cpp_pkg_interfaces/include/incubator_cpp_pkg_interfaces/incubator_cpp_pkg_interfaces/msg/detail/float32__rosidl_typesupport_fastrtps_cpp.hpp
[0.837s] -- Up-to-date: /home/thompson/incubator_ws/install/incubator_cpp_pkg_interfaces/include/incubator_cpp_pkg_interfaces/incubator_cpp_pkg_interfaces/msg/detail/integer64__rosidl_typesupport_fastrtps_cpp.hpp
[0.837s] -- Up-to-date: /home/thompson/incubator_ws/install/incubator_cpp_pkg_interfaces/include/incubator_cpp_pkg_interfaces/incubator_cpp_pkg_interfaces/msg/detail/degrees_ci__rosidl_typesupport_fastrtps_cpp.hpp
[0.837s] -- Up-to-date: /home/thompson/incubator_ws/install/incubator_cpp_pkg_interfaces/include/incubator_cpp_pkg_interfaces/incubator_cpp_pkg_interfaces/msg/detail/controller_statusi__rosidl_typesupport_fastrtps_cpp.hpp
[0.837s] -- Up-to-date: /home/thompson/incubator_ws/install/incubator_cpp_pkg_interfaces/include/incubator_cpp_pkg_interfaces/incubator_cpp_pkg_interfaces/msg/detail/closed_loop_param_updatesi__rosidl_typesupport_fastrtps_cpp.hpp
[0.837s] -- Up-to-date: /home/thompson/incubator_ws/install/incubator_cpp_pkg_interfaces/include/incubator_cpp_pkg_interfaces/incubator_cpp_pkg_interfaces/msg/detail/kalman_predictioni__rosidl_typesupport_fastrtps_cpp.hpp
[0.837s] -- Up-to-date: /home/thompson/incubator_ws/install/incubator_cpp_pkg_interfaces/include/incubator_cpp_pkg_interfaces/incubator_cpp_pkg_interfaces/msg/detail/empty__rosidl_typesupport_fastrtps_cpp.hpp
[0.837s] -- Up-to-date: /home/thompson/incubator_ws/install/incubator_cpp_pkg_interfaces/include/incubator_cpp_pkg_interfaces/incubator_cpp_pkg_interfaces/msg/detail/dds_fastrtps
[0.837s] -- Up-to-date: /home/thompson/incubator_ws/install/incubator_cpp_pkg_interfaces/include/incubator_cpp_pkg_interfaces/incubator_cpp_pkg_interfaces/msg/detail/controller_state__rosidl_typesupport_fastrtps_cpp.hpp
[0.837s] -- Up-to-date: /home/thompson/incubator_ws/install/incubator_cpp_pkg_interfaces/include/incubator_cpp_pkg_interfaces/incubator_cpp_pkg_interfaces/msg/detail/boolean__rosidl_typesupport_fastrtps_cpp.hpp
[0.837s] -- Up-to-date: /home/thompson/incubator_ws/install/incubator_cpp_pkg_interfaces/include/incubator_cpp_pkg_interfaces/incubator_cpp_pkg_interfaces/msg/rosidl_typesupport_fastrtps_cpp__visibility_control.h
[0.837s] -- Up-to-date: /home/thompson/incubator_ws/install/incubator_cpp_pkg_interfaces/lib/libincubator_cpp_pkg_interfaces__rosidl_typesupport_fastrtps_cpp.so
[0.837s] -- Up-to-date: /home/thompson/incubator_ws/install/incubator_cpp_pkg_interfaces/include/incubator_cpp_pkg_interfaces/incubator_cpp_pkg_interfaces
[0.837s] -- Up-to-date: /home/thompson/incubator_ws/install/incubator_cpp_pkg_interfaces/include/incubator_cpp_pkg_interfaces/incubator_cpp_pkg_interfaces/msg
[0.838s] -- Up-to-date: /home/thompson/incubator_ws/install/incubator_cpp_pkg_interfaces/include/incubator_cpp_pkg_interfaces/incubator_cpp_pkg_interfaces/msg/detail
[0.838s] -- Up-to-date: /home/thompson/incubator_ws/install/incubator_cpp_pkg_interfaces/include/incubator_cpp_pkg_interfaces/incubator_cpp_pkg_interfaces/msg/detail/boolean__type_support.cpp
[0.838s] -- Up-to-date: /home/thompson/incubator_ws/install/incubator_cpp_pkg_interfaces/include/incubator_cpp_pkg_interfaces/incubator_cpp_pkg_interfaces/msg/detail/boolean__rosidl_typesupport_introspection_cpp.hpp
[0.838s] -- Up-to-date: /home/thompson/incubator_ws/install/incubator_cpp_pkg_interfaces/include/incubator_cpp_pkg_interfaces/incubator_cpp_pkg_interfaces/msg/detail/device_statei__type_support.cpp
[0.838s] -- Up-to-date: /home/thompson/incubator_ws/install/incubator_cpp_pkg_interfaces/include/incubator_cpp_pkg_interfaces/incubator_cpp_pkg_interfaces/msg/detail/empty__rosidl_typesupport_introspection_cpp.hpp
[0.838s] -- Up-to-date: /home/thompson/incubator_ws/install/incubator_cpp_pkg_interfaces/include/incubator_cpp_pkg_interfaces/incubator_cpp_pkg_interfaces/msg/detail/device_statei__rosidl_typesupport_introspection_cpp.hpp
[0.838s] -- Up-to-date: /home/thompson/incubator_ws/install/incubator_cpp_pkg_interfaces/include/incubator_cpp_pkg_interfaces/incubator_cpp_pkg_interfaces/msg/detail/secondsi__rosidl_typesupport_introspection_cpp.hpp
[0.838s] -- Up-to-date: /home/thompson/incubator_ws/install/incubator_cpp_pkg_interfaces/include/incubator_cpp_pkg_interfaces/incubator_cpp_pkg_interfaces/msg/detail/closed_loop_param_updatesi__rosidl_typesupport_introspection_cpp.hpp
[0.838s] -- Up-to-date: /home/thompson/incubator_ws/install/incubator_cpp_pkg_interfaces/include/incubator_cpp_pkg_interfaces/incubator_cpp_pkg_interfaces/msg/detail/controller_state__type_support.cpp
[0.838s] -- Up-to-date: /home/thompson/incubator_ws/install/incubator_cpp_pkg_interfaces/include/incubator_cpp_pkg_interfaces/incubator_cpp_pkg_interfaces/msg/detail/degrees_ci__type_support.cpp
[0.838s] -- Up-to-date: /home/thompson/incubator_ws/install/incubator_cpp_pkg_interfaces/include/incubator_cpp_pkg_interfaces/incubator_cpp_pkg_interfaces/msg/detail/controller_state__rosidl_typesupport_introspection_cpp.hpp
[0.838s] -- Up-to-date: /home/thompson/incubator_ws/install/incubator_cpp_pkg_interfaces/include/incubator_cpp_pkg_interfaces/incubator_cpp_pkg_interfaces/msg/detail/kalman_predictioni__type_support.cpp
[0.838s] -- Up-to-date: /home/thompson/incubator_ws/install/incubator_cpp_pkg_interfaces/include/incubator_cpp_pkg_interfaces/incubator_cpp_pkg_interfaces/msg/detail/controller_statusi__type_support.cpp
[0.838s] -- Up-to-date: /home/thompson/incubator_ws/install/incubator_cpp_pkg_interfaces/include/incubator_cpp_pkg_interfaces/incubator_cpp_pkg_interfaces/msg/detail/integer64__rosidl_typesupport_introspection_cpp.hpp
[0.838s] -- Up-to-date: /home/thompson/incubator_ws/install/incubator_cpp_pkg_interfaces/include/incubator_cpp_pkg_interfaces/incubator_cpp_pkg_interfaces/msg/detail/float32__type_support.cpp
[0.838s] -- Up-to-date: /home/thompson/incubator_ws/install/incubator_cpp_pkg_interfaces/include/incubator_cpp_pkg_interfaces/incubator_cpp_pkg_interfaces/msg/detail/float32__rosidl_typesupport_introspection_cpp.hpp
[0.838s] -- Up-to-date: /home/thompson/incubator_ws/install/incubator_cpp_pkg_interfaces/include/incubator_cpp_pkg_interfaces/incubator_cpp_pkg_interfaces/msg/detail/empty__type_support.cpp
[0.838s] -- Up-to-date: /home/thompson/incubator_ws/install/incubator_cpp_pkg_interfaces/include/incubator_cpp_pkg_interfaces/incubator_cpp_pkg_interfaces/msg/detail/secondsi__type_support.cpp
[0.839s] -- Up-to-date: /home/thompson/incubator_ws/install/incubator_cpp_pkg_interfaces/include/incubator_cpp_pkg_interfaces/incubator_cpp_pkg_interfaces/msg/detail/integer64__type_support.cpp
[0.839s] -- Up-to-date: /home/thompson/incubator_ws/install/incubator_cpp_pkg_interfaces/include/incubator_cpp_pkg_interfaces/incubator_cpp_pkg_interfaces/msg/detail/kalman_predictioni__rosidl_typesupport_introspection_cpp.hpp
[0.839s] -- Up-to-date: /home/thompson/incubator_ws/install/incubator_cpp_pkg_interfaces/include/incubator_cpp_pkg_interfaces/incubator_cpp_pkg_interfaces/msg/detail/controller_statusi__rosidl_typesupport_introspection_cpp.hpp
[0.839s] -- Up-to-date: /home/thompson/incubator_ws/install/incubator_cpp_pkg_interfaces/include/incubator_cpp_pkg_interfaces/incubator_cpp_pkg_interfaces/msg/detail/closed_loop_param_updatesi__type_support.cpp
[0.839s] -- Up-to-date: /home/thompson/incubator_ws/install/incubator_cpp_pkg_interfaces/include/incubator_cpp_pkg_interfaces/incubator_cpp_pkg_interfaces/msg/detail/degrees_ci__rosidl_typesupport_introspection_cpp.hpp
[0.839s] -- Up-to-date: /home/thompson/incubator_ws/install/incubator_cpp_pkg_interfaces/lib/libincubator_cpp_pkg_interfaces__rosidl_typesupport_introspection_cpp.so
[0.839s] -- Up-to-date: /home/thompson/incubator_ws/install/incubator_cpp_pkg_interfaces/lib/libincubator_cpp_pkg_interfaces__rosidl_typesupport_cpp.so
[0.839s] -- Up-to-date: /home/thompson/incubator_ws/install/incubator_cpp_pkg_interfaces/share/incubator_cpp_pkg_interfaces/environment/pythonpath.sh
[0.839s] -- Up-to-date: /home/thompson/incubator_ws/install/incubator_cpp_pkg_interfaces/share/incubator_cpp_pkg_interfaces/environment/pythonpath.dsv
[0.839s] -- Up-to-date: /home/thompson/incubator_ws/install/incubator_cpp_pkg_interfaces/local/lib/python3.10/dist-packages/incubator_cpp_pkg_interfaces-0.0.0-py3.10.egg-info
[0.839s] -- Installing: /home/thompson/incubator_ws/install/incubator_cpp_pkg_interfaces/local/lib/python3.10/dist-packages/incubator_cpp_pkg_interfaces-0.0.0-py3.10.egg-info/SOURCES.txt
[0.839s] -- Installing: /home/thompson/incubator_ws/install/incubator_cpp_pkg_interfaces/local/lib/python3.10/dist-packages/incubator_cpp_pkg_interfaces-0.0.0-py3.10.egg-info/dependency_links.txt
[0.839s] -- Installing: /home/thompson/incubator_ws/install/incubator_cpp_pkg_interfaces/local/lib/python3.10/dist-packages/incubator_cpp_pkg_interfaces-0.0.0-py3.10.egg-info/PKG-INFO
[0.839s] -- Installing: /home/thompson/incubator_ws/install/incubator_cpp_pkg_interfaces/local/lib/python3.10/dist-packages/incubator_cpp_pkg_interfaces-0.0.0-py3.10.egg-info/top_level.txt
[0.839s] -- Up-to-date: /home/thompson/incubator_ws/install/incubator_cpp_pkg_interfaces/local/lib/python3.10/dist-packages/incubator_cpp_pkg_interfaces
[0.839s] -- Up-to-date: /home/thompson/incubator_ws/install/incubator_cpp_pkg_interfaces/local/lib/python3.10/dist-packages/incubator_cpp_pkg_interfaces/__init__.py
[0.839s] -- Up-to-date: /home/thompson/incubator_ws/install/incubator_cpp_pkg_interfaces/local/lib/python3.10/dist-packages/incubator_cpp_pkg_interfaces/_incubator_cpp_pkg_interfaces_s.ep.rosidl_typesupport_c.c
[0.840s] -- Up-to-date: /home/thompson/incubator_ws/install/incubator_cpp_pkg_interfaces/local/lib/python3.10/dist-packages/incubator_cpp_pkg_interfaces/_incubator_cpp_pkg_interfaces_s.ep.rosidl_typesupport_fastrtps_c.c
[0.840s] -- Up-to-date: /home/thompson/incubator_ws/install/incubator_cpp_pkg_interfaces/local/lib/python3.10/dist-packages/incubator_cpp_pkg_interfaces/libincubator_cpp_pkg_interfaces__rosidl_generator_py.so
[0.840s] -- Up-to-date: /home/thompson/incubator_ws/install/incubator_cpp_pkg_interfaces/local/lib/python3.10/dist-packages/incubator_cpp_pkg_interfaces/_incubator_cpp_pkg_interfaces_s.ep.rosidl_typesupport_introspection_c.c
[0.840s] -- Up-to-date: /home/thompson/incubator_ws/install/incubator_cpp_pkg_interfaces/local/lib/python3.10/dist-packages/incubator_cpp_pkg_interfaces/incubator_cpp_pkg_interfaces_s__rosidl_typesupport_c.cpython-310-x86_64-linux-gnu.so
[0.840s] -- Up-to-date: /home/thompson/incubator_ws/install/incubator_cpp_pkg_interfaces/local/lib/python3.10/dist-packages/incubator_cpp_pkg_interfaces/incubator_cpp_pkg_interfaces_s__rosidl_typesupport_fastrtps_c.cpython-310-x86_64-linux-gnu.so
[0.840s] -- Up-to-date: /home/thompson/incubator_ws/install/incubator_cpp_pkg_interfaces/local/lib/python3.10/dist-packages/incubator_cpp_pkg_interfaces/msg
[0.840s] -- Up-to-date: /home/thompson/incubator_ws/install/incubator_cpp_pkg_interfaces/local/lib/python3.10/dist-packages/incubator_cpp_pkg_interfaces/msg/_integer64_s.c
[0.840s] -- Up-to-date: /home/thompson/incubator_ws/install/incubator_cpp_pkg_interfaces/local/lib/python3.10/dist-packages/incubator_cpp_pkg_interfaces/msg/__init__.py
[0.840s] -- Up-to-date: /home/thompson/incubator_ws/install/incubator_cpp_pkg_interfaces/local/lib/python3.10/dist-packages/incubator_cpp_pkg_interfaces/msg/_empty_s.c
[0.840s] -- Up-to-date: /home/thompson/incubator_ws/install/incubator_cpp_pkg_interfaces/local/lib/python3.10/dist-packages/incubator_cpp_pkg_interfaces/msg/_controller_statusi_s.c
[0.840s] -- Up-to-date: /home/thompson/incubator_ws/install/incubator_cpp_pkg_interfaces/local/lib/python3.10/dist-packages/incubator_cpp_pkg_interfaces/msg/_closed_loop_param_updatesi.py
[0.840s] -- Up-to-date: /home/thompson/incubator_ws/install/incubator_cpp_pkg_interfaces/local/lib/python3.10/dist-packages/incubator_cpp_pkg_interfaces/msg/_kalman_predictioni.py
[0.840s] -- Up-to-date: /home/thompson/incubator_ws/install/incubator_cpp_pkg_interfaces/local/lib/python3.10/dist-packages/incubator_cpp_pkg_interfaces/msg/_controller_state.py
[0.840s] -- Up-to-date: /home/thompson/incubator_ws/install/incubator_cpp_pkg_interfaces/local/lib/python3.10/dist-packages/incubator_cpp_pkg_interfaces/msg/_kalman_predictioni_s.c
[0.840s] -- Up-to-date: /home/thompson/incubator_ws/install/incubator_cpp_pkg_interfaces/local/lib/python3.10/dist-packages/incubator_cpp_pkg_interfaces/msg/_secondsi.py
[0.840s] -- Up-to-date: /home/thompson/incubator_ws/install/incubator_cpp_pkg_interfaces/local/lib/python3.10/dist-packages/incubator_cpp_pkg_interfaces/msg/_boolean.py
[0.840s] -- Up-to-date: /home/thompson/incubator_ws/install/incubator_cpp_pkg_interfaces/local/lib/python3.10/dist-packages/incubator_cpp_pkg_interfaces/msg/_secondsi_s.c
[0.840s] -- Up-to-date: /home/thompson/incubator_ws/install/incubator_cpp_pkg_interfaces/local/lib/python3.10/dist-packages/incubator_cpp_pkg_interfaces/msg/_closed_loop_param_updatesi_s.c
[0.840s] -- Up-to-date: /home/thompson/incubator_ws/install/incubator_cpp_pkg_interfaces/local/lib/python3.10/dist-packages/incubator_cpp_pkg_interfaces/msg/_integer64.py
[0.840s] -- Up-to-date: /home/thompson/incubator_ws/install/incubator_cpp_pkg_interfaces/local/lib/python3.10/dist-packages/incubator_cpp_pkg_interfaces/msg/_controller_statusi.py
[0.841s] -- Up-to-date: /home/thompson/incubator_ws/install/incubator_cpp_pkg_interfaces/local/lib/python3.10/dist-packages/incubator_cpp_pkg_interfaces/msg/_degrees_ci.py
[0.841s] -- Up-to-date: /home/thompson/incubator_ws/install/incubator_cpp_pkg_interfaces/local/lib/python3.10/dist-packages/incubator_cpp_pkg_interfaces/msg/_float32_s.c
[0.841s] -- Up-to-date: /home/thompson/incubator_ws/install/incubator_cpp_pkg_interfaces/local/lib/python3.10/dist-packages/incubator_cpp_pkg_interfaces/msg/_degrees_ci_s.c
[0.841s] -- Up-to-date: /home/thompson/incubator_ws/install/incubator_cpp_pkg_interfaces/local/lib/python3.10/dist-packages/incubator_cpp_pkg_interfaces/msg/_boolean_s.c
[0.841s] -- Up-to-date: /home/thompson/incubator_ws/install/incubator_cpp_pkg_interfaces/local/lib/python3.10/dist-packages/incubator_cpp_pkg_interfaces/msg/_empty.py
[0.841s] -- Up-to-date: /home/thompson/incubator_ws/install/incubator_cpp_pkg_interfaces/local/lib/python3.10/dist-packages/incubator_cpp_pkg_interfaces/msg/_device_statei_s.c
[0.841s] -- Up-to-date: /home/thompson/incubator_ws/install/incubator_cpp_pkg_interfaces/local/lib/python3.10/dist-packages/incubator_cpp_pkg_interfaces/msg/_device_statei.py
[0.841s] -- Up-to-date: /home/thompson/incubator_ws/install/incubator_cpp_pkg_interfaces/local/lib/python3.10/dist-packages/incubator_cpp_pkg_interfaces/msg/_controller_state_s.c
[0.841s] -- Up-to-date: /home/thompson/incubator_ws/install/incubator_cpp_pkg_interfaces/local/lib/python3.10/dist-packages/incubator_cpp_pkg_interfaces/msg/_float32.py
[0.841s] -- Up-to-date: /home/thompson/incubator_ws/install/incubator_cpp_pkg_interfaces/local/lib/python3.10/dist-packages/incubator_cpp_pkg_interfaces/incubator_cpp_pkg_interfaces_s__rosidl_typesupport_introspection_c.cpython-310-x86_64-linux-gnu.so
[0.866s] Listing '/home/thompson/incubator_ws/install/incubator_cpp_pkg_interfaces/local/lib/python3.10/dist-packages/incubator_cpp_pkg_interfaces'...
[0.866s] Listing '/home/thompson/incubator_ws/install/incubator_cpp_pkg_interfaces/local/lib/python3.10/dist-packages/incubator_cpp_pkg_interfaces/msg'...
[0.870s] -- Up-to-date: /home/thompson/incubator_ws/install/incubator_cpp_pkg_interfaces/local/lib/python3.10/dist-packages/incubator_cpp_pkg_interfaces/incubator_cpp_pkg_interfaces_s__rosidl_typesupport_fastrtps_c.cpython-310-x86_64-linux-gnu.so
[0.872s] -- Up-to-date: /home/thompson/incubator_ws/install/incubator_cpp_pkg_interfaces/local/lib/python3.10/dist-packages/incubator_cpp_pkg_interfaces/incubator_cpp_pkg_interfaces_s__rosidl_typesupport_introspection_c.cpython-310-x86_64-linux-gnu.so
[0.873s] -- Up-to-date: /home/thompson/incubator_ws/install/incubator_cpp_pkg_interfaces/local/lib/python3.10/dist-packages/incubator_cpp_pkg_interfaces/incubator_cpp_pkg_interfaces_s__rosidl_typesupport_c.cpython-310-x86_64-linux-gnu.so
[0.874s] -- Up-to-date: /home/thompson/incubator_ws/install/incubator_cpp_pkg_interfaces/lib/libincubator_cpp_pkg_interfaces__rosidl_generator_py.so
[0.874s] -- Up-to-date: /home/thompson/incubator_ws/install/incubator_cpp_pkg_interfaces/share/incubator_cpp_pkg_interfaces/msg/Float32.idl
[0.874s] -- Up-to-date: /home/thompson/incubator_ws/install/incubator_cpp_pkg_interfaces/share/incubator_cpp_pkg_interfaces/msg/DegreesCi.idl
[0.874s] -- Up-to-date: /home/thompson/incubator_ws/install/incubator_cpp_pkg_interfaces/share/incubator_cpp_pkg_interfaces/msg/ClosedLoopParamUpdatesi.idl
[0.874s] -- Up-to-date: /home/thompson/incubator_ws/install/incubator_cpp_pkg_interfaces/share/incubator_cpp_pkg_interfaces/msg/Integer64.idl
[0.874s] -- Up-to-date: /home/thompson/incubator_ws/install/incubator_cpp_pkg_interfaces/share/incubator_cpp_pkg_interfaces/msg/Secondsi.idl
[0.875s] -- Up-to-date: /home/thompson/incubator_ws/install/incubator_cpp_pkg_interfaces/share/incubator_cpp_pkg_interfaces/msg/Boolean.idl
[0.875s] -- Up-to-date: /home/thompson/incubator_ws/install/incubator_cpp_pkg_interfaces/share/incubator_cpp_pkg_interfaces/msg/DeviceStatei.idl
[0.875s] -- Up-to-date: /home/thompson/incubator_ws/install/incubator_cpp_pkg_interfaces/share/incubator_cpp_pkg_interfaces/msg/ControllerState.idl
[0.875s] -- Up-to-date: /home/thompson/incubator_ws/install/incubator_cpp_pkg_interfaces/share/incubator_cpp_pkg_interfaces/msg/ControllerStatusi.idl
[0.875s] -- Up-to-date: /home/thompson/incubator_ws/install/incubator_cpp_pkg_interfaces/share/incubator_cpp_pkg_interfaces/msg/KalmanPredictioni.idl
[0.875s] -- Up-to-date: /home/thompson/incubator_ws/install/incubator_cpp_pkg_interfaces/share/incubator_cpp_pkg_interfaces/msg/Empty.idl
[0.875s] -- Up-to-date: /home/thompson/incubator_ws/install/incubator_cpp_pkg_interfaces/share/incubator_cpp_pkg_interfaces/msg/Float32.msg
[0.875s] -- Up-to-date: /home/thompson/incubator_ws/install/incubator_cpp_pkg_interfaces/share/incubator_cpp_pkg_interfaces/msg/DegreesCi.msg
[0.876s] -- Up-to-date: /home/thompson/incubator_ws/install/incubator_cpp_pkg_interfaces/share/incubator_cpp_pkg_interfaces/msg/ClosedLoopParamUpdatesi.msg
[0.876s] -- Up-to-date: /home/thompson/incubator_ws/install/incubator_cpp_pkg_interfaces/share/incubator_cpp_pkg_interfaces/msg/Integer64.msg
[0.876s] -- Up-to-date: /home/thompson/incubator_ws/install/incubator_cpp_pkg_interfaces/share/incubator_cpp_pkg_interfaces/msg/Secondsi.msg
[0.876s] -- Up-to-date: /home/thompson/incubator_ws/install/incubator_cpp_pkg_interfaces/share/incubator_cpp_pkg_interfaces/msg/Boolean.msg
[0.876s] -- Up-to-date: /home/thompson/incubator_ws/install/incubator_cpp_pkg_interfaces/share/incubator_cpp_pkg_interfaces/msg/DeviceStatei.msg
[0.876s] -- Up-to-date: /home/thompson/incubator_ws/install/incubator_cpp_pkg_interfaces/share/incubator_cpp_pkg_interfaces/msg/ControllerState.msg
[0.876s] -- Up-to-date: /home/thompson/incubator_ws/install/incubator_cpp_pkg_interfaces/share/incubator_cpp_pkg_interfaces/msg/ControllerStatusi.msg
[0.877s] -- Up-to-date: /home/thompson/incubator_ws/install/incubator_cpp_pkg_interfaces/share/incubator_cpp_pkg_interfaces/msg/KalmanPredictioni.msg
[0.877s] -- Up-to-date: /home/thompson/incubator_ws/install/incubator_cpp_pkg_interfaces/share/incubator_cpp_pkg_interfaces/msg/Empty.msg
[0.877s] -- Up-to-date: /home/thompson/incubator_ws/install/incubator_cpp_pkg_interfaces/share/ament_index/resource_index/package_run_dependencies/incubator_cpp_pkg_interfaces
[0.877s] -- Up-to-date: /home/thompson/incubator_ws/install/incubator_cpp_pkg_interfaces/share/ament_index/resource_index/parent_prefix_path/incubator_cpp_pkg_interfaces
[0.877s] -- Up-to-date: /home/thompson/incubator_ws/install/incubator_cpp_pkg_interfaces/share/incubator_cpp_pkg_interfaces/environment/ament_prefix_path.sh
[0.878s] -- Up-to-date: /home/thompson/incubator_ws/install/incubator_cpp_pkg_interfaces/share/incubator_cpp_pkg_interfaces/environment/ament_prefix_path.dsv
[0.878s] -- Up-to-date: /home/thompson/incubator_ws/install/incubator_cpp_pkg_interfaces/share/incubator_cpp_pkg_interfaces/environment/path.sh
[0.878s] -- Up-to-date: /home/thompson/incubator_ws/install/incubator_cpp_pkg_interfaces/share/incubator_cpp_pkg_interfaces/environment/path.dsv
[0.878s] -- Up-to-date: /home/thompson/incubator_ws/install/incubator_cpp_pkg_interfaces/share/incubator_cpp_pkg_interfaces/local_setup.bash
[0.878s] -- Up-to-date: /home/thompson/incubator_ws/install/incubator_cpp_pkg_interfaces/share/incubator_cpp_pkg_interfaces/local_setup.sh
[0.878s] -- Up-to-date: /home/thompson/incubator_ws/install/incubator_cpp_pkg_interfaces/share/incubator_cpp_pkg_interfaces/local_setup.zsh
[0.878s] -- Up-to-date: /home/thompson/incubator_ws/install/incubator_cpp_pkg_interfaces/share/incubator_cpp_pkg_interfaces/local_setup.dsv
[0.878s] -- Installing: /home/thompson/incubator_ws/install/incubator_cpp_pkg_interfaces/share/incubator_cpp_pkg_interfaces/package.dsv
[0.878s] -- Up-to-date: /home/thompson/incubator_ws/install/incubator_cpp_pkg_interfaces/share/ament_index/resource_index/packages/incubator_cpp_pkg_interfaces
[0.879s] -- Up-to-date: /home/thompson/incubator_ws/install/incubator_cpp_pkg_interfaces/share/incubator_cpp_pkg_interfaces/cmake/export_incubator_cpp_pkg_interfaces__rosidl_generator_cExport.cmake
[0.879s] -- Up-to-date: /home/thompson/incubator_ws/install/incubator_cpp_pkg_interfaces/share/incubator_cpp_pkg_interfaces/cmake/export_incubator_cpp_pkg_interfaces__rosidl_generator_cExport-noconfig.cmake
[0.880s] -- Up-to-date: /home/thompson/incubator_ws/install/incubator_cpp_pkg_interfaces/share/incubator_cpp_pkg_interfaces/cmake/export_incubator_cpp_pkg_interfaces__rosidl_typesupport_fastrtps_cExport.cmake
[0.880s] -- Up-to-date: /home/thompson/incubator_ws/install/incubator_cpp_pkg_interfaces/share/incubator_cpp_pkg_interfaces/cmake/export_incubator_cpp_pkg_interfaces__rosidl_typesupport_fastrtps_cExport-noconfig.cmake
[0.881s] -- Up-to-date: /home/thompson/incubator_ws/install/incubator_cpp_pkg_interfaces/share/incubator_cpp_pkg_interfaces/cmake/incubator_cpp_pkg_interfaces__rosidl_typesupport_introspection_cExport.cmake
[0.881s] -- Up-to-date: /home/thompson/incubator_ws/install/incubator_cpp_pkg_interfaces/share/incubator_cpp_pkg_interfaces/cmake/incubator_cpp_pkg_interfaces__rosidl_typesupport_introspection_cExport-noconfig.cmake
[0.883s] -- Up-to-date: /home/thompson/incubator_ws/install/incubator_cpp_pkg_interfaces/share/incubator_cpp_pkg_interfaces/cmake/incubator_cpp_pkg_interfaces__rosidl_typesupport_cExport.cmake
[0.883s] -- Up-to-date: /home/thompson/incubator_ws/install/incubator_cpp_pkg_interfaces/share/incubator_cpp_pkg_interfaces/cmake/incubator_cpp_pkg_interfaces__rosidl_typesupport_cExport-noconfig.cmake
[0.884s] -- Up-to-date: /home/thompson/incubator_ws/install/incubator_cpp_pkg_interfaces/share/incubator_cpp_pkg_interfaces/cmake/export_incubator_cpp_pkg_interfaces__rosidl_generator_cppExport.cmake
[0.885s] -- Up-to-date: /home/thompson/incubator_ws/install/incubator_cpp_pkg_interfaces/share/incubator_cpp_pkg_interfaces/cmake/export_incubator_cpp_pkg_interfaces__rosidl_typesupport_fastrtps_cppExport.cmake
[0.885s] -- Up-to-date: /home/thompson/incubator_ws/install/incubator_cpp_pkg_interfaces/share/incubator_cpp_pkg_interfaces/cmake/export_incubator_cpp_pkg_interfaces__rosidl_typesupport_fastrtps_cppExport-noconfig.cmake
[0.886s] -- Up-to-date: /home/thompson/incubator_ws/install/incubator_cpp_pkg_interfaces/share/incubator_cpp_pkg_interfaces/cmake/incubator_cpp_pkg_interfaces__rosidl_typesupport_introspection_cppExport.cmake
[0.886s] -- Up-to-date: /home/thompson/incubator_ws/install/incubator_cpp_pkg_interfaces/share/incubator_cpp_pkg_interfaces/cmake/incubator_cpp_pkg_interfaces__rosidl_typesupport_introspection_cppExport-noconfig.cmake
[0.887s] -- Up-to-date: /home/thompson/incubator_ws/install/incubator_cpp_pkg_interfaces/share/incubator_cpp_pkg_interfaces/cmake/incubator_cpp_pkg_interfaces__rosidl_typesupport_cppExport.cmake
[0.887s] -- Up-to-date: /home/thompson/incubator_ws/install/incubator_cpp_pkg_interfaces/share/incubator_cpp_pkg_interfaces/cmake/incubator_cpp_pkg_interfaces__rosidl_typesupport_cppExport-noconfig.cmake
[0.888s] -- Up-to-date: /home/thompson/incubator_ws/install/incubator_cpp_pkg_interfaces/share/incubator_cpp_pkg_interfaces/cmake/export_incubator_cpp_pkg_interfaces__rosidl_generator_pyExport.cmake
[0.888s] -- Up-to-date: /home/thompson/incubator_ws/install/incubator_cpp_pkg_interfaces/share/incubator_cpp_pkg_interfaces/cmake/export_incubator_cpp_pkg_interfaces__rosidl_generator_pyExport-noconfig.cmake
[0.889s] -- Up-to-date: /home/thompson/incubator_ws/install/incubator_cpp_pkg_interfaces/share/incubator_cpp_pkg_interfaces/cmake/rosidl_cmake-extras.cmake
[0.889s] -- Up-to-date: /home/thompson/incubator_ws/install/incubator_cpp_pkg_interfaces/share/incubator_cpp_pkg_interfaces/cmake/ament_cmake_export_include_directories-extras.cmake
[0.889s] -- Up-to-date: /home/thompson/incubator_ws/install/incubator_cpp_pkg_interfaces/share/incubator_cpp_pkg_interfaces/cmake/ament_cmake_export_libraries-extras.cmake
[0.889s] -- Up-to-date: /home/thompson/incubator_ws/install/incubator_cpp_pkg_interfaces/share/incubator_cpp_pkg_interfaces/cmake/ament_cmake_export_targets-extras.cmake
[0.889s] -- Up-to-date: /home/thompson/incubator_ws/install/incubator_cpp_pkg_interfaces/share/incubator_cpp_pkg_interfaces/cmake/rosidl_cmake_export_typesupport_targets-extras.cmake
[0.889s] -- Up-to-date: /home/thompson/incubator_ws/install/incubator_cpp_pkg_interfaces/share/incubator_cpp_pkg_interfaces/cmake/ament_cmake_export_dependencies-extras.cmake
[0.889s] -- Up-to-date: /home/thompson/incubator_ws/install/incubator_cpp_pkg_interfaces/share/incubator_cpp_pkg_interfaces/cmake/rosidl_cmake_export_typesupport_libraries-extras.cmake
[0.889s] -- Up-to-date: /home/thompson/incubator_ws/install/incubator_cpp_pkg_interfaces/share/incubator_cpp_pkg_interfaces/cmake/incubator_cpp_pkg_interfacesConfig.cmake
[0.889s] -- Up-to-date: /home/thompson/incubator_ws/install/incubator_cpp_pkg_interfaces/share/incubator_cpp_pkg_interfaces/cmake/incubator_cpp_pkg_interfacesConfig-version.cmake
[0.889s] -- Up-to-date: /home/thompson/incubator_ws/install/incubator_cpp_pkg_interfaces/share/incubator_cpp_pkg_interfaces/package.xml
[0.892s] Invoked command in '/home/thompson/incubator_ws/build/incubator_cpp_pkg_interfaces' returned '0': CMAKE_PREFIX_PATH=/opt/ros/humble /usr/bin/cmake --install /home/thompson/incubator_ws/build/incubator_cpp_pkg_interfaces
