[0.104s] DEBUG:colcon:Command line arguments: ['/usr/bin/colcon', 'build']
[0.104s] DEBUG:colcon:Parsed command line arguments: Namespace(log_base=None, log_level=None, verb_name='build', build_base='build', install_base='install', merge_install=False, symlink_install=False, test_result_base=None, continue_on_error=False, executor='parallel', parallel_workers=7, event_handlers=None, ignore_user_meta=False, metas=['./colcon.meta'], base_paths=['.'], packages_ignore=None, packages_ignore_regex=None, paths=None, packages_up_to=None, packages_up_to_regex=None, packages_above=None, packages_above_and_dependencies=None, packages_above_depth=None, packages_select_by_dep=None, packages_skip_by_dep=None, packages_skip_up_to=None, packages_select_build_failed=False, packages_skip_build_finished=False, packages_select_test_failures=False, packages_skip_test_passed=False, packages_select=None, packages_skip=None, packages_select_regex=None, packages_skip_regex=None, packages_start=None, packages_end=None, allow_overriding=[], cmake_args=None, cmake_target=None, cmake_target_skip_unavailable=False, cmake_clean_cache=False, cmake_clean_first=False, cmake_force_configure=False, ament_cmake_args=None, catkin_cmake_args=None, catkin_skip_building_tests=False, verb_parser=<colcon_defaults.argument_parser.defaults.DefaultArgumentsDecorator object at 0x7343b19d07c0>, verb_extension=<colcon_core.verb.build.BuildVerb object at 0x7343b19d0250>, main=<bound method BuildVerb.main of <colcon_core.verb.build.BuildVerb object at 0x7343b19d0250>>)
[0.246s] Level 1:colcon.colcon_core.package_discovery:discover_packages(colcon_meta) check parameters
[0.246s] Level 1:colcon.colcon_core.package_discovery:discover_packages(recursive) check parameters
[0.246s] Level 1:colcon.colcon_core.package_discovery:discover_packages(ignore) check parameters
[0.246s] Level 1:colcon.colcon_core.package_discovery:discover_packages(path) check parameters
[0.246s] Level 1:colcon.colcon_core.package_discovery:discover_packages(colcon_meta) discover
[0.247s] Level 1:colcon.colcon_core.package_discovery:discover_packages(recursive) discover
[0.247s] INFO:colcon.colcon_core.package_discovery:Crawling recursively for packages in '/home/thompson/incubator_ws'
[0.247s] Level 1:colcon.colcon_core.package_identification:_identify(.) by extensions ['ignore', 'ignore_ament_install']
[0.247s] Level 1:colcon.colcon_core.package_identification:_identify(.) by extension 'ignore'
[0.248s] Level 1:colcon.colcon_core.package_identification:_identify(.) by extension 'ignore_ament_install'
[0.248s] Level 1:colcon.colcon_core.package_identification:_identify(.) by extensions ['colcon_pkg']
[0.248s] Level 1:colcon.colcon_core.package_identification:_identify(.) by extension 'colcon_pkg'
[0.248s] Level 1:colcon.colcon_core.package_identification:_identify(.) by extensions ['colcon_meta']
[0.248s] Level 1:colcon.colcon_core.package_identification:_identify(.) by extension 'colcon_meta'
[0.248s] Level 1:colcon.colcon_core.package_identification:_identify(.) by extensions ['ros']
[0.248s] Level 1:colcon.colcon_core.package_identification:_identify(.) by extension 'ros'
[0.260s] Level 1:colcon.colcon_core.package_identification:_identify(.) by extensions ['cmake', 'python']
[0.260s] Level 1:colcon.colcon_core.package_identification:_identify(.) by extension 'cmake'
[0.260s] Level 1:colcon.colcon_core.package_identification:_identify(.) by extension 'python'
[0.260s] Level 1:colcon.colcon_core.package_identification:_identify(.) by extensions ['python_setup_py']
[0.260s] Level 1:colcon.colcon_core.package_identification:_identify(.) by extension 'python_setup_py'
[0.260s] Level 1:colcon.colcon_core.package_identification:_identify(build) by extensions ['ignore', 'ignore_ament_install']
[0.260s] Level 1:colcon.colcon_core.package_identification:_identify(build) by extension 'ignore'
[0.260s] Level 1:colcon.colcon_core.package_identification:_identify(build) ignored
[0.261s] Level 1:colcon.colcon_core.package_identification:_identify(install) by extensions ['ignore', 'ignore_ament_install']
[0.261s] Level 1:colcon.colcon_core.package_identification:_identify(install) by extension 'ignore'
[0.261s] Level 1:colcon.colcon_core.package_identification:_identify(install) ignored
[0.261s] Level 1:colcon.colcon_core.package_identification:_identify(log) by extensions ['ignore', 'ignore_ament_install']
[0.261s] Level 1:colcon.colcon_core.package_identification:_identify(log) by extension 'ignore'
[0.261s] Level 1:colcon.colcon_core.package_identification:_identify(log) ignored
[0.262s] Level 1:colcon.colcon_core.package_identification:_identify(src) by extensions ['ignore', 'ignore_ament_install']
[0.262s] Level 1:colcon.colcon_core.package_identification:_identify(src) by extension 'ignore'
[0.262s] Level 1:colcon.colcon_core.package_identification:_identify(src) by extension 'ignore_ament_install'
[0.262s] Level 1:colcon.colcon_core.package_identification:_identify(src) by extensions ['colcon_pkg']
[0.262s] Level 1:colcon.colcon_core.package_identification:_identify(src) by extension 'colcon_pkg'
[0.262s] Level 1:colcon.colcon_core.package_identification:_identify(src) by extensions ['colcon_meta']
[0.262s] Level 1:colcon.colcon_core.package_identification:_identify(src) by extension 'colcon_meta'
[0.262s] Level 1:colcon.colcon_core.package_identification:_identify(src) by extensions ['ros']
[0.262s] Level 1:colcon.colcon_core.package_identification:_identify(src) by extension 'ros'
[0.262s] Level 1:colcon.colcon_core.package_identification:_identify(src) by extensions ['cmake', 'python']
[0.262s] Level 1:colcon.colcon_core.package_identification:_identify(src) by extension 'cmake'
[0.262s] Level 1:colcon.colcon_core.package_identification:_identify(src) by extension 'python'
[0.262s] Level 1:colcon.colcon_core.package_identification:_identify(src) by extensions ['python_setup_py']
[0.262s] Level 1:colcon.colcon_core.package_identification:_identify(src) by extension 'python_setup_py'
[0.262s] Level 1:colcon.colcon_core.package_identification:_identify(src/incubator_cpp_pkg) by extensions ['ignore', 'ignore_ament_install']
[0.262s] Level 1:colcon.colcon_core.package_identification:_identify(src/incubator_cpp_pkg) by extension 'ignore'
[0.262s] Level 1:colcon.colcon_core.package_identification:_identify(src/incubator_cpp_pkg) by extension 'ignore_ament_install'
[0.262s] Level 1:colcon.colcon_core.package_identification:_identify(src/incubator_cpp_pkg) by extensions ['colcon_pkg']
[0.262s] Level 1:colcon.colcon_core.package_identification:_identify(src/incubator_cpp_pkg) by extension 'colcon_pkg'
[0.263s] Level 1:colcon.colcon_core.package_identification:_identify(src/incubator_cpp_pkg) by extensions ['colcon_meta']
[0.263s] Level 1:colcon.colcon_core.package_identification:_identify(src/incubator_cpp_pkg) by extension 'colcon_meta'
[0.263s] Level 1:colcon.colcon_core.package_identification:_identify(src/incubator_cpp_pkg) by extensions ['ros']
[0.263s] Level 1:colcon.colcon_core.package_identification:_identify(src/incubator_cpp_pkg) by extension 'ros'
[0.265s] DEBUG:colcon.colcon_core.package_identification:Package 'src/incubator_cpp_pkg' with type 'ros.ament_cmake' and name 'incubator_cpp_pkg'
[0.265s] Level 1:colcon.colcon_core.package_identification:_identify(src/incubator_cpp_pkg_bringup) by extensions ['ignore', 'ignore_ament_install']
[0.265s] Level 1:colcon.colcon_core.package_identification:_identify(src/incubator_cpp_pkg_bringup) by extension 'ignore'
[0.265s] Level 1:colcon.colcon_core.package_identification:_identify(src/incubator_cpp_pkg_bringup) by extension 'ignore_ament_install'
[0.265s] Level 1:colcon.colcon_core.package_identification:_identify(src/incubator_cpp_pkg_bringup) by extensions ['colcon_pkg']
[0.265s] Level 1:colcon.colcon_core.package_identification:_identify(src/incubator_cpp_pkg_bringup) by extension 'colcon_pkg'
[0.265s] Level 1:colcon.colcon_core.package_identification:_identify(src/incubator_cpp_pkg_bringup) by extensions ['colcon_meta']
[0.265s] Level 1:colcon.colcon_core.package_identification:_identify(src/incubator_cpp_pkg_bringup) by extension 'colcon_meta'
[0.265s] Level 1:colcon.colcon_core.package_identification:_identify(src/incubator_cpp_pkg_bringup) by extensions ['ros']
[0.265s] Level 1:colcon.colcon_core.package_identification:_identify(src/incubator_cpp_pkg_bringup) by extension 'ros'
[0.266s] DEBUG:colcon.colcon_core.package_identification:Package 'src/incubator_cpp_pkg_bringup' with type 'ros.ament_cmake' and name 'incubator_cpp_pkg_bringup'
[0.266s] Level 1:colcon.colcon_core.package_identification:_identify(src/incubator_cpp_pkg_interfaces) by extensions ['ignore', 'ignore_ament_install']
[0.266s] Level 1:colcon.colcon_core.package_identification:_identify(src/incubator_cpp_pkg_interfaces) by extension 'ignore'
[0.266s] Level 1:colcon.colcon_core.package_identification:_identify(src/incubator_cpp_pkg_interfaces) by extension 'ignore_ament_install'
[0.266s] Level 1:colcon.colcon_core.package_identification:_identify(src/incubator_cpp_pkg_interfaces) by extensions ['colcon_pkg']
[0.266s] Level 1:colcon.colcon_core.package_identification:_identify(src/incubator_cpp_pkg_interfaces) by extension 'colcon_pkg'
[0.266s] Level 1:colcon.colcon_core.package_identification:_identify(src/incubator_cpp_pkg_interfaces) by extensions ['colcon_meta']
[0.266s] Level 1:colcon.colcon_core.package_identification:_identify(src/incubator_cpp_pkg_interfaces) by extension 'colcon_meta'
[0.266s] Level 1:colcon.colcon_core.package_identification:_identify(src/incubator_cpp_pkg_interfaces) by extensions ['ros']
[0.267s] Level 1:colcon.colcon_core.package_identification:_identify(src/incubator_cpp_pkg_interfaces) by extension 'ros'
[0.267s] DEBUG:colcon.colcon_core.package_identification:Package 'src/incubator_cpp_pkg_interfaces' with type 'ros.ament_cmake' and name 'incubator_cpp_pkg_interfaces'
[0.267s] Level 1:colcon.colcon_core.package_identification:_identify(src/incubator_description) by extensions ['ignore', 'ignore_ament_install']
[0.267s] Level 1:colcon.colcon_core.package_identification:_identify(src/incubator_description) by extension 'ignore'
[0.267s] Level 1:colcon.colcon_core.package_identification:_identify(src/incubator_description) by extension 'ignore_ament_install'
[0.267s] Level 1:colcon.colcon_core.package_identification:_identify(src/incubator_description) by extensions ['colcon_pkg']
[0.267s] Level 1:colcon.colcon_core.package_identification:_identify(src/incubator_description) by extension 'colcon_pkg'
[0.267s] Level 1:colcon.colcon_core.package_identification:_identify(src/incubator_description) by extensions ['colcon_meta']
[0.267s] Level 1:colcon.colcon_core.package_identification:_identify(src/incubator_description) by extension 'colcon_meta'
[0.267s] Level 1:colcon.colcon_core.package_identification:_identify(src/incubator_description) by extensions ['ros']
[0.267s] Level 1:colcon.colcon_core.package_identification:_identify(src/incubator_description) by extension 'ros'
[0.268s] DEBUG:colcon.colcon_core.package_identification:Package 'src/incubator_description' with type 'ros.ament_cmake' and name 'incubator_description'
[0.268s] Level 1:colcon.colcon_core.package_identification:_identify(src/incubator_py_pkg) by extensions ['ignore', 'ignore_ament_install']
[0.268s] Level 1:colcon.colcon_core.package_identification:_identify(src/incubator_py_pkg) by extension 'ignore'
[0.268s] Level 1:colcon.colcon_core.package_identification:_identify(src/incubator_py_pkg) by extension 'ignore_ament_install'
[0.268s] Level 1:colcon.colcon_core.package_identification:_identify(src/incubator_py_pkg) by extensions ['colcon_pkg']
[0.268s] Level 1:colcon.colcon_core.package_identification:_identify(src/incubator_py_pkg) by extension 'colcon_pkg'
[0.268s] Level 1:colcon.colcon_core.package_identification:_identify(src/incubator_py_pkg) by extensions ['colcon_meta']
[0.268s] Level 1:colcon.colcon_core.package_identification:_identify(src/incubator_py_pkg) by extension 'colcon_meta'
[0.268s] Level 1:colcon.colcon_core.package_identification:_identify(src/incubator_py_pkg) by extensions ['ros']
[0.268s] Level 1:colcon.colcon_core.package_identification:_identify(src/incubator_py_pkg) by extension 'ros'
[0.269s] DEBUG:colcon.colcon_core.package_identification:Package 'src/incubator_py_pkg' with type 'ros.ament_python' and name 'incubator_py_pkg'
[0.269s] Level 1:colcon.colcon_core.package_identification:_identify(venv) by extensions ['ignore', 'ignore_ament_install']
[0.269s] Level 1:colcon.colcon_core.package_identification:_identify(venv) by extension 'ignore'
[0.269s] Level 1:colcon.colcon_core.package_identification:_identify(venv) ignored
[0.269s] Level 1:colcon.colcon_core.package_discovery:discover_packages(recursive) using defaults
[0.270s] Level 1:colcon.colcon_core.package_discovery:discover_packages(ignore) discover
[0.270s] Level 1:colcon.colcon_core.package_discovery:discover_packages(ignore) using defaults
[0.270s] Level 1:colcon.colcon_core.package_discovery:discover_packages(path) discover
[0.270s] Level 1:colcon.colcon_core.package_discovery:discover_packages(path) using defaults
[0.287s] Level 1:colcon.colcon_core.package_discovery:discover_packages(prefix_path) check parameters
[0.288s] Level 1:colcon.colcon_core.package_discovery:discover_packages(prefix_path) discover
[0.289s] DEBUG:colcon.colcon_installed_package_information.package_discovery:Found 5 installed packages in /home/thompson/incubator_ws/install
[0.290s] DEBUG:colcon.colcon_installed_package_information.package_discovery:Found 275 installed packages in /opt/ros/humble
[0.292s] Level 1:colcon.colcon_core.package_discovery:discover_packages(prefix_path) using defaults
[0.337s] Level 5:colcon.colcon_core.verb:set package 'incubator_cpp_pkg_interfaces' build argument 'cmake_args' from command line to 'None'
[0.337s] Level 5:colcon.colcon_core.verb:set package 'incubator_cpp_pkg_interfaces' build argument 'cmake_target' from command line to 'None'
[0.337s] Level 5:colcon.colcon_core.verb:set package 'incubator_cpp_pkg_interfaces' build argument 'cmake_target_skip_unavailable' from command line to 'False'
[0.337s] Level 5:colcon.colcon_core.verb:set package 'incubator_cpp_pkg_interfaces' build argument 'cmake_clean_cache' from command line to 'False'
[0.337s] Level 5:colcon.colcon_core.verb:set package 'incubator_cpp_pkg_interfaces' build argument 'cmake_clean_first' from command line to 'False'
[0.337s] Level 5:colcon.colcon_core.verb:set package 'incubator_cpp_pkg_interfaces' build argument 'cmake_force_configure' from command line to 'False'
[0.337s] Level 5:colcon.colcon_core.verb:set package 'incubator_cpp_pkg_interfaces' build argument 'ament_cmake_args' from command line to 'None'
[0.337s] Level 5:colcon.colcon_core.verb:set package 'incubator_cpp_pkg_interfaces' build argument 'catkin_cmake_args' from command line to 'None'
[0.337s] Level 5:colcon.colcon_core.verb:set package 'incubator_cpp_pkg_interfaces' build argument 'catkin_skip_building_tests' from command line to 'False'
[0.337s] DEBUG:colcon.colcon_core.verb:Building package 'incubator_cpp_pkg_interfaces' with the following arguments: {'ament_cmake_args': None, 'build_base': '/home/thompson/incubator_ws/build/incubator_cpp_pkg_interfaces', 'catkin_cmake_args': None, 'catkin_skip_building_tests': False, 'cmake_args': None, 'cmake_clean_cache': False, 'cmake_clean_first': False, 'cmake_force_configure': False, 'cmake_target': None, 'cmake_target_skip_unavailable': False, 'install_base': '/home/thompson/incubator_ws/install/incubator_cpp_pkg_interfaces', 'merge_install': False, 'path': '/home/thompson/incubator_ws/src/incubator_cpp_pkg_interfaces', 'symlink_install': False, 'test_result_base': None}
[0.337s] Level 5:colcon.colcon_core.verb:set package 'incubator_description' build argument 'cmake_args' from command line to 'None'
[0.338s] Level 5:colcon.colcon_core.verb:set package 'incubator_description' build argument 'cmake_target' from command line to 'None'
[0.338s] Level 5:colcon.colcon_core.verb:set package 'incubator_description' build argument 'cmake_target_skip_unavailable' from command line to 'False'
[0.338s] Level 5:colcon.colcon_core.verb:set package 'incubator_description' build argument 'cmake_clean_cache' from command line to 'False'
[0.338s] Level 5:colcon.colcon_core.verb:set package 'incubator_description' build argument 'cmake_clean_first' from command line to 'False'
[0.338s] Level 5:colcon.colcon_core.verb:set package 'incubator_description' build argument 'cmake_force_configure' from command line to 'False'
[0.338s] Level 5:colcon.colcon_core.verb:set package 'incubator_description' build argument 'ament_cmake_args' from command line to 'None'
[0.338s] Level 5:colcon.colcon_core.verb:set package 'incubator_description' build argument 'catkin_cmake_args' from command line to 'None'
[0.338s] Level 5:colcon.colcon_core.verb:set package 'incubator_description' build argument 'catkin_skip_building_tests' from command line to 'False'
[0.338s] DEBUG:colcon.colcon_core.verb:Building package 'incubator_description' with the following arguments: {'ament_cmake_args': None, 'build_base': '/home/thompson/incubator_ws/build/incubator_description', 'catkin_cmake_args': None, 'catkin_skip_building_tests': False, 'cmake_args': None, 'cmake_clean_cache': False, 'cmake_clean_first': False, 'cmake_force_configure': False, 'cmake_target': None, 'cmake_target_skip_unavailable': False, 'install_base': '/home/thompson/incubator_ws/install/incubator_description', 'merge_install': False, 'path': '/home/thompson/incubator_ws/src/incubator_description', 'symlink_install': False, 'test_result_base': None}
[0.338s] Level 5:colcon.colcon_core.verb:set package 'incubator_cpp_pkg' build argument 'cmake_args' from command line to 'None'
[0.338s] Level 5:colcon.colcon_core.verb:set package 'incubator_cpp_pkg' build argument 'cmake_target' from command line to 'None'
[0.338s] Level 5:colcon.colcon_core.verb:set package 'incubator_cpp_pkg' build argument 'cmake_target_skip_unavailable' from command line to 'False'
[0.338s] Level 5:colcon.colcon_core.verb:set package 'incubator_cpp_pkg' build argument 'cmake_clean_cache' from command line to 'False'
[0.338s] Level 5:colcon.colcon_core.verb:set package 'incubator_cpp_pkg' build argument 'cmake_clean_first' from command line to 'False'
[0.338s] Level 5:colcon.colcon_core.verb:set package 'incubator_cpp_pkg' build argument 'cmake_force_configure' from command line to 'False'
[0.338s] Level 5:colcon.colcon_core.verb:set package 'incubator_cpp_pkg' build argument 'ament_cmake_args' from command line to 'None'
[0.338s] Level 5:colcon.colcon_core.verb:set package 'incubator_cpp_pkg' build argument 'catkin_cmake_args' from command line to 'None'
[0.338s] Level 5:colcon.colcon_core.verb:set package 'incubator_cpp_pkg' build argument 'catkin_skip_building_tests' from command line to 'False'
[0.338s] DEBUG:colcon.colcon_core.verb:Building package 'incubator_cpp_pkg' with the following arguments: {'ament_cmake_args': None, 'build_base': '/home/thompson/incubator_ws/build/incubator_cpp_pkg', 'catkin_cmake_args': None, 'catkin_skip_building_tests': False, 'cmake_args': None, 'cmake_clean_cache': False, 'cmake_clean_first': False, 'cmake_force_configure': False, 'cmake_target': None, 'cmake_target_skip_unavailable': False, 'install_base': '/home/thompson/incubator_ws/install/incubator_cpp_pkg', 'merge_install': False, 'path': '/home/thompson/incubator_ws/src/incubator_cpp_pkg', 'symlink_install': False, 'test_result_base': None}
[0.339s] Level 5:colcon.colcon_core.verb:set package 'incubator_py_pkg' build argument 'cmake_args' from command line to 'None'
[0.339s] Level 5:colcon.colcon_core.verb:set package 'incubator_py_pkg' build argument 'cmake_target' from command line to 'None'
[0.339s] Level 5:colcon.colcon_core.verb:set package 'incubator_py_pkg' build argument 'cmake_target_skip_unavailable' from command line to 'False'
[0.339s] Level 5:colcon.colcon_core.verb:set package 'incubator_py_pkg' build argument 'cmake_clean_cache' from command line to 'False'
[0.339s] Level 5:colcon.colcon_core.verb:set package 'incubator_py_pkg' build argument 'cmake_clean_first' from command line to 'False'
[0.339s] Level 5:colcon.colcon_core.verb:set package 'incubator_py_pkg' build argument 'cmake_force_configure' from command line to 'False'
[0.339s] Level 5:colcon.colcon_core.verb:set package 'incubator_py_pkg' build argument 'ament_cmake_args' from command line to 'None'
[0.339s] Level 5:colcon.colcon_core.verb:set package 'incubator_py_pkg' build argument 'catkin_cmake_args' from command line to 'None'
[0.339s] Level 5:colcon.colcon_core.verb:set package 'incubator_py_pkg' build argument 'catkin_skip_building_tests' from command line to 'False'
[0.339s] DEBUG:colcon.colcon_core.verb:Building package 'incubator_py_pkg' with the following arguments: {'ament_cmake_args': None, 'build_base': '/home/thompson/incubator_ws/build/incubator_py_pkg', 'catkin_cmake_args': None, 'catkin_skip_building_tests': False, 'cmake_args': None, 'cmake_clean_cache': False, 'cmake_clean_first': False, 'cmake_force_configure': False, 'cmake_target': None, 'cmake_target_skip_unavailable': False, 'install_base': '/home/thompson/incubator_ws/install/incubator_py_pkg', 'merge_install': False, 'path': '/home/thompson/incubator_ws/src/incubator_py_pkg', 'symlink_install': False, 'test_result_base': None}
[0.339s] Level 5:colcon.colcon_core.verb:set package 'incubator_cpp_pkg_bringup' build argument 'cmake_args' from command line to 'None'
[0.339s] Level 5:colcon.colcon_core.verb:set package 'incubator_cpp_pkg_bringup' build argument 'cmake_target' from command line to 'None'
[0.339s] Level 5:colcon.colcon_core.verb:set package 'incubator_cpp_pkg_bringup' build argument 'cmake_target_skip_unavailable' from command line to 'False'
[0.339s] Level 5:colcon.colcon_core.verb:set package 'incubator_cpp_pkg_bringup' build argument 'cmake_clean_cache' from command line to 'False'
[0.339s] Level 5:colcon.colcon_core.verb:set package 'incubator_cpp_pkg_bringup' build argument 'cmake_clean_first' from command line to 'False'
[0.339s] Level 5:colcon.colcon_core.verb:set package 'incubator_cpp_pkg_bringup' build argument 'cmake_force_configure' from command line to 'False'
[0.339s] Level 5:colcon.colcon_core.verb:set package 'incubator_cpp_pkg_bringup' build argument 'ament_cmake_args' from command line to 'None'
[0.339s] Level 5:colcon.colcon_core.verb:set package 'incubator_cpp_pkg_bringup' build argument 'catkin_cmake_args' from command line to 'None'
[0.339s] Level 5:colcon.colcon_core.verb:set package 'incubator_cpp_pkg_bringup' build argument 'catkin_skip_building_tests' from command line to 'False'
[0.339s] DEBUG:colcon.colcon_core.verb:Building package 'incubator_cpp_pkg_bringup' with the following arguments: {'ament_cmake_args': None, 'build_base': '/home/thompson/incubator_ws/build/incubator_cpp_pkg_bringup', 'catkin_cmake_args': None, 'catkin_skip_building_tests': False, 'cmake_args': None, 'cmake_clean_cache': False, 'cmake_clean_first': False, 'cmake_force_configure': False, 'cmake_target': None, 'cmake_target_skip_unavailable': False, 'install_base': '/home/thompson/incubator_ws/install/incubator_cpp_pkg_bringup', 'merge_install': False, 'path': '/home/thompson/incubator_ws/src/incubator_cpp_pkg_bringup', 'symlink_install': False, 'test_result_base': None}
[0.340s] INFO:colcon.colcon_core.executor:Executing jobs using 'parallel' executor
[0.341s] DEBUG:colcon.colcon_parallel_executor.executor.parallel:run_until_complete
[0.341s] INFO:colcon.colcon_ros.task.ament_cmake.build:Building ROS package in '/home/thompson/incubator_ws/src/incubator_cpp_pkg_interfaces' with build type 'ament_cmake'
[0.341s] INFO:colcon.colcon_cmake.task.cmake.build:Building CMake package in '/home/thompson/incubator_ws/src/incubator_cpp_pkg_interfaces'
[0.344s] INFO:colcon.colcon_core.plugin_system:Skipping extension 'colcon_core.shell.bat': Not used on non-Windows systems
[0.344s] INFO:colcon.colcon_core.shell:Skip shell extension 'powershell' for command environment: Not usable outside of PowerShell
[0.344s] DEBUG:colcon.colcon_core.shell:Skip shell extension 'dsv' for command environment
[0.347s] INFO:colcon.colcon_ros.task.ament_cmake.build:Building ROS package in '/home/thompson/incubator_ws/src/incubator_description' with build type 'ament_cmake'
[0.347s] INFO:colcon.colcon_cmake.task.cmake.build:Building CMake package in '/home/thompson/incubator_ws/src/incubator_description'
[0.347s] INFO:colcon.colcon_core.shell:Skip shell extension 'powershell' for command environment: Not usable outside of PowerShell
[0.348s] DEBUG:colcon.colcon_core.shell:Skip shell extension 'dsv' for command environment
[0.362s] DEBUG:colcon.colcon_core.event_handler.log_command:Invoking command in '/home/thompson/incubator_ws/build/incubator_cpp_pkg_interfaces': CMAKE_PREFIX_PATH=${CMAKE_PREFIX_PATH}:/home/thompson/incubator_ws/install/incubator_py_pkg:/opt/ros/humble /usr/bin/cmake --build /home/thompson/incubator_ws/build/incubator_cpp_pkg_interfaces -- -j7 -l7
[0.366s] DEBUG:colcon.colcon_core.event_handler.log_command:Invoking command in '/home/thompson/incubator_ws/build/incubator_description': CMAKE_PREFIX_PATH=${CMAKE_PREFIX_PATH}:/home/thompson/incubator_ws/install/incubator_py_pkg:/opt/ros/humble /usr/bin/cmake --build /home/thompson/incubator_ws/build/incubator_description -- -j7 -l7
[0.408s] DEBUG:colcon.colcon_core.event_handler.log_command:Invoked command in '/home/thompson/incubator_ws/build/incubator_description' returned '0': CMAKE_PREFIX_PATH=${CMAKE_PREFIX_PATH}:/home/thompson/incubator_ws/install/incubator_py_pkg:/opt/ros/humble /usr/bin/cmake --build /home/thompson/incubator_ws/build/incubator_description -- -j7 -l7
[0.471s] DEBUG:colcon.colcon_core.event_handler.log_command:Invoking command in '/home/thompson/incubator_ws/build/incubator_description': CMAKE_PREFIX_PATH=${CMAKE_PREFIX_PATH}:/home/thompson/incubator_ws/install/incubator_py_pkg:/opt/ros/humble /usr/bin/cmake --install /home/thompson/incubator_ws/build/incubator_description
[0.481s] Level 1:colcon.colcon_core.environment:create_environment_scripts_only(incubator_description)
[0.482s] DEBUG:colcon.colcon_core.event_handler.log_command:Invoked command in '/home/thompson/incubator_ws/build/incubator_description' returned '0': CMAKE_PREFIX_PATH=${CMAKE_PREFIX_PATH}:/home/thompson/incubator_ws/install/incubator_py_pkg:/opt/ros/humble /usr/bin/cmake --install /home/thompson/incubator_ws/build/incubator_description
[0.485s] Level 1:colcon.colcon_core.environment:checking '/home/thompson/incubator_ws/install/incubator_description' for CMake module files
[0.485s] Level 1:colcon.colcon_core.environment:checking '/home/thompson/incubator_ws/install/incubator_description' for CMake config files
[0.485s] Level 1:colcon.colcon_core.shell:create_environment_hook('incubator_description', 'cmake_prefix_path')
[0.486s] INFO:colcon.colcon_core.shell:Creating environment hook '/home/thompson/incubator_ws/install/incubator_description/share/incubator_description/hook/cmake_prefix_path.ps1'
[0.486s] INFO:colcon.colcon_core.shell:Creating environment descriptor '/home/thompson/incubator_ws/install/incubator_description/share/incubator_description/hook/cmake_prefix_path.dsv'
[0.487s] INFO:colcon.colcon_core.shell:Creating environment hook '/home/thompson/incubator_ws/install/incubator_description/share/incubator_description/hook/cmake_prefix_path.sh'
[0.488s] Level 1:colcon.colcon_core.environment:checking '/home/thompson/incubator_ws/install/incubator_description/bin'
[0.488s] Level 1:colcon.colcon_core.environment:checking '/home/thompson/incubator_ws/install/incubator_description/lib/pkgconfig/incubator_description.pc'
[0.488s] Level 1:colcon.colcon_core.environment:checking '/home/thompson/incubator_ws/install/incubator_description/lib/python3.10/site-packages'
[0.488s] Level 1:colcon.colcon_core.environment:checking '/home/thompson/incubator_ws/install/incubator_description/bin'
[0.489s] INFO:colcon.colcon_core.shell:Creating package script '/home/thompson/incubator_ws/install/incubator_description/share/incubator_description/package.ps1'
[0.490s] INFO:colcon.colcon_core.shell:Creating package descriptor '/home/thompson/incubator_ws/install/incubator_description/share/incubator_description/package.dsv'
[0.491s] INFO:colcon.colcon_core.shell:Creating package script '/home/thompson/incubator_ws/install/incubator_description/share/incubator_description/package.sh'
[0.492s] INFO:colcon.colcon_core.shell:Creating package script '/home/thompson/incubator_ws/install/incubator_description/share/incubator_description/package.bash'
[0.493s] INFO:colcon.colcon_core.shell:Creating package script '/home/thompson/incubator_ws/install/incubator_description/share/incubator_description/package.zsh'
[0.493s] Level 1:colcon.colcon_core.environment:create_file_with_runtime_dependencies(/home/thompson/incubator_ws/install/incubator_description/share/colcon-core/packages/incubator_description)
[0.522s] Level 1:colcon.colcon_core.environment:create_environment_scripts_only(incubator_description)
[0.523s] Level 1:colcon.colcon_core.environment:checking '/home/thompson/incubator_ws/install/incubator_description' for CMake module files
[0.523s] Level 1:colcon.colcon_core.environment:checking '/home/thompson/incubator_ws/install/incubator_description' for CMake config files
[0.523s] Level 1:colcon.colcon_core.shell:create_environment_hook('incubator_description', 'cmake_prefix_path')
[0.524s] INFO:colcon.colcon_core.shell:Creating environment hook '/home/thompson/incubator_ws/install/incubator_description/share/incubator_description/hook/cmake_prefix_path.ps1'
[0.524s] INFO:colcon.colcon_core.shell:Creating environment descriptor '/home/thompson/incubator_ws/install/incubator_description/share/incubator_description/hook/cmake_prefix_path.dsv'
[0.525s] INFO:colcon.colcon_core.shell:Creating environment hook '/home/thompson/incubator_ws/install/incubator_description/share/incubator_description/hook/cmake_prefix_path.sh'
[0.526s] Level 1:colcon.colcon_core.environment:checking '/home/thompson/incubator_ws/install/incubator_description/bin'
[0.526s] Level 1:colcon.colcon_core.environment:checking '/home/thompson/incubator_ws/install/incubator_description/lib/pkgconfig/incubator_description.pc'
[0.526s] Level 1:colcon.colcon_core.environment:checking '/home/thompson/incubator_ws/install/incubator_description/lib/python3.10/site-packages'
[0.526s] Level 1:colcon.colcon_core.environment:checking '/home/thompson/incubator_ws/install/incubator_description/bin'
[0.527s] INFO:colcon.colcon_core.shell:Creating package script '/home/thompson/incubator_ws/install/incubator_description/share/incubator_description/package.ps1'
[0.527s] INFO:colcon.colcon_core.shell:Creating package descriptor '/home/thompson/incubator_ws/install/incubator_description/share/incubator_description/package.dsv'
[0.528s] INFO:colcon.colcon_core.shell:Creating package script '/home/thompson/incubator_ws/install/incubator_description/share/incubator_description/package.sh'
[0.529s] INFO:colcon.colcon_core.shell:Creating package script '/home/thompson/incubator_ws/install/incubator_description/share/incubator_description/package.bash'
[0.529s] INFO:colcon.colcon_core.shell:Creating package script '/home/thompson/incubator_ws/install/incubator_description/share/incubator_description/package.zsh'
[0.530s] Level 1:colcon.colcon_core.environment:create_file_with_runtime_dependencies(/home/thompson/incubator_ws/install/incubator_description/share/colcon-core/packages/incubator_description)
[0.751s] DEBUG:colcon.colcon_core.event_handler.log_command:Invoked command in '/home/thompson/incubator_ws/build/incubator_cpp_pkg_interfaces' returned '0': CMAKE_PREFIX_PATH=${CMAKE_PREFIX_PATH}:/home/thompson/incubator_ws/install/incubator_py_pkg:/opt/ros/humble /usr/bin/cmake --build /home/thompson/incubator_ws/build/incubator_cpp_pkg_interfaces -- -j7 -l7
[1.139s] DEBUG:colcon.colcon_core.event_handler.log_command:Invoking command in '/home/thompson/incubator_ws/build/incubator_cpp_pkg_interfaces': CMAKE_PREFIX_PATH=${CMAKE_PREFIX_PATH}:/home/thompson/incubator_ws/install/incubator_py_pkg:/opt/ros/humble /usr/bin/cmake --install /home/thompson/incubator_ws/build/incubator_cpp_pkg_interfaces
[1.210s] Level 1:colcon.colcon_core.environment:create_environment_scripts_only(incubator_cpp_pkg_interfaces)
[1.211s] Level 1:colcon.colcon_core.environment:checking '/home/thompson/incubator_ws/install/incubator_cpp_pkg_interfaces' for CMake module files
[1.211s] DEBUG:colcon.colcon_core.event_handler.log_command:Invoked command in '/home/thompson/incubator_ws/build/incubator_cpp_pkg_interfaces' returned '0': CMAKE_PREFIX_PATH=${CMAKE_PREFIX_PATH}:/home/thompson/incubator_ws/install/incubator_py_pkg:/opt/ros/humble /usr/bin/cmake --install /home/thompson/incubator_ws/build/incubator_cpp_pkg_interfaces
[1.212s] Level 1:colcon.colcon_core.environment:checking '/home/thompson/incubator_ws/install/incubator_cpp_pkg_interfaces' for CMake config files
[1.212s] Level 1:colcon.colcon_core.shell:create_environment_hook('incubator_cpp_pkg_interfaces', 'cmake_prefix_path')
[1.213s] INFO:colcon.colcon_core.shell:Creating environment hook '/home/thompson/incubator_ws/install/incubator_cpp_pkg_interfaces/share/incubator_cpp_pkg_interfaces/hook/cmake_prefix_path.ps1'
[1.213s] INFO:colcon.colcon_core.shell:Creating environment descriptor '/home/thompson/incubator_ws/install/incubator_cpp_pkg_interfaces/share/incubator_cpp_pkg_interfaces/hook/cmake_prefix_path.dsv'
[1.213s] INFO:colcon.colcon_core.shell:Creating environment hook '/home/thompson/incubator_ws/install/incubator_cpp_pkg_interfaces/share/incubator_cpp_pkg_interfaces/hook/cmake_prefix_path.sh'
[1.214s] Level 1:colcon.colcon_core.environment:checking '/home/thompson/incubator_ws/install/incubator_cpp_pkg_interfaces/lib'
[1.214s] Level 1:colcon.colcon_core.shell:create_environment_hook('incubator_cpp_pkg_interfaces', 'ld_library_path_lib')
[1.214s] INFO:colcon.colcon_core.shell:Creating environment hook '/home/thompson/incubator_ws/install/incubator_cpp_pkg_interfaces/share/incubator_cpp_pkg_interfaces/hook/ld_library_path_lib.ps1'
[1.215s] INFO:colcon.colcon_core.shell:Creating environment descriptor '/home/thompson/incubator_ws/install/incubator_cpp_pkg_interfaces/share/incubator_cpp_pkg_interfaces/hook/ld_library_path_lib.dsv'
[1.215s] INFO:colcon.colcon_core.shell:Creating environment hook '/home/thompson/incubator_ws/install/incubator_cpp_pkg_interfaces/share/incubator_cpp_pkg_interfaces/hook/ld_library_path_lib.sh'
[1.216s] Level 1:colcon.colcon_core.environment:checking '/home/thompson/incubator_ws/install/incubator_cpp_pkg_interfaces/bin'
[1.216s] Level 1:colcon.colcon_core.environment:checking '/home/thompson/incubator_ws/install/incubator_cpp_pkg_interfaces/lib/pkgconfig/incubator_cpp_pkg_interfaces.pc'
[1.216s] Level 1:colcon.colcon_core.environment:checking '/home/thompson/incubator_ws/install/incubator_cpp_pkg_interfaces/lib/python3.10/site-packages'
[1.216s] Level 1:colcon.colcon_core.environment:checking '/home/thompson/incubator_ws/install/incubator_cpp_pkg_interfaces/bin'
[1.216s] INFO:colcon.colcon_core.shell:Creating package script '/home/thompson/incubator_ws/install/incubator_cpp_pkg_interfaces/share/incubator_cpp_pkg_interfaces/package.ps1'
[1.217s] INFO:colcon.colcon_core.shell:Creating package descriptor '/home/thompson/incubator_ws/install/incubator_cpp_pkg_interfaces/share/incubator_cpp_pkg_interfaces/package.dsv'
[1.217s] INFO:colcon.colcon_core.shell:Creating package script '/home/thompson/incubator_ws/install/incubator_cpp_pkg_interfaces/share/incubator_cpp_pkg_interfaces/package.sh'
[1.218s] INFO:colcon.colcon_core.shell:Creating package script '/home/thompson/incubator_ws/install/incubator_cpp_pkg_interfaces/share/incubator_cpp_pkg_interfaces/package.bash'
[1.218s] INFO:colcon.colcon_core.shell:Creating package script '/home/thompson/incubator_ws/install/incubator_cpp_pkg_interfaces/share/incubator_cpp_pkg_interfaces/package.zsh'
[1.219s] Level 1:colcon.colcon_core.environment:create_file_with_runtime_dependencies(/home/thompson/incubator_ws/install/incubator_cpp_pkg_interfaces/share/colcon-core/packages/incubator_cpp_pkg_interfaces)
[1.583s] Level 1:colcon.colcon_core.environment:create_environment_scripts_only(incubator_cpp_pkg_interfaces)
[1.583s] Level 1:colcon.colcon_core.environment:checking '/home/thompson/incubator_ws/install/incubator_cpp_pkg_interfaces' for CMake module files
[1.584s] Level 1:colcon.colcon_core.environment:checking '/home/thompson/incubator_ws/install/incubator_cpp_pkg_interfaces' for CMake config files
[1.584s] Level 1:colcon.colcon_core.shell:create_environment_hook('incubator_cpp_pkg_interfaces', 'cmake_prefix_path')
[1.585s] INFO:colcon.colcon_core.shell:Creating environment hook '/home/thompson/incubator_ws/install/incubator_cpp_pkg_interfaces/share/incubator_cpp_pkg_interfaces/hook/cmake_prefix_path.ps1'
[1.585s] INFO:colcon.colcon_core.shell:Creating environment descriptor '/home/thompson/incubator_ws/install/incubator_cpp_pkg_interfaces/share/incubator_cpp_pkg_interfaces/hook/cmake_prefix_path.dsv'
[1.586s] INFO:colcon.colcon_core.shell:Creating environment hook '/home/thompson/incubator_ws/install/incubator_cpp_pkg_interfaces/share/incubator_cpp_pkg_interfaces/hook/cmake_prefix_path.sh'
[1.587s] Level 1:colcon.colcon_core.environment:checking '/home/thompson/incubator_ws/install/incubator_cpp_pkg_interfaces/lib'
[1.587s] Level 1:colcon.colcon_core.shell:create_environment_hook('incubator_cpp_pkg_interfaces', 'ld_library_path_lib')
[1.587s] INFO:colcon.colcon_core.shell:Creating environment hook '/home/thompson/incubator_ws/install/incubator_cpp_pkg_interfaces/share/incubator_cpp_pkg_interfaces/hook/ld_library_path_lib.ps1'
[1.588s] INFO:colcon.colcon_core.shell:Creating environment descriptor '/home/thompson/incubator_ws/install/incubator_cpp_pkg_interfaces/share/incubator_cpp_pkg_interfaces/hook/ld_library_path_lib.dsv'
[1.588s] INFO:colcon.colcon_core.shell:Creating environment hook '/home/thompson/incubator_ws/install/incubator_cpp_pkg_interfaces/share/incubator_cpp_pkg_interfaces/hook/ld_library_path_lib.sh'
[1.589s] Level 1:colcon.colcon_core.environment:checking '/home/thompson/incubator_ws/install/incubator_cpp_pkg_interfaces/bin'
[1.589s] Level 1:colcon.colcon_core.environment:checking '/home/thompson/incubator_ws/install/incubator_cpp_pkg_interfaces/lib/pkgconfig/incubator_cpp_pkg_interfaces.pc'
[1.589s] Level 1:colcon.colcon_core.environment:checking '/home/thompson/incubator_ws/install/incubator_cpp_pkg_interfaces/lib/python3.10/site-packages'
[1.589s] Level 1:colcon.colcon_core.environment:checking '/home/thompson/incubator_ws/install/incubator_cpp_pkg_interfaces/bin'
[1.589s] INFO:colcon.colcon_core.shell:Creating package script '/home/thompson/incubator_ws/install/incubator_cpp_pkg_interfaces/share/incubator_cpp_pkg_interfaces/package.ps1'
[1.590s] INFO:colcon.colcon_core.shell:Creating package descriptor '/home/thompson/incubator_ws/install/incubator_cpp_pkg_interfaces/share/incubator_cpp_pkg_interfaces/package.dsv'
[1.591s] INFO:colcon.colcon_core.shell:Creating package script '/home/thompson/incubator_ws/install/incubator_cpp_pkg_interfaces/share/incubator_cpp_pkg_interfaces/package.sh'
[1.591s] INFO:colcon.colcon_core.shell:Creating package script '/home/thompson/incubator_ws/install/incubator_cpp_pkg_interfaces/share/incubator_cpp_pkg_interfaces/package.bash'
[1.592s] INFO:colcon.colcon_core.shell:Creating package script '/home/thompson/incubator_ws/install/incubator_cpp_pkg_interfaces/share/incubator_cpp_pkg_interfaces/package.zsh'
[1.592s] Level 1:colcon.colcon_core.environment:create_file_with_runtime_dependencies(/home/thompson/incubator_ws/install/incubator_cpp_pkg_interfaces/share/colcon-core/packages/incubator_cpp_pkg_interfaces)
[1.593s] INFO:colcon.colcon_ros.task.ament_cmake.build:Building ROS package in '/home/thompson/incubator_ws/src/incubator_cpp_pkg' with build type 'ament_cmake'
[1.593s] INFO:colcon.colcon_cmake.task.cmake.build:Building CMake package in '/home/thompson/incubator_ws/src/incubator_cpp_pkg'
[1.593s] INFO:colcon.colcon_core.shell:Skip shell extension 'powershell' for command environment: Not usable outside of PowerShell
[1.593s] DEBUG:colcon.colcon_core.shell:Skip shell extension 'dsv' for command environment
[1.598s] INFO:colcon.colcon_ros.task.ament_python.build:Building ROS package in '/home/thompson/incubator_ws/src/incubator_py_pkg' with build type 'ament_python'
[1.598s] Level 1:colcon.colcon_core.shell:create_environment_hook('incubator_py_pkg', 'ament_prefix_path')
[1.598s] INFO:colcon.colcon_core.shell:Creating environment hook '/home/thompson/incubator_ws/install/incubator_py_pkg/share/incubator_py_pkg/hook/ament_prefix_path.ps1'
[1.599s] INFO:colcon.colcon_core.shell:Creating environment descriptor '/home/thompson/incubator_ws/install/incubator_py_pkg/share/incubator_py_pkg/hook/ament_prefix_path.dsv'
[1.599s] INFO:colcon.colcon_core.shell:Creating environment hook '/home/thompson/incubator_ws/install/incubator_py_pkg/share/incubator_py_pkg/hook/ament_prefix_path.sh'
[1.600s] INFO:colcon.colcon_core.shell:Skip shell extension 'powershell' for command environment: Not usable outside of PowerShell
[1.600s] DEBUG:colcon.colcon_core.shell:Skip shell extension 'dsv' for command environment
[1.609s] DEBUG:colcon.colcon_core.event_handler.log_command:Invoking command in '/home/thompson/incubator_ws/build/incubator_cpp_pkg': CMAKE_PREFIX_PATH=/home/thompson/incubator_ws/install/incubator_cpp_pkg_interfaces:/home/thompson/incubator_ws/install/incubator_cpp_pkg_bringup:/home/thompson/incubator_ws/install/incubator_description:/home/thompson/incubator_ws/install/incubator_cpp_pkg:/home/thompson/incubator_ws/install/incubator_py_pkg:/opt/ros/humble /usr/bin/cmake --build /home/thompson/incubator_ws/build/incubator_cpp_pkg -- -j7 -l7
[1.861s] INFO:colcon.colcon_core.task.python.build:Building Python package in '/home/thompson/incubator_ws/src/incubator_py_pkg'
[1.861s] INFO:colcon.colcon_core.shell:Skip shell extension 'powershell' for command environment: Not usable outside of PowerShell
[1.861s] DEBUG:colcon.colcon_core.shell:Skip shell extension 'dsv' for command environment
[2.208s] DEBUG:colcon.colcon_core.event_handler.log_command:Invoking command in '/home/thompson/incubator_ws/src/incubator_py_pkg': CMAKE_PREFIX_PATH=/home/thompson/incubator_ws/install/incubator_cpp_pkg_interfaces:/home/thompson/incubator_ws/install/incubator_cpp_pkg_bringup:/home/thompson/incubator_ws/install/incubator_description:/home/thompson/incubator_ws/install/incubator_cpp_pkg PYTHONPATH=/home/thompson/incubator_ws/build/incubator_py_pkg/prefix_override:/usr/lib/python3/dist-packages/colcon_core/task/python/colcon_distutils_commands:/home/thompson/incubator_ws/install/incubator_py_pkg/lib/python3.10/site-packages:${PYTHONPATH} /usr/bin/python3 -W ignore:setup.py install is deprecated setup.py egg_info --egg-base ../../build/incubator_py_pkg build --build-base /home/thompson/incubator_ws/build/incubator_py_pkg/build install --record /home/thompson/incubator_ws/build/incubator_py_pkg/install.log --single-version-externally-managed install_data
[2.208s] DEBUG:colcon.colcon_core.event_handler.log_command:Invoked command in '/home/thompson/incubator_ws/build/incubator_cpp_pkg' returned '0': CMAKE_PREFIX_PATH=/home/thompson/incubator_ws/install/incubator_cpp_pkg_interfaces:/home/thompson/incubator_ws/install/incubator_cpp_pkg_bringup:/home/thompson/incubator_ws/install/incubator_description:/home/thompson/incubator_ws/install/incubator_cpp_pkg:/home/thompson/incubator_ws/install/incubator_py_pkg:/opt/ros/humble /usr/bin/cmake --build /home/thompson/incubator_ws/build/incubator_cpp_pkg -- -j7 -l7
[2.290s] DEBUG:colcon.colcon_core.event_handler.log_command:Invoking command in '/home/thompson/incubator_ws/build/incubator_cpp_pkg': CMAKE_PREFIX_PATH=/home/thompson/incubator_ws/install/incubator_cpp_pkg_interfaces:/home/thompson/incubator_ws/install/incubator_cpp_pkg_bringup:/home/thompson/incubator_ws/install/incubator_description:/home/thompson/incubator_ws/install/incubator_cpp_pkg:/home/thompson/incubator_ws/install/incubator_py_pkg:/opt/ros/humble /usr/bin/cmake --install /home/thompson/incubator_ws/build/incubator_cpp_pkg
[2.303s] Level 1:colcon.colcon_core.environment:create_environment_scripts_only(incubator_cpp_pkg)
[2.303s] Level 1:colcon.colcon_core.environment:checking '/home/thompson/incubator_ws/install/incubator_cpp_pkg' for CMake module files
[2.304s] DEBUG:colcon.colcon_core.event_handler.log_command:Invoked command in '/home/thompson/incubator_ws/build/incubator_cpp_pkg' returned '0': CMAKE_PREFIX_PATH=/home/thompson/incubator_ws/install/incubator_cpp_pkg_interfaces:/home/thompson/incubator_ws/install/incubator_cpp_pkg_bringup:/home/thompson/incubator_ws/install/incubator_description:/home/thompson/incubator_ws/install/incubator_cpp_pkg:/home/thompson/incubator_ws/install/incubator_py_pkg:/opt/ros/humble /usr/bin/cmake --install /home/thompson/incubator_ws/build/incubator_cpp_pkg
[2.304s] Level 1:colcon.colcon_core.environment:checking '/home/thompson/incubator_ws/install/incubator_cpp_pkg' for CMake config files
[2.304s] Level 1:colcon.colcon_core.shell:create_environment_hook('incubator_cpp_pkg', 'cmake_prefix_path')
[2.304s] INFO:colcon.colcon_core.shell:Creating environment hook '/home/thompson/incubator_ws/install/incubator_cpp_pkg/share/incubator_cpp_pkg/hook/cmake_prefix_path.ps1'
[2.305s] INFO:colcon.colcon_core.shell:Creating environment descriptor '/home/thompson/incubator_ws/install/incubator_cpp_pkg/share/incubator_cpp_pkg/hook/cmake_prefix_path.dsv'
[2.305s] INFO:colcon.colcon_core.shell:Creating environment hook '/home/thompson/incubator_ws/install/incubator_cpp_pkg/share/incubator_cpp_pkg/hook/cmake_prefix_path.sh'
[2.306s] Level 1:colcon.colcon_core.environment:checking '/home/thompson/incubator_ws/install/incubator_cpp_pkg/lib'
[2.306s] Level 1:colcon.colcon_core.environment:checking '/home/thompson/incubator_ws/install/incubator_cpp_pkg/bin'
[2.306s] Level 1:colcon.colcon_core.environment:checking '/home/thompson/incubator_ws/install/incubator_cpp_pkg/lib/pkgconfig/incubator_cpp_pkg.pc'
[2.307s] Level 1:colcon.colcon_core.environment:checking '/home/thompson/incubator_ws/install/incubator_cpp_pkg/lib/python3.10/site-packages'
[2.307s] Level 1:colcon.colcon_core.environment:checking '/home/thompson/incubator_ws/install/incubator_cpp_pkg/bin'
[2.307s] INFO:colcon.colcon_core.shell:Creating package script '/home/thompson/incubator_ws/install/incubator_cpp_pkg/share/incubator_cpp_pkg/package.ps1'
[2.308s] INFO:colcon.colcon_core.shell:Creating package descriptor '/home/thompson/incubator_ws/install/incubator_cpp_pkg/share/incubator_cpp_pkg/package.dsv'
[2.309s] INFO:colcon.colcon_core.shell:Creating package script '/home/thompson/incubator_ws/install/incubator_cpp_pkg/share/incubator_cpp_pkg/package.sh'
[2.309s] INFO:colcon.colcon_core.shell:Creating package script '/home/thompson/incubator_ws/install/incubator_cpp_pkg/share/incubator_cpp_pkg/package.bash'
[2.309s] INFO:colcon.colcon_core.shell:Creating package script '/home/thompson/incubator_ws/install/incubator_cpp_pkg/share/incubator_cpp_pkg/package.zsh'
[2.310s] Level 1:colcon.colcon_core.environment:create_file_with_runtime_dependencies(/home/thompson/incubator_ws/install/incubator_cpp_pkg/share/colcon-core/packages/incubator_cpp_pkg)
[2.393s] Level 1:colcon.colcon_core.environment:create_environment_scripts_only(incubator_cpp_pkg)
[2.393s] Level 1:colcon.colcon_core.environment:checking '/home/thompson/incubator_ws/install/incubator_cpp_pkg' for CMake module files
[2.394s] Level 1:colcon.colcon_core.environment:checking '/home/thompson/incubator_ws/install/incubator_cpp_pkg' for CMake config files
[2.394s] Level 1:colcon.colcon_core.shell:create_environment_hook('incubator_cpp_pkg', 'cmake_prefix_path')
[2.394s] INFO:colcon.colcon_core.shell:Creating environment hook '/home/thompson/incubator_ws/install/incubator_cpp_pkg/share/incubator_cpp_pkg/hook/cmake_prefix_path.ps1'
[2.395s] INFO:colcon.colcon_core.shell:Creating environment descriptor '/home/thompson/incubator_ws/install/incubator_cpp_pkg/share/incubator_cpp_pkg/hook/cmake_prefix_path.dsv'
[2.395s] INFO:colcon.colcon_core.shell:Creating environment hook '/home/thompson/incubator_ws/install/incubator_cpp_pkg/share/incubator_cpp_pkg/hook/cmake_prefix_path.sh'
[2.396s] Level 1:colcon.colcon_core.environment:checking '/home/thompson/incubator_ws/install/incubator_cpp_pkg/lib'
[2.396s] Level 1:colcon.colcon_core.environment:checking '/home/thompson/incubator_ws/install/incubator_cpp_pkg/bin'
[2.396s] Level 1:colcon.colcon_core.environment:checking '/home/thompson/incubator_ws/install/incubator_cpp_pkg/lib/pkgconfig/incubator_cpp_pkg.pc'
[2.396s] Level 1:colcon.colcon_core.environment:checking '/home/thompson/incubator_ws/install/incubator_cpp_pkg/lib/python3.10/site-packages'
[2.397s] Level 1:colcon.colcon_core.environment:checking '/home/thompson/incubator_ws/install/incubator_cpp_pkg/bin'
[2.397s] INFO:colcon.colcon_core.shell:Creating package script '/home/thompson/incubator_ws/install/incubator_cpp_pkg/share/incubator_cpp_pkg/package.ps1'
[2.397s] INFO:colcon.colcon_core.shell:Creating package descriptor '/home/thompson/incubator_ws/install/incubator_cpp_pkg/share/incubator_cpp_pkg/package.dsv'
[2.398s] INFO:colcon.colcon_core.shell:Creating package script '/home/thompson/incubator_ws/install/incubator_cpp_pkg/share/incubator_cpp_pkg/package.sh'
[2.399s] INFO:colcon.colcon_core.shell:Creating package script '/home/thompson/incubator_ws/install/incubator_cpp_pkg/share/incubator_cpp_pkg/package.bash'
[2.399s] INFO:colcon.colcon_core.shell:Creating package script '/home/thompson/incubator_ws/install/incubator_cpp_pkg/share/incubator_cpp_pkg/package.zsh'
[2.399s] Level 1:colcon.colcon_core.environment:create_file_with_runtime_dependencies(/home/thompson/incubator_ws/install/incubator_cpp_pkg/share/colcon-core/packages/incubator_cpp_pkg)
[2.512s] Level 1:colcon.colcon_core.environment:checking '/home/thompson/incubator_ws/install/incubator_py_pkg' for CMake module files
[2.513s] DEBUG:colcon.colcon_core.event_handler.log_command:Invoked command in '/home/thompson/incubator_ws/src/incubator_py_pkg' returned '0': CMAKE_PREFIX_PATH=/home/thompson/incubator_ws/install/incubator_cpp_pkg_interfaces:/home/thompson/incubator_ws/install/incubator_cpp_pkg_bringup:/home/thompson/incubator_ws/install/incubator_description:/home/thompson/incubator_ws/install/incubator_cpp_pkg PYTHONPATH=/home/thompson/incubator_ws/build/incubator_py_pkg/prefix_override:/usr/lib/python3/dist-packages/colcon_core/task/python/colcon_distutils_commands:/home/thompson/incubator_ws/install/incubator_py_pkg/lib/python3.10/site-packages:${PYTHONPATH} /usr/bin/python3 -W ignore:setup.py install is deprecated setup.py egg_info --egg-base ../../build/incubator_py_pkg build --build-base /home/thompson/incubator_ws/build/incubator_py_pkg/build install --record /home/thompson/incubator_ws/build/incubator_py_pkg/install.log --single-version-externally-managed install_data
[2.513s] Level 1:colcon.colcon_core.environment:checking '/home/thompson/incubator_ws/install/incubator_py_pkg' for CMake config files
[2.514s] Level 1:colcon.colcon_core.environment:checking '/home/thompson/incubator_ws/install/incubator_py_pkg/lib'
[2.514s] Level 1:colcon.colcon_core.environment:checking '/home/thompson/incubator_ws/install/incubator_py_pkg/bin'
[2.514s] Level 1:colcon.colcon_core.environment:checking '/home/thompson/incubator_ws/install/incubator_py_pkg/lib/pkgconfig/incubator_py_pkg.pc'
[2.514s] Level 1:colcon.colcon_core.environment:checking '/home/thompson/incubator_ws/install/incubator_py_pkg/lib/python3.10/site-packages'
[2.514s] Level 1:colcon.colcon_core.shell:create_environment_hook('incubator_py_pkg', 'pythonpath')
[2.514s] INFO:colcon.colcon_core.shell:Creating environment hook '/home/thompson/incubator_ws/install/incubator_py_pkg/share/incubator_py_pkg/hook/pythonpath.ps1'
[2.515s] INFO:colcon.colcon_core.shell:Creating environment descriptor '/home/thompson/incubator_ws/install/incubator_py_pkg/share/incubator_py_pkg/hook/pythonpath.dsv'
[2.515s] INFO:colcon.colcon_core.shell:Creating environment hook '/home/thompson/incubator_ws/install/incubator_py_pkg/share/incubator_py_pkg/hook/pythonpath.sh'
[2.516s] Level 1:colcon.colcon_core.environment:checking '/home/thompson/incubator_ws/install/incubator_py_pkg/bin'
[2.516s] Level 1:colcon.colcon_core.environment:create_environment_scripts_only(incubator_py_pkg)
[2.516s] INFO:colcon.colcon_core.shell:Creating package script '/home/thompson/incubator_ws/install/incubator_py_pkg/share/incubator_py_pkg/package.ps1'
[2.517s] INFO:colcon.colcon_core.shell:Creating package descriptor '/home/thompson/incubator_ws/install/incubator_py_pkg/share/incubator_py_pkg/package.dsv'
[2.517s] INFO:colcon.colcon_core.shell:Creating package script '/home/thompson/incubator_ws/install/incubator_py_pkg/share/incubator_py_pkg/package.sh'
[2.518s] INFO:colcon.colcon_core.shell:Creating package script '/home/thompson/incubator_ws/install/incubator_py_pkg/share/incubator_py_pkg/package.bash'
[2.518s] INFO:colcon.colcon_core.shell:Creating package script '/home/thompson/incubator_ws/install/incubator_py_pkg/share/incubator_py_pkg/package.zsh'
[2.518s] Level 1:colcon.colcon_core.environment:create_file_with_runtime_dependencies(/home/thompson/incubator_ws/install/incubator_py_pkg/share/colcon-core/packages/incubator_py_pkg)
[2.519s] INFO:colcon.colcon_ros.task.ament_cmake.build:Building ROS package in '/home/thompson/incubator_ws/src/incubator_cpp_pkg_bringup' with build type 'ament_cmake'
[2.519s] INFO:colcon.colcon_cmake.task.cmake.build:Building CMake package in '/home/thompson/incubator_ws/src/incubator_cpp_pkg_bringup'
[2.519s] INFO:colcon.colcon_core.shell:Skip shell extension 'powershell' for command environment: Not usable outside of PowerShell
[2.519s] DEBUG:colcon.colcon_core.shell:Skip shell extension 'dsv' for command environment
[2.536s] DEBUG:colcon.colcon_core.event_handler.log_command:Invoking command in '/home/thompson/incubator_ws/build/incubator_cpp_pkg_bringup': CMAKE_PREFIX_PATH=/home/thompson/incubator_ws/install/incubator_cpp_pkg:/home/thompson/incubator_ws/install/incubator_description:/home/thompson/incubator_ws/install/incubator_cpp_pkg_interfaces:/home/thompson/incubator_ws/install/incubator_cpp_pkg_bringup:/home/thompson/incubator_ws/install/incubator_py_pkg:/opt/ros/humble /usr/bin/cmake --build /home/thompson/incubator_ws/build/incubator_cpp_pkg_bringup -- -j7 -l7
[2.791s] DEBUG:colcon.colcon_core.event_handler.log_command:Invoked command in '/home/thompson/incubator_ws/build/incubator_cpp_pkg_bringup' returned '0': CMAKE_PREFIX_PATH=/home/thompson/incubator_ws/install/incubator_cpp_pkg:/home/thompson/incubator_ws/install/incubator_description:/home/thompson/incubator_ws/install/incubator_cpp_pkg_interfaces:/home/thompson/incubator_ws/install/incubator_cpp_pkg_bringup:/home/thompson/incubator_ws/install/incubator_py_pkg:/opt/ros/humble /usr/bin/cmake --build /home/thompson/incubator_ws/build/incubator_cpp_pkg_bringup -- -j7 -l7
[2.819s] DEBUG:colcon.colcon_core.event_handler.log_command:Invoking command in '/home/thompson/incubator_ws/build/incubator_cpp_pkg_bringup': CMAKE_PREFIX_PATH=/home/thompson/incubator_ws/install/incubator_cpp_pkg:/home/thompson/incubator_ws/install/incubator_description:/home/thompson/incubator_ws/install/incubator_cpp_pkg_interfaces:/home/thompson/incubator_ws/install/incubator_cpp_pkg_bringup:/home/thompson/incubator_ws/install/incubator_py_pkg:/opt/ros/humble /usr/bin/cmake --install /home/thompson/incubator_ws/build/incubator_cpp_pkg_bringup
[2.831s] Level 1:colcon.colcon_core.environment:create_environment_scripts_only(incubator_cpp_pkg_bringup)
[2.831s] Level 1:colcon.colcon_core.environment:checking '/home/thompson/incubator_ws/install/incubator_cpp_pkg_bringup' for CMake module files
[2.832s] DEBUG:colcon.colcon_core.event_handler.log_command:Invoked command in '/home/thompson/incubator_ws/build/incubator_cpp_pkg_bringup' returned '0': CMAKE_PREFIX_PATH=/home/thompson/incubator_ws/install/incubator_cpp_pkg:/home/thompson/incubator_ws/install/incubator_description:/home/thompson/incubator_ws/install/incubator_cpp_pkg_interfaces:/home/thompson/incubator_ws/install/incubator_cpp_pkg_bringup:/home/thompson/incubator_ws/install/incubator_py_pkg:/opt/ros/humble /usr/bin/cmake --install /home/thompson/incubator_ws/build/incubator_cpp_pkg_bringup
[2.832s] Level 1:colcon.colcon_core.environment:checking '/home/thompson/incubator_ws/install/incubator_cpp_pkg_bringup' for CMake config files
[2.833s] Level 1:colcon.colcon_core.shell:create_environment_hook('incubator_cpp_pkg_bringup', 'cmake_prefix_path')
[2.833s] INFO:colcon.colcon_core.shell:Creating environment hook '/home/thompson/incubator_ws/install/incubator_cpp_pkg_bringup/share/incubator_cpp_pkg_bringup/hook/cmake_prefix_path.ps1'
[2.833s] INFO:colcon.colcon_core.shell:Creating environment descriptor '/home/thompson/incubator_ws/install/incubator_cpp_pkg_bringup/share/incubator_cpp_pkg_bringup/hook/cmake_prefix_path.dsv'
[2.834s] INFO:colcon.colcon_core.shell:Creating environment hook '/home/thompson/incubator_ws/install/incubator_cpp_pkg_bringup/share/incubator_cpp_pkg_bringup/hook/cmake_prefix_path.sh'
[2.834s] Level 1:colcon.colcon_core.environment:checking '/home/thompson/incubator_ws/install/incubator_cpp_pkg_bringup/bin'
[2.834s] Level 1:colcon.colcon_core.environment:checking '/home/thompson/incubator_ws/install/incubator_cpp_pkg_bringup/lib/pkgconfig/incubator_cpp_pkg_bringup.pc'
[2.834s] Level 1:colcon.colcon_core.environment:checking '/home/thompson/incubator_ws/install/incubator_cpp_pkg_bringup/lib/python3.10/site-packages'
[2.835s] Level 1:colcon.colcon_core.environment:checking '/home/thompson/incubator_ws/install/incubator_cpp_pkg_bringup/bin'
[2.835s] INFO:colcon.colcon_core.shell:Creating package script '/home/thompson/incubator_ws/install/incubator_cpp_pkg_bringup/share/incubator_cpp_pkg_bringup/package.ps1'
[2.835s] INFO:colcon.colcon_core.shell:Creating package descriptor '/home/thompson/incubator_ws/install/incubator_cpp_pkg_bringup/share/incubator_cpp_pkg_bringup/package.dsv'
[2.836s] INFO:colcon.colcon_core.shell:Creating package script '/home/thompson/incubator_ws/install/incubator_cpp_pkg_bringup/share/incubator_cpp_pkg_bringup/package.sh'
[2.836s] INFO:colcon.colcon_core.shell:Creating package script '/home/thompson/incubator_ws/install/incubator_cpp_pkg_bringup/share/incubator_cpp_pkg_bringup/package.bash'
[2.837s] INFO:colcon.colcon_core.shell:Creating package script '/home/thompson/incubator_ws/install/incubator_cpp_pkg_bringup/share/incubator_cpp_pkg_bringup/package.zsh'
[2.837s] Level 1:colcon.colcon_core.environment:create_file_with_runtime_dependencies(/home/thompson/incubator_ws/install/incubator_cpp_pkg_bringup/share/colcon-core/packages/incubator_cpp_pkg_bringup)
[2.867s] Level 1:colcon.colcon_core.environment:create_environment_scripts_only(incubator_cpp_pkg_bringup)
[2.867s] Level 1:colcon.colcon_core.environment:checking '/home/thompson/incubator_ws/install/incubator_cpp_pkg_bringup' for CMake module files
[2.868s] Level 1:colcon.colcon_core.environment:checking '/home/thompson/incubator_ws/install/incubator_cpp_pkg_bringup' for CMake config files
[2.868s] Level 1:colcon.colcon_core.shell:create_environment_hook('incubator_cpp_pkg_bringup', 'cmake_prefix_path')
[2.868s] INFO:colcon.colcon_core.shell:Creating environment hook '/home/thompson/incubator_ws/install/incubator_cpp_pkg_bringup/share/incubator_cpp_pkg_bringup/hook/cmake_prefix_path.ps1'
[2.869s] INFO:colcon.colcon_core.shell:Creating environment descriptor '/home/thompson/incubator_ws/install/incubator_cpp_pkg_bringup/share/incubator_cpp_pkg_bringup/hook/cmake_prefix_path.dsv'
[2.869s] INFO:colcon.colcon_core.shell:Creating environment hook '/home/thompson/incubator_ws/install/incubator_cpp_pkg_bringup/share/incubator_cpp_pkg_bringup/hook/cmake_prefix_path.sh'
[2.870s] Level 1:colcon.colcon_core.environment:checking '/home/thompson/incubator_ws/install/incubator_cpp_pkg_bringup/bin'
[2.870s] Level 1:colcon.colcon_core.environment:checking '/home/thompson/incubator_ws/install/incubator_cpp_pkg_bringup/lib/pkgconfig/incubator_cpp_pkg_bringup.pc'
[2.870s] Level 1:colcon.colcon_core.environment:checking '/home/thompson/incubator_ws/install/incubator_cpp_pkg_bringup/lib/python3.10/site-packages'
[2.871s] Level 1:colcon.colcon_core.environment:checking '/home/thompson/incubator_ws/install/incubator_cpp_pkg_bringup/bin'
[2.871s] INFO:colcon.colcon_core.shell:Creating package script '/home/thompson/incubator_ws/install/incubator_cpp_pkg_bringup/share/incubator_cpp_pkg_bringup/package.ps1'
[2.872s] INFO:colcon.colcon_core.shell:Creating package descriptor '/home/thompson/incubator_ws/install/incubator_cpp_pkg_bringup/share/incubator_cpp_pkg_bringup/package.dsv'
[2.872s] INFO:colcon.colcon_core.shell:Creating package script '/home/thompson/incubator_ws/install/incubator_cpp_pkg_bringup/share/incubator_cpp_pkg_bringup/package.sh'
[2.873s] INFO:colcon.colcon_core.shell:Creating package script '/home/thompson/incubator_ws/install/incubator_cpp_pkg_bringup/share/incubator_cpp_pkg_bringup/package.bash'
[2.874s] INFO:colcon.colcon_core.shell:Creating package script '/home/thompson/incubator_ws/install/incubator_cpp_pkg_bringup/share/incubator_cpp_pkg_bringup/package.zsh'
[2.874s] Level 1:colcon.colcon_core.environment:create_file_with_runtime_dependencies(/home/thompson/incubator_ws/install/incubator_cpp_pkg_bringup/share/colcon-core/packages/incubator_cpp_pkg_bringup)
[2.874s] DEBUG:colcon.colcon_parallel_executor.executor.parallel:closing loop
[2.875s] DEBUG:colcon.colcon_parallel_executor.executor.parallel:loop closed
[2.875s] DEBUG:colcon.colcon_parallel_executor.executor.parallel:run_until_complete finished with '0'
[2.875s] DEBUG:colcon.colcon_core.event_reactor:joining thread
[2.881s] INFO:colcon.colcon_core.plugin_system:Skipping extension 'colcon_notification.desktop_notification.terminal_notifier': Not used on non-Darwin systems
[2.881s] INFO:colcon.colcon_core.plugin_system:Skipping extension 'colcon_notification.desktop_notification.win32': Not used on non-Windows systems
[2.881s] INFO:colcon.colcon_notification.desktop_notification:Sending desktop notification using 'notify2'
[2.897s] DEBUG:colcon.colcon_core.event_reactor:joined thread
[2.897s] INFO:colcon.colcon_core.shell:Creating prefix script '/home/thompson/incubator_ws/install/local_setup.ps1'
[2.898s] INFO:colcon.colcon_core.shell:Creating prefix util module '/home/thompson/incubator_ws/install/_local_setup_util_ps1.py'
[2.900s] INFO:colcon.colcon_core.shell:Creating prefix chain script '/home/thompson/incubator_ws/install/setup.ps1'
[2.901s] INFO:colcon.colcon_core.shell:Creating prefix script '/home/thompson/incubator_ws/install/local_setup.sh'
[2.902s] INFO:colcon.colcon_core.shell:Creating prefix util module '/home/thompson/incubator_ws/install/_local_setup_util_sh.py'
[2.902s] INFO:colcon.colcon_core.shell:Creating prefix chain script '/home/thompson/incubator_ws/install/setup.sh'
[2.904s] INFO:colcon.colcon_core.shell:Creating prefix script '/home/thompson/incubator_ws/install/local_setup.bash'
[2.904s] INFO:colcon.colcon_core.shell:Creating prefix chain script '/home/thompson/incubator_ws/install/setup.bash'
[2.905s] INFO:colcon.colcon_core.shell:Creating prefix script '/home/thompson/incubator_ws/install/local_setup.zsh'
[2.906s] INFO:colcon.colcon_core.shell:Creating prefix chain script '/home/thompson/incubator_ws/install/setup.zsh'
