[0.012s] Invoking command in '/home/thompson/MS_Report/hamr_incubator_ws/build/incubator_cpp_pkg_bringup': AMENT_PREFIX_PATH=/home/thompson/MS_Report/hamr_incubator_ws/install/incubator_cpp_pkg:/home/thompson/MS_Report/hamr_incubator_ws/install/incubator_cpp_pkg_interfaces:${AMENT_PREFIX_PATH} CMAKE_PREFIX_PATH=/home/thompson/MS_Report/hamr_incubator_ws/install/incubator_cpp_pkg:/home/thompson/MS_Report/hamr_incubator_ws/install/incubator_cpp_pkg_interfaces:/opt/ros/humble LD_LIBRARY_PATH=/home/thompson/MS_Report/hamr_incubator_ws/install/incubator_cpp_pkg_interfaces/lib:${LD_LIBRARY_PATH} PYTHONPATH=/home/thompson/MS_Report/hamr_incubator_ws/install/incubator_cpp_pkg_interfaces/local/lib/python3.10/dist-packages:${PYTHONPATH} /usr/bin/cmake /home/thompson/MS_Report/hamr_incubator_ws/src/incubator_cpp_pkg_bringup -DCMAKE_INSTALL_PREFIX=/home/thompson/MS_Report/hamr_incubator_ws/install/incubator_cpp_pkg_bringup
[0.110s] -- The C compiler identification is GNU 11.4.0
[0.164s] -- The CXX compiler identification is GNU 11.4.0
[0.175s] -- Detecting C compiler ABI info
[0.242s] -- Detecting C compiler ABI info - done
[0.249s] -- Check for working C compiler: /usr/bin/cc - skipped
[0.250s] -- Detecting C compile features
[0.251s] -- Detecting C compile features - done
[0.254s] -- Detecting CXX compiler ABI info
[0.329s] -- Detecting CXX compiler ABI info - done
[0.337s] -- Check for working CXX compiler: /usr/bin/c++ - skipped
[0.337s] -- Detecting CXX compile features
[0.337s] -- Detecting CXX compile features - done
[0.345s] -- Found ament_cmake: 1.3.10 (/opt/ros/humble/share/ament_cmake/cmake)
[0.487s] -- Found Python3: /usr/bin/python3 (found version "3.10.12") found components: Interpreter 
[0.641s] -- Configuring done
[0.643s] -- Generating done
[0.644s] -- Build files have been written to: /home/thompson/MS_Report/hamr_incubator_ws/build/incubator_cpp_pkg_bringup
[0.647s] Invoked command in '/home/thompson/MS_Report/hamr_incubator_ws/build/incubator_cpp_pkg_bringup' returned '0': AMENT_PREFIX_PATH=/home/thompson/MS_Report/hamr_incubator_ws/install/incubator_cpp_pkg:/home/thompson/MS_Report/hamr_incubator_ws/install/incubator_cpp_pkg_interfaces:${AMENT_PREFIX_PATH} CMAKE_PREFIX_PATH=/home/thompson/MS_Report/hamr_incubator_ws/install/incubator_cpp_pkg:/home/thompson/MS_Report/hamr_incubator_ws/install/incubator_cpp_pkg_interfaces:/opt/ros/humble LD_LIBRARY_PATH=/home/thompson/MS_Report/hamr_incubator_ws/install/incubator_cpp_pkg_interfaces/lib:${LD_LIBRARY_PATH} PYTHONPATH=/home/thompson/MS_Report/hamr_incubator_ws/install/incubator_cpp_pkg_interfaces/local/lib/python3.10/dist-packages:${PYTHONPATH} /usr/bin/cmake /home/thompson/MS_Report/hamr_incubator_ws/src/incubator_cpp_pkg_bringup -DCMAKE_INSTALL_PREFIX=/home/thompson/MS_Report/hamr_incubator_ws/install/incubator_cpp_pkg_bringup
[0.648s] Invoking command in '/home/thompson/MS_Report/hamr_incubator_ws/build/incubator_cpp_pkg_bringup': AMENT_PREFIX_PATH=/home/thompson/MS_Report/hamr_incubator_ws/install/incubator_cpp_pkg:/home/thompson/MS_Report/hamr_incubator_ws/install/incubator_cpp_pkg_interfaces:${AMENT_PREFIX_PATH} CMAKE_PREFIX_PATH=/home/thompson/MS_Report/hamr_incubator_ws/install/incubator_cpp_pkg:/home/thompson/MS_Report/hamr_incubator_ws/install/incubator_cpp_pkg_interfaces:/opt/ros/humble LD_LIBRARY_PATH=/home/thompson/MS_Report/hamr_incubator_ws/install/incubator_cpp_pkg_interfaces/lib:${LD_LIBRARY_PATH} PYTHONPATH=/home/thompson/MS_Report/hamr_incubator_ws/install/incubator_cpp_pkg_interfaces/local/lib/python3.10/dist-packages:${PYTHONPATH} /usr/bin/cmake --build /home/thompson/MS_Report/hamr_incubator_ws/build/incubator_cpp_pkg_bringup -- -j7 -l7
[0.682s] Invoked command in '/home/thompson/MS_Report/hamr_incubator_ws/build/incubator_cpp_pkg_bringup' returned '0': AMENT_PREFIX_PATH=/home/thompson/MS_Report/hamr_incubator_ws/install/incubator_cpp_pkg:/home/thompson/MS_Report/hamr_incubator_ws/install/incubator_cpp_pkg_interfaces:${AMENT_PREFIX_PATH} CMAKE_PREFIX_PATH=/home/thompson/MS_Report/hamr_incubator_ws/install/incubator_cpp_pkg:/home/thompson/MS_Report/hamr_incubator_ws/install/incubator_cpp_pkg_interfaces:/opt/ros/humble LD_LIBRARY_PATH=/home/thompson/MS_Report/hamr_incubator_ws/install/incubator_cpp_pkg_interfaces/lib:${LD_LIBRARY_PATH} PYTHONPATH=/home/thompson/MS_Report/hamr_incubator_ws/install/incubator_cpp_pkg_interfaces/local/lib/python3.10/dist-packages:${PYTHONPATH} /usr/bin/cmake --build /home/thompson/MS_Report/hamr_incubator_ws/build/incubator_cpp_pkg_bringup -- -j7 -l7
[0.707s] Invoking command in '/home/thompson/MS_Report/hamr_incubator_ws/build/incubator_cpp_pkg_bringup': AMENT_PREFIX_PATH=/home/thompson/MS_Report/hamr_incubator_ws/install/incubator_cpp_pkg:/home/thompson/MS_Report/hamr_incubator_ws/install/incubator_cpp_pkg_interfaces:${AMENT_PREFIX_PATH} CMAKE_PREFIX_PATH=/home/thompson/MS_Report/hamr_incubator_ws/install/incubator_cpp_pkg:/home/thompson/MS_Report/hamr_incubator_ws/install/incubator_cpp_pkg_interfaces:/opt/ros/humble LD_LIBRARY_PATH=/home/thompson/MS_Report/hamr_incubator_ws/install/incubator_cpp_pkg_interfaces/lib:${LD_LIBRARY_PATH} PYTHONPATH=/home/thompson/MS_Report/hamr_incubator_ws/install/incubator_cpp_pkg_interfaces/local/lib/python3.10/dist-packages:${PYTHONPATH} /usr/bin/cmake --install /home/thompson/MS_Report/hamr_incubator_ws/build/incubator_cpp_pkg_bringup
[0.715s] -- Install configuration: ""
[0.715s] -- Installing: /home/thompson/MS_Report/hamr_incubator_ws/install/incubator_cpp_pkg_bringup/share/incubator_cpp_pkg_bringup/launch
[0.715s] -- Installing: /home/thompson/MS_Report/hamr_incubator_ws/install/incubator_cpp_pkg_bringup/share/incubator_cpp_pkg_bringup/launch/incubator.launch.xml
[0.716s] -- Installing: /home/thompson/MS_Report/hamr_incubator_ws/install/incubator_cpp_pkg_bringup/share/ament_index/resource_index/package_run_dependencies/incubator_cpp_pkg_bringup
[0.716s] -- Installing: /home/thompson/MS_Report/hamr_incubator_ws/install/incubator_cpp_pkg_bringup/share/ament_index/resource_index/parent_prefix_path/incubator_cpp_pkg_bringup
[0.716s] -- Installing: /home/thompson/MS_Report/hamr_incubator_ws/install/incubator_cpp_pkg_bringup/share/incubator_cpp_pkg_bringup/environment/ament_prefix_path.sh
[0.716s] -- Installing: /home/thompson/MS_Report/hamr_incubator_ws/install/incubator_cpp_pkg_bringup/share/incubator_cpp_pkg_bringup/environment/ament_prefix_path.dsv
[0.716s] -- Installing: /home/thompson/MS_Report/hamr_incubator_ws/install/incubator_cpp_pkg_bringup/share/incubator_cpp_pkg_bringup/environment/path.sh
[0.716s] -- Installing: /home/thompson/MS_Report/hamr_incubator_ws/install/incubator_cpp_pkg_bringup/share/incubator_cpp_pkg_bringup/environment/path.dsv
[0.716s] -- Installing: /home/thompson/MS_Report/hamr_incubator_ws/install/incubator_cpp_pkg_bringup/share/incubator_cpp_pkg_bringup/local_setup.bash
[0.717s] -- Installing: /home/thompson/MS_Report/hamr_incubator_ws/install/incubator_cpp_pkg_bringup/share/incubator_cpp_pkg_bringup/local_setup.sh
[0.717s] -- Installing: /home/thompson/MS_Report/hamr_incubator_ws/install/incubator_cpp_pkg_bringup/share/incubator_cpp_pkg_bringup/local_setup.zsh
[0.717s] -- Installing: /home/thompson/MS_Report/hamr_incubator_ws/install/incubator_cpp_pkg_bringup/share/incubator_cpp_pkg_bringup/local_setup.dsv
[0.717s] -- Installing: /home/thompson/MS_Report/hamr_incubator_ws/install/incubator_cpp_pkg_bringup/share/incubator_cpp_pkg_bringup/package.dsv
[0.717s] -- Installing: /home/thompson/MS_Report/hamr_incubator_ws/install/incubator_cpp_pkg_bringup/share/ament_index/resource_index/packages/incubator_cpp_pkg_bringup
[0.717s] -- Installing: /home/thompson/MS_Report/hamr_incubator_ws/install/incubator_cpp_pkg_bringup/share/incubator_cpp_pkg_bringup/cmake/incubator_cpp_pkg_bringupConfig.cmake
[0.717s] -- Installing: /home/thompson/MS_Report/hamr_incubator_ws/install/incubator_cpp_pkg_bringup/share/incubator_cpp_pkg_bringup/cmake/incubator_cpp_pkg_bringupConfig-version.cmake
[0.718s] -- Installing: /home/thompson/MS_Report/hamr_incubator_ws/install/incubator_cpp_pkg_bringup/share/incubator_cpp_pkg_bringup/package.xml
[0.720s] Invoked command in '/home/thompson/MS_Report/hamr_incubator_ws/build/incubator_cpp_pkg_bringup' returned '0': AMENT_PREFIX_PATH=/home/thompson/MS_Report/hamr_incubator_ws/install/incubator_cpp_pkg:/home/thompson/MS_Report/hamr_incubator_ws/install/incubator_cpp_pkg_interfaces:${AMENT_PREFIX_PATH} CMAKE_PREFIX_PATH=/home/thompson/MS_Report/hamr_incubator_ws/install/incubator_cpp_pkg:/home/thompson/MS_Report/hamr_incubator_ws/install/incubator_cpp_pkg_interfaces:/opt/ros/humble LD_LIBRARY_PATH=/home/thompson/MS_Report/hamr_incubator_ws/install/incubator_cpp_pkg_interfaces/lib:${LD_LIBRARY_PATH} PYTHONPATH=/home/thompson/MS_Report/hamr_incubator_ws/install/incubator_cpp_pkg_interfaces/local/lib/python3.10/dist-packages:${PYTHONPATH} /usr/bin/cmake --install /home/thompson/MS_Report/hamr_incubator_ws/build/incubator_cpp_pkg_bringup
