-- Found ament_cmake: 1.3.10 (/opt/ros/humble/share/ament_cmake/cmake)
-- Found rclcpp: 16.0.10 (/opt/ros/humble/share/rclcpp/cmake)
-- Found rosidl_generator_c: 3.1.5 (/opt/ros/humble/share/rosidl_generator_c/cmake)
-- Found rosidl_adapter: 3.1.5 (/opt/ros/humble/share/rosidl_adapter/cmake)
-- Found rosidl_generator_cpp: 3.1.5 (/opt/ros/humble/share/rosidl_generator_cpp/cmake)
-- Using all available rosidl_typesupport_c: rosidl_typesupport_fastrtps_c;rosidl_typesupport_introspection_c
-- Using all available rosidl_typesupport_cpp: rosidl_typesupport_fastrtps_cpp;rosidl_typesupport_introspection_cpp
-- Found rmw_implementation_cmake: 6.1.2 (/opt/ros/humble/share/rmw_implementation_cmake/cmake)
-- Found rmw_fastrtps_cpp: 6.2.7 (/opt/ros/humble/share/rmw_fastrtps_cpp/cmake)
-- Using RMW implementation 'rmw_fastrtps_cpp' as default
-- Found incubator_cpp_pkg_interfaces: 0.0.0 (/home/thompson/incubator_ws/install/incubator_cpp_pkg_interfaces/share/incubator_cpp_pkg_interfaces/cmake)
-- Found sensor_msgs: 4.2.4 (/opt/ros/humble/share/sensor_msgs/cmake)
-- Configuring done
-- Generating done
-- Build files have been written to: /home/thompson/incubator_ws/build/incubator_cpp_pkg
[35m[1mConsolidate compiler generated dependencies of target Incubator_i_Instance_pt_ptp_device_manager_exe[0m
[35m[1mConsolidate compiler generated dependencies of target Incubator_i_Instance_dt_dtp_idbr_exe[0m
[35m[1mConsolidate compiler generated dependencies of target Incubator_i_Instance_pt_ptp_controller_exe[0m
[ 20%] [32mBuilding CXX object CMakeFiles/Incubator_i_Instance_dt_dtp_pkf_exe.dir/src/base_code/Incubator_i_Instance_dt_dtp_pkf_base_src.cpp.o[0m
[ 20%] [32mBuilding CXX object CMakeFiles/Incubator_i_Instance_dt_dtp_pkf_exe.dir/src/user_code/Incubator_i_Instance_dt_dtp_pkf_src.cpp.o[0m
[ 20%] [32mBuilding CXX object CMakeFiles/Incubator_i_Instance_dt_dtp_pkf_exe.dir/src/base_code/Incubator_i_Instance_dt_dtp_pkf_runner.cpp.o[0m
[ 20%] [32mBuilding CXX object CMakeFiles/Incubator_i_Instance_dt_dtp_loam_exe.dir/src/base_code/Incubator_i_Instance_dt_dtp_loam_runner.cpp.o[0m
[ 25%] [32mBuilding CXX object CMakeFiles/Incubator_i_Instance_pt_ptp_device_manager_exe.dir/src/base_code/Incubator_i_Instance_pt_ptp_device_manager_runner.cpp.o[0m
[ 30%] [32mBuilding CXX object CMakeFiles/Incubator_i_Instance_pt_ptp_controller_exe.dir/src/base_code/Incubator_i_Instance_pt_ptp_controller_runner.cpp.o[0m
[ 35%] [32mBuilding CXX object CMakeFiles/Incubator_i_Instance_dt_dtp_idbr_exe.dir/src/base_code/Incubator_i_Instance_dt_dtp_idbr_runner.cpp.o[0m
[ 40%] [32mBuilding CXX object CMakeFiles/Incubator_i_Instance_pt_ptp_controller_exe.dir/src/user_code/Incubator_i_Instance_pt_ptp_controller_src.cpp.o[0m
[ 45%] [32mBuilding CXX object CMakeFiles/Incubator_i_Instance_pt_ptp_controller_exe.dir/src/base_code/Incubator_i_Instance_pt_ptp_controller_base_src.cpp.o[0m
[ 50%] [32mBuilding CXX object CMakeFiles/Incubator_i_Instance_dt_dtp_loam_exe.dir/src/user_code/Incubator_i_Instance_dt_dtp_loam_src.cpp.o[0m
[ 55%] [32mBuilding CXX object CMakeFiles/Incubator_i_Instance_dt_dtp_idbr_exe.dir/src/user_code/Incubator_i_Instance_dt_dtp_idbr_src.cpp.o[0m
[ 60%] [32mBuilding CXX object CMakeFiles/Incubator_i_Instance_pt_ptp_device_manager_exe.dir/src/user_code/Incubator_i_Instance_pt_ptp_device_manager_src.cpp.o[0m
[ 65%] [32mBuilding CXX object CMakeFiles/Incubator_i_Instance_dt_dtp_idbr_exe.dir/src/base_code/Incubator_i_Instance_dt_dtp_idbr_base_src.cpp.o[0m
[ 70%] [32mBuilding CXX object CMakeFiles/Incubator_i_Instance_dt_dtp_loam_exe.dir/src/base_code/Incubator_i_Instance_dt_dtp_loam_base_src.cpp.o[0m
[ 75%] [32mBuilding CXX object CMakeFiles/Incubator_i_Instance_pt_ptp_device_manager_exe.dir/src/base_code/Incubator_i_Instance_pt_ptp_device_manager_base_src.cpp.o[0m
[ 80%] [32m[1mLinking CXX executable Incubator_i_Instance_dt_dtp_pkf_exe[0m
[ 80%] Built target Incubator_i_Instance_dt_dtp_pkf_exe
[ 85%] [32m[1mLinking CXX executable Incubator_i_Instance_dt_dtp_loam_exe[0m
[ 90%] [32m[1mLinking CXX executable Incubator_i_Instance_pt_ptp_device_manager_exe[0m
[ 90%] Built target Incubator_i_Instance_dt_dtp_loam_exe
[ 95%] [32m[1mLinking CXX executable Incubator_i_Instance_pt_ptp_controller_exe[0m
[ 95%] Built target Incubator_i_Instance_pt_ptp_device_manager_exe
[ 95%] Built target Incubator_i_Instance_pt_ptp_controller_exe
[100%] [32m[1mLinking CXX executable Incubator_i_Instance_dt_dtp_idbr_exe[0m
[100%] Built target Incubator_i_Instance_dt_dtp_idbr_exe
-- Install configuration: ""
-- Installing: /home/thompson/incubator_ws/install/incubator_cpp_pkg/lib/incubator_cpp_pkg/Incubator_i_Instance_pt_ptp_device_manager_exe
-- Set runtime path of "/home/thompson/incubator_ws/install/incubator_cpp_pkg/lib/incubator_cpp_pkg/Incubator_i_Instance_pt_ptp_device_manager_exe" to ""
-- Installing: /home/thompson/incubator_ws/install/incubator_cpp_pkg/lib/incubator_cpp_pkg/Incubator_i_Instance_pt_ptp_controller_exe
-- Set runtime path of "/home/thompson/incubator_ws/install/incubator_cpp_pkg/lib/incubator_cpp_pkg/Incubator_i_Instance_pt_ptp_controller_exe" to ""
-- Installing: /home/thompson/incubator_ws/install/incubator_cpp_pkg/lib/incubator_cpp_pkg/Incubator_i_Instance_dt_dtp_idbr_exe
-- Set runtime path of "/home/thompson/incubator_ws/install/incubator_cpp_pkg/lib/incubator_cpp_pkg/Incubator_i_Instance_dt_dtp_idbr_exe" to ""
-- Installing: /home/thompson/incubator_ws/install/incubator_cpp_pkg/lib/incubator_cpp_pkg/Incubator_i_Instance_dt_dtp_pkf_exe
-- Set runtime path of "/home/thompson/incubator_ws/install/incubator_cpp_pkg/lib/incubator_cpp_pkg/Incubator_i_Instance_dt_dtp_pkf_exe" to ""
-- Installing: /home/thompson/incubator_ws/install/incubator_cpp_pkg/lib/incubator_cpp_pkg/Incubator_i_Instance_dt_dtp_loam_exe
-- Set runtime path of "/home/thompson/incubator_ws/install/incubator_cpp_pkg/lib/incubator_cpp_pkg/Incubator_i_Instance_dt_dtp_loam_exe" to ""
-- Up-to-date: /home/thompson/incubator_ws/install/incubator_cpp_pkg/share/ament_index/resource_index/package_run_dependencies/incubator_cpp_pkg
-- Up-to-date: /home/thompson/incubator_ws/install/incubator_cpp_pkg/share/ament_index/resource_index/parent_prefix_path/incubator_cpp_pkg
-- Up-to-date: /home/thompson/incubator_ws/install/incubator_cpp_pkg/share/incubator_cpp_pkg/environment/ament_prefix_path.sh
-- Installing: /home/thompson/incubator_ws/install/incubator_cpp_pkg/share/incubator_cpp_pkg/environment/ament_prefix_path.dsv
-- Up-to-date: /home/thompson/incubator_ws/install/incubator_cpp_pkg/share/incubator_cpp_pkg/environment/path.sh
-- Installing: /home/thompson/incubator_ws/install/incubator_cpp_pkg/share/incubator_cpp_pkg/environment/path.dsv
-- Up-to-date: /home/thompson/incubator_ws/install/incubator_cpp_pkg/share/incubator_cpp_pkg/local_setup.bash
-- Up-to-date: /home/thompson/incubator_ws/install/incubator_cpp_pkg/share/incubator_cpp_pkg/local_setup.sh
-- Up-to-date: /home/thompson/incubator_ws/install/incubator_cpp_pkg/share/incubator_cpp_pkg/local_setup.zsh
-- Installing: /home/thompson/incubator_ws/install/incubator_cpp_pkg/share/incubator_cpp_pkg/local_setup.dsv
-- Installing: /home/thompson/incubator_ws/install/incubator_cpp_pkg/share/incubator_cpp_pkg/package.dsv
-- Up-to-date: /home/thompson/incubator_ws/install/incubator_cpp_pkg/share/ament_index/resource_index/packages/incubator_cpp_pkg
-- Up-to-date: /home/thompson/incubator_ws/install/incubator_cpp_pkg/share/incubator_cpp_pkg/cmake/incubator_cpp_pkgConfig.cmake
-- Up-to-date: /home/thompson/incubator_ws/install/incubator_cpp_pkg/share/incubator_cpp_pkg/cmake/incubator_cpp_pkgConfig-version.cmake
-- Installing: /home/thompson/incubator_ws/install/incubator_cpp_pkg/share/incubator_cpp_pkg/package.xml
