[35m[1mConsolidate compiler generated dependencies of target Incubator_i_Instance_dt_dtp_idbr_exe[0m
[ 10%] [32mBuilding CXX object CMakeFiles/Incubator_i_Instance_dt_dtp_loam_exe.dir/src/base_code/Incubator_i_Instance_dt_dtp_loam_runner.cpp.o[0m
[ 10%] [32mBuilding CXX object CMakeFiles/Incubator_i_Instance_dt_dtp_loam_exe.dir/src/user_code/Incubator_i_Instance_dt_dtp_loam_src.cpp.o[0m
[ 30%] Built target Incubator_i_Instance_pt_ptp_controller_exe
[ 50%] Built target Incubator_i_Instance_pt_ptp_device_manager_exe
[ 70%] Built target Incubator_i_Instance_dt_dtp_idbr_exe
[ 75%] [32mBuilding CXX object CMakeFiles/Incubator_i_Instance_dt_dtp_pkf_exe.dir/src/base_code/Incubator_i_Instance_dt_dtp_pkf_runner.cpp.o[0m
[ 80%] [32mBuilding CXX object CMakeFiles/Incubator_i_Instance_dt_dtp_pkf_exe.dir/src/user_code/Incubator_i_Instance_dt_dtp_pkf_src.cpp.o[0m
[ 85%] [32m[1mLinking CXX executable Incubator_i_Instance_dt_dtp_pkf_exe[0m
[ 90%] [32m[1mLinking CXX executable Incubator_i_Instance_dt_dtp_loam_exe[0m
[ 95%] Built target Incubator_i_Instance_dt_dtp_pkf_exe
[100%] Built target Incubator_i_Instance_dt_dtp_loam_exe
-- Install configuration: ""
-- Up-to-date: /home/thompson/incubator_ws/install/incubator_cpp_pkg/lib/incubator_cpp_pkg/Incubator_i_Instance_pt_ptp_device_manager_exe
-- Up-to-date: /home/thompson/incubator_ws/install/incubator_cpp_pkg/lib/incubator_cpp_pkg/Incubator_i_Instance_pt_ptp_controller_exe
-- Up-to-date: /home/thompson/incubator_ws/install/incubator_cpp_pkg/lib/incubator_cpp_pkg/Incubator_i_Instance_dt_dtp_idbr_exe
-- Installing: /home/thompson/incubator_ws/install/incubator_cpp_pkg/lib/incubator_cpp_pkg/Incubator_i_Instance_dt_dtp_pkf_exe
-- Set runtime path of "/home/thompson/incubator_ws/install/incubator_cpp_pkg/lib/incubator_cpp_pkg/Incubator_i_Instance_dt_dtp_pkf_exe" to ""
-- Installing: /home/thompson/incubator_ws/install/incubator_cpp_pkg/lib/incubator_cpp_pkg/Incubator_i_Instance_dt_dtp_loam_exe
-- Set runtime path of "/home/thompson/incubator_ws/install/incubator_cpp_pkg/lib/incubator_cpp_pkg/Incubator_i_Instance_dt_dtp_loam_exe" to ""
-- Up-to-date: /home/thompson/incubator_ws/install/incubator_cpp_pkg/share/ament_index/resource_index/package_run_dependencies/incubator_cpp_pkg
-- Up-to-date: /home/thompson/incubator_ws/install/incubator_cpp_pkg/share/ament_index/resource_index/parent_prefix_path/incubator_cpp_pkg
-- Up-to-date: /home/thompson/incubator_ws/install/incubator_cpp_pkg/share/incubator_cpp_pkg/environment/ament_prefix_path.sh
-- Up-to-date: /home/thompson/incubator_ws/install/incubator_cpp_pkg/share/incubator_cpp_pkg/environment/ament_prefix_path.dsv
-- Up-to-date: /home/thompson/incubator_ws/install/incubator_cpp_pkg/share/incubator_cpp_pkg/environment/path.sh
-- Up-to-date: /home/thompson/incubator_ws/install/incubator_cpp_pkg/share/incubator_cpp_pkg/environment/path.dsv
-- Up-to-date: /home/thompson/incubator_ws/install/incubator_cpp_pkg/share/incubator_cpp_pkg/local_setup.bash
-- Up-to-date: /home/thompson/incubator_ws/install/incubator_cpp_pkg/share/incubator_cpp_pkg/local_setup.sh
-- Up-to-date: /home/thompson/incubator_ws/install/incubator_cpp_pkg/share/incubator_cpp_pkg/local_setup.zsh
-- Up-to-date: /home/thompson/incubator_ws/install/incubator_cpp_pkg/share/incubator_cpp_pkg/local_setup.dsv
-- Installing: /home/thompson/incubator_ws/install/incubator_cpp_pkg/share/incubator_cpp_pkg/package.dsv
-- Up-to-date: /home/thompson/incubator_ws/install/incubator_cpp_pkg/share/ament_index/resource_index/packages/incubator_cpp_pkg
-- Up-to-date: /home/thompson/incubator_ws/install/incubator_cpp_pkg/share/incubator_cpp_pkg/cmake/incubator_cpp_pkgConfig.cmake
-- Up-to-date: /home/thompson/incubator_ws/install/incubator_cpp_pkg/share/incubator_cpp_pkg/cmake/incubator_cpp_pkgConfig-version.cmake
-- Up-to-date: /home/thompson/incubator_ws/install/incubator_cpp_pkg/share/incubator_cpp_pkg/package.xml
