[0.013s] Invoking command in '/home/thompson/incubator_ws/build/incubator_cpp_pkg': CMAKE_PREFIX_PATH=/home/thompson/incubator_ws/install/incubator_cpp_pkg_interfaces:/home/thompson/incubator_ws/install/incubator_cpp_pkg_bringup:/home/thompson/incubator_ws/install/incubator_description:/home/thompson/incubator_ws/install/incubator_cpp_pkg:/opt/ros/humble /usr/bin/cmake --build /home/thompson/incubator_ws/build/incubator_cpp_pkg -- -j7 -l7
[0.064s] [35m[1mConsolidate compiler generated dependencies of target Incubator_i_Instance_dt_dtp_idbr_exe[0m
[0.083s] [ 10%] [32mBuilding CXX object CMakeFiles/Incubator_i_Instance_dt_dtp_loam_exe.dir/src/base_code/Incubator_i_Instance_dt_dtp_loam_runner.cpp.o[0m
[0.083s] [ 10%] [32mBuilding CXX object CMakeFiles/Incubator_i_Instance_dt_dtp_loam_exe.dir/src/user_code/Incubator_i_Instance_dt_dtp_loam_src.cpp.o[0m
[0.085s] [ 30%] Built target Incubator_i_Instance_pt_ptp_controller_exe
[0.087s] [ 50%] Built target Incubator_i_Instance_pt_ptp_device_manager_exe
[0.089s] [ 70%] Built target Incubator_i_Instance_dt_dtp_idbr_exe
[0.091s] [ 75%] [32mBuilding CXX object CMakeFiles/Incubator_i_Instance_dt_dtp_pkf_exe.dir/src/base_code/Incubator_i_Instance_dt_dtp_pkf_runner.cpp.o[0m
[0.091s] [ 80%] [32mBuilding CXX object CMakeFiles/Incubator_i_Instance_dt_dtp_pkf_exe.dir/src/user_code/Incubator_i_Instance_dt_dtp_pkf_src.cpp.o[0m
[3.367s] [01m[K/home/thompson/incubator_ws/src/incubator_cpp_pkg/src/user_code/Incubator_i_Instance_dt_dtp_pkf_src.cpp:[m[K In member function ‘[01m[Kvirtual void Incubator_i_Instance_dt_dtp_pkf::handle_device_state(incubator_cpp_pkg_interfaces::msg::DeviceStatei_<std::allocator<void> >::SharedPtr)[m[K’:
[3.367s] [01m[K/home/thompson/incubator_ws/src/incubator_cpp_pkg/src/user_code/Incubator_i_Instance_dt_dtp_pkf_src.cpp:16:124:[m[K [01;35m[Kwarning: [m[Kunused parameter ‘[01m[Kmsg[m[K’ [[01;35m[K]8;;https://gcc.gnu.org/onlinedocs/gcc/Warning-Options.html#index-Wunused-parameter-Wunused-parameter]8;;[m[K]
[3.367s]    16 | void Incubator_i_Instance_dt_dtp_pkf::handle_device_state([01;35m[Kconst incubator_cpp_pkg_interfaces::msg::DeviceStatei::SharedPtr msg[m[K)
[3.367s]       |                                                           [01;35m[K~~~~~~~~~~~~~~~~~~~~~~~~~~~~~~~~~~~~~~~~~~~~~~~~~~~~~~~~~~~~~~~~~^~~[m[K
[3.991s] [ 85%] [32m[1mLinking CXX executable Incubator_i_Instance_dt_dtp_pkf_exe[0m
[4.028s] [ 90%] [32m[1mLinking CXX executable Incubator_i_Instance_dt_dtp_loam_exe[0m
[4.404s] [ 95%] Built target Incubator_i_Instance_dt_dtp_pkf_exe
[4.431s] [100%] Built target Incubator_i_Instance_dt_dtp_loam_exe
[4.444s] Invoked command in '/home/thompson/incubator_ws/build/incubator_cpp_pkg' returned '0': CMAKE_PREFIX_PATH=/home/thompson/incubator_ws/install/incubator_cpp_pkg_interfaces:/home/thompson/incubator_ws/install/incubator_cpp_pkg_bringup:/home/thompson/incubator_ws/install/incubator_description:/home/thompson/incubator_ws/install/incubator_cpp_pkg:/opt/ros/humble /usr/bin/cmake --build /home/thompson/incubator_ws/build/incubator_cpp_pkg -- -j7 -l7
[4.534s] Invoking command in '/home/thompson/incubator_ws/build/incubator_cpp_pkg': CMAKE_PREFIX_PATH=/home/thompson/incubator_ws/install/incubator_cpp_pkg_interfaces:/home/thompson/incubator_ws/install/incubator_cpp_pkg_bringup:/home/thompson/incubator_ws/install/incubator_description:/home/thompson/incubator_ws/install/incubator_cpp_pkg:/opt/ros/humble /usr/bin/cmake --install /home/thompson/incubator_ws/build/incubator_cpp_pkg
[4.542s] -- Install configuration: ""
[4.542s] -- Up-to-date: /home/thompson/incubator_ws/install/incubator_cpp_pkg/lib/incubator_cpp_pkg/Incubator_i_Instance_pt_ptp_device_manager_exe
[4.542s] -- Up-to-date: /home/thompson/incubator_ws/install/incubator_cpp_pkg/lib/incubator_cpp_pkg/Incubator_i_Instance_pt_ptp_controller_exe
[4.542s] -- Up-to-date: /home/thompson/incubator_ws/install/incubator_cpp_pkg/lib/incubator_cpp_pkg/Incubator_i_Instance_dt_dtp_idbr_exe
[4.543s] -- Installing: /home/thompson/incubator_ws/install/incubator_cpp_pkg/lib/incubator_cpp_pkg/Incubator_i_Instance_dt_dtp_pkf_exe
[4.546s] -- Set runtime path of "/home/thompson/incubator_ws/install/incubator_cpp_pkg/lib/incubator_cpp_pkg/Incubator_i_Instance_dt_dtp_pkf_exe" to ""
[4.546s] -- Installing: /home/thompson/incubator_ws/install/incubator_cpp_pkg/lib/incubator_cpp_pkg/Incubator_i_Instance_dt_dtp_loam_exe
[4.549s] -- Set runtime path of "/home/thompson/incubator_ws/install/incubator_cpp_pkg/lib/incubator_cpp_pkg/Incubator_i_Instance_dt_dtp_loam_exe" to ""
[4.550s] -- Up-to-date: /home/thompson/incubator_ws/install/incubator_cpp_pkg/share/ament_index/resource_index/package_run_dependencies/incubator_cpp_pkg
[4.550s] -- Up-to-date: /home/thompson/incubator_ws/install/incubator_cpp_pkg/share/ament_index/resource_index/parent_prefix_path/incubator_cpp_pkg
[4.550s] -- Up-to-date: /home/thompson/incubator_ws/install/incubator_cpp_pkg/share/incubator_cpp_pkg/environment/ament_prefix_path.sh
[4.550s] -- Up-to-date: /home/thompson/incubator_ws/install/incubator_cpp_pkg/share/incubator_cpp_pkg/environment/ament_prefix_path.dsv
[4.550s] -- Up-to-date: /home/thompson/incubator_ws/install/incubator_cpp_pkg/share/incubator_cpp_pkg/environment/path.sh
[4.551s] -- Up-to-date: /home/thompson/incubator_ws/install/incubator_cpp_pkg/share/incubator_cpp_pkg/environment/path.dsv
[4.551s] -- Up-to-date: /home/thompson/incubator_ws/install/incubator_cpp_pkg/share/incubator_cpp_pkg/local_setup.bash
[4.551s] -- Up-to-date: /home/thompson/incubator_ws/install/incubator_cpp_pkg/share/incubator_cpp_pkg/local_setup.sh
[4.551s] -- Up-to-date: /home/thompson/incubator_ws/install/incubator_cpp_pkg/share/incubator_cpp_pkg/local_setup.zsh
[4.551s] -- Up-to-date: /home/thompson/incubator_ws/install/incubator_cpp_pkg/share/incubator_cpp_pkg/local_setup.dsv
[4.551s] -- Installing: /home/thompson/incubator_ws/install/incubator_cpp_pkg/share/incubator_cpp_pkg/package.dsv
[4.551s] -- Up-to-date: /home/thompson/incubator_ws/install/incubator_cpp_pkg/share/ament_index/resource_index/packages/incubator_cpp_pkg
[4.551s] -- Up-to-date: /home/thompson/incubator_ws/install/incubator_cpp_pkg/share/incubator_cpp_pkg/cmake/incubator_cpp_pkgConfig.cmake
[4.551s] -- Up-to-date: /home/thompson/incubator_ws/install/incubator_cpp_pkg/share/incubator_cpp_pkg/cmake/incubator_cpp_pkgConfig-version.cmake
[4.551s] -- Up-to-date: /home/thompson/incubator_ws/install/incubator_cpp_pkg/share/incubator_cpp_pkg/package.xml
[4.606s] Invoked command in '/home/thompson/incubator_ws/build/incubator_cpp_pkg' returned '0': CMAKE_PREFIX_PATH=/home/thompson/incubator_ws/install/incubator_cpp_pkg_interfaces:/home/thompson/incubator_ws/install/incubator_cpp_pkg_bringup:/home/thompson/incubator_ws/install/incubator_description:/home/thompson/incubator_ws/install/incubator_cpp_pkg:/opt/ros/humble /usr/bin/cmake --install /home/thompson/incubator_ws/build/incubator_cpp_pkg
