[0.184s] DEBUG:colcon:Command line arguments: ['/usr/bin/colcon', 'build']
[0.184s] DEBUG:colcon:Parsed command line arguments: Namespace(log_base=None, log_level=None, verb_name='build', build_base='build', install_base='install', merge_install=False, symlink_install=False, test_result_base=None, continue_on_error=False, executor='parallel', parallel_workers=7, event_handlers=None, ignore_user_meta=False, metas=['./colcon.meta'], base_paths=['.'], packages_ignore=None, packages_ignore_regex=None, paths=None, packages_up_to=None, packages_up_to_regex=None, packages_above=None, packages_above_and_dependencies=None, packages_above_depth=None, packages_select_by_dep=None, packages_skip_by_dep=None, packages_skip_up_to=None, packages_select_build_failed=False, packages_skip_build_finished=False, packages_select_test_failures=False, packages_skip_test_passed=False, packages_select=None, packages_skip=None, packages_select_regex=None, packages_skip_regex=None, packages_start=None, packages_end=None, allow_overriding=[], cmake_args=None, cmake_target=None, cmake_target_skip_unavailable=False, cmake_clean_cache=False, cmake_clean_first=False, cmake_force_configure=False, ament_cmake_args=None, catkin_cmake_args=None, catkin_skip_building_tests=False, verb_parser=<colcon_defaults.argument_parser.defaults.DefaultArgumentsDecorator object at 0x754507c0b4c0>, verb_extension=<colcon_core.verb.build.BuildVerb object at 0x754507c0a410>, main=<bound method BuildVerb.main of <colcon_core.verb.build.BuildVerb object at 0x754507c0a410>>)
[0.382s] Level 1:colcon.colcon_core.package_discovery:discover_packages(colcon_meta) check parameters
[0.382s] Level 1:colcon.colcon_core.package_discovery:discover_packages(recursive) check parameters
[0.382s] Level 1:colcon.colcon_core.package_discovery:discover_packages(ignore) check parameters
[0.382s] Level 1:colcon.colcon_core.package_discovery:discover_packages(path) check parameters
[0.382s] Level 1:colcon.colcon_core.package_discovery:discover_packages(colcon_meta) discover
[0.382s] Level 1:colcon.colcon_core.package_discovery:discover_packages(recursive) discover
[0.382s] INFO:colcon.colcon_core.package_discovery:Crawling recursively for packages in '/home/thompson/incubator_ws'
[0.382s] Level 1:colcon.colcon_core.package_identification:_identify(.) by extensions ['ignore', 'ignore_ament_install']
[0.383s] Level 1:colcon.colcon_core.package_identification:_identify(.) by extension 'ignore'
[0.383s] Level 1:colcon.colcon_core.package_identification:_identify(.) by extension 'ignore_ament_install'
[0.383s] Level 1:colcon.colcon_core.package_identification:_identify(.) by extensions ['colcon_pkg']
[0.383s] Level 1:colcon.colcon_core.package_identification:_identify(.) by extension 'colcon_pkg'
[0.383s] Level 1:colcon.colcon_core.package_identification:_identify(.) by extensions ['colcon_meta']
[0.383s] Level 1:colcon.colcon_core.package_identification:_identify(.) by extension 'colcon_meta'
[0.383s] Level 1:colcon.colcon_core.package_identification:_identify(.) by extensions ['ros']
[0.383s] Level 1:colcon.colcon_core.package_identification:_identify(.) by extension 'ros'
[0.394s] Level 1:colcon.colcon_core.package_identification:_identify(.) by extensions ['cmake', 'python']
[0.394s] Level 1:colcon.colcon_core.package_identification:_identify(.) by extension 'cmake'
[0.394s] Level 1:colcon.colcon_core.package_identification:_identify(.) by extension 'python'
[0.394s] Level 1:colcon.colcon_core.package_identification:_identify(.) by extensions ['python_setup_py']
[0.394s] Level 1:colcon.colcon_core.package_identification:_identify(.) by extension 'python_setup_py'
[0.395s] Level 1:colcon.colcon_core.package_identification:_identify(build) by extensions ['ignore', 'ignore_ament_install']
[0.395s] Level 1:colcon.colcon_core.package_identification:_identify(build) by extension 'ignore'
[0.395s] Level 1:colcon.colcon_core.package_identification:_identify(build) ignored
[0.395s] Level 1:colcon.colcon_core.package_identification:_identify(install) by extensions ['ignore', 'ignore_ament_install']
[0.395s] Level 1:colcon.colcon_core.package_identification:_identify(install) by extension 'ignore'
[0.395s] Level 1:colcon.colcon_core.package_identification:_identify(install) ignored
[0.395s] Level 1:colcon.colcon_core.package_identification:_identify(log) by extensions ['ignore', 'ignore_ament_install']
[0.395s] Level 1:colcon.colcon_core.package_identification:_identify(log) by extension 'ignore'
[0.395s] Level 1:colcon.colcon_core.package_identification:_identify(log) ignored
[0.395s] Level 1:colcon.colcon_core.package_identification:_identify(src) by extensions ['ignore', 'ignore_ament_install']
[0.395s] Level 1:colcon.colcon_core.package_identification:_identify(src) by extension 'ignore'
[0.396s] Level 1:colcon.colcon_core.package_identification:_identify(src) by extension 'ignore_ament_install'
[0.396s] Level 1:colcon.colcon_core.package_identification:_identify(src) by extensions ['colcon_pkg']
[0.396s] Level 1:colcon.colcon_core.package_identification:_identify(src) by extension 'colcon_pkg'
[0.396s] Level 1:colcon.colcon_core.package_identification:_identify(src) by extensions ['colcon_meta']
[0.396s] Level 1:colcon.colcon_core.package_identification:_identify(src) by extension 'colcon_meta'
[0.396s] Level 1:colcon.colcon_core.package_identification:_identify(src) by extensions ['ros']
[0.396s] Level 1:colcon.colcon_core.package_identification:_identify(src) by extension 'ros'
[0.396s] Level 1:colcon.colcon_core.package_identification:_identify(src) by extensions ['cmake', 'python']
[0.396s] Level 1:colcon.colcon_core.package_identification:_identify(src) by extension 'cmake'
[0.396s] Level 1:colcon.colcon_core.package_identification:_identify(src) by extension 'python'
[0.396s] Level 1:colcon.colcon_core.package_identification:_identify(src) by extensions ['python_setup_py']
[0.396s] Level 1:colcon.colcon_core.package_identification:_identify(src) by extension 'python_setup_py'
[0.396s] Level 1:colcon.colcon_core.package_identification:_identify(src/incubator_cpp_pkg) by extensions ['ignore', 'ignore_ament_install']
[0.396s] Level 1:colcon.colcon_core.package_identification:_identify(src/incubator_cpp_pkg) by extension 'ignore'
[0.396s] Level 1:colcon.colcon_core.package_identification:_identify(src/incubator_cpp_pkg) by extension 'ignore_ament_install'
[0.397s] Level 1:colcon.colcon_core.package_identification:_identify(src/incubator_cpp_pkg) by extensions ['colcon_pkg']
[0.397s] Level 1:colcon.colcon_core.package_identification:_identify(src/incubator_cpp_pkg) by extension 'colcon_pkg'
[0.397s] Level 1:colcon.colcon_core.package_identification:_identify(src/incubator_cpp_pkg) by extensions ['colcon_meta']
[0.397s] Level 1:colcon.colcon_core.package_identification:_identify(src/incubator_cpp_pkg) by extension 'colcon_meta'
[0.397s] Level 1:colcon.colcon_core.package_identification:_identify(src/incubator_cpp_pkg) by extensions ['ros']
[0.397s] Level 1:colcon.colcon_core.package_identification:_identify(src/incubator_cpp_pkg) by extension 'ros'
[0.400s] DEBUG:colcon.colcon_core.package_identification:Package 'src/incubator_cpp_pkg' with type 'ros.ament_cmake' and name 'incubator_cpp_pkg'
[0.400s] Level 1:colcon.colcon_core.package_identification:_identify(src/incubator_cpp_pkg_bringup) by extensions ['ignore', 'ignore_ament_install']
[0.400s] Level 1:colcon.colcon_core.package_identification:_identify(src/incubator_cpp_pkg_bringup) by extension 'ignore'
[0.400s] Level 1:colcon.colcon_core.package_identification:_identify(src/incubator_cpp_pkg_bringup) by extension 'ignore_ament_install'
[0.401s] Level 1:colcon.colcon_core.package_identification:_identify(src/incubator_cpp_pkg_bringup) by extensions ['colcon_pkg']
[0.401s] Level 1:colcon.colcon_core.package_identification:_identify(src/incubator_cpp_pkg_bringup) by extension 'colcon_pkg'
[0.401s] Level 1:colcon.colcon_core.package_identification:_identify(src/incubator_cpp_pkg_bringup) by extensions ['colcon_meta']
[0.401s] Level 1:colcon.colcon_core.package_identification:_identify(src/incubator_cpp_pkg_bringup) by extension 'colcon_meta'
[0.401s] Level 1:colcon.colcon_core.package_identification:_identify(src/incubator_cpp_pkg_bringup) by extensions ['ros']
[0.401s] Level 1:colcon.colcon_core.package_identification:_identify(src/incubator_cpp_pkg_bringup) by extension 'ros'
[0.401s] DEBUG:colcon.colcon_core.package_identification:Package 'src/incubator_cpp_pkg_bringup' with type 'ros.ament_cmake' and name 'incubator_cpp_pkg_bringup'
[0.402s] Level 1:colcon.colcon_core.package_identification:_identify(src/incubator_cpp_pkg_interfaces) by extensions ['ignore', 'ignore_ament_install']
[0.402s] Level 1:colcon.colcon_core.package_identification:_identify(src/incubator_cpp_pkg_interfaces) by extension 'ignore'
[0.402s] Level 1:colcon.colcon_core.package_identification:_identify(src/incubator_cpp_pkg_interfaces) by extension 'ignore_ament_install'
[0.402s] Level 1:colcon.colcon_core.package_identification:_identify(src/incubator_cpp_pkg_interfaces) by extensions ['colcon_pkg']
[0.402s] Level 1:colcon.colcon_core.package_identification:_identify(src/incubator_cpp_pkg_interfaces) by extension 'colcon_pkg'
[0.402s] Level 1:colcon.colcon_core.package_identification:_identify(src/incubator_cpp_pkg_interfaces) by extensions ['colcon_meta']
[0.402s] Level 1:colcon.colcon_core.package_identification:_identify(src/incubator_cpp_pkg_interfaces) by extension 'colcon_meta'
[0.402s] Level 1:colcon.colcon_core.package_identification:_identify(src/incubator_cpp_pkg_interfaces) by extensions ['ros']
[0.402s] Level 1:colcon.colcon_core.package_identification:_identify(src/incubator_cpp_pkg_interfaces) by extension 'ros'
[0.403s] DEBUG:colcon.colcon_core.package_identification:Package 'src/incubator_cpp_pkg_interfaces' with type 'ros.ament_cmake' and name 'incubator_cpp_pkg_interfaces'
[0.403s] Level 1:colcon.colcon_core.package_discovery:discover_packages(recursive) using defaults
[0.403s] Level 1:colcon.colcon_core.package_discovery:discover_packages(ignore) discover
[0.403s] Level 1:colcon.colcon_core.package_discovery:discover_packages(ignore) using defaults
[0.403s] Level 1:colcon.colcon_core.package_discovery:discover_packages(path) discover
[0.403s] Level 1:colcon.colcon_core.package_discovery:discover_packages(path) using defaults
[0.428s] Level 1:colcon.colcon_core.package_discovery:discover_packages(prefix_path) check parameters
[0.428s] Level 1:colcon.colcon_core.package_discovery:discover_packages(prefix_path) discover
[0.432s] DEBUG:colcon.colcon_installed_package_information.package_discovery:Found 270 installed packages in /opt/ros/humble
[0.433s] Level 1:colcon.colcon_core.package_discovery:discover_packages(prefix_path) using defaults
[0.475s] Level 5:colcon.colcon_core.verb:set package 'incubator_cpp_pkg_interfaces' build argument 'cmake_args' from command line to 'None'
[0.475s] Level 5:colcon.colcon_core.verb:set package 'incubator_cpp_pkg_interfaces' build argument 'cmake_target' from command line to 'None'
[0.475s] Level 5:colcon.colcon_core.verb:set package 'incubator_cpp_pkg_interfaces' build argument 'cmake_target_skip_unavailable' from command line to 'False'
[0.475s] Level 5:colcon.colcon_core.verb:set package 'incubator_cpp_pkg_interfaces' build argument 'cmake_clean_cache' from command line to 'False'
[0.475s] Level 5:colcon.colcon_core.verb:set package 'incubator_cpp_pkg_interfaces' build argument 'cmake_clean_first' from command line to 'False'
[0.475s] Level 5:colcon.colcon_core.verb:set package 'incubator_cpp_pkg_interfaces' build argument 'cmake_force_configure' from command line to 'False'
[0.475s] Level 5:colcon.colcon_core.verb:set package 'incubator_cpp_pkg_interfaces' build argument 'ament_cmake_args' from command line to 'None'
[0.475s] Level 5:colcon.colcon_core.verb:set package 'incubator_cpp_pkg_interfaces' build argument 'catkin_cmake_args' from command line to 'None'
[0.475s] Level 5:colcon.colcon_core.verb:set package 'incubator_cpp_pkg_interfaces' build argument 'catkin_skip_building_tests' from command line to 'False'
[0.475s] DEBUG:colcon.colcon_core.verb:Building package 'incubator_cpp_pkg_interfaces' with the following arguments: {'ament_cmake_args': None, 'build_base': '/home/thompson/incubator_ws/build/incubator_cpp_pkg_interfaces', 'catkin_cmake_args': None, 'catkin_skip_building_tests': False, 'cmake_args': None, 'cmake_clean_cache': False, 'cmake_clean_first': False, 'cmake_force_configure': False, 'cmake_target': None, 'cmake_target_skip_unavailable': False, 'install_base': '/home/thompson/incubator_ws/install/incubator_cpp_pkg_interfaces', 'merge_install': False, 'path': '/home/thompson/incubator_ws/src/incubator_cpp_pkg_interfaces', 'symlink_install': False, 'test_result_base': None}
[0.476s] Level 5:colcon.colcon_core.verb:set package 'incubator_cpp_pkg' build argument 'cmake_args' from command line to 'None'
[0.476s] Level 5:colcon.colcon_core.verb:set package 'incubator_cpp_pkg' build argument 'cmake_target' from command line to 'None'
[0.476s] Level 5:colcon.colcon_core.verb:set package 'incubator_cpp_pkg' build argument 'cmake_target_skip_unavailable' from command line to 'False'
[0.476s] Level 5:colcon.colcon_core.verb:set package 'incubator_cpp_pkg' build argument 'cmake_clean_cache' from command line to 'False'
[0.476s] Level 5:colcon.colcon_core.verb:set package 'incubator_cpp_pkg' build argument 'cmake_clean_first' from command line to 'False'
[0.476s] Level 5:colcon.colcon_core.verb:set package 'incubator_cpp_pkg' build argument 'cmake_force_configure' from command line to 'False'
[0.476s] Level 5:colcon.colcon_core.verb:set package 'incubator_cpp_pkg' build argument 'ament_cmake_args' from command line to 'None'
[0.476s] Level 5:colcon.colcon_core.verb:set package 'incubator_cpp_pkg' build argument 'catkin_cmake_args' from command line to 'None'
[0.476s] Level 5:colcon.colcon_core.verb:set package 'incubator_cpp_pkg' build argument 'catkin_skip_building_tests' from command line to 'False'
[0.476s] DEBUG:colcon.colcon_core.verb:Building package 'incubator_cpp_pkg' with the following arguments: {'ament_cmake_args': None, 'build_base': '/home/thompson/incubator_ws/build/incubator_cpp_pkg', 'catkin_cmake_args': None, 'catkin_skip_building_tests': False, 'cmake_args': None, 'cmake_clean_cache': False, 'cmake_clean_first': False, 'cmake_force_configure': False, 'cmake_target': None, 'cmake_target_skip_unavailable': False, 'install_base': '/home/thompson/incubator_ws/install/incubator_cpp_pkg', 'merge_install': False, 'path': '/home/thompson/incubator_ws/src/incubator_cpp_pkg', 'symlink_install': False, 'test_result_base': None}
[0.476s] Level 5:colcon.colcon_core.verb:set package 'incubator_cpp_pkg_bringup' build argument 'cmake_args' from command line to 'None'
[0.476s] Level 5:colcon.colcon_core.verb:set package 'incubator_cpp_pkg_bringup' build argument 'cmake_target' from command line to 'None'
[0.476s] Level 5:colcon.colcon_core.verb:set package 'incubator_cpp_pkg_bringup' build argument 'cmake_target_skip_unavailable' from command line to 'False'
[0.476s] Level 5:colcon.colcon_core.verb:set package 'incubator_cpp_pkg_bringup' build argument 'cmake_clean_cache' from command line to 'False'
[0.476s] Level 5:colcon.colcon_core.verb:set package 'incubator_cpp_pkg_bringup' build argument 'cmake_clean_first' from command line to 'False'
[0.476s] Level 5:colcon.colcon_core.verb:set package 'incubator_cpp_pkg_bringup' build argument 'cmake_force_configure' from command line to 'False'
[0.476s] Level 5:colcon.colcon_core.verb:set package 'incubator_cpp_pkg_bringup' build argument 'ament_cmake_args' from command line to 'None'
[0.476s] Level 5:colcon.colcon_core.verb:set package 'incubator_cpp_pkg_bringup' build argument 'catkin_cmake_args' from command line to 'None'
[0.476s] Level 5:colcon.colcon_core.verb:set package 'incubator_cpp_pkg_bringup' build argument 'catkin_skip_building_tests' from command line to 'False'
[0.476s] DEBUG:colcon.colcon_core.verb:Building package 'incubator_cpp_pkg_bringup' with the following arguments: {'ament_cmake_args': None, 'build_base': '/home/thompson/incubator_ws/build/incubator_cpp_pkg_bringup', 'catkin_cmake_args': None, 'catkin_skip_building_tests': False, 'cmake_args': None, 'cmake_clean_cache': False, 'cmake_clean_first': False, 'cmake_force_configure': False, 'cmake_target': None, 'cmake_target_skip_unavailable': False, 'install_base': '/home/thompson/incubator_ws/install/incubator_cpp_pkg_bringup', 'merge_install': False, 'path': '/home/thompson/incubator_ws/src/incubator_cpp_pkg_bringup', 'symlink_install': False, 'test_result_base': None}
[0.477s] INFO:colcon.colcon_core.executor:Executing jobs using 'parallel' executor
[0.477s] DEBUG:colcon.colcon_parallel_executor.executor.parallel:run_until_complete
[0.478s] INFO:colcon.colcon_ros.task.ament_cmake.build:Building ROS package in '/home/thompson/incubator_ws/src/incubator_cpp_pkg_interfaces' with build type 'ament_cmake'
[0.478s] INFO:colcon.colcon_cmake.task.cmake.build:Building CMake package in '/home/thompson/incubator_ws/src/incubator_cpp_pkg_interfaces'
[0.482s] INFO:colcon.colcon_core.plugin_system:Skipping extension 'colcon_core.shell.bat': Not used on non-Windows systems
[0.483s] INFO:colcon.colcon_core.shell:Skip shell extension 'powershell' for command environment: Not usable outside of PowerShell
[0.483s] DEBUG:colcon.colcon_core.shell:Skip shell extension 'dsv' for command environment
[0.491s] DEBUG:colcon.colcon_core.event_handler.log_command:Invoking command in '/home/thompson/incubator_ws/build/incubator_cpp_pkg_interfaces': CMAKE_PREFIX_PATH=/opt/ros/humble /usr/bin/cmake --build /home/thompson/incubator_ws/build/incubator_cpp_pkg_interfaces -- -j7 -l7
[0.891s] DEBUG:colcon.colcon_core.event_handler.log_command:Invoked command in '/home/thompson/incubator_ws/build/incubator_cpp_pkg_interfaces' returned '0': CMAKE_PREFIX_PATH=/opt/ros/humble /usr/bin/cmake --build /home/thompson/incubator_ws/build/incubator_cpp_pkg_interfaces -- -j7 -l7
[1.217s] DEBUG:colcon.colcon_core.event_handler.log_command:Invoking command in '/home/thompson/incubator_ws/build/incubator_cpp_pkg_interfaces': CMAKE_PREFIX_PATH=/opt/ros/humble /usr/bin/cmake --install /home/thompson/incubator_ws/build/incubator_cpp_pkg_interfaces
[1.291s] Level 1:colcon.colcon_core.environment:create_environment_scripts_only(incubator_cpp_pkg_interfaces)
[1.291s] DEBUG:colcon.colcon_core.event_handler.log_command:Invoked command in '/home/thompson/incubator_ws/build/incubator_cpp_pkg_interfaces' returned '0': CMAKE_PREFIX_PATH=/opt/ros/humble /usr/bin/cmake --install /home/thompson/incubator_ws/build/incubator_cpp_pkg_interfaces
[1.296s] Level 1:colcon.colcon_core.environment:checking '/home/thompson/incubator_ws/install/incubator_cpp_pkg_interfaces' for CMake module files
[1.297s] Level 1:colcon.colcon_core.environment:checking '/home/thompson/incubator_ws/install/incubator_cpp_pkg_interfaces' for CMake config files
[1.297s] Level 1:colcon.colcon_core.shell:create_environment_hook('incubator_cpp_pkg_interfaces', 'cmake_prefix_path')
[1.298s] INFO:colcon.colcon_core.shell:Creating environment hook '/home/thompson/incubator_ws/install/incubator_cpp_pkg_interfaces/share/incubator_cpp_pkg_interfaces/hook/cmake_prefix_path.ps1'
[1.299s] INFO:colcon.colcon_core.shell:Creating environment descriptor '/home/thompson/incubator_ws/install/incubator_cpp_pkg_interfaces/share/incubator_cpp_pkg_interfaces/hook/cmake_prefix_path.dsv'
[1.299s] INFO:colcon.colcon_core.shell:Creating environment hook '/home/thompson/incubator_ws/install/incubator_cpp_pkg_interfaces/share/incubator_cpp_pkg_interfaces/hook/cmake_prefix_path.sh'
[1.300s] Level 1:colcon.colcon_core.environment:checking '/home/thompson/incubator_ws/install/incubator_cpp_pkg_interfaces/lib'
[1.301s] Level 1:colcon.colcon_core.shell:create_environment_hook('incubator_cpp_pkg_interfaces', 'ld_library_path_lib')
[1.301s] INFO:colcon.colcon_core.shell:Creating environment hook '/home/thompson/incubator_ws/install/incubator_cpp_pkg_interfaces/share/incubator_cpp_pkg_interfaces/hook/ld_library_path_lib.ps1'
[1.301s] INFO:colcon.colcon_core.shell:Creating environment descriptor '/home/thompson/incubator_ws/install/incubator_cpp_pkg_interfaces/share/incubator_cpp_pkg_interfaces/hook/ld_library_path_lib.dsv'
[1.302s] INFO:colcon.colcon_core.shell:Creating environment hook '/home/thompson/incubator_ws/install/incubator_cpp_pkg_interfaces/share/incubator_cpp_pkg_interfaces/hook/ld_library_path_lib.sh'
[1.302s] Level 1:colcon.colcon_core.environment:checking '/home/thompson/incubator_ws/install/incubator_cpp_pkg_interfaces/bin'
[1.302s] Level 1:colcon.colcon_core.environment:checking '/home/thompson/incubator_ws/install/incubator_cpp_pkg_interfaces/lib/pkgconfig/incubator_cpp_pkg_interfaces.pc'
[1.302s] Level 1:colcon.colcon_core.environment:checking '/home/thompson/incubator_ws/install/incubator_cpp_pkg_interfaces/lib/python3.10/site-packages'
[1.303s] Level 1:colcon.colcon_core.environment:checking '/home/thompson/incubator_ws/install/incubator_cpp_pkg_interfaces/bin'
[1.303s] INFO:colcon.colcon_core.shell:Creating package script '/home/thompson/incubator_ws/install/incubator_cpp_pkg_interfaces/share/incubator_cpp_pkg_interfaces/package.ps1'
[1.304s] INFO:colcon.colcon_core.shell:Creating package descriptor '/home/thompson/incubator_ws/install/incubator_cpp_pkg_interfaces/share/incubator_cpp_pkg_interfaces/package.dsv'
[1.305s] INFO:colcon.colcon_core.shell:Creating package script '/home/thompson/incubator_ws/install/incubator_cpp_pkg_interfaces/share/incubator_cpp_pkg_interfaces/package.sh'
[1.306s] INFO:colcon.colcon_core.shell:Creating package script '/home/thompson/incubator_ws/install/incubator_cpp_pkg_interfaces/share/incubator_cpp_pkg_interfaces/package.bash'
[1.307s] INFO:colcon.colcon_core.shell:Creating package script '/home/thompson/incubator_ws/install/incubator_cpp_pkg_interfaces/share/incubator_cpp_pkg_interfaces/package.zsh'
[1.308s] Level 1:colcon.colcon_core.environment:create_file_with_runtime_dependencies(/home/thompson/incubator_ws/install/incubator_cpp_pkg_interfaces/share/colcon-core/packages/incubator_cpp_pkg_interfaces)
[1.627s] Level 1:colcon.colcon_core.environment:create_environment_scripts_only(incubator_cpp_pkg_interfaces)
[1.627s] Level 1:colcon.colcon_core.environment:checking '/home/thompson/incubator_ws/install/incubator_cpp_pkg_interfaces' for CMake module files
[1.628s] Level 1:colcon.colcon_core.environment:checking '/home/thompson/incubator_ws/install/incubator_cpp_pkg_interfaces' for CMake config files
[1.628s] Level 1:colcon.colcon_core.shell:create_environment_hook('incubator_cpp_pkg_interfaces', 'cmake_prefix_path')
[1.629s] INFO:colcon.colcon_core.shell:Creating environment hook '/home/thompson/incubator_ws/install/incubator_cpp_pkg_interfaces/share/incubator_cpp_pkg_interfaces/hook/cmake_prefix_path.ps1'
[1.629s] INFO:colcon.colcon_core.shell:Creating environment descriptor '/home/thompson/incubator_ws/install/incubator_cpp_pkg_interfaces/share/incubator_cpp_pkg_interfaces/hook/cmake_prefix_path.dsv'
[1.629s] INFO:colcon.colcon_core.shell:Creating environment hook '/home/thompson/incubator_ws/install/incubator_cpp_pkg_interfaces/share/incubator_cpp_pkg_interfaces/hook/cmake_prefix_path.sh'
[1.630s] Level 1:colcon.colcon_core.environment:checking '/home/thompson/incubator_ws/install/incubator_cpp_pkg_interfaces/lib'
[1.630s] Level 1:colcon.colcon_core.shell:create_environment_hook('incubator_cpp_pkg_interfaces', 'ld_library_path_lib')
[1.630s] INFO:colcon.colcon_core.shell:Creating environment hook '/home/thompson/incubator_ws/install/incubator_cpp_pkg_interfaces/share/incubator_cpp_pkg_interfaces/hook/ld_library_path_lib.ps1'
[1.631s] INFO:colcon.colcon_core.shell:Creating environment descriptor '/home/thompson/incubator_ws/install/incubator_cpp_pkg_interfaces/share/incubator_cpp_pkg_interfaces/hook/ld_library_path_lib.dsv'
[1.631s] INFO:colcon.colcon_core.shell:Creating environment hook '/home/thompson/incubator_ws/install/incubator_cpp_pkg_interfaces/share/incubator_cpp_pkg_interfaces/hook/ld_library_path_lib.sh'
[1.631s] Level 1:colcon.colcon_core.environment:checking '/home/thompson/incubator_ws/install/incubator_cpp_pkg_interfaces/bin'
[1.632s] Level 1:colcon.colcon_core.environment:checking '/home/thompson/incubator_ws/install/incubator_cpp_pkg_interfaces/lib/pkgconfig/incubator_cpp_pkg_interfaces.pc'
[1.632s] Level 1:colcon.colcon_core.environment:checking '/home/thompson/incubator_ws/install/incubator_cpp_pkg_interfaces/lib/python3.10/site-packages'
[1.632s] Level 1:colcon.colcon_core.environment:checking '/home/thompson/incubator_ws/install/incubator_cpp_pkg_interfaces/bin'
[1.632s] INFO:colcon.colcon_core.shell:Creating package script '/home/thompson/incubator_ws/install/incubator_cpp_pkg_interfaces/share/incubator_cpp_pkg_interfaces/package.ps1'
[1.633s] INFO:colcon.colcon_core.shell:Creating package descriptor '/home/thompson/incubator_ws/install/incubator_cpp_pkg_interfaces/share/incubator_cpp_pkg_interfaces/package.dsv'
[1.633s] INFO:colcon.colcon_core.shell:Creating package script '/home/thompson/incubator_ws/install/incubator_cpp_pkg_interfaces/share/incubator_cpp_pkg_interfaces/package.sh'
[1.634s] INFO:colcon.colcon_core.shell:Creating package script '/home/thompson/incubator_ws/install/incubator_cpp_pkg_interfaces/share/incubator_cpp_pkg_interfaces/package.bash'
[1.634s] INFO:colcon.colcon_core.shell:Creating package script '/home/thompson/incubator_ws/install/incubator_cpp_pkg_interfaces/share/incubator_cpp_pkg_interfaces/package.zsh'
[1.635s] Level 1:colcon.colcon_core.environment:create_file_with_runtime_dependencies(/home/thompson/incubator_ws/install/incubator_cpp_pkg_interfaces/share/colcon-core/packages/incubator_cpp_pkg_interfaces)
[1.635s] INFO:colcon.colcon_ros.task.ament_cmake.build:Building ROS package in '/home/thompson/incubator_ws/src/incubator_cpp_pkg' with build type 'ament_cmake'
[1.635s] INFO:colcon.colcon_cmake.task.cmake.build:Building CMake package in '/home/thompson/incubator_ws/src/incubator_cpp_pkg'
[1.635s] INFO:colcon.colcon_core.shell:Skip shell extension 'powershell' for command environment: Not usable outside of PowerShell
[1.635s] DEBUG:colcon.colcon_core.shell:Skip shell extension 'dsv' for command environment
[1.648s] DEBUG:colcon.colcon_core.event_handler.log_command:Invoking command in '/home/thompson/incubator_ws/build/incubator_cpp_pkg': AMENT_PREFIX_PATH=/home/thompson/incubator_ws/install/incubator_cpp_pkg_interfaces:${AMENT_PREFIX_PATH} CMAKE_PREFIX_PATH=/home/thompson/incubator_ws/install/incubator_cpp_pkg_interfaces:/opt/ros/humble LD_LIBRARY_PATH=/home/thompson/incubator_ws/install/incubator_cpp_pkg_interfaces/lib:${LD_LIBRARY_PATH} PYTHONPATH=/home/thompson/incubator_ws/install/incubator_cpp_pkg_interfaces/local/lib/python3.10/dist-packages:${PYTHONPATH} /usr/bin/cmake --build /home/thompson/incubator_ws/build/incubator_cpp_pkg -- -j7 -l7
[16.637s] DEBUG:colcon.colcon_core.event_handler.log_command:Invoked command in '/home/thompson/incubator_ws/build/incubator_cpp_pkg' returned '0': AMENT_PREFIX_PATH=/home/thompson/incubator_ws/install/incubator_cpp_pkg_interfaces:${AMENT_PREFIX_PATH} CMAKE_PREFIX_PATH=/home/thompson/incubator_ws/install/incubator_cpp_pkg_interfaces:/opt/ros/humble LD_LIBRARY_PATH=/home/thompson/incubator_ws/install/incubator_cpp_pkg_interfaces/lib:${LD_LIBRARY_PATH} PYTHONPATH=/home/thompson/incubator_ws/install/incubator_cpp_pkg_interfaces/local/lib/python3.10/dist-packages:${PYTHONPATH} /usr/bin/cmake --build /home/thompson/incubator_ws/build/incubator_cpp_pkg -- -j7 -l7
[16.699s] DEBUG:colcon.colcon_core.event_handler.log_command:Invoking command in '/home/thompson/incubator_ws/build/incubator_cpp_pkg': AMENT_PREFIX_PATH=/home/thompson/incubator_ws/install/incubator_cpp_pkg_interfaces:${AMENT_PREFIX_PATH} CMAKE_PREFIX_PATH=/home/thompson/incubator_ws/install/incubator_cpp_pkg_interfaces:/opt/ros/humble LD_LIBRARY_PATH=/home/thompson/incubator_ws/install/incubator_cpp_pkg_interfaces/lib:${LD_LIBRARY_PATH} PYTHONPATH=/home/thompson/incubator_ws/install/incubator_cpp_pkg_interfaces/local/lib/python3.10/dist-packages:${PYTHONPATH} /usr/bin/cmake --install /home/thompson/incubator_ws/build/incubator_cpp_pkg
[16.721s] Level 1:colcon.colcon_core.environment:create_environment_scripts_only(incubator_cpp_pkg)
[16.722s] Level 1:colcon.colcon_core.environment:checking '/home/thompson/incubator_ws/install/incubator_cpp_pkg' for CMake module files
[16.722s] DEBUG:colcon.colcon_core.event_handler.log_command:Invoked command in '/home/thompson/incubator_ws/build/incubator_cpp_pkg' returned '0': AMENT_PREFIX_PATH=/home/thompson/incubator_ws/install/incubator_cpp_pkg_interfaces:${AMENT_PREFIX_PATH} CMAKE_PREFIX_PATH=/home/thompson/incubator_ws/install/incubator_cpp_pkg_interfaces:/opt/ros/humble LD_LIBRARY_PATH=/home/thompson/incubator_ws/install/incubator_cpp_pkg_interfaces/lib:${LD_LIBRARY_PATH} PYTHONPATH=/home/thompson/incubator_ws/install/incubator_cpp_pkg_interfaces/local/lib/python3.10/dist-packages:${PYTHONPATH} /usr/bin/cmake --install /home/thompson/incubator_ws/build/incubator_cpp_pkg
[16.722s] Level 1:colcon.colcon_core.environment:checking '/home/thompson/incubator_ws/install/incubator_cpp_pkg' for CMake config files
[16.723s] Level 1:colcon.colcon_core.shell:create_environment_hook('incubator_cpp_pkg', 'cmake_prefix_path')
[16.723s] INFO:colcon.colcon_core.shell:Creating environment hook '/home/thompson/incubator_ws/install/incubator_cpp_pkg/share/incubator_cpp_pkg/hook/cmake_prefix_path.ps1'
[16.723s] INFO:colcon.colcon_core.shell:Creating environment descriptor '/home/thompson/incubator_ws/install/incubator_cpp_pkg/share/incubator_cpp_pkg/hook/cmake_prefix_path.dsv'
[16.723s] INFO:colcon.colcon_core.shell:Creating environment hook '/home/thompson/incubator_ws/install/incubator_cpp_pkg/share/incubator_cpp_pkg/hook/cmake_prefix_path.sh'
[16.724s] Level 1:colcon.colcon_core.environment:checking '/home/thompson/incubator_ws/install/incubator_cpp_pkg/lib'
[16.724s] Level 1:colcon.colcon_core.environment:checking '/home/thompson/incubator_ws/install/incubator_cpp_pkg/bin'
[16.724s] Level 1:colcon.colcon_core.environment:checking '/home/thompson/incubator_ws/install/incubator_cpp_pkg/lib/pkgconfig/incubator_cpp_pkg.pc'
[16.724s] Level 1:colcon.colcon_core.environment:checking '/home/thompson/incubator_ws/install/incubator_cpp_pkg/lib/python3.10/site-packages'
[16.724s] Level 1:colcon.colcon_core.environment:checking '/home/thompson/incubator_ws/install/incubator_cpp_pkg/bin'
[16.725s] INFO:colcon.colcon_core.shell:Creating package script '/home/thompson/incubator_ws/install/incubator_cpp_pkg/share/incubator_cpp_pkg/package.ps1'
[16.725s] INFO:colcon.colcon_core.shell:Creating package descriptor '/home/thompson/incubator_ws/install/incubator_cpp_pkg/share/incubator_cpp_pkg/package.dsv'
[16.725s] INFO:colcon.colcon_core.shell:Creating package script '/home/thompson/incubator_ws/install/incubator_cpp_pkg/share/incubator_cpp_pkg/package.sh'
[16.726s] INFO:colcon.colcon_core.shell:Creating package script '/home/thompson/incubator_ws/install/incubator_cpp_pkg/share/incubator_cpp_pkg/package.bash'
[16.726s] INFO:colcon.colcon_core.shell:Creating package script '/home/thompson/incubator_ws/install/incubator_cpp_pkg/share/incubator_cpp_pkg/package.zsh'
[16.726s] Level 1:colcon.colcon_core.environment:create_file_with_runtime_dependencies(/home/thompson/incubator_ws/install/incubator_cpp_pkg/share/colcon-core/packages/incubator_cpp_pkg)
[16.784s] Level 1:colcon.colcon_core.environment:create_environment_scripts_only(incubator_cpp_pkg)
[16.784s] Level 1:colcon.colcon_core.environment:checking '/home/thompson/incubator_ws/install/incubator_cpp_pkg' for CMake module files
[16.785s] Level 1:colcon.colcon_core.environment:checking '/home/thompson/incubator_ws/install/incubator_cpp_pkg' for CMake config files
[16.785s] Level 1:colcon.colcon_core.shell:create_environment_hook('incubator_cpp_pkg', 'cmake_prefix_path')
[16.785s] INFO:colcon.colcon_core.shell:Creating environment hook '/home/thompson/incubator_ws/install/incubator_cpp_pkg/share/incubator_cpp_pkg/hook/cmake_prefix_path.ps1'
[16.786s] INFO:colcon.colcon_core.shell:Creating environment descriptor '/home/thompson/incubator_ws/install/incubator_cpp_pkg/share/incubator_cpp_pkg/hook/cmake_prefix_path.dsv'
[16.786s] INFO:colcon.colcon_core.shell:Creating environment hook '/home/thompson/incubator_ws/install/incubator_cpp_pkg/share/incubator_cpp_pkg/hook/cmake_prefix_path.sh'
[16.787s] Level 1:colcon.colcon_core.environment:checking '/home/thompson/incubator_ws/install/incubator_cpp_pkg/lib'
[16.787s] Level 1:colcon.colcon_core.environment:checking '/home/thompson/incubator_ws/install/incubator_cpp_pkg/bin'
[16.787s] Level 1:colcon.colcon_core.environment:checking '/home/thompson/incubator_ws/install/incubator_cpp_pkg/lib/pkgconfig/incubator_cpp_pkg.pc'
[16.787s] Level 1:colcon.colcon_core.environment:checking '/home/thompson/incubator_ws/install/incubator_cpp_pkg/lib/python3.10/site-packages'
[16.787s] Level 1:colcon.colcon_core.environment:checking '/home/thompson/incubator_ws/install/incubator_cpp_pkg/bin'
[16.787s] INFO:colcon.colcon_core.shell:Creating package script '/home/thompson/incubator_ws/install/incubator_cpp_pkg/share/incubator_cpp_pkg/package.ps1'
[16.788s] INFO:colcon.colcon_core.shell:Creating package descriptor '/home/thompson/incubator_ws/install/incubator_cpp_pkg/share/incubator_cpp_pkg/package.dsv'
[16.788s] INFO:colcon.colcon_core.shell:Creating package script '/home/thompson/incubator_ws/install/incubator_cpp_pkg/share/incubator_cpp_pkg/package.sh'
[16.789s] INFO:colcon.colcon_core.shell:Creating package script '/home/thompson/incubator_ws/install/incubator_cpp_pkg/share/incubator_cpp_pkg/package.bash'
[16.789s] INFO:colcon.colcon_core.shell:Creating package script '/home/thompson/incubator_ws/install/incubator_cpp_pkg/share/incubator_cpp_pkg/package.zsh'
[16.790s] Level 1:colcon.colcon_core.environment:create_file_with_runtime_dependencies(/home/thompson/incubator_ws/install/incubator_cpp_pkg/share/colcon-core/packages/incubator_cpp_pkg)
[16.790s] INFO:colcon.colcon_ros.task.ament_cmake.build:Building ROS package in '/home/thompson/incubator_ws/src/incubator_cpp_pkg_bringup' with build type 'ament_cmake'
[16.790s] INFO:colcon.colcon_cmake.task.cmake.build:Building CMake package in '/home/thompson/incubator_ws/src/incubator_cpp_pkg_bringup'
[16.791s] INFO:colcon.colcon_core.shell:Skip shell extension 'powershell' for command environment: Not usable outside of PowerShell
[16.791s] DEBUG:colcon.colcon_core.shell:Skip shell extension 'dsv' for command environment
[16.802s] DEBUG:colcon.colcon_core.event_handler.log_command:Invoking command in '/home/thompson/incubator_ws/build/incubator_cpp_pkg_bringup': AMENT_PREFIX_PATH=/home/thompson/incubator_ws/install/incubator_cpp_pkg:/home/thompson/incubator_ws/install/incubator_cpp_pkg_interfaces:${AMENT_PREFIX_PATH} CMAKE_PREFIX_PATH=/home/thompson/incubator_ws/install/incubator_cpp_pkg:/home/thompson/incubator_ws/install/incubator_cpp_pkg_interfaces:/opt/ros/humble LD_LIBRARY_PATH=/home/thompson/incubator_ws/install/incubator_cpp_pkg_interfaces/lib:${LD_LIBRARY_PATH} PYTHONPATH=/home/thompson/incubator_ws/install/incubator_cpp_pkg_interfaces/local/lib/python3.10/dist-packages:${PYTHONPATH} /usr/bin/cmake /home/thompson/incubator_ws/src/incubator_cpp_pkg_bringup -DCMAKE_INSTALL_PREFIX=/home/thompson/incubator_ws/install/incubator_cpp_pkg_bringup
[17.378s] DEBUG:colcon.colcon_core.event_handler.log_command:Invoked command in '/home/thompson/incubator_ws/build/incubator_cpp_pkg_bringup' returned '0': AMENT_PREFIX_PATH=/home/thompson/incubator_ws/install/incubator_cpp_pkg:/home/thompson/incubator_ws/install/incubator_cpp_pkg_interfaces:${AMENT_PREFIX_PATH} CMAKE_PREFIX_PATH=/home/thompson/incubator_ws/install/incubator_cpp_pkg:/home/thompson/incubator_ws/install/incubator_cpp_pkg_interfaces:/opt/ros/humble LD_LIBRARY_PATH=/home/thompson/incubator_ws/install/incubator_cpp_pkg_interfaces/lib:${LD_LIBRARY_PATH} PYTHONPATH=/home/thompson/incubator_ws/install/incubator_cpp_pkg_interfaces/local/lib/python3.10/dist-packages:${PYTHONPATH} /usr/bin/cmake /home/thompson/incubator_ws/src/incubator_cpp_pkg_bringup -DCMAKE_INSTALL_PREFIX=/home/thompson/incubator_ws/install/incubator_cpp_pkg_bringup
[17.380s] DEBUG:colcon.colcon_core.event_handler.log_command:Invoking command in '/home/thompson/incubator_ws/build/incubator_cpp_pkg_bringup': AMENT_PREFIX_PATH=/home/thompson/incubator_ws/install/incubator_cpp_pkg:/home/thompson/incubator_ws/install/incubator_cpp_pkg_interfaces:${AMENT_PREFIX_PATH} CMAKE_PREFIX_PATH=/home/thompson/incubator_ws/install/incubator_cpp_pkg:/home/thompson/incubator_ws/install/incubator_cpp_pkg_interfaces:/opt/ros/humble LD_LIBRARY_PATH=/home/thompson/incubator_ws/install/incubator_cpp_pkg_interfaces/lib:${LD_LIBRARY_PATH} PYTHONPATH=/home/thompson/incubator_ws/install/incubator_cpp_pkg_interfaces/local/lib/python3.10/dist-packages:${PYTHONPATH} /usr/bin/cmake --build /home/thompson/incubator_ws/build/incubator_cpp_pkg_bringup -- -j7 -l7
[17.415s] DEBUG:colcon.colcon_core.event_handler.log_command:Invoked command in '/home/thompson/incubator_ws/build/incubator_cpp_pkg_bringup' returned '0': AMENT_PREFIX_PATH=/home/thompson/incubator_ws/install/incubator_cpp_pkg:/home/thompson/incubator_ws/install/incubator_cpp_pkg_interfaces:${AMENT_PREFIX_PATH} CMAKE_PREFIX_PATH=/home/thompson/incubator_ws/install/incubator_cpp_pkg:/home/thompson/incubator_ws/install/incubator_cpp_pkg_interfaces:/opt/ros/humble LD_LIBRARY_PATH=/home/thompson/incubator_ws/install/incubator_cpp_pkg_interfaces/lib:${LD_LIBRARY_PATH} PYTHONPATH=/home/thompson/incubator_ws/install/incubator_cpp_pkg_interfaces/local/lib/python3.10/dist-packages:${PYTHONPATH} /usr/bin/cmake --build /home/thompson/incubator_ws/build/incubator_cpp_pkg_bringup -- -j7 -l7
[17.441s] DEBUG:colcon.colcon_core.event_handler.log_command:Invoking command in '/home/thompson/incubator_ws/build/incubator_cpp_pkg_bringup': AMENT_PREFIX_PATH=/home/thompson/incubator_ws/install/incubator_cpp_pkg:/home/thompson/incubator_ws/install/incubator_cpp_pkg_interfaces:${AMENT_PREFIX_PATH} CMAKE_PREFIX_PATH=/home/thompson/incubator_ws/install/incubator_cpp_pkg:/home/thompson/incubator_ws/install/incubator_cpp_pkg_interfaces:/opt/ros/humble LD_LIBRARY_PATH=/home/thompson/incubator_ws/install/incubator_cpp_pkg_interfaces/lib:${LD_LIBRARY_PATH} PYTHONPATH=/home/thompson/incubator_ws/install/incubator_cpp_pkg_interfaces/local/lib/python3.10/dist-packages:${PYTHONPATH} /usr/bin/cmake --install /home/thompson/incubator_ws/build/incubator_cpp_pkg_bringup
[17.453s] Level 1:colcon.colcon_core.environment:create_environment_scripts_only(incubator_cpp_pkg_bringup)
[17.453s] Level 1:colcon.colcon_core.environment:checking '/home/thompson/incubator_ws/install/incubator_cpp_pkg_bringup' for CMake module files
[17.453s] DEBUG:colcon.colcon_core.event_handler.log_command:Invoked command in '/home/thompson/incubator_ws/build/incubator_cpp_pkg_bringup' returned '0': AMENT_PREFIX_PATH=/home/thompson/incubator_ws/install/incubator_cpp_pkg:/home/thompson/incubator_ws/install/incubator_cpp_pkg_interfaces:${AMENT_PREFIX_PATH} CMAKE_PREFIX_PATH=/home/thompson/incubator_ws/install/incubator_cpp_pkg:/home/thompson/incubator_ws/install/incubator_cpp_pkg_interfaces:/opt/ros/humble LD_LIBRARY_PATH=/home/thompson/incubator_ws/install/incubator_cpp_pkg_interfaces/lib:${LD_LIBRARY_PATH} PYTHONPATH=/home/thompson/incubator_ws/install/incubator_cpp_pkg_interfaces/local/lib/python3.10/dist-packages:${PYTHONPATH} /usr/bin/cmake --install /home/thompson/incubator_ws/build/incubator_cpp_pkg_bringup
[17.454s] Level 1:colcon.colcon_core.environment:checking '/home/thompson/incubator_ws/install/incubator_cpp_pkg_bringup' for CMake config files
[17.454s] Level 1:colcon.colcon_core.shell:create_environment_hook('incubator_cpp_pkg_bringup', 'cmake_prefix_path')
[17.454s] INFO:colcon.colcon_core.shell:Creating environment hook '/home/thompson/incubator_ws/install/incubator_cpp_pkg_bringup/share/incubator_cpp_pkg_bringup/hook/cmake_prefix_path.ps1'
[17.455s] INFO:colcon.colcon_core.shell:Creating environment descriptor '/home/thompson/incubator_ws/install/incubator_cpp_pkg_bringup/share/incubator_cpp_pkg_bringup/hook/cmake_prefix_path.dsv'
[17.455s] INFO:colcon.colcon_core.shell:Creating environment hook '/home/thompson/incubator_ws/install/incubator_cpp_pkg_bringup/share/incubator_cpp_pkg_bringup/hook/cmake_prefix_path.sh'
[17.455s] Level 1:colcon.colcon_core.environment:checking '/home/thompson/incubator_ws/install/incubator_cpp_pkg_bringup/bin'
[17.456s] Level 1:colcon.colcon_core.environment:checking '/home/thompson/incubator_ws/install/incubator_cpp_pkg_bringup/lib/pkgconfig/incubator_cpp_pkg_bringup.pc'
[17.456s] Level 1:colcon.colcon_core.environment:checking '/home/thompson/incubator_ws/install/incubator_cpp_pkg_bringup/lib/python3.10/site-packages'
[17.456s] Level 1:colcon.colcon_core.environment:checking '/home/thompson/incubator_ws/install/incubator_cpp_pkg_bringup/bin'
[17.456s] INFO:colcon.colcon_core.shell:Creating package script '/home/thompson/incubator_ws/install/incubator_cpp_pkg_bringup/share/incubator_cpp_pkg_bringup/package.ps1'
[17.457s] INFO:colcon.colcon_core.shell:Creating package descriptor '/home/thompson/incubator_ws/install/incubator_cpp_pkg_bringup/share/incubator_cpp_pkg_bringup/package.dsv'
[17.457s] INFO:colcon.colcon_core.shell:Creating package script '/home/thompson/incubator_ws/install/incubator_cpp_pkg_bringup/share/incubator_cpp_pkg_bringup/package.sh'
[17.457s] INFO:colcon.colcon_core.shell:Creating package script '/home/thompson/incubator_ws/install/incubator_cpp_pkg_bringup/share/incubator_cpp_pkg_bringup/package.bash'
[17.458s] INFO:colcon.colcon_core.shell:Creating package script '/home/thompson/incubator_ws/install/incubator_cpp_pkg_bringup/share/incubator_cpp_pkg_bringup/package.zsh'
[17.458s] Level 1:colcon.colcon_core.environment:create_file_with_runtime_dependencies(/home/thompson/incubator_ws/install/incubator_cpp_pkg_bringup/share/colcon-core/packages/incubator_cpp_pkg_bringup)
[17.486s] Level 1:colcon.colcon_core.environment:create_environment_scripts_only(incubator_cpp_pkg_bringup)
[17.486s] Level 1:colcon.colcon_core.environment:checking '/home/thompson/incubator_ws/install/incubator_cpp_pkg_bringup' for CMake module files
[17.486s] Level 1:colcon.colcon_core.environment:checking '/home/thompson/incubator_ws/install/incubator_cpp_pkg_bringup' for CMake config files
[17.487s] Level 1:colcon.colcon_core.shell:create_environment_hook('incubator_cpp_pkg_bringup', 'cmake_prefix_path')
[17.487s] INFO:colcon.colcon_core.shell:Creating environment hook '/home/thompson/incubator_ws/install/incubator_cpp_pkg_bringup/share/incubator_cpp_pkg_bringup/hook/cmake_prefix_path.ps1'
[17.487s] INFO:colcon.colcon_core.shell:Creating environment descriptor '/home/thompson/incubator_ws/install/incubator_cpp_pkg_bringup/share/incubator_cpp_pkg_bringup/hook/cmake_prefix_path.dsv'
[17.488s] INFO:colcon.colcon_core.shell:Creating environment hook '/home/thompson/incubator_ws/install/incubator_cpp_pkg_bringup/share/incubator_cpp_pkg_bringup/hook/cmake_prefix_path.sh'
[17.488s] Level 1:colcon.colcon_core.environment:checking '/home/thompson/incubator_ws/install/incubator_cpp_pkg_bringup/bin'
[17.488s] Level 1:colcon.colcon_core.environment:checking '/home/thompson/incubator_ws/install/incubator_cpp_pkg_bringup/lib/pkgconfig/incubator_cpp_pkg_bringup.pc'
[17.488s] Level 1:colcon.colcon_core.environment:checking '/home/thompson/incubator_ws/install/incubator_cpp_pkg_bringup/lib/python3.10/site-packages'
[17.489s] Level 1:colcon.colcon_core.environment:checking '/home/thompson/incubator_ws/install/incubator_cpp_pkg_bringup/bin'
[17.489s] INFO:colcon.colcon_core.shell:Creating package script '/home/thompson/incubator_ws/install/incubator_cpp_pkg_bringup/share/incubator_cpp_pkg_bringup/package.ps1'
[17.489s] INFO:colcon.colcon_core.shell:Creating package descriptor '/home/thompson/incubator_ws/install/incubator_cpp_pkg_bringup/share/incubator_cpp_pkg_bringup/package.dsv'
[17.490s] INFO:colcon.colcon_core.shell:Creating package script '/home/thompson/incubator_ws/install/incubator_cpp_pkg_bringup/share/incubator_cpp_pkg_bringup/package.sh'
[17.491s] INFO:colcon.colcon_core.shell:Creating package script '/home/thompson/incubator_ws/install/incubator_cpp_pkg_bringup/share/incubator_cpp_pkg_bringup/package.bash'
[17.491s] INFO:colcon.colcon_core.shell:Creating package script '/home/thompson/incubator_ws/install/incubator_cpp_pkg_bringup/share/incubator_cpp_pkg_bringup/package.zsh'
[17.492s] Level 1:colcon.colcon_core.environment:create_file_with_runtime_dependencies(/home/thompson/incubator_ws/install/incubator_cpp_pkg_bringup/share/colcon-core/packages/incubator_cpp_pkg_bringup)
[17.492s] DEBUG:colcon.colcon_parallel_executor.executor.parallel:closing loop
[17.492s] DEBUG:colcon.colcon_parallel_executor.executor.parallel:loop closed
[17.492s] DEBUG:colcon.colcon_parallel_executor.executor.parallel:run_until_complete finished with '0'
[17.492s] DEBUG:colcon.colcon_core.event_reactor:joining thread
[17.500s] INFO:colcon.colcon_core.plugin_system:Skipping extension 'colcon_notification.desktop_notification.terminal_notifier': Not used on non-Darwin systems
[17.500s] INFO:colcon.colcon_core.plugin_system:Skipping extension 'colcon_notification.desktop_notification.win32': Not used on non-Windows systems
[17.500s] INFO:colcon.colcon_notification.desktop_notification:Sending desktop notification using 'notify2'
[17.523s] DEBUG:colcon.colcon_core.event_reactor:joined thread
[17.523s] INFO:colcon.colcon_core.shell:Creating prefix script '/home/thompson/incubator_ws/install/local_setup.ps1'
[17.524s] INFO:colcon.colcon_core.shell:Creating prefix util module '/home/thompson/incubator_ws/install/_local_setup_util_ps1.py'
[17.526s] INFO:colcon.colcon_core.shell:Creating prefix chain script '/home/thompson/incubator_ws/install/setup.ps1'
[17.528s] INFO:colcon.colcon_core.shell:Creating prefix script '/home/thompson/incubator_ws/install/local_setup.sh'
[17.529s] INFO:colcon.colcon_core.shell:Creating prefix util module '/home/thompson/incubator_ws/install/_local_setup_util_sh.py'
[17.530s] INFO:colcon.colcon_core.shell:Creating prefix chain script '/home/thompson/incubator_ws/install/setup.sh'
[17.531s] INFO:colcon.colcon_core.shell:Creating prefix script '/home/thompson/incubator_ws/install/local_setup.bash'
[17.532s] INFO:colcon.colcon_core.shell:Creating prefix chain script '/home/thompson/incubator_ws/install/setup.bash'
[17.533s] INFO:colcon.colcon_core.shell:Creating prefix script '/home/thompson/incubator_ws/install/local_setup.zsh'
[17.534s] INFO:colcon.colcon_core.shell:Creating prefix chain script '/home/thompson/incubator_ws/install/setup.zsh'
