[0.016s] Invoking command in '/home/thompson/incubator_ws/build/incubator_cpp_pkg_interfaces': CMAKE_PREFIX_PATH=${CMAKE_PREFIX_PATH}:/opt/ros/humble /usr/bin/cmake --build /home/thompson/incubator_ws/build/incubator_cpp_pkg_interfaces -- -j7 -l7
[0.074s] [  0%] Built target incubator_cpp_pkg_interfaces__cpp
[0.078s] [ 12%] Built target incubator_cpp_pkg_interfaces__rosidl_generator_c
[0.088s] [ 12%] Built target ament_cmake_python_copy_incubator_cpp_pkg_interfaces
[0.115s] [ 46%] Built target incubator_cpp_pkg_interfaces__rosidl_typesupport_introspection_cpp
[0.115s] [ 47%] Built target incubator_cpp_pkg_interfaces__rosidl_typesupport_cpp
[0.116s] [ 48%] Built target incubator_cpp_pkg_interfaces__rosidl_typesupport_c
[0.116s] [ 58%] Built target incubator_cpp_pkg_interfaces__rosidl_typesupport_fastrtps_cpp
[0.116s] [ 70%] Built target incubator_cpp_pkg_interfaces__rosidl_typesupport_introspection_c
[0.124s] [ 82%] Built target incubator_cpp_pkg_interfaces__rosidl_typesupport_fastrtps_c
[0.148s] [ 82%] Built target incubator_cpp_pkg_interfaces
[0.172s] [ 83%] Built target incubator_cpp_pkg_interfaces__py
[0.199s] [ 94%] Built target incubator_cpp_pkg_interfaces__rosidl_generator_py
[0.225s] [100%] Built target incubator_cpp_pkg_interfaces__rosidl_typesupport_introspection_c__pyext
[0.225s] [100%] Built target incubator_cpp_pkg_interfaces__rosidl_typesupport_fastrtps_c__pyext
[0.225s] [100%] Built target incubator_cpp_pkg_interfaces__rosidl_typesupport_c__pyext
[0.325s] running egg_info
[0.326s] writing incubator_cpp_pkg_interfaces.egg-info/PKG-INFO
[0.327s] writing dependency_links to incubator_cpp_pkg_interfaces.egg-info/dependency_links.txt
[0.327s] writing top-level names to incubator_cpp_pkg_interfaces.egg-info/top_level.txt
[0.329s] reading manifest file 'incubator_cpp_pkg_interfaces.egg-info/SOURCES.txt'
[0.329s] writing manifest file 'incubator_cpp_pkg_interfaces.egg-info/SOURCES.txt'
[0.354s] [100%] Built target ament_cmake_python_build_incubator_cpp_pkg_interfaces_egg
[0.367s] Invoked command in '/home/thompson/incubator_ws/build/incubator_cpp_pkg_interfaces' returned '0': CMAKE_PREFIX_PATH=${CMAKE_PREFIX_PATH}:/opt/ros/humble /usr/bin/cmake --build /home/thompson/incubator_ws/build/incubator_cpp_pkg_interfaces -- -j7 -l7
[0.688s] Invoking command in '/home/thompson/incubator_ws/build/incubator_cpp_pkg_interfaces': CMAKE_PREFIX_PATH=${CMAKE_PREFIX_PATH}:/opt/ros/humble /usr/bin/cmake --install /home/thompson/incubator_ws/build/incubator_cpp_pkg_interfaces
[0.695s] -- Install configuration: ""
[0.695s] -- Up-to-date: /home/thompson/incubator_ws/install/incubator_cpp_pkg_interfaces/share/ament_index/resource_index/rosidl_interfaces/incubator_cpp_pkg_interfaces
[0.696s] -- Up-to-date: /home/thompson/incubator_ws/install/incubator_cpp_pkg_interfaces/include/incubator_cpp_pkg_interfaces/incubator_cpp_pkg_interfaces
[0.696s] -- Up-to-date: /home/thompson/incubator_ws/install/incubator_cpp_pkg_interfaces/include/incubator_cpp_pkg_interfaces/incubator_cpp_pkg_interfaces/msg
[0.696s] -- Up-to-date: /home/thompson/incubator_ws/install/incubator_cpp_pkg_interfaces/include/incubator_cpp_pkg_interfaces/incubator_cpp_pkg_interfaces/msg/detail
[0.696s] -- Up-to-date: /home/thompson/incubator_ws/install/incubator_cpp_pkg_interfaces/include/incubator_cpp_pkg_interfaces/incubator_cpp_pkg_interfaces/msg/detail/controller_state__struct.h
[0.696s] -- Up-to-date: /home/thompson/incubator_ws/install/incubator_cpp_pkg_interfaces/include/incubator_cpp_pkg_interfaces/incubator_cpp_pkg_interfaces/msg/detail/integer64__functions.c
[0.697s] -- Up-to-date: /home/thompson/incubator_ws/install/incubator_cpp_pkg_interfaces/include/incubator_cpp_pkg_interfaces/incubator_cpp_pkg_interfaces/msg/detail/boolean__functions.h
[0.697s] -- Up-to-date: /home/thompson/incubator_ws/install/incubator_cpp_pkg_interfaces/include/incubator_cpp_pkg_interfaces/incubator_cpp_pkg_interfaces/msg/detail/float32__functions.h
[0.697s] -- Up-to-date: /home/thompson/incubator_ws/install/incubator_cpp_pkg_interfaces/include/incubator_cpp_pkg_interfaces/incubator_cpp_pkg_interfaces/msg/detail/closed_loop_param_updatesi__functions.c
[0.697s] -- Up-to-date: /home/thompson/incubator_ws/install/incubator_cpp_pkg_interfaces/include/incubator_cpp_pkg_interfaces/incubator_cpp_pkg_interfaces/msg/detail/float32__type_support.h
[0.697s] -- Up-to-date: /home/thompson/incubator_ws/install/incubator_cpp_pkg_interfaces/include/incubator_cpp_pkg_interfaces/incubator_cpp_pkg_interfaces/msg/detail/boolean__functions.c
[0.697s] -- Up-to-date: /home/thompson/incubator_ws/install/incubator_cpp_pkg_interfaces/include/incubator_cpp_pkg_interfaces/incubator_cpp_pkg_interfaces/msg/detail/controller_statusi__functions.c
[0.698s] -- Up-to-date: /home/thompson/incubator_ws/install/incubator_cpp_pkg_interfaces/include/incubator_cpp_pkg_interfaces/incubator_cpp_pkg_interfaces/msg/detail/empty__type_support.h
[0.698s] -- Up-to-date: /home/thompson/incubator_ws/install/incubator_cpp_pkg_interfaces/include/incubator_cpp_pkg_interfaces/incubator_cpp_pkg_interfaces/msg/detail/empty__functions.c
[0.698s] -- Up-to-date: /home/thompson/incubator_ws/install/incubator_cpp_pkg_interfaces/include/incubator_cpp_pkg_interfaces/incubator_cpp_pkg_interfaces/msg/detail/integer64__functions.h
[0.698s] -- Up-to-date: /home/thompson/incubator_ws/install/incubator_cpp_pkg_interfaces/include/incubator_cpp_pkg_interfaces/incubator_cpp_pkg_interfaces/msg/detail/integer64__type_support.h
[0.698s] -- Up-to-date: /home/thompson/incubator_ws/install/incubator_cpp_pkg_interfaces/include/incubator_cpp_pkg_interfaces/incubator_cpp_pkg_interfaces/msg/detail/degrees_ci__functions.c
[0.699s] -- Up-to-date: /home/thompson/incubator_ws/install/incubator_cpp_pkg_interfaces/include/incubator_cpp_pkg_interfaces/incubator_cpp_pkg_interfaces/msg/detail/degrees_ci__type_support.h
[0.699s] -- Up-to-date: /home/thompson/incubator_ws/install/incubator_cpp_pkg_interfaces/include/incubator_cpp_pkg_interfaces/incubator_cpp_pkg_interfaces/msg/detail/empty__functions.h
[0.699s] -- Up-to-date: /home/thompson/incubator_ws/install/incubator_cpp_pkg_interfaces/include/incubator_cpp_pkg_interfaces/incubator_cpp_pkg_interfaces/msg/detail/secondsi__type_support.h
[0.699s] -- Up-to-date: /home/thompson/incubator_ws/install/incubator_cpp_pkg_interfaces/include/incubator_cpp_pkg_interfaces/incubator_cpp_pkg_interfaces/msg/detail/closed_loop_param_updatesi__type_support.h
[0.699s] -- Up-to-date: /home/thompson/incubator_ws/install/incubator_cpp_pkg_interfaces/include/incubator_cpp_pkg_interfaces/incubator_cpp_pkg_interfaces/msg/detail/controller_statusi__functions.h
[0.699s] -- Up-to-date: /home/thompson/incubator_ws/install/incubator_cpp_pkg_interfaces/include/incubator_cpp_pkg_interfaces/incubator_cpp_pkg_interfaces/msg/detail/device_statei__functions.h
[0.700s] -- Up-to-date: /home/thompson/incubator_ws/install/incubator_cpp_pkg_interfaces/include/incubator_cpp_pkg_interfaces/incubator_cpp_pkg_interfaces/msg/detail/controller_state__functions.h
[0.700s] -- Up-to-date: /home/thompson/incubator_ws/install/incubator_cpp_pkg_interfaces/include/incubator_cpp_pkg_interfaces/incubator_cpp_pkg_interfaces/msg/detail/controller_state__functions.c
[0.700s] -- Up-to-date: /home/thompson/incubator_ws/install/incubator_cpp_pkg_interfaces/include/incubator_cpp_pkg_interfaces/incubator_cpp_pkg_interfaces/msg/detail/boolean__type_support.h
[0.700s] -- Up-to-date: /home/thompson/incubator_ws/install/incubator_cpp_pkg_interfaces/include/incubator_cpp_pkg_interfaces/incubator_cpp_pkg_interfaces/msg/detail/controller_statusi__type_support.h
[0.701s] -- Up-to-date: /home/thompson/incubator_ws/install/incubator_cpp_pkg_interfaces/include/incubator_cpp_pkg_interfaces/incubator_cpp_pkg_interfaces/msg/detail/secondsi__struct.h
[0.701s] -- Up-to-date: /home/thompson/incubator_ws/install/incubator_cpp_pkg_interfaces/include/incubator_cpp_pkg_interfaces/incubator_cpp_pkg_interfaces/msg/detail/device_statei__struct.h
[0.701s] -- Up-to-date: /home/thompson/incubator_ws/install/incubator_cpp_pkg_interfaces/include/incubator_cpp_pkg_interfaces/incubator_cpp_pkg_interfaces/msg/detail/device_statei__type_support.h
[0.701s] -- Up-to-date: /home/thompson/incubator_ws/install/incubator_cpp_pkg_interfaces/include/incubator_cpp_pkg_interfaces/incubator_cpp_pkg_interfaces/msg/detail/closed_loop_param_updatesi__struct.h
[0.702s] -- Up-to-date: /home/thompson/incubator_ws/install/incubator_cpp_pkg_interfaces/include/incubator_cpp_pkg_interfaces/incubator_cpp_pkg_interfaces/msg/detail/closed_loop_param_updatesi__functions.h
[0.702s] -- Up-to-date: /home/thompson/incubator_ws/install/incubator_cpp_pkg_interfaces/include/incubator_cpp_pkg_interfaces/incubator_cpp_pkg_interfaces/msg/detail/integer64__struct.h
[0.702s] -- Up-to-date: /home/thompson/incubator_ws/install/incubator_cpp_pkg_interfaces/include/incubator_cpp_pkg_interfaces/incubator_cpp_pkg_interfaces/msg/detail/device_statei__functions.c
[0.702s] -- Up-to-date: /home/thompson/incubator_ws/install/incubator_cpp_pkg_interfaces/include/incubator_cpp_pkg_interfaces/incubator_cpp_pkg_interfaces/msg/detail/degrees_ci__struct.h
[0.702s] -- Up-to-date: /home/thompson/incubator_ws/install/incubator_cpp_pkg_interfaces/include/incubator_cpp_pkg_interfaces/incubator_cpp_pkg_interfaces/msg/detail/controller_state__type_support.h
[0.703s] -- Up-to-date: /home/thompson/incubator_ws/install/incubator_cpp_pkg_interfaces/include/incubator_cpp_pkg_interfaces/incubator_cpp_pkg_interfaces/msg/detail/boolean__struct.h
[0.703s] -- Up-to-date: /home/thompson/incubator_ws/install/incubator_cpp_pkg_interfaces/include/incubator_cpp_pkg_interfaces/incubator_cpp_pkg_interfaces/msg/detail/secondsi__functions.c
[0.703s] -- Up-to-date: /home/thompson/incubator_ws/install/incubator_cpp_pkg_interfaces/include/incubator_cpp_pkg_interfaces/incubator_cpp_pkg_interfaces/msg/detail/float32__functions.c
[0.704s] -- Up-to-date: /home/thompson/incubator_ws/install/incubator_cpp_pkg_interfaces/include/incubator_cpp_pkg_interfaces/incubator_cpp_pkg_interfaces/msg/detail/secondsi__functions.h
[0.704s] -- Up-to-date: /home/thompson/incubator_ws/install/incubator_cpp_pkg_interfaces/include/incubator_cpp_pkg_interfaces/incubator_cpp_pkg_interfaces/msg/detail/controller_statusi__struct.h
[0.704s] -- Up-to-date: /home/thompson/incubator_ws/install/incubator_cpp_pkg_interfaces/include/incubator_cpp_pkg_interfaces/incubator_cpp_pkg_interfaces/msg/detail/degrees_ci__functions.h
[0.704s] -- Up-to-date: /home/thompson/incubator_ws/install/incubator_cpp_pkg_interfaces/include/incubator_cpp_pkg_interfaces/incubator_cpp_pkg_interfaces/msg/detail/empty__struct.h
[0.704s] -- Up-to-date: /home/thompson/incubator_ws/install/incubator_cpp_pkg_interfaces/include/incubator_cpp_pkg_interfaces/incubator_cpp_pkg_interfaces/msg/detail/float32__struct.h
[0.704s] -- Up-to-date: /home/thompson/incubator_ws/install/incubator_cpp_pkg_interfaces/include/incubator_cpp_pkg_interfaces/incubator_cpp_pkg_interfaces/msg/boolean.h
[0.705s] -- Up-to-date: /home/thompson/incubator_ws/install/incubator_cpp_pkg_interfaces/include/incubator_cpp_pkg_interfaces/incubator_cpp_pkg_interfaces/msg/controller_state.h
[0.705s] -- Up-to-date: /home/thompson/incubator_ws/install/incubator_cpp_pkg_interfaces/include/incubator_cpp_pkg_interfaces/incubator_cpp_pkg_interfaces/msg/secondsi.h
[0.705s] -- Up-to-date: /home/thompson/incubator_ws/install/incubator_cpp_pkg_interfaces/include/incubator_cpp_pkg_interfaces/incubator_cpp_pkg_interfaces/msg/device_statei.h
[0.705s] -- Up-to-date: /home/thompson/incubator_ws/install/incubator_cpp_pkg_interfaces/include/incubator_cpp_pkg_interfaces/incubator_cpp_pkg_interfaces/msg/empty.h
[0.705s] -- Up-to-date: /home/thompson/incubator_ws/install/incubator_cpp_pkg_interfaces/include/incubator_cpp_pkg_interfaces/incubator_cpp_pkg_interfaces/msg/controller_statusi.h
[0.705s] -- Up-to-date: /home/thompson/incubator_ws/install/incubator_cpp_pkg_interfaces/include/incubator_cpp_pkg_interfaces/incubator_cpp_pkg_interfaces/msg/degrees_ci.h
[0.705s] -- Up-to-date: /home/thompson/incubator_ws/install/incubator_cpp_pkg_interfaces/include/incubator_cpp_pkg_interfaces/incubator_cpp_pkg_interfaces/msg/rosidl_generator_c__visibility_control.h
[0.705s] -- Up-to-date: /home/thompson/incubator_ws/install/incubator_cpp_pkg_interfaces/include/incubator_cpp_pkg_interfaces/incubator_cpp_pkg_interfaces/msg/integer64.h
[0.706s] -- Up-to-date: /home/thompson/incubator_ws/install/incubator_cpp_pkg_interfaces/include/incubator_cpp_pkg_interfaces/incubator_cpp_pkg_interfaces/msg/float32.h
[0.706s] -- Up-to-date: /home/thompson/incubator_ws/install/incubator_cpp_pkg_interfaces/include/incubator_cpp_pkg_interfaces/incubator_cpp_pkg_interfaces/msg/closed_loop_param_updatesi.h
[0.706s] -- Up-to-date: /home/thompson/incubator_ws/install/incubator_cpp_pkg_interfaces/share/incubator_cpp_pkg_interfaces/environment/library_path.sh
[0.706s] -- Up-to-date: /home/thompson/incubator_ws/install/incubator_cpp_pkg_interfaces/share/incubator_cpp_pkg_interfaces/environment/library_path.dsv
[0.706s] -- Up-to-date: /home/thompson/incubator_ws/install/incubator_cpp_pkg_interfaces/lib/libincubator_cpp_pkg_interfaces__rosidl_generator_c.so
[0.706s] -- Up-to-date: /home/thompson/incubator_ws/install/incubator_cpp_pkg_interfaces/include/incubator_cpp_pkg_interfaces/incubator_cpp_pkg_interfaces
[0.706s] -- Up-to-date: /home/thompson/incubator_ws/install/incubator_cpp_pkg_interfaces/include/incubator_cpp_pkg_interfaces/incubator_cpp_pkg_interfaces/msg
[0.707s] -- Up-to-date: /home/thompson/incubator_ws/install/incubator_cpp_pkg_interfaces/include/incubator_cpp_pkg_interfaces/incubator_cpp_pkg_interfaces/msg/detail
[0.707s] -- Up-to-date: /home/thompson/incubator_ws/install/incubator_cpp_pkg_interfaces/include/incubator_cpp_pkg_interfaces/incubator_cpp_pkg_interfaces/msg/detail/empty__rosidl_typesupport_fastrtps_c.h
[0.707s] -- Up-to-date: /home/thompson/incubator_ws/install/incubator_cpp_pkg_interfaces/include/incubator_cpp_pkg_interfaces/incubator_cpp_pkg_interfaces/msg/detail/closed_loop_param_updatesi__rosidl_typesupport_fastrtps_c.h
[0.707s] -- Up-to-date: /home/thompson/incubator_ws/install/incubator_cpp_pkg_interfaces/include/incubator_cpp_pkg_interfaces/incubator_cpp_pkg_interfaces/msg/detail/device_statei__rosidl_typesupport_fastrtps_c.h
[0.707s] -- Up-to-date: /home/thompson/incubator_ws/install/incubator_cpp_pkg_interfaces/include/incubator_cpp_pkg_interfaces/incubator_cpp_pkg_interfaces/msg/detail/boolean__rosidl_typesupport_fastrtps_c.h
[0.707s] -- Up-to-date: /home/thompson/incubator_ws/install/incubator_cpp_pkg_interfaces/include/incubator_cpp_pkg_interfaces/incubator_cpp_pkg_interfaces/msg/detail/controller_state__rosidl_typesupport_fastrtps_c.h
[0.707s] -- Up-to-date: /home/thompson/incubator_ws/install/incubator_cpp_pkg_interfaces/include/incubator_cpp_pkg_interfaces/incubator_cpp_pkg_interfaces/msg/detail/secondsi__rosidl_typesupport_fastrtps_c.h
[0.707s] -- Up-to-date: /home/thompson/incubator_ws/install/incubator_cpp_pkg_interfaces/include/incubator_cpp_pkg_interfaces/incubator_cpp_pkg_interfaces/msg/detail/degrees_ci__rosidl_typesupport_fastrtps_c.h
[0.707s] -- Up-to-date: /home/thompson/incubator_ws/install/incubator_cpp_pkg_interfaces/include/incubator_cpp_pkg_interfaces/incubator_cpp_pkg_interfaces/msg/detail/controller_statusi__rosidl_typesupport_fastrtps_c.h
[0.707s] -- Up-to-date: /home/thompson/incubator_ws/install/incubator_cpp_pkg_interfaces/include/incubator_cpp_pkg_interfaces/incubator_cpp_pkg_interfaces/msg/detail/float32__rosidl_typesupport_fastrtps_c.h
[0.707s] -- Up-to-date: /home/thompson/incubator_ws/install/incubator_cpp_pkg_interfaces/include/incubator_cpp_pkg_interfaces/incubator_cpp_pkg_interfaces/msg/detail/integer64__rosidl_typesupport_fastrtps_c.h
[0.707s] -- Up-to-date: /home/thompson/incubator_ws/install/incubator_cpp_pkg_interfaces/include/incubator_cpp_pkg_interfaces/incubator_cpp_pkg_interfaces/msg/rosidl_typesupport_fastrtps_c__visibility_control.h
[0.707s] -- Up-to-date: /home/thompson/incubator_ws/install/incubator_cpp_pkg_interfaces/lib/libincubator_cpp_pkg_interfaces__rosidl_typesupport_fastrtps_c.so
[0.707s] -- Up-to-date: /home/thompson/incubator_ws/install/incubator_cpp_pkg_interfaces/include/incubator_cpp_pkg_interfaces/incubator_cpp_pkg_interfaces
[0.707s] -- Up-to-date: /home/thompson/incubator_ws/install/incubator_cpp_pkg_interfaces/include/incubator_cpp_pkg_interfaces/incubator_cpp_pkg_interfaces/msg
[0.707s] -- Up-to-date: /home/thompson/incubator_ws/install/incubator_cpp_pkg_interfaces/include/incubator_cpp_pkg_interfaces/incubator_cpp_pkg_interfaces/msg/detail
[0.707s] -- Up-to-date: /home/thompson/incubator_ws/install/incubator_cpp_pkg_interfaces/include/incubator_cpp_pkg_interfaces/incubator_cpp_pkg_interfaces/msg/detail/closed_loop_param_updatesi__type_support.c
[0.708s] -- Up-to-date: /home/thompson/incubator_ws/install/incubator_cpp_pkg_interfaces/include/incubator_cpp_pkg_interfaces/incubator_cpp_pkg_interfaces/msg/detail/closed_loop_param_updatesi__rosidl_typesupport_introspection_c.h
[0.708s] -- Up-to-date: /home/thompson/incubator_ws/install/incubator_cpp_pkg_interfaces/include/incubator_cpp_pkg_interfaces/incubator_cpp_pkg_interfaces/msg/detail/device_statei__type_support.c
[0.708s] -- Up-to-date: /home/thompson/incubator_ws/install/incubator_cpp_pkg_interfaces/include/incubator_cpp_pkg_interfaces/incubator_cpp_pkg_interfaces/msg/detail/controller_state__type_support.c
[0.708s] -- Up-to-date: /home/thompson/incubator_ws/install/incubator_cpp_pkg_interfaces/include/incubator_cpp_pkg_interfaces/incubator_cpp_pkg_interfaces/msg/detail/empty__rosidl_typesupport_introspection_c.h
[0.708s] -- Up-to-date: /home/thompson/incubator_ws/install/incubator_cpp_pkg_interfaces/include/incubator_cpp_pkg_interfaces/incubator_cpp_pkg_interfaces/msg/detail/degrees_ci__rosidl_typesupport_introspection_c.h
[0.708s] -- Up-to-date: /home/thompson/incubator_ws/install/incubator_cpp_pkg_interfaces/include/incubator_cpp_pkg_interfaces/incubator_cpp_pkg_interfaces/msg/detail/boolean__rosidl_typesupport_introspection_c.h
[0.708s] -- Up-to-date: /home/thompson/incubator_ws/install/incubator_cpp_pkg_interfaces/include/incubator_cpp_pkg_interfaces/incubator_cpp_pkg_interfaces/msg/detail/empty__type_support.c
[0.708s] -- Up-to-date: /home/thompson/incubator_ws/install/incubator_cpp_pkg_interfaces/include/incubator_cpp_pkg_interfaces/incubator_cpp_pkg_interfaces/msg/detail/controller_statusi__rosidl_typesupport_introspection_c.h
[0.708s] -- Up-to-date: /home/thompson/incubator_ws/install/incubator_cpp_pkg_interfaces/include/incubator_cpp_pkg_interfaces/incubator_cpp_pkg_interfaces/msg/detail/integer64__rosidl_typesupport_introspection_c.h
[0.708s] -- Up-to-date: /home/thompson/incubator_ws/install/incubator_cpp_pkg_interfaces/include/incubator_cpp_pkg_interfaces/incubator_cpp_pkg_interfaces/msg/detail/controller_statusi__type_support.c
[0.708s] -- Up-to-date: /home/thompson/incubator_ws/install/incubator_cpp_pkg_interfaces/include/incubator_cpp_pkg_interfaces/incubator_cpp_pkg_interfaces/msg/detail/boolean__type_support.c
[0.708s] -- Up-to-date: /home/thompson/incubator_ws/install/incubator_cpp_pkg_interfaces/include/incubator_cpp_pkg_interfaces/incubator_cpp_pkg_interfaces/msg/detail/controller_state__rosidl_typesupport_introspection_c.h
[0.708s] -- Up-to-date: /home/thompson/incubator_ws/install/incubator_cpp_pkg_interfaces/include/incubator_cpp_pkg_interfaces/incubator_cpp_pkg_interfaces/msg/detail/degrees_ci__type_support.c
[0.708s] -- Up-to-date: /home/thompson/incubator_ws/install/incubator_cpp_pkg_interfaces/include/incubator_cpp_pkg_interfaces/incubator_cpp_pkg_interfaces/msg/detail/device_statei__rosidl_typesupport_introspection_c.h
[0.708s] -- Up-to-date: /home/thompson/incubator_ws/install/incubator_cpp_pkg_interfaces/include/incubator_cpp_pkg_interfaces/incubator_cpp_pkg_interfaces/msg/detail/float32__type_support.c
[0.708s] -- Up-to-date: /home/thompson/incubator_ws/install/incubator_cpp_pkg_interfaces/include/incubator_cpp_pkg_interfaces/incubator_cpp_pkg_interfaces/msg/detail/secondsi__rosidl_typesupport_introspection_c.h
[0.708s] -- Up-to-date: /home/thompson/incubator_ws/install/incubator_cpp_pkg_interfaces/include/incubator_cpp_pkg_interfaces/incubator_cpp_pkg_interfaces/msg/detail/integer64__type_support.c
[0.708s] -- Up-to-date: /home/thompson/incubator_ws/install/incubator_cpp_pkg_interfaces/include/incubator_cpp_pkg_interfaces/incubator_cpp_pkg_interfaces/msg/detail/float32__rosidl_typesupport_introspection_c.h
[0.708s] -- Up-to-date: /home/thompson/incubator_ws/install/incubator_cpp_pkg_interfaces/include/incubator_cpp_pkg_interfaces/incubator_cpp_pkg_interfaces/msg/detail/secondsi__type_support.c
[0.709s] -- Up-to-date: /home/thompson/incubator_ws/install/incubator_cpp_pkg_interfaces/include/incubator_cpp_pkg_interfaces/incubator_cpp_pkg_interfaces/msg/rosidl_typesupport_introspection_c__visibility_control.h
[0.709s] -- Up-to-date: /home/thompson/incubator_ws/install/incubator_cpp_pkg_interfaces/lib/libincubator_cpp_pkg_interfaces__rosidl_typesupport_introspection_c.so
[0.709s] -- Up-to-date: /home/thompson/incubator_ws/install/incubator_cpp_pkg_interfaces/lib/libincubator_cpp_pkg_interfaces__rosidl_typesupport_c.so
[0.709s] -- Up-to-date: /home/thompson/incubator_ws/install/incubator_cpp_pkg_interfaces/include/incubator_cpp_pkg_interfaces/incubator_cpp_pkg_interfaces
[0.709s] -- Up-to-date: /home/thompson/incubator_ws/install/incubator_cpp_pkg_interfaces/include/incubator_cpp_pkg_interfaces/incubator_cpp_pkg_interfaces/msg
[0.709s] -- Up-to-date: /home/thompson/incubator_ws/install/incubator_cpp_pkg_interfaces/include/incubator_cpp_pkg_interfaces/incubator_cpp_pkg_interfaces/msg/integer64.hpp
[0.709s] -- Up-to-date: /home/thompson/incubator_ws/install/incubator_cpp_pkg_interfaces/include/incubator_cpp_pkg_interfaces/incubator_cpp_pkg_interfaces/msg/detail
[0.709s] -- Up-to-date: /home/thompson/incubator_ws/install/incubator_cpp_pkg_interfaces/include/incubator_cpp_pkg_interfaces/incubator_cpp_pkg_interfaces/msg/detail/device_statei__struct.hpp
[0.709s] -- Up-to-date: /home/thompson/incubator_ws/install/incubator_cpp_pkg_interfaces/include/incubator_cpp_pkg_interfaces/incubator_cpp_pkg_interfaces/msg/detail/device_statei__builder.hpp
[0.709s] -- Up-to-date: /home/thompson/incubator_ws/install/incubator_cpp_pkg_interfaces/include/incubator_cpp_pkg_interfaces/incubator_cpp_pkg_interfaces/msg/detail/degrees_ci__builder.hpp
[0.709s] -- Up-to-date: /home/thompson/incubator_ws/install/incubator_cpp_pkg_interfaces/include/incubator_cpp_pkg_interfaces/incubator_cpp_pkg_interfaces/msg/detail/integer64__builder.hpp
[0.709s] -- Up-to-date: /home/thompson/incubator_ws/install/incubator_cpp_pkg_interfaces/include/incubator_cpp_pkg_interfaces/incubator_cpp_pkg_interfaces/msg/detail/integer64__traits.hpp
[0.709s] -- Up-to-date: /home/thompson/incubator_ws/install/incubator_cpp_pkg_interfaces/include/incubator_cpp_pkg_interfaces/incubator_cpp_pkg_interfaces/msg/detail/controller_state__builder.hpp
[0.709s] -- Up-to-date: /home/thompson/incubator_ws/install/incubator_cpp_pkg_interfaces/include/incubator_cpp_pkg_interfaces/incubator_cpp_pkg_interfaces/msg/detail/secondsi__traits.hpp
[0.709s] -- Up-to-date: /home/thompson/incubator_ws/install/incubator_cpp_pkg_interfaces/include/incubator_cpp_pkg_interfaces/incubator_cpp_pkg_interfaces/msg/detail/boolean__traits.hpp
[0.709s] -- Up-to-date: /home/thompson/incubator_ws/install/incubator_cpp_pkg_interfaces/include/incubator_cpp_pkg_interfaces/incubator_cpp_pkg_interfaces/msg/detail/controller_statusi__struct.hpp
[0.709s] -- Up-to-date: /home/thompson/incubator_ws/install/incubator_cpp_pkg_interfaces/include/incubator_cpp_pkg_interfaces/incubator_cpp_pkg_interfaces/msg/detail/float32__builder.hpp
[0.709s] -- Up-to-date: /home/thompson/incubator_ws/install/incubator_cpp_pkg_interfaces/include/incubator_cpp_pkg_interfaces/incubator_cpp_pkg_interfaces/msg/detail/float32__struct.hpp
[0.710s] -- Up-to-date: /home/thompson/incubator_ws/install/incubator_cpp_pkg_interfaces/include/incubator_cpp_pkg_interfaces/incubator_cpp_pkg_interfaces/msg/detail/empty__builder.hpp
[0.710s] -- Up-to-date: /home/thompson/incubator_ws/install/incubator_cpp_pkg_interfaces/include/incubator_cpp_pkg_interfaces/incubator_cpp_pkg_interfaces/msg/detail/secondsi__struct.hpp
[0.710s] -- Up-to-date: /home/thompson/incubator_ws/install/incubator_cpp_pkg_interfaces/include/incubator_cpp_pkg_interfaces/incubator_cpp_pkg_interfaces/msg/detail/boolean__struct.hpp
[0.710s] -- Up-to-date: /home/thompson/incubator_ws/install/incubator_cpp_pkg_interfaces/include/incubator_cpp_pkg_interfaces/incubator_cpp_pkg_interfaces/msg/detail/closed_loop_param_updatesi__traits.hpp
[0.710s] -- Up-to-date: /home/thompson/incubator_ws/install/incubator_cpp_pkg_interfaces/include/incubator_cpp_pkg_interfaces/incubator_cpp_pkg_interfaces/msg/detail/float32__traits.hpp
[0.710s] -- Up-to-date: /home/thompson/incubator_ws/install/incubator_cpp_pkg_interfaces/include/incubator_cpp_pkg_interfaces/incubator_cpp_pkg_interfaces/msg/detail/controller_statusi__traits.hpp
[0.710s] -- Up-to-date: /home/thompson/incubator_ws/install/incubator_cpp_pkg_interfaces/include/incubator_cpp_pkg_interfaces/incubator_cpp_pkg_interfaces/msg/detail/degrees_ci__traits.hpp
[0.710s] -- Up-to-date: /home/thompson/incubator_ws/install/incubator_cpp_pkg_interfaces/include/incubator_cpp_pkg_interfaces/incubator_cpp_pkg_interfaces/msg/detail/empty__struct.hpp
[0.710s] -- Up-to-date: /home/thompson/incubator_ws/install/incubator_cpp_pkg_interfaces/include/incubator_cpp_pkg_interfaces/incubator_cpp_pkg_interfaces/msg/detail/controller_state__struct.hpp
[0.710s] -- Up-to-date: /home/thompson/incubator_ws/install/incubator_cpp_pkg_interfaces/include/incubator_cpp_pkg_interfaces/incubator_cpp_pkg_interfaces/msg/detail/empty__traits.hpp
[0.710s] -- Up-to-date: /home/thompson/incubator_ws/install/incubator_cpp_pkg_interfaces/include/incubator_cpp_pkg_interfaces/incubator_cpp_pkg_interfaces/msg/detail/closed_loop_param_updatesi__struct.hpp
[0.710s] -- Up-to-date: /home/thompson/incubator_ws/install/incubator_cpp_pkg_interfaces/include/incubator_cpp_pkg_interfaces/incubator_cpp_pkg_interfaces/msg/detail/closed_loop_param_updatesi__builder.hpp
[0.710s] -- Up-to-date: /home/thompson/incubator_ws/install/incubator_cpp_pkg_interfaces/include/incubator_cpp_pkg_interfaces/incubator_cpp_pkg_interfaces/msg/detail/controller_statusi__builder.hpp
[0.710s] -- Up-to-date: /home/thompson/incubator_ws/install/incubator_cpp_pkg_interfaces/include/incubator_cpp_pkg_interfaces/incubator_cpp_pkg_interfaces/msg/detail/controller_state__traits.hpp
[0.710s] -- Up-to-date: /home/thompson/incubator_ws/install/incubator_cpp_pkg_interfaces/include/incubator_cpp_pkg_interfaces/incubator_cpp_pkg_interfaces/msg/detail/boolean__builder.hpp
[0.710s] -- Up-to-date: /home/thompson/incubator_ws/install/incubator_cpp_pkg_interfaces/include/incubator_cpp_pkg_interfaces/incubator_cpp_pkg_interfaces/msg/detail/integer64__struct.hpp
[0.710s] -- Up-to-date: /home/thompson/incubator_ws/install/incubator_cpp_pkg_interfaces/include/incubator_cpp_pkg_interfaces/incubator_cpp_pkg_interfaces/msg/detail/secondsi__builder.hpp
[0.710s] -- Up-to-date: /home/thompson/incubator_ws/install/incubator_cpp_pkg_interfaces/include/incubator_cpp_pkg_interfaces/incubator_cpp_pkg_interfaces/msg/detail/degrees_ci__struct.hpp
[0.710s] -- Up-to-date: /home/thompson/incubator_ws/install/incubator_cpp_pkg_interfaces/include/incubator_cpp_pkg_interfaces/incubator_cpp_pkg_interfaces/msg/detail/device_statei__traits.hpp
[0.711s] -- Up-to-date: /home/thompson/incubator_ws/install/incubator_cpp_pkg_interfaces/include/incubator_cpp_pkg_interfaces/incubator_cpp_pkg_interfaces/msg/empty.hpp
[0.711s] -- Up-to-date: /home/thompson/incubator_ws/install/incubator_cpp_pkg_interfaces/include/incubator_cpp_pkg_interfaces/incubator_cpp_pkg_interfaces/msg/degrees_ci.hpp
[0.711s] -- Up-to-date: /home/thompson/incubator_ws/install/incubator_cpp_pkg_interfaces/include/incubator_cpp_pkg_interfaces/incubator_cpp_pkg_interfaces/msg/boolean.hpp
[0.711s] -- Up-to-date: /home/thompson/incubator_ws/install/incubator_cpp_pkg_interfaces/include/incubator_cpp_pkg_interfaces/incubator_cpp_pkg_interfaces/msg/float32.hpp
[0.711s] -- Up-to-date: /home/thompson/incubator_ws/install/incubator_cpp_pkg_interfaces/include/incubator_cpp_pkg_interfaces/incubator_cpp_pkg_interfaces/msg/controller_statusi.hpp
[0.711s] -- Up-to-date: /home/thompson/incubator_ws/install/incubator_cpp_pkg_interfaces/include/incubator_cpp_pkg_interfaces/incubator_cpp_pkg_interfaces/msg/controller_state.hpp
[0.711s] -- Up-to-date: /home/thompson/incubator_ws/install/incubator_cpp_pkg_interfaces/include/incubator_cpp_pkg_interfaces/incubator_cpp_pkg_interfaces/msg/secondsi.hpp
[0.711s] -- Up-to-date: /home/thompson/incubator_ws/install/incubator_cpp_pkg_interfaces/include/incubator_cpp_pkg_interfaces/incubator_cpp_pkg_interfaces/msg/closed_loop_param_updatesi.hpp
[0.711s] -- Up-to-date: /home/thompson/incubator_ws/install/incubator_cpp_pkg_interfaces/include/incubator_cpp_pkg_interfaces/incubator_cpp_pkg_interfaces/msg/device_statei.hpp
[0.711s] -- Up-to-date: /home/thompson/incubator_ws/install/incubator_cpp_pkg_interfaces/include/incubator_cpp_pkg_interfaces/incubator_cpp_pkg_interfaces
[0.711s] -- Up-to-date: /home/thompson/incubator_ws/install/incubator_cpp_pkg_interfaces/include/incubator_cpp_pkg_interfaces/incubator_cpp_pkg_interfaces/msg
[0.711s] -- Up-to-date: /home/thompson/incubator_ws/install/incubator_cpp_pkg_interfaces/include/incubator_cpp_pkg_interfaces/incubator_cpp_pkg_interfaces/msg/detail
[0.711s] -- Up-to-date: /home/thompson/incubator_ws/install/incubator_cpp_pkg_interfaces/include/incubator_cpp_pkg_interfaces/incubator_cpp_pkg_interfaces/msg/detail/secondsi__rosidl_typesupport_fastrtps_cpp.hpp
[0.711s] -- Up-to-date: /home/thompson/incubator_ws/install/incubator_cpp_pkg_interfaces/include/incubator_cpp_pkg_interfaces/incubator_cpp_pkg_interfaces/msg/detail/device_statei__rosidl_typesupport_fastrtps_cpp.hpp
[0.711s] -- Up-to-date: /home/thompson/incubator_ws/install/incubator_cpp_pkg_interfaces/include/incubator_cpp_pkg_interfaces/incubator_cpp_pkg_interfaces/msg/detail/float32__rosidl_typesupport_fastrtps_cpp.hpp
[0.712s] -- Up-to-date: /home/thompson/incubator_ws/install/incubator_cpp_pkg_interfaces/include/incubator_cpp_pkg_interfaces/incubator_cpp_pkg_interfaces/msg/detail/integer64__rosidl_typesupport_fastrtps_cpp.hpp
[0.712s] -- Up-to-date: /home/thompson/incubator_ws/install/incubator_cpp_pkg_interfaces/include/incubator_cpp_pkg_interfaces/incubator_cpp_pkg_interfaces/msg/detail/degrees_ci__rosidl_typesupport_fastrtps_cpp.hpp
[0.712s] -- Up-to-date: /home/thompson/incubator_ws/install/incubator_cpp_pkg_interfaces/include/incubator_cpp_pkg_interfaces/incubator_cpp_pkg_interfaces/msg/detail/controller_statusi__rosidl_typesupport_fastrtps_cpp.hpp
[0.712s] -- Up-to-date: /home/thompson/incubator_ws/install/incubator_cpp_pkg_interfaces/include/incubator_cpp_pkg_interfaces/incubator_cpp_pkg_interfaces/msg/detail/closed_loop_param_updatesi__rosidl_typesupport_fastrtps_cpp.hpp
[0.712s] -- Up-to-date: /home/thompson/incubator_ws/install/incubator_cpp_pkg_interfaces/include/incubator_cpp_pkg_interfaces/incubator_cpp_pkg_interfaces/msg/detail/empty__rosidl_typesupport_fastrtps_cpp.hpp
[0.712s] -- Up-to-date: /home/thompson/incubator_ws/install/incubator_cpp_pkg_interfaces/include/incubator_cpp_pkg_interfaces/incubator_cpp_pkg_interfaces/msg/detail/dds_fastrtps
[0.712s] -- Up-to-date: /home/thompson/incubator_ws/install/incubator_cpp_pkg_interfaces/include/incubator_cpp_pkg_interfaces/incubator_cpp_pkg_interfaces/msg/detail/controller_state__rosidl_typesupport_fastrtps_cpp.hpp
[0.712s] -- Up-to-date: /home/thompson/incubator_ws/install/incubator_cpp_pkg_interfaces/include/incubator_cpp_pkg_interfaces/incubator_cpp_pkg_interfaces/msg/detail/boolean__rosidl_typesupport_fastrtps_cpp.hpp
[0.712s] -- Up-to-date: /home/thompson/incubator_ws/install/incubator_cpp_pkg_interfaces/include/incubator_cpp_pkg_interfaces/incubator_cpp_pkg_interfaces/msg/rosidl_typesupport_fastrtps_cpp__visibility_control.h
[0.712s] -- Up-to-date: /home/thompson/incubator_ws/install/incubator_cpp_pkg_interfaces/lib/libincubator_cpp_pkg_interfaces__rosidl_typesupport_fastrtps_cpp.so
[0.712s] -- Up-to-date: /home/thompson/incubator_ws/install/incubator_cpp_pkg_interfaces/include/incubator_cpp_pkg_interfaces/incubator_cpp_pkg_interfaces
[0.712s] -- Up-to-date: /home/thompson/incubator_ws/install/incubator_cpp_pkg_interfaces/include/incubator_cpp_pkg_interfaces/incubator_cpp_pkg_interfaces/msg
[0.712s] -- Up-to-date: /home/thompson/incubator_ws/install/incubator_cpp_pkg_interfaces/include/incubator_cpp_pkg_interfaces/incubator_cpp_pkg_interfaces/msg/detail
[0.712s] -- Up-to-date: /home/thompson/incubator_ws/install/incubator_cpp_pkg_interfaces/include/incubator_cpp_pkg_interfaces/incubator_cpp_pkg_interfaces/msg/detail/boolean__type_support.cpp
[0.712s] -- Up-to-date: /home/thompson/incubator_ws/install/incubator_cpp_pkg_interfaces/include/incubator_cpp_pkg_interfaces/incubator_cpp_pkg_interfaces/msg/detail/boolean__rosidl_typesupport_introspection_cpp.hpp
[0.712s] -- Up-to-date: /home/thompson/incubator_ws/install/incubator_cpp_pkg_interfaces/include/incubator_cpp_pkg_interfaces/incubator_cpp_pkg_interfaces/msg/detail/device_statei__type_support.cpp
[0.712s] -- Up-to-date: /home/thompson/incubator_ws/install/incubator_cpp_pkg_interfaces/include/incubator_cpp_pkg_interfaces/incubator_cpp_pkg_interfaces/msg/detail/empty__rosidl_typesupport_introspection_cpp.hpp
[0.712s] -- Up-to-date: /home/thompson/incubator_ws/install/incubator_cpp_pkg_interfaces/include/incubator_cpp_pkg_interfaces/incubator_cpp_pkg_interfaces/msg/detail/device_statei__rosidl_typesupport_introspection_cpp.hpp
[0.713s] -- Up-to-date: /home/thompson/incubator_ws/install/incubator_cpp_pkg_interfaces/include/incubator_cpp_pkg_interfaces/incubator_cpp_pkg_interfaces/msg/detail/secondsi__rosidl_typesupport_introspection_cpp.hpp
[0.713s] -- Up-to-date: /home/thompson/incubator_ws/install/incubator_cpp_pkg_interfaces/include/incubator_cpp_pkg_interfaces/incubator_cpp_pkg_interfaces/msg/detail/closed_loop_param_updatesi__rosidl_typesupport_introspection_cpp.hpp
[0.713s] -- Up-to-date: /home/thompson/incubator_ws/install/incubator_cpp_pkg_interfaces/include/incubator_cpp_pkg_interfaces/incubator_cpp_pkg_interfaces/msg/detail/controller_state__type_support.cpp
[0.713s] -- Up-to-date: /home/thompson/incubator_ws/install/incubator_cpp_pkg_interfaces/include/incubator_cpp_pkg_interfaces/incubator_cpp_pkg_interfaces/msg/detail/degrees_ci__type_support.cpp
[0.713s] -- Up-to-date: /home/thompson/incubator_ws/install/incubator_cpp_pkg_interfaces/include/incubator_cpp_pkg_interfaces/incubator_cpp_pkg_interfaces/msg/detail/controller_state__rosidl_typesupport_introspection_cpp.hpp
[0.713s] -- Up-to-date: /home/thompson/incubator_ws/install/incubator_cpp_pkg_interfaces/include/incubator_cpp_pkg_interfaces/incubator_cpp_pkg_interfaces/msg/detail/controller_statusi__type_support.cpp
[0.713s] -- Up-to-date: /home/thompson/incubator_ws/install/incubator_cpp_pkg_interfaces/include/incubator_cpp_pkg_interfaces/incubator_cpp_pkg_interfaces/msg/detail/integer64__rosidl_typesupport_introspection_cpp.hpp
[0.713s] -- Up-to-date: /home/thompson/incubator_ws/install/incubator_cpp_pkg_interfaces/include/incubator_cpp_pkg_interfaces/incubator_cpp_pkg_interfaces/msg/detail/float32__type_support.cpp
[0.713s] -- Up-to-date: /home/thompson/incubator_ws/install/incubator_cpp_pkg_interfaces/include/incubator_cpp_pkg_interfaces/incubator_cpp_pkg_interfaces/msg/detail/float32__rosidl_typesupport_introspection_cpp.hpp
[0.713s] -- Up-to-date: /home/thompson/incubator_ws/install/incubator_cpp_pkg_interfaces/include/incubator_cpp_pkg_interfaces/incubator_cpp_pkg_interfaces/msg/detail/empty__type_support.cpp
[0.713s] -- Up-to-date: /home/thompson/incubator_ws/install/incubator_cpp_pkg_interfaces/include/incubator_cpp_pkg_interfaces/incubator_cpp_pkg_interfaces/msg/detail/secondsi__type_support.cpp
[0.713s] -- Up-to-date: /home/thompson/incubator_ws/install/incubator_cpp_pkg_interfaces/include/incubator_cpp_pkg_interfaces/incubator_cpp_pkg_interfaces/msg/detail/integer64__type_support.cpp
[0.713s] -- Up-to-date: /home/thompson/incubator_ws/install/incubator_cpp_pkg_interfaces/include/incubator_cpp_pkg_interfaces/incubator_cpp_pkg_interfaces/msg/detail/controller_statusi__rosidl_typesupport_introspection_cpp.hpp
[0.713s] -- Up-to-date: /home/thompson/incubator_ws/install/incubator_cpp_pkg_interfaces/include/incubator_cpp_pkg_interfaces/incubator_cpp_pkg_interfaces/msg/detail/closed_loop_param_updatesi__type_support.cpp
[0.713s] -- Up-to-date: /home/thompson/incubator_ws/install/incubator_cpp_pkg_interfaces/include/incubator_cpp_pkg_interfaces/incubator_cpp_pkg_interfaces/msg/detail/degrees_ci__rosidl_typesupport_introspection_cpp.hpp
[0.713s] -- Up-to-date: /home/thompson/incubator_ws/install/incubator_cpp_pkg_interfaces/lib/libincubator_cpp_pkg_interfaces__rosidl_typesupport_introspection_cpp.so
[0.713s] -- Up-to-date: /home/thompson/incubator_ws/install/incubator_cpp_pkg_interfaces/lib/libincubator_cpp_pkg_interfaces__rosidl_typesupport_cpp.so
[0.713s] -- Up-to-date: /home/thompson/incubator_ws/install/incubator_cpp_pkg_interfaces/share/incubator_cpp_pkg_interfaces/environment/pythonpath.sh
[0.713s] -- Up-to-date: /home/thompson/incubator_ws/install/incubator_cpp_pkg_interfaces/share/incubator_cpp_pkg_interfaces/environment/pythonpath.dsv
[0.714s] -- Up-to-date: /home/thompson/incubator_ws/install/incubator_cpp_pkg_interfaces/local/lib/python3.10/dist-packages/incubator_cpp_pkg_interfaces-0.0.0-py3.10.egg-info
[0.714s] -- Installing: /home/thompson/incubator_ws/install/incubator_cpp_pkg_interfaces/local/lib/python3.10/dist-packages/incubator_cpp_pkg_interfaces-0.0.0-py3.10.egg-info/SOURCES.txt
[0.714s] -- Installing: /home/thompson/incubator_ws/install/incubator_cpp_pkg_interfaces/local/lib/python3.10/dist-packages/incubator_cpp_pkg_interfaces-0.0.0-py3.10.egg-info/dependency_links.txt
[0.714s] -- Installing: /home/thompson/incubator_ws/install/incubator_cpp_pkg_interfaces/local/lib/python3.10/dist-packages/incubator_cpp_pkg_interfaces-0.0.0-py3.10.egg-info/PKG-INFO
[0.714s] -- Installing: /home/thompson/incubator_ws/install/incubator_cpp_pkg_interfaces/local/lib/python3.10/dist-packages/incubator_cpp_pkg_interfaces-0.0.0-py3.10.egg-info/top_level.txt
[0.714s] -- Up-to-date: /home/thompson/incubator_ws/install/incubator_cpp_pkg_interfaces/local/lib/python3.10/dist-packages/incubator_cpp_pkg_interfaces
[0.714s] -- Up-to-date: /home/thompson/incubator_ws/install/incubator_cpp_pkg_interfaces/local/lib/python3.10/dist-packages/incubator_cpp_pkg_interfaces/__init__.py
[0.714s] -- Up-to-date: /home/thompson/incubator_ws/install/incubator_cpp_pkg_interfaces/local/lib/python3.10/dist-packages/incubator_cpp_pkg_interfaces/_incubator_cpp_pkg_interfaces_s.ep.rosidl_typesupport_c.c
[0.714s] -- Up-to-date: /home/thompson/incubator_ws/install/incubator_cpp_pkg_interfaces/local/lib/python3.10/dist-packages/incubator_cpp_pkg_interfaces/_incubator_cpp_pkg_interfaces_s.ep.rosidl_typesupport_fastrtps_c.c
[0.714s] -- Up-to-date: /home/thompson/incubator_ws/install/incubator_cpp_pkg_interfaces/local/lib/python3.10/dist-packages/incubator_cpp_pkg_interfaces/libincubator_cpp_pkg_interfaces__rosidl_generator_py.so
[0.714s] -- Up-to-date: /home/thompson/incubator_ws/install/incubator_cpp_pkg_interfaces/local/lib/python3.10/dist-packages/incubator_cpp_pkg_interfaces/_incubator_cpp_pkg_interfaces_s.ep.rosidl_typesupport_introspection_c.c
[0.714s] -- Up-to-date: /home/thompson/incubator_ws/install/incubator_cpp_pkg_interfaces/local/lib/python3.10/dist-packages/incubator_cpp_pkg_interfaces/incubator_cpp_pkg_interfaces_s__rosidl_typesupport_c.cpython-310-x86_64-linux-gnu.so
[0.714s] -- Up-to-date: /home/thompson/incubator_ws/install/incubator_cpp_pkg_interfaces/local/lib/python3.10/dist-packages/incubator_cpp_pkg_interfaces/incubator_cpp_pkg_interfaces_s__rosidl_typesupport_fastrtps_c.cpython-310-x86_64-linux-gnu.so
[0.714s] -- Up-to-date: /home/thompson/incubator_ws/install/incubator_cpp_pkg_interfaces/local/lib/python3.10/dist-packages/incubator_cpp_pkg_interfaces/msg
[0.714s] -- Up-to-date: /home/thompson/incubator_ws/install/incubator_cpp_pkg_interfaces/local/lib/python3.10/dist-packages/incubator_cpp_pkg_interfaces/msg/_integer64_s.c
[0.714s] -- Up-to-date: /home/thompson/incubator_ws/install/incubator_cpp_pkg_interfaces/local/lib/python3.10/dist-packages/incubator_cpp_pkg_interfaces/msg/__init__.py
[0.714s] -- Up-to-date: /home/thompson/incubator_ws/install/incubator_cpp_pkg_interfaces/local/lib/python3.10/dist-packages/incubator_cpp_pkg_interfaces/msg/_empty_s.c
[0.715s] -- Up-to-date: /home/thompson/incubator_ws/install/incubator_cpp_pkg_interfaces/local/lib/python3.10/dist-packages/incubator_cpp_pkg_interfaces/msg/_controller_statusi_s.c
[0.715s] -- Up-to-date: /home/thompson/incubator_ws/install/incubator_cpp_pkg_interfaces/local/lib/python3.10/dist-packages/incubator_cpp_pkg_interfaces/msg/_closed_loop_param_updatesi.py
[0.715s] -- Up-to-date: /home/thompson/incubator_ws/install/incubator_cpp_pkg_interfaces/local/lib/python3.10/dist-packages/incubator_cpp_pkg_interfaces/msg/_controller_state.py
[0.715s] -- Up-to-date: /home/thompson/incubator_ws/install/incubator_cpp_pkg_interfaces/local/lib/python3.10/dist-packages/incubator_cpp_pkg_interfaces/msg/_secondsi.py
[0.715s] -- Up-to-date: /home/thompson/incubator_ws/install/incubator_cpp_pkg_interfaces/local/lib/python3.10/dist-packages/incubator_cpp_pkg_interfaces/msg/_boolean.py
[0.715s] -- Up-to-date: /home/thompson/incubator_ws/install/incubator_cpp_pkg_interfaces/local/lib/python3.10/dist-packages/incubator_cpp_pkg_interfaces/msg/_secondsi_s.c
[0.715s] -- Up-to-date: /home/thompson/incubator_ws/install/incubator_cpp_pkg_interfaces/local/lib/python3.10/dist-packages/incubator_cpp_pkg_interfaces/msg/_closed_loop_param_updatesi_s.c
[0.715s] -- Up-to-date: /home/thompson/incubator_ws/install/incubator_cpp_pkg_interfaces/local/lib/python3.10/dist-packages/incubator_cpp_pkg_interfaces/msg/_integer64.py
[0.715s] -- Up-to-date: /home/thompson/incubator_ws/install/incubator_cpp_pkg_interfaces/local/lib/python3.10/dist-packages/incubator_cpp_pkg_interfaces/msg/_controller_statusi.py
[0.715s] -- Up-to-date: /home/thompson/incubator_ws/install/incubator_cpp_pkg_interfaces/local/lib/python3.10/dist-packages/incubator_cpp_pkg_interfaces/msg/_degrees_ci.py
[0.715s] -- Up-to-date: /home/thompson/incubator_ws/install/incubator_cpp_pkg_interfaces/local/lib/python3.10/dist-packages/incubator_cpp_pkg_interfaces/msg/_float32_s.c
[0.715s] -- Up-to-date: /home/thompson/incubator_ws/install/incubator_cpp_pkg_interfaces/local/lib/python3.10/dist-packages/incubator_cpp_pkg_interfaces/msg/_degrees_ci_s.c
[0.715s] -- Up-to-date: /home/thompson/incubator_ws/install/incubator_cpp_pkg_interfaces/local/lib/python3.10/dist-packages/incubator_cpp_pkg_interfaces/msg/_boolean_s.c
[0.715s] -- Up-to-date: /home/thompson/incubator_ws/install/incubator_cpp_pkg_interfaces/local/lib/python3.10/dist-packages/incubator_cpp_pkg_interfaces/msg/_empty.py
[0.715s] -- Up-to-date: /home/thompson/incubator_ws/install/incubator_cpp_pkg_interfaces/local/lib/python3.10/dist-packages/incubator_cpp_pkg_interfaces/msg/_device_statei_s.c
[0.715s] -- Up-to-date: /home/thompson/incubator_ws/install/incubator_cpp_pkg_interfaces/local/lib/python3.10/dist-packages/incubator_cpp_pkg_interfaces/msg/_device_statei.py
[0.715s] -- Up-to-date: /home/thompson/incubator_ws/install/incubator_cpp_pkg_interfaces/local/lib/python3.10/dist-packages/incubator_cpp_pkg_interfaces/msg/_controller_state_s.c
[0.715s] -- Up-to-date: /home/thompson/incubator_ws/install/incubator_cpp_pkg_interfaces/local/lib/python3.10/dist-packages/incubator_cpp_pkg_interfaces/msg/_float32.py
[0.716s] -- Up-to-date: /home/thompson/incubator_ws/install/incubator_cpp_pkg_interfaces/local/lib/python3.10/dist-packages/incubator_cpp_pkg_interfaces/incubator_cpp_pkg_interfaces_s__rosidl_typesupport_introspection_c.cpython-310-x86_64-linux-gnu.so
[0.734s] Listing '/home/thompson/incubator_ws/install/incubator_cpp_pkg_interfaces/local/lib/python3.10/dist-packages/incubator_cpp_pkg_interfaces'...
[0.734s] Listing '/home/thompson/incubator_ws/install/incubator_cpp_pkg_interfaces/local/lib/python3.10/dist-packages/incubator_cpp_pkg_interfaces/msg'...
[0.739s] -- Up-to-date: /home/thompson/incubator_ws/install/incubator_cpp_pkg_interfaces/local/lib/python3.10/dist-packages/incubator_cpp_pkg_interfaces/incubator_cpp_pkg_interfaces_s__rosidl_typesupport_fastrtps_c.cpython-310-x86_64-linux-gnu.so
[0.739s] -- Up-to-date: /home/thompson/incubator_ws/install/incubator_cpp_pkg_interfaces/local/lib/python3.10/dist-packages/incubator_cpp_pkg_interfaces/incubator_cpp_pkg_interfaces_s__rosidl_typesupport_introspection_c.cpython-310-x86_64-linux-gnu.so
[0.739s] -- Up-to-date: /home/thompson/incubator_ws/install/incubator_cpp_pkg_interfaces/local/lib/python3.10/dist-packages/incubator_cpp_pkg_interfaces/incubator_cpp_pkg_interfaces_s__rosidl_typesupport_c.cpython-310-x86_64-linux-gnu.so
[0.740s] -- Up-to-date: /home/thompson/incubator_ws/install/incubator_cpp_pkg_interfaces/lib/libincubator_cpp_pkg_interfaces__rosidl_generator_py.so
[0.740s] -- Up-to-date: /home/thompson/incubator_ws/install/incubator_cpp_pkg_interfaces/share/incubator_cpp_pkg_interfaces/msg/Float32.idl
[0.740s] -- Up-to-date: /home/thompson/incubator_ws/install/incubator_cpp_pkg_interfaces/share/incubator_cpp_pkg_interfaces/msg/DegreesCi.idl
[0.740s] -- Up-to-date: /home/thompson/incubator_ws/install/incubator_cpp_pkg_interfaces/share/incubator_cpp_pkg_interfaces/msg/ClosedLoopParamUpdatesi.idl
[0.741s] -- Up-to-date: /home/thompson/incubator_ws/install/incubator_cpp_pkg_interfaces/share/incubator_cpp_pkg_interfaces/msg/Integer64.idl
[0.741s] -- Up-to-date: /home/thompson/incubator_ws/install/incubator_cpp_pkg_interfaces/share/incubator_cpp_pkg_interfaces/msg/Secondsi.idl
[0.741s] -- Up-to-date: /home/thompson/incubator_ws/install/incubator_cpp_pkg_interfaces/share/incubator_cpp_pkg_interfaces/msg/Boolean.idl
[0.741s] -- Up-to-date: /home/thompson/incubator_ws/install/incubator_cpp_pkg_interfaces/share/incubator_cpp_pkg_interfaces/msg/DeviceStatei.idl
[0.741s] -- Up-to-date: /home/thompson/incubator_ws/install/incubator_cpp_pkg_interfaces/share/incubator_cpp_pkg_interfaces/msg/ControllerState.idl
[0.742s] -- Up-to-date: /home/thompson/incubator_ws/install/incubator_cpp_pkg_interfaces/share/incubator_cpp_pkg_interfaces/msg/ControllerStatusi.idl
[0.742s] -- Up-to-date: /home/thompson/incubator_ws/install/incubator_cpp_pkg_interfaces/share/incubator_cpp_pkg_interfaces/msg/Empty.idl
[0.742s] -- Up-to-date: /home/thompson/incubator_ws/install/incubator_cpp_pkg_interfaces/share/incubator_cpp_pkg_interfaces/msg/Float32.msg
[0.742s] -- Up-to-date: /home/thompson/incubator_ws/install/incubator_cpp_pkg_interfaces/share/incubator_cpp_pkg_interfaces/msg/DegreesCi.msg
[0.742s] -- Up-to-date: /home/thompson/incubator_ws/install/incubator_cpp_pkg_interfaces/share/incubator_cpp_pkg_interfaces/msg/ClosedLoopParamUpdatesi.msg
[0.743s] -- Up-to-date: /home/thompson/incubator_ws/install/incubator_cpp_pkg_interfaces/share/incubator_cpp_pkg_interfaces/msg/Integer64.msg
[0.743s] -- Up-to-date: /home/thompson/incubator_ws/install/incubator_cpp_pkg_interfaces/share/incubator_cpp_pkg_interfaces/msg/Secondsi.msg
[0.743s] -- Up-to-date: /home/thompson/incubator_ws/install/incubator_cpp_pkg_interfaces/share/incubator_cpp_pkg_interfaces/msg/Boolean.msg
[0.743s] -- Up-to-date: /home/thompson/incubator_ws/install/incubator_cpp_pkg_interfaces/share/incubator_cpp_pkg_interfaces/msg/DeviceStatei.msg
[0.743s] -- Up-to-date: /home/thompson/incubator_ws/install/incubator_cpp_pkg_interfaces/share/incubator_cpp_pkg_interfaces/msg/ControllerState.msg
[0.744s] -- Up-to-date: /home/thompson/incubator_ws/install/incubator_cpp_pkg_interfaces/share/incubator_cpp_pkg_interfaces/msg/ControllerStatusi.msg
[0.744s] -- Up-to-date: /home/thompson/incubator_ws/install/incubator_cpp_pkg_interfaces/share/incubator_cpp_pkg_interfaces/msg/Empty.msg
[0.744s] -- Up-to-date: /home/thompson/incubator_ws/install/incubator_cpp_pkg_interfaces/share/ament_index/resource_index/package_run_dependencies/incubator_cpp_pkg_interfaces
[0.744s] -- Up-to-date: /home/thompson/incubator_ws/install/incubator_cpp_pkg_interfaces/share/ament_index/resource_index/parent_prefix_path/incubator_cpp_pkg_interfaces
[0.744s] -- Up-to-date: /home/thompson/incubator_ws/install/incubator_cpp_pkg_interfaces/share/incubator_cpp_pkg_interfaces/environment/ament_prefix_path.sh
[0.745s] -- Up-to-date: /home/thompson/incubator_ws/install/incubator_cpp_pkg_interfaces/share/incubator_cpp_pkg_interfaces/environment/ament_prefix_path.dsv
[0.745s] -- Up-to-date: /home/thompson/incubator_ws/install/incubator_cpp_pkg_interfaces/share/incubator_cpp_pkg_interfaces/environment/path.sh
[0.745s] -- Up-to-date: /home/thompson/incubator_ws/install/incubator_cpp_pkg_interfaces/share/incubator_cpp_pkg_interfaces/environment/path.dsv
[0.745s] -- Up-to-date: /home/thompson/incubator_ws/install/incubator_cpp_pkg_interfaces/share/incubator_cpp_pkg_interfaces/local_setup.bash
[0.745s] -- Up-to-date: /home/thompson/incubator_ws/install/incubator_cpp_pkg_interfaces/share/incubator_cpp_pkg_interfaces/local_setup.sh
[0.745s] -- Up-to-date: /home/thompson/incubator_ws/install/incubator_cpp_pkg_interfaces/share/incubator_cpp_pkg_interfaces/local_setup.zsh
[0.746s] -- Up-to-date: /home/thompson/incubator_ws/install/incubator_cpp_pkg_interfaces/share/incubator_cpp_pkg_interfaces/local_setup.dsv
[0.746s] -- Installing: /home/thompson/incubator_ws/install/incubator_cpp_pkg_interfaces/share/incubator_cpp_pkg_interfaces/package.dsv
[0.746s] -- Up-to-date: /home/thompson/incubator_ws/install/incubator_cpp_pkg_interfaces/share/ament_index/resource_index/packages/incubator_cpp_pkg_interfaces
[0.746s] -- Up-to-date: /home/thompson/incubator_ws/install/incubator_cpp_pkg_interfaces/share/incubator_cpp_pkg_interfaces/cmake/export_incubator_cpp_pkg_interfaces__rosidl_generator_cExport.cmake
[0.746s] -- Up-to-date: /home/thompson/incubator_ws/install/incubator_cpp_pkg_interfaces/share/incubator_cpp_pkg_interfaces/cmake/export_incubator_cpp_pkg_interfaces__rosidl_generator_cExport-noconfig.cmake
[0.746s] -- Up-to-date: /home/thompson/incubator_ws/install/incubator_cpp_pkg_interfaces/share/incubator_cpp_pkg_interfaces/cmake/export_incubator_cpp_pkg_interfaces__rosidl_typesupport_fastrtps_cExport.cmake
[0.747s] -- Up-to-date: /home/thompson/incubator_ws/install/incubator_cpp_pkg_interfaces/share/incubator_cpp_pkg_interfaces/cmake/export_incubator_cpp_pkg_interfaces__rosidl_typesupport_fastrtps_cExport-noconfig.cmake
[0.747s] -- Up-to-date: /home/thompson/incubator_ws/install/incubator_cpp_pkg_interfaces/share/incubator_cpp_pkg_interfaces/cmake/incubator_cpp_pkg_interfaces__rosidl_typesupport_introspection_cExport.cmake
[0.747s] -- Up-to-date: /home/thompson/incubator_ws/install/incubator_cpp_pkg_interfaces/share/incubator_cpp_pkg_interfaces/cmake/incubator_cpp_pkg_interfaces__rosidl_typesupport_introspection_cExport-noconfig.cmake
[0.747s] -- Up-to-date: /home/thompson/incubator_ws/install/incubator_cpp_pkg_interfaces/share/incubator_cpp_pkg_interfaces/cmake/incubator_cpp_pkg_interfaces__rosidl_typesupport_cExport.cmake
[0.747s] -- Up-to-date: /home/thompson/incubator_ws/install/incubator_cpp_pkg_interfaces/share/incubator_cpp_pkg_interfaces/cmake/incubator_cpp_pkg_interfaces__rosidl_typesupport_cExport-noconfig.cmake
[0.747s] -- Up-to-date: /home/thompson/incubator_ws/install/incubator_cpp_pkg_interfaces/share/incubator_cpp_pkg_interfaces/cmake/export_incubator_cpp_pkg_interfaces__rosidl_generator_cppExport.cmake
[0.747s] -- Up-to-date: /home/thompson/incubator_ws/install/incubator_cpp_pkg_interfaces/share/incubator_cpp_pkg_interfaces/cmake/export_incubator_cpp_pkg_interfaces__rosidl_typesupport_fastrtps_cppExport.cmake
[0.747s] -- Up-to-date: /home/thompson/incubator_ws/install/incubator_cpp_pkg_interfaces/share/incubator_cpp_pkg_interfaces/cmake/export_incubator_cpp_pkg_interfaces__rosidl_typesupport_fastrtps_cppExport-noconfig.cmake
[0.747s] -- Up-to-date: /home/thompson/incubator_ws/install/incubator_cpp_pkg_interfaces/share/incubator_cpp_pkg_interfaces/cmake/incubator_cpp_pkg_interfaces__rosidl_typesupport_introspection_cppExport.cmake
[0.747s] -- Up-to-date: /home/thompson/incubator_ws/install/incubator_cpp_pkg_interfaces/share/incubator_cpp_pkg_interfaces/cmake/incubator_cpp_pkg_interfaces__rosidl_typesupport_introspection_cppExport-noconfig.cmake
[0.747s] -- Up-to-date: /home/thompson/incubator_ws/install/incubator_cpp_pkg_interfaces/share/incubator_cpp_pkg_interfaces/cmake/incubator_cpp_pkg_interfaces__rosidl_typesupport_cppExport.cmake
[0.747s] -- Up-to-date: /home/thompson/incubator_ws/install/incubator_cpp_pkg_interfaces/share/incubator_cpp_pkg_interfaces/cmake/incubator_cpp_pkg_interfaces__rosidl_typesupport_cppExport-noconfig.cmake
[0.747s] -- Up-to-date: /home/thompson/incubator_ws/install/incubator_cpp_pkg_interfaces/share/incubator_cpp_pkg_interfaces/cmake/export_incubator_cpp_pkg_interfaces__rosidl_generator_pyExport.cmake
[0.747s] -- Up-to-date: /home/thompson/incubator_ws/install/incubator_cpp_pkg_interfaces/share/incubator_cpp_pkg_interfaces/cmake/export_incubator_cpp_pkg_interfaces__rosidl_generator_pyExport-noconfig.cmake
[0.747s] -- Up-to-date: /home/thompson/incubator_ws/install/incubator_cpp_pkg_interfaces/share/incubator_cpp_pkg_interfaces/cmake/rosidl_cmake-extras.cmake
[0.747s] -- Up-to-date: /home/thompson/incubator_ws/install/incubator_cpp_pkg_interfaces/share/incubator_cpp_pkg_interfaces/cmake/ament_cmake_export_include_directories-extras.cmake
[0.748s] -- Up-to-date: /home/thompson/incubator_ws/install/incubator_cpp_pkg_interfaces/share/incubator_cpp_pkg_interfaces/cmake/ament_cmake_export_libraries-extras.cmake
[0.748s] -- Up-to-date: /home/thompson/incubator_ws/install/incubator_cpp_pkg_interfaces/share/incubator_cpp_pkg_interfaces/cmake/ament_cmake_export_targets-extras.cmake
[0.748s] -- Up-to-date: /home/thompson/incubator_ws/install/incubator_cpp_pkg_interfaces/share/incubator_cpp_pkg_interfaces/cmake/rosidl_cmake_export_typesupport_targets-extras.cmake
[0.748s] -- Up-to-date: /home/thompson/incubator_ws/install/incubator_cpp_pkg_interfaces/share/incubator_cpp_pkg_interfaces/cmake/ament_cmake_export_dependencies-extras.cmake
[0.748s] -- Up-to-date: /home/thompson/incubator_ws/install/incubator_cpp_pkg_interfaces/share/incubator_cpp_pkg_interfaces/cmake/rosidl_cmake_export_typesupport_libraries-extras.cmake
[0.748s] -- Up-to-date: /home/thompson/incubator_ws/install/incubator_cpp_pkg_interfaces/share/incubator_cpp_pkg_interfaces/cmake/incubator_cpp_pkg_interfacesConfig.cmake
[0.748s] -- Up-to-date: /home/thompson/incubator_ws/install/incubator_cpp_pkg_interfaces/share/incubator_cpp_pkg_interfaces/cmake/incubator_cpp_pkg_interfacesConfig-version.cmake
[0.749s] -- Up-to-date: /home/thompson/incubator_ws/install/incubator_cpp_pkg_interfaces/share/incubator_cpp_pkg_interfaces/package.xml
[0.751s] Invoked command in '/home/thompson/incubator_ws/build/incubator_cpp_pkg_interfaces' returned '0': CMAKE_PREFIX_PATH=${CMAKE_PREFIX_PATH}:/opt/ros/humble /usr/bin/cmake --install /home/thompson/incubator_ws/build/incubator_cpp_pkg_interfaces
