[0.109s] DEBUG:colcon:Command line arguments: ['/usr/bin/colcon', 'build']
[0.109s] DEBUG:colcon:Parsed command line arguments: Namespace(log_base=None, log_level=None, verb_name='build', build_base='build', install_base='install', merge_install=False, symlink_install=False, test_result_base=None, continue_on_error=False, executor='parallel', parallel_workers=7, event_handlers=None, ignore_user_meta=False, metas=['./colcon.meta'], base_paths=['.'], packages_ignore=None, packages_ignore_regex=None, paths=None, packages_up_to=None, packages_up_to_regex=None, packages_above=None, packages_above_and_dependencies=None, packages_above_depth=None, packages_select_by_dep=None, packages_skip_by_dep=None, packages_skip_up_to=None, packages_select_build_failed=False, packages_skip_build_finished=False, packages_select_test_failures=False, packages_skip_test_passed=False, packages_select=None, packages_skip=None, packages_select_regex=None, packages_skip_regex=None, packages_start=None, packages_end=None, allow_overriding=[], cmake_args=None, cmake_target=None, cmake_target_skip_unavailable=False, cmake_clean_cache=False, cmake_clean_first=False, cmake_force_configure=False, ament_cmake_args=None, catkin_cmake_args=None, catkin_skip_building_tests=False, verb_parser=<colcon_defaults.argument_parser.defaults.DefaultArgumentsDecorator object at 0x70ca02b247c0>, verb_extension=<colcon_core.verb.build.BuildVerb object at 0x70ca02b24250>, main=<bound method BuildVerb.main of <colcon_core.verb.build.BuildVerb object at 0x70ca02b24250>>)
[0.277s] Level 1:colcon.colcon_core.package_discovery:discover_packages(colcon_meta) check parameters
[0.278s] Level 1:colcon.colcon_core.package_discovery:discover_packages(recursive) check parameters
[0.278s] Level 1:colcon.colcon_core.package_discovery:discover_packages(ignore) check parameters
[0.278s] Level 1:colcon.colcon_core.package_discovery:discover_packages(path) check parameters
[0.278s] Level 1:colcon.colcon_core.package_discovery:discover_packages(colcon_meta) discover
[0.278s] Level 1:colcon.colcon_core.package_discovery:discover_packages(recursive) discover
[0.278s] INFO:colcon.colcon_core.package_discovery:Crawling recursively for packages in '/home/thompson/incubator_ws'
[0.278s] Level 1:colcon.colcon_core.package_identification:_identify(.) by extensions ['ignore', 'ignore_ament_install']
[0.278s] Level 1:colcon.colcon_core.package_identification:_identify(.) by extension 'ignore'
[0.278s] Level 1:colcon.colcon_core.package_identification:_identify(.) by extension 'ignore_ament_install'
[0.278s] Level 1:colcon.colcon_core.package_identification:_identify(.) by extensions ['colcon_pkg']
[0.278s] Level 1:colcon.colcon_core.package_identification:_identify(.) by extension 'colcon_pkg'
[0.278s] Level 1:colcon.colcon_core.package_identification:_identify(.) by extensions ['colcon_meta']
[0.278s] Level 1:colcon.colcon_core.package_identification:_identify(.) by extension 'colcon_meta'
[0.278s] Level 1:colcon.colcon_core.package_identification:_identify(.) by extensions ['ros']
[0.278s] Level 1:colcon.colcon_core.package_identification:_identify(.) by extension 'ros'
[0.292s] Level 1:colcon.colcon_core.package_identification:_identify(.) by extensions ['cmake', 'python']
[0.292s] Level 1:colcon.colcon_core.package_identification:_identify(.) by extension 'cmake'
[0.292s] Level 1:colcon.colcon_core.package_identification:_identify(.) by extension 'python'
[0.292s] Level 1:colcon.colcon_core.package_identification:_identify(.) by extensions ['python_setup_py']
[0.292s] Level 1:colcon.colcon_core.package_identification:_identify(.) by extension 'python_setup_py'
[0.292s] Level 1:colcon.colcon_core.package_identification:_identify(build) by extensions ['ignore', 'ignore_ament_install']
[0.292s] Level 1:colcon.colcon_core.package_identification:_identify(build) by extension 'ignore'
[0.292s] Level 1:colcon.colcon_core.package_identification:_identify(build) ignored
[0.293s] Level 1:colcon.colcon_core.package_identification:_identify(install) by extensions ['ignore', 'ignore_ament_install']
[0.293s] Level 1:colcon.colcon_core.package_identification:_identify(install) by extension 'ignore'
[0.293s] Level 1:colcon.colcon_core.package_identification:_identify(install) ignored
[0.293s] Level 1:colcon.colcon_core.package_identification:_identify(log) by extensions ['ignore', 'ignore_ament_install']
[0.293s] Level 1:colcon.colcon_core.package_identification:_identify(log) by extension 'ignore'
[0.293s] Level 1:colcon.colcon_core.package_identification:_identify(log) ignored
[0.293s] Level 1:colcon.colcon_core.package_identification:_identify(src) by extensions ['ignore', 'ignore_ament_install']
[0.293s] Level 1:colcon.colcon_core.package_identification:_identify(src) by extension 'ignore'
[0.294s] Level 1:colcon.colcon_core.package_identification:_identify(src) by extension 'ignore_ament_install'
[0.294s] Level 1:colcon.colcon_core.package_identification:_identify(src) by extensions ['colcon_pkg']
[0.294s] Level 1:colcon.colcon_core.package_identification:_identify(src) by extension 'colcon_pkg'
[0.294s] Level 1:colcon.colcon_core.package_identification:_identify(src) by extensions ['colcon_meta']
[0.294s] Level 1:colcon.colcon_core.package_identification:_identify(src) by extension 'colcon_meta'
[0.294s] Level 1:colcon.colcon_core.package_identification:_identify(src) by extensions ['ros']
[0.294s] Level 1:colcon.colcon_core.package_identification:_identify(src) by extension 'ros'
[0.294s] Level 1:colcon.colcon_core.package_identification:_identify(src) by extensions ['cmake', 'python']
[0.294s] Level 1:colcon.colcon_core.package_identification:_identify(src) by extension 'cmake'
[0.294s] Level 1:colcon.colcon_core.package_identification:_identify(src) by extension 'python'
[0.294s] Level 1:colcon.colcon_core.package_identification:_identify(src) by extensions ['python_setup_py']
[0.294s] Level 1:colcon.colcon_core.package_identification:_identify(src) by extension 'python_setup_py'
[0.294s] Level 1:colcon.colcon_core.package_identification:_identify(src/incubator_cpp_pkg) by extensions ['ignore', 'ignore_ament_install']
[0.294s] Level 1:colcon.colcon_core.package_identification:_identify(src/incubator_cpp_pkg) by extension 'ignore'
[0.294s] Level 1:colcon.colcon_core.package_identification:_identify(src/incubator_cpp_pkg) by extension 'ignore_ament_install'
[0.294s] Level 1:colcon.colcon_core.package_identification:_identify(src/incubator_cpp_pkg) by extensions ['colcon_pkg']
[0.294s] Level 1:colcon.colcon_core.package_identification:_identify(src/incubator_cpp_pkg) by extension 'colcon_pkg'
[0.294s] Level 1:colcon.colcon_core.package_identification:_identify(src/incubator_cpp_pkg) by extensions ['colcon_meta']
[0.294s] Level 1:colcon.colcon_core.package_identification:_identify(src/incubator_cpp_pkg) by extension 'colcon_meta'
[0.294s] Level 1:colcon.colcon_core.package_identification:_identify(src/incubator_cpp_pkg) by extensions ['ros']
[0.294s] Level 1:colcon.colcon_core.package_identification:_identify(src/incubator_cpp_pkg) by extension 'ros'
[0.297s] DEBUG:colcon.colcon_core.package_identification:Package 'src/incubator_cpp_pkg' with type 'ros.ament_cmake' and name 'incubator_cpp_pkg'
[0.297s] Level 1:colcon.colcon_core.package_identification:_identify(src/incubator_cpp_pkg_bringup) by extensions ['ignore', 'ignore_ament_install']
[0.297s] Level 1:colcon.colcon_core.package_identification:_identify(src/incubator_cpp_pkg_bringup) by extension 'ignore'
[0.297s] Level 1:colcon.colcon_core.package_identification:_identify(src/incubator_cpp_pkg_bringup) by extension 'ignore_ament_install'
[0.297s] Level 1:colcon.colcon_core.package_identification:_identify(src/incubator_cpp_pkg_bringup) by extensions ['colcon_pkg']
[0.297s] Level 1:colcon.colcon_core.package_identification:_identify(src/incubator_cpp_pkg_bringup) by extension 'colcon_pkg'
[0.297s] Level 1:colcon.colcon_core.package_identification:_identify(src/incubator_cpp_pkg_bringup) by extensions ['colcon_meta']
[0.297s] Level 1:colcon.colcon_core.package_identification:_identify(src/incubator_cpp_pkg_bringup) by extension 'colcon_meta'
[0.297s] Level 1:colcon.colcon_core.package_identification:_identify(src/incubator_cpp_pkg_bringup) by extensions ['ros']
[0.297s] Level 1:colcon.colcon_core.package_identification:_identify(src/incubator_cpp_pkg_bringup) by extension 'ros'
[0.298s] DEBUG:colcon.colcon_core.package_identification:Package 'src/incubator_cpp_pkg_bringup' with type 'ros.ament_cmake' and name 'incubator_cpp_pkg_bringup'
[0.298s] Level 1:colcon.colcon_core.package_identification:_identify(src/incubator_cpp_pkg_interfaces) by extensions ['ignore', 'ignore_ament_install']
[0.298s] Level 1:colcon.colcon_core.package_identification:_identify(src/incubator_cpp_pkg_interfaces) by extension 'ignore'
[0.298s] Level 1:colcon.colcon_core.package_identification:_identify(src/incubator_cpp_pkg_interfaces) by extension 'ignore_ament_install'
[0.298s] Level 1:colcon.colcon_core.package_identification:_identify(src/incubator_cpp_pkg_interfaces) by extensions ['colcon_pkg']
[0.298s] Level 1:colcon.colcon_core.package_identification:_identify(src/incubator_cpp_pkg_interfaces) by extension 'colcon_pkg'
[0.298s] Level 1:colcon.colcon_core.package_identification:_identify(src/incubator_cpp_pkg_interfaces) by extensions ['colcon_meta']
[0.298s] Level 1:colcon.colcon_core.package_identification:_identify(src/incubator_cpp_pkg_interfaces) by extension 'colcon_meta'
[0.298s] Level 1:colcon.colcon_core.package_identification:_identify(src/incubator_cpp_pkg_interfaces) by extensions ['ros']
[0.299s] Level 1:colcon.colcon_core.package_identification:_identify(src/incubator_cpp_pkg_interfaces) by extension 'ros'
[0.299s] DEBUG:colcon.colcon_core.package_identification:Package 'src/incubator_cpp_pkg_interfaces' with type 'ros.ament_cmake' and name 'incubator_cpp_pkg_interfaces'
[0.299s] Level 1:colcon.colcon_core.package_identification:_identify(src/incubator_description) by extensions ['ignore', 'ignore_ament_install']
[0.299s] Level 1:colcon.colcon_core.package_identification:_identify(src/incubator_description) by extension 'ignore'
[0.299s] Level 1:colcon.colcon_core.package_identification:_identify(src/incubator_description) by extension 'ignore_ament_install'
[0.299s] Level 1:colcon.colcon_core.package_identification:_identify(src/incubator_description) by extensions ['colcon_pkg']
[0.299s] Level 1:colcon.colcon_core.package_identification:_identify(src/incubator_description) by extension 'colcon_pkg'
[0.299s] Level 1:colcon.colcon_core.package_identification:_identify(src/incubator_description) by extensions ['colcon_meta']
[0.299s] Level 1:colcon.colcon_core.package_identification:_identify(src/incubator_description) by extension 'colcon_meta'
[0.299s] Level 1:colcon.colcon_core.package_identification:_identify(src/incubator_description) by extensions ['ros']
[0.299s] Level 1:colcon.colcon_core.package_identification:_identify(src/incubator_description) by extension 'ros'
[0.300s] DEBUG:colcon.colcon_core.package_identification:Package 'src/incubator_description' with type 'ros.ament_cmake' and name 'incubator_description'
[0.300s] Level 1:colcon.colcon_core.package_identification:_identify(src/incubator_py_pkg) by extensions ['ignore', 'ignore_ament_install']
[0.300s] Level 1:colcon.colcon_core.package_identification:_identify(src/incubator_py_pkg) by extension 'ignore'
[0.300s] Level 1:colcon.colcon_core.package_identification:_identify(src/incubator_py_pkg) by extension 'ignore_ament_install'
[0.300s] Level 1:colcon.colcon_core.package_identification:_identify(src/incubator_py_pkg) by extensions ['colcon_pkg']
[0.300s] Level 1:colcon.colcon_core.package_identification:_identify(src/incubator_py_pkg) by extension 'colcon_pkg'
[0.300s] Level 1:colcon.colcon_core.package_identification:_identify(src/incubator_py_pkg) by extensions ['colcon_meta']
[0.300s] Level 1:colcon.colcon_core.package_identification:_identify(src/incubator_py_pkg) by extension 'colcon_meta'
[0.300s] Level 1:colcon.colcon_core.package_identification:_identify(src/incubator_py_pkg) by extensions ['ros']
[0.300s] Level 1:colcon.colcon_core.package_identification:_identify(src/incubator_py_pkg) by extension 'ros'
[0.301s] DEBUG:colcon.colcon_core.package_identification:Package 'src/incubator_py_pkg' with type 'ros.ament_python' and name 'incubator_py_pkg'
[0.301s] Level 1:colcon.colcon_core.package_identification:_identify(venv) by extensions ['ignore', 'ignore_ament_install']
[0.301s] Level 1:colcon.colcon_core.package_identification:_identify(venv) by extension 'ignore'
[0.302s] Level 1:colcon.colcon_core.package_identification:_identify(venv) ignored
[0.302s] Level 1:colcon.colcon_core.package_discovery:discover_packages(recursive) using defaults
[0.302s] Level 1:colcon.colcon_core.package_discovery:discover_packages(ignore) discover
[0.302s] Level 1:colcon.colcon_core.package_discovery:discover_packages(ignore) using defaults
[0.302s] Level 1:colcon.colcon_core.package_discovery:discover_packages(path) discover
[0.302s] Level 1:colcon.colcon_core.package_discovery:discover_packages(path) using defaults
[0.323s] Level 1:colcon.colcon_core.package_discovery:discover_packages(prefix_path) check parameters
[0.323s] Level 1:colcon.colcon_core.package_discovery:discover_packages(prefix_path) discover
[0.325s] DEBUG:colcon.colcon_installed_package_information.package_discovery:Found 5 installed packages in /home/thompson/incubator_ws/install
[0.326s] DEBUG:colcon.colcon_installed_package_information.package_discovery:Found 275 installed packages in /opt/ros/humble
[0.329s] Level 1:colcon.colcon_core.package_discovery:discover_packages(prefix_path) using defaults
[0.377s] Level 5:colcon.colcon_core.verb:set package 'incubator_cpp_pkg_interfaces' build argument 'cmake_args' from command line to 'None'
[0.377s] Level 5:colcon.colcon_core.verb:set package 'incubator_cpp_pkg_interfaces' build argument 'cmake_target' from command line to 'None'
[0.378s] Level 5:colcon.colcon_core.verb:set package 'incubator_cpp_pkg_interfaces' build argument 'cmake_target_skip_unavailable' from command line to 'False'
[0.378s] Level 5:colcon.colcon_core.verb:set package 'incubator_cpp_pkg_interfaces' build argument 'cmake_clean_cache' from command line to 'False'
[0.378s] Level 5:colcon.colcon_core.verb:set package 'incubator_cpp_pkg_interfaces' build argument 'cmake_clean_first' from command line to 'False'
[0.378s] Level 5:colcon.colcon_core.verb:set package 'incubator_cpp_pkg_interfaces' build argument 'cmake_force_configure' from command line to 'False'
[0.378s] Level 5:colcon.colcon_core.verb:set package 'incubator_cpp_pkg_interfaces' build argument 'ament_cmake_args' from command line to 'None'
[0.378s] Level 5:colcon.colcon_core.verb:set package 'incubator_cpp_pkg_interfaces' build argument 'catkin_cmake_args' from command line to 'None'
[0.378s] Level 5:colcon.colcon_core.verb:set package 'incubator_cpp_pkg_interfaces' build argument 'catkin_skip_building_tests' from command line to 'False'
[0.378s] DEBUG:colcon.colcon_core.verb:Building package 'incubator_cpp_pkg_interfaces' with the following arguments: {'ament_cmake_args': None, 'build_base': '/home/thompson/incubator_ws/build/incubator_cpp_pkg_interfaces', 'catkin_cmake_args': None, 'catkin_skip_building_tests': False, 'cmake_args': None, 'cmake_clean_cache': False, 'cmake_clean_first': False, 'cmake_force_configure': False, 'cmake_target': None, 'cmake_target_skip_unavailable': False, 'install_base': '/home/thompson/incubator_ws/install/incubator_cpp_pkg_interfaces', 'merge_install': False, 'path': '/home/thompson/incubator_ws/src/incubator_cpp_pkg_interfaces', 'symlink_install': False, 'test_result_base': None}
[0.378s] Level 5:colcon.colcon_core.verb:set package 'incubator_description' build argument 'cmake_args' from command line to 'None'
[0.378s] Level 5:colcon.colcon_core.verb:set package 'incubator_description' build argument 'cmake_target' from command line to 'None'
[0.378s] Level 5:colcon.colcon_core.verb:set package 'incubator_description' build argument 'cmake_target_skip_unavailable' from command line to 'False'
[0.378s] Level 5:colcon.colcon_core.verb:set package 'incubator_description' build argument 'cmake_clean_cache' from command line to 'False'
[0.378s] Level 5:colcon.colcon_core.verb:set package 'incubator_description' build argument 'cmake_clean_first' from command line to 'False'
[0.378s] Level 5:colcon.colcon_core.verb:set package 'incubator_description' build argument 'cmake_force_configure' from command line to 'False'
[0.378s] Level 5:colcon.colcon_core.verb:set package 'incubator_description' build argument 'ament_cmake_args' from command line to 'None'
[0.378s] Level 5:colcon.colcon_core.verb:set package 'incubator_description' build argument 'catkin_cmake_args' from command line to 'None'
[0.378s] Level 5:colcon.colcon_core.verb:set package 'incubator_description' build argument 'catkin_skip_building_tests' from command line to 'False'
[0.378s] DEBUG:colcon.colcon_core.verb:Building package 'incubator_description' with the following arguments: {'ament_cmake_args': None, 'build_base': '/home/thompson/incubator_ws/build/incubator_description', 'catkin_cmake_args': None, 'catkin_skip_building_tests': False, 'cmake_args': None, 'cmake_clean_cache': False, 'cmake_clean_first': False, 'cmake_force_configure': False, 'cmake_target': None, 'cmake_target_skip_unavailable': False, 'install_base': '/home/thompson/incubator_ws/install/incubator_description', 'merge_install': False, 'path': '/home/thompson/incubator_ws/src/incubator_description', 'symlink_install': False, 'test_result_base': None}
[0.379s] Level 5:colcon.colcon_core.verb:set package 'incubator_cpp_pkg' build argument 'cmake_args' from command line to 'None'
[0.379s] Level 5:colcon.colcon_core.verb:set package 'incubator_cpp_pkg' build argument 'cmake_target' from command line to 'None'
[0.379s] Level 5:colcon.colcon_core.verb:set package 'incubator_cpp_pkg' build argument 'cmake_target_skip_unavailable' from command line to 'False'
[0.379s] Level 5:colcon.colcon_core.verb:set package 'incubator_cpp_pkg' build argument 'cmake_clean_cache' from command line to 'False'
[0.379s] Level 5:colcon.colcon_core.verb:set package 'incubator_cpp_pkg' build argument 'cmake_clean_first' from command line to 'False'
[0.379s] Level 5:colcon.colcon_core.verb:set package 'incubator_cpp_pkg' build argument 'cmake_force_configure' from command line to 'False'
[0.379s] Level 5:colcon.colcon_core.verb:set package 'incubator_cpp_pkg' build argument 'ament_cmake_args' from command line to 'None'
[0.379s] Level 5:colcon.colcon_core.verb:set package 'incubator_cpp_pkg' build argument 'catkin_cmake_args' from command line to 'None'
[0.379s] Level 5:colcon.colcon_core.verb:set package 'incubator_cpp_pkg' build argument 'catkin_skip_building_tests' from command line to 'False'
[0.379s] DEBUG:colcon.colcon_core.verb:Building package 'incubator_cpp_pkg' with the following arguments: {'ament_cmake_args': None, 'build_base': '/home/thompson/incubator_ws/build/incubator_cpp_pkg', 'catkin_cmake_args': None, 'catkin_skip_building_tests': False, 'cmake_args': None, 'cmake_clean_cache': False, 'cmake_clean_first': False, 'cmake_force_configure': False, 'cmake_target': None, 'cmake_target_skip_unavailable': False, 'install_base': '/home/thompson/incubator_ws/install/incubator_cpp_pkg', 'merge_install': False, 'path': '/home/thompson/incubator_ws/src/incubator_cpp_pkg', 'symlink_install': False, 'test_result_base': None}
[0.379s] Level 5:colcon.colcon_core.verb:set package 'incubator_py_pkg' build argument 'cmake_args' from command line to 'None'
[0.379s] Level 5:colcon.colcon_core.verb:set package 'incubator_py_pkg' build argument 'cmake_target' from command line to 'None'
[0.379s] Level 5:colcon.colcon_core.verb:set package 'incubator_py_pkg' build argument 'cmake_target_skip_unavailable' from command line to 'False'
[0.379s] Level 5:colcon.colcon_core.verb:set package 'incubator_py_pkg' build argument 'cmake_clean_cache' from command line to 'False'
[0.379s] Level 5:colcon.colcon_core.verb:set package 'incubator_py_pkg' build argument 'cmake_clean_first' from command line to 'False'
[0.379s] Level 5:colcon.colcon_core.verb:set package 'incubator_py_pkg' build argument 'cmake_force_configure' from command line to 'False'
[0.379s] Level 5:colcon.colcon_core.verb:set package 'incubator_py_pkg' build argument 'ament_cmake_args' from command line to 'None'
[0.379s] Level 5:colcon.colcon_core.verb:set package 'incubator_py_pkg' build argument 'catkin_cmake_args' from command line to 'None'
[0.379s] Level 5:colcon.colcon_core.verb:set package 'incubator_py_pkg' build argument 'catkin_skip_building_tests' from command line to 'False'
[0.380s] DEBUG:colcon.colcon_core.verb:Building package 'incubator_py_pkg' with the following arguments: {'ament_cmake_args': None, 'build_base': '/home/thompson/incubator_ws/build/incubator_py_pkg', 'catkin_cmake_args': None, 'catkin_skip_building_tests': False, 'cmake_args': None, 'cmake_clean_cache': False, 'cmake_clean_first': False, 'cmake_force_configure': False, 'cmake_target': None, 'cmake_target_skip_unavailable': False, 'install_base': '/home/thompson/incubator_ws/install/incubator_py_pkg', 'merge_install': False, 'path': '/home/thompson/incubator_ws/src/incubator_py_pkg', 'symlink_install': False, 'test_result_base': None}
[0.380s] Level 5:colcon.colcon_core.verb:set package 'incubator_cpp_pkg_bringup' build argument 'cmake_args' from command line to 'None'
[0.380s] Level 5:colcon.colcon_core.verb:set package 'incubator_cpp_pkg_bringup' build argument 'cmake_target' from command line to 'None'
[0.380s] Level 5:colcon.colcon_core.verb:set package 'incubator_cpp_pkg_bringup' build argument 'cmake_target_skip_unavailable' from command line to 'False'
[0.380s] Level 5:colcon.colcon_core.verb:set package 'incubator_cpp_pkg_bringup' build argument 'cmake_clean_cache' from command line to 'False'
[0.380s] Level 5:colcon.colcon_core.verb:set package 'incubator_cpp_pkg_bringup' build argument 'cmake_clean_first' from command line to 'False'
[0.380s] Level 5:colcon.colcon_core.verb:set package 'incubator_cpp_pkg_bringup' build argument 'cmake_force_configure' from command line to 'False'
[0.380s] Level 5:colcon.colcon_core.verb:set package 'incubator_cpp_pkg_bringup' build argument 'ament_cmake_args' from command line to 'None'
[0.380s] Level 5:colcon.colcon_core.verb:set package 'incubator_cpp_pkg_bringup' build argument 'catkin_cmake_args' from command line to 'None'
[0.380s] Level 5:colcon.colcon_core.verb:set package 'incubator_cpp_pkg_bringup' build argument 'catkin_skip_building_tests' from command line to 'False'
[0.380s] DEBUG:colcon.colcon_core.verb:Building package 'incubator_cpp_pkg_bringup' with the following arguments: {'ament_cmake_args': None, 'build_base': '/home/thompson/incubator_ws/build/incubator_cpp_pkg_bringup', 'catkin_cmake_args': None, 'catkin_skip_building_tests': False, 'cmake_args': None, 'cmake_clean_cache': False, 'cmake_clean_first': False, 'cmake_force_configure': False, 'cmake_target': None, 'cmake_target_skip_unavailable': False, 'install_base': '/home/thompson/incubator_ws/install/incubator_cpp_pkg_bringup', 'merge_install': False, 'path': '/home/thompson/incubator_ws/src/incubator_cpp_pkg_bringup', 'symlink_install': False, 'test_result_base': None}
[0.380s] INFO:colcon.colcon_core.executor:Executing jobs using 'parallel' executor
[0.382s] DEBUG:colcon.colcon_parallel_executor.executor.parallel:run_until_complete
[0.382s] INFO:colcon.colcon_ros.task.ament_cmake.build:Building ROS package in '/home/thompson/incubator_ws/src/incubator_cpp_pkg_interfaces' with build type 'ament_cmake'
[0.382s] INFO:colcon.colcon_cmake.task.cmake.build:Building CMake package in '/home/thompson/incubator_ws/src/incubator_cpp_pkg_interfaces'
[0.385s] INFO:colcon.colcon_core.plugin_system:Skipping extension 'colcon_core.shell.bat': Not used on non-Windows systems
[0.385s] INFO:colcon.colcon_core.shell:Skip shell extension 'powershell' for command environment: Not usable outside of PowerShell
[0.385s] DEBUG:colcon.colcon_core.shell:Skip shell extension 'dsv' for command environment
[0.388s] INFO:colcon.colcon_ros.task.ament_cmake.build:Building ROS package in '/home/thompson/incubator_ws/src/incubator_description' with build type 'ament_cmake'
[0.388s] INFO:colcon.colcon_cmake.task.cmake.build:Building CMake package in '/home/thompson/incubator_ws/src/incubator_description'
[0.389s] INFO:colcon.colcon_core.shell:Skip shell extension 'powershell' for command environment: Not usable outside of PowerShell
[0.389s] DEBUG:colcon.colcon_core.shell:Skip shell extension 'dsv' for command environment
[0.400s] DEBUG:colcon.colcon_core.event_handler.log_command:Invoking command in '/home/thompson/incubator_ws/build/incubator_cpp_pkg_interfaces': CMAKE_PREFIX_PATH=${CMAKE_PREFIX_PATH}:/home/thompson/incubator_ws/install/incubator_py_pkg:/opt/ros/humble /usr/bin/cmake --build /home/thompson/incubator_ws/build/incubator_cpp_pkg_interfaces -- -j7 -l7
[0.410s] DEBUG:colcon.colcon_core.event_handler.log_command:Invoking command in '/home/thompson/incubator_ws/build/incubator_description': CMAKE_PREFIX_PATH=${CMAKE_PREFIX_PATH}:/home/thompson/incubator_ws/install/incubator_py_pkg:/opt/ros/humble /usr/bin/cmake --build /home/thompson/incubator_ws/build/incubator_description -- -j7 -l7
[0.459s] DEBUG:colcon.colcon_core.event_handler.log_command:Invoked command in '/home/thompson/incubator_ws/build/incubator_description' returned '0': CMAKE_PREFIX_PATH=${CMAKE_PREFIX_PATH}:/home/thompson/incubator_ws/install/incubator_py_pkg:/opt/ros/humble /usr/bin/cmake --build /home/thompson/incubator_ws/build/incubator_description -- -j7 -l7
[0.516s] DEBUG:colcon.colcon_core.event_handler.log_command:Invoking command in '/home/thompson/incubator_ws/build/incubator_description': CMAKE_PREFIX_PATH=${CMAKE_PREFIX_PATH}:/home/thompson/incubator_ws/install/incubator_py_pkg:/opt/ros/humble /usr/bin/cmake --install /home/thompson/incubator_ws/build/incubator_description
[0.527s] Level 1:colcon.colcon_core.environment:create_environment_scripts_only(incubator_description)
[0.528s] DEBUG:colcon.colcon_core.event_handler.log_command:Invoked command in '/home/thompson/incubator_ws/build/incubator_description' returned '0': CMAKE_PREFIX_PATH=${CMAKE_PREFIX_PATH}:/home/thompson/incubator_ws/install/incubator_py_pkg:/opt/ros/humble /usr/bin/cmake --install /home/thompson/incubator_ws/build/incubator_description
[0.530s] Level 1:colcon.colcon_core.environment:checking '/home/thompson/incubator_ws/install/incubator_description' for CMake module files
[0.530s] Level 1:colcon.colcon_core.environment:checking '/home/thompson/incubator_ws/install/incubator_description' for CMake config files
[0.531s] Level 1:colcon.colcon_core.shell:create_environment_hook('incubator_description', 'cmake_prefix_path')
[0.531s] INFO:colcon.colcon_core.shell:Creating environment hook '/home/thompson/incubator_ws/install/incubator_description/share/incubator_description/hook/cmake_prefix_path.ps1'
[0.531s] INFO:colcon.colcon_core.shell:Creating environment descriptor '/home/thompson/incubator_ws/install/incubator_description/share/incubator_description/hook/cmake_prefix_path.dsv'
[0.532s] INFO:colcon.colcon_core.shell:Creating environment hook '/home/thompson/incubator_ws/install/incubator_description/share/incubator_description/hook/cmake_prefix_path.sh'
[0.533s] Level 1:colcon.colcon_core.environment:checking '/home/thompson/incubator_ws/install/incubator_description/bin'
[0.533s] Level 1:colcon.colcon_core.environment:checking '/home/thompson/incubator_ws/install/incubator_description/lib/pkgconfig/incubator_description.pc'
[0.533s] Level 1:colcon.colcon_core.environment:checking '/home/thompson/incubator_ws/install/incubator_description/lib/python3.10/site-packages'
[0.533s] Level 1:colcon.colcon_core.environment:checking '/home/thompson/incubator_ws/install/incubator_description/bin'
[0.534s] INFO:colcon.colcon_core.shell:Creating package script '/home/thompson/incubator_ws/install/incubator_description/share/incubator_description/package.ps1'
[0.535s] INFO:colcon.colcon_core.shell:Creating package descriptor '/home/thompson/incubator_ws/install/incubator_description/share/incubator_description/package.dsv'
[0.535s] INFO:colcon.colcon_core.shell:Creating package script '/home/thompson/incubator_ws/install/incubator_description/share/incubator_description/package.sh'
[0.536s] INFO:colcon.colcon_core.shell:Creating package script '/home/thompson/incubator_ws/install/incubator_description/share/incubator_description/package.bash'
[0.537s] INFO:colcon.colcon_core.shell:Creating package script '/home/thompson/incubator_ws/install/incubator_description/share/incubator_description/package.zsh'
[0.538s] Level 1:colcon.colcon_core.environment:create_file_with_runtime_dependencies(/home/thompson/incubator_ws/install/incubator_description/share/colcon-core/packages/incubator_description)
[0.568s] Level 1:colcon.colcon_core.environment:create_environment_scripts_only(incubator_description)
[0.568s] Level 1:colcon.colcon_core.environment:checking '/home/thompson/incubator_ws/install/incubator_description' for CMake module files
[0.568s] Level 1:colcon.colcon_core.environment:checking '/home/thompson/incubator_ws/install/incubator_description' for CMake config files
[0.569s] Level 1:colcon.colcon_core.shell:create_environment_hook('incubator_description', 'cmake_prefix_path')
[0.569s] INFO:colcon.colcon_core.shell:Creating environment hook '/home/thompson/incubator_ws/install/incubator_description/share/incubator_description/hook/cmake_prefix_path.ps1'
[0.569s] INFO:colcon.colcon_core.shell:Creating environment descriptor '/home/thompson/incubator_ws/install/incubator_description/share/incubator_description/hook/cmake_prefix_path.dsv'
[0.570s] INFO:colcon.colcon_core.shell:Creating environment hook '/home/thompson/incubator_ws/install/incubator_description/share/incubator_description/hook/cmake_prefix_path.sh'
[0.571s] Level 1:colcon.colcon_core.environment:checking '/home/thompson/incubator_ws/install/incubator_description/bin'
[0.571s] Level 1:colcon.colcon_core.environment:checking '/home/thompson/incubator_ws/install/incubator_description/lib/pkgconfig/incubator_description.pc'
[0.571s] Level 1:colcon.colcon_core.environment:checking '/home/thompson/incubator_ws/install/incubator_description/lib/python3.10/site-packages'
[0.571s] Level 1:colcon.colcon_core.environment:checking '/home/thompson/incubator_ws/install/incubator_description/bin'
[0.572s] INFO:colcon.colcon_core.shell:Creating package script '/home/thompson/incubator_ws/install/incubator_description/share/incubator_description/package.ps1'
[0.572s] INFO:colcon.colcon_core.shell:Creating package descriptor '/home/thompson/incubator_ws/install/incubator_description/share/incubator_description/package.dsv'
[0.573s] INFO:colcon.colcon_core.shell:Creating package script '/home/thompson/incubator_ws/install/incubator_description/share/incubator_description/package.sh'
[0.573s] INFO:colcon.colcon_core.shell:Creating package script '/home/thompson/incubator_ws/install/incubator_description/share/incubator_description/package.bash'
[0.574s] INFO:colcon.colcon_core.shell:Creating package script '/home/thompson/incubator_ws/install/incubator_description/share/incubator_description/package.zsh'
[0.574s] Level 1:colcon.colcon_core.environment:create_file_with_runtime_dependencies(/home/thompson/incubator_ws/install/incubator_description/share/colcon-core/packages/incubator_description)
[0.815s] DEBUG:colcon.colcon_core.event_handler.log_command:Invoked command in '/home/thompson/incubator_ws/build/incubator_cpp_pkg_interfaces' returned '0': CMAKE_PREFIX_PATH=${CMAKE_PREFIX_PATH}:/home/thompson/incubator_ws/install/incubator_py_pkg:/opt/ros/humble /usr/bin/cmake --build /home/thompson/incubator_ws/build/incubator_cpp_pkg_interfaces -- -j7 -l7
[1.198s] DEBUG:colcon.colcon_core.event_handler.log_command:Invoking command in '/home/thompson/incubator_ws/build/incubator_cpp_pkg_interfaces': CMAKE_PREFIX_PATH=${CMAKE_PREFIX_PATH}:/home/thompson/incubator_ws/install/incubator_py_pkg:/opt/ros/humble /usr/bin/cmake --install /home/thompson/incubator_ws/build/incubator_cpp_pkg_interfaces
[1.273s] Level 1:colcon.colcon_core.environment:create_environment_scripts_only(incubator_cpp_pkg_interfaces)
[1.274s] Level 1:colcon.colcon_core.environment:checking '/home/thompson/incubator_ws/install/incubator_cpp_pkg_interfaces' for CMake module files
[1.275s] DEBUG:colcon.colcon_core.event_handler.log_command:Invoked command in '/home/thompson/incubator_ws/build/incubator_cpp_pkg_interfaces' returned '0': CMAKE_PREFIX_PATH=${CMAKE_PREFIX_PATH}:/home/thompson/incubator_ws/install/incubator_py_pkg:/opt/ros/humble /usr/bin/cmake --install /home/thompson/incubator_ws/build/incubator_cpp_pkg_interfaces
[1.275s] Level 1:colcon.colcon_core.environment:checking '/home/thompson/incubator_ws/install/incubator_cpp_pkg_interfaces' for CMake config files
[1.276s] Level 1:colcon.colcon_core.shell:create_environment_hook('incubator_cpp_pkg_interfaces', 'cmake_prefix_path')
[1.276s] INFO:colcon.colcon_core.shell:Creating environment hook '/home/thompson/incubator_ws/install/incubator_cpp_pkg_interfaces/share/incubator_cpp_pkg_interfaces/hook/cmake_prefix_path.ps1'
[1.277s] INFO:colcon.colcon_core.shell:Creating environment descriptor '/home/thompson/incubator_ws/install/incubator_cpp_pkg_interfaces/share/incubator_cpp_pkg_interfaces/hook/cmake_prefix_path.dsv'
[1.277s] INFO:colcon.colcon_core.shell:Creating environment hook '/home/thompson/incubator_ws/install/incubator_cpp_pkg_interfaces/share/incubator_cpp_pkg_interfaces/hook/cmake_prefix_path.sh'
[1.278s] Level 1:colcon.colcon_core.environment:checking '/home/thompson/incubator_ws/install/incubator_cpp_pkg_interfaces/lib'
[1.278s] Level 1:colcon.colcon_core.shell:create_environment_hook('incubator_cpp_pkg_interfaces', 'ld_library_path_lib')
[1.278s] INFO:colcon.colcon_core.shell:Creating environment hook '/home/thompson/incubator_ws/install/incubator_cpp_pkg_interfaces/share/incubator_cpp_pkg_interfaces/hook/ld_library_path_lib.ps1'
[1.279s] INFO:colcon.colcon_core.shell:Creating environment descriptor '/home/thompson/incubator_ws/install/incubator_cpp_pkg_interfaces/share/incubator_cpp_pkg_interfaces/hook/ld_library_path_lib.dsv'
[1.279s] INFO:colcon.colcon_core.shell:Creating environment hook '/home/thompson/incubator_ws/install/incubator_cpp_pkg_interfaces/share/incubator_cpp_pkg_interfaces/hook/ld_library_path_lib.sh'
[1.280s] Level 1:colcon.colcon_core.environment:checking '/home/thompson/incubator_ws/install/incubator_cpp_pkg_interfaces/bin'
[1.280s] Level 1:colcon.colcon_core.environment:checking '/home/thompson/incubator_ws/install/incubator_cpp_pkg_interfaces/lib/pkgconfig/incubator_cpp_pkg_interfaces.pc'
[1.280s] Level 1:colcon.colcon_core.environment:checking '/home/thompson/incubator_ws/install/incubator_cpp_pkg_interfaces/lib/python3.10/site-packages'
[1.280s] Level 1:colcon.colcon_core.environment:checking '/home/thompson/incubator_ws/install/incubator_cpp_pkg_interfaces/bin'
[1.281s] INFO:colcon.colcon_core.shell:Creating package script '/home/thompson/incubator_ws/install/incubator_cpp_pkg_interfaces/share/incubator_cpp_pkg_interfaces/package.ps1'
[1.281s] INFO:colcon.colcon_core.shell:Creating package descriptor '/home/thompson/incubator_ws/install/incubator_cpp_pkg_interfaces/share/incubator_cpp_pkg_interfaces/package.dsv'
[1.281s] INFO:colcon.colcon_core.shell:Creating package script '/home/thompson/incubator_ws/install/incubator_cpp_pkg_interfaces/share/incubator_cpp_pkg_interfaces/package.sh'
[1.282s] INFO:colcon.colcon_core.shell:Creating package script '/home/thompson/incubator_ws/install/incubator_cpp_pkg_interfaces/share/incubator_cpp_pkg_interfaces/package.bash'
[1.282s] INFO:colcon.colcon_core.shell:Creating package script '/home/thompson/incubator_ws/install/incubator_cpp_pkg_interfaces/share/incubator_cpp_pkg_interfaces/package.zsh'
[1.283s] Level 1:colcon.colcon_core.environment:create_file_with_runtime_dependencies(/home/thompson/incubator_ws/install/incubator_cpp_pkg_interfaces/share/colcon-core/packages/incubator_cpp_pkg_interfaces)
[1.677s] Level 1:colcon.colcon_core.environment:create_environment_scripts_only(incubator_cpp_pkg_interfaces)
[1.678s] Level 1:colcon.colcon_core.environment:checking '/home/thompson/incubator_ws/install/incubator_cpp_pkg_interfaces' for CMake module files
[1.678s] Level 1:colcon.colcon_core.environment:checking '/home/thompson/incubator_ws/install/incubator_cpp_pkg_interfaces' for CMake config files
[1.679s] Level 1:colcon.colcon_core.shell:create_environment_hook('incubator_cpp_pkg_interfaces', 'cmake_prefix_path')
[1.679s] INFO:colcon.colcon_core.shell:Creating environment hook '/home/thompson/incubator_ws/install/incubator_cpp_pkg_interfaces/share/incubator_cpp_pkg_interfaces/hook/cmake_prefix_path.ps1'
[1.680s] INFO:colcon.colcon_core.shell:Creating environment descriptor '/home/thompson/incubator_ws/install/incubator_cpp_pkg_interfaces/share/incubator_cpp_pkg_interfaces/hook/cmake_prefix_path.dsv'
[1.680s] INFO:colcon.colcon_core.shell:Creating environment hook '/home/thompson/incubator_ws/install/incubator_cpp_pkg_interfaces/share/incubator_cpp_pkg_interfaces/hook/cmake_prefix_path.sh'
[1.681s] Level 1:colcon.colcon_core.environment:checking '/home/thompson/incubator_ws/install/incubator_cpp_pkg_interfaces/lib'
[1.681s] Level 1:colcon.colcon_core.shell:create_environment_hook('incubator_cpp_pkg_interfaces', 'ld_library_path_lib')
[1.681s] INFO:colcon.colcon_core.shell:Creating environment hook '/home/thompson/incubator_ws/install/incubator_cpp_pkg_interfaces/share/incubator_cpp_pkg_interfaces/hook/ld_library_path_lib.ps1'
[1.682s] INFO:colcon.colcon_core.shell:Creating environment descriptor '/home/thompson/incubator_ws/install/incubator_cpp_pkg_interfaces/share/incubator_cpp_pkg_interfaces/hook/ld_library_path_lib.dsv'
[1.683s] INFO:colcon.colcon_core.shell:Creating environment hook '/home/thompson/incubator_ws/install/incubator_cpp_pkg_interfaces/share/incubator_cpp_pkg_interfaces/hook/ld_library_path_lib.sh'
[1.683s] Level 1:colcon.colcon_core.environment:checking '/home/thompson/incubator_ws/install/incubator_cpp_pkg_interfaces/bin'
[1.683s] Level 1:colcon.colcon_core.environment:checking '/home/thompson/incubator_ws/install/incubator_cpp_pkg_interfaces/lib/pkgconfig/incubator_cpp_pkg_interfaces.pc'
[1.683s] Level 1:colcon.colcon_core.environment:checking '/home/thompson/incubator_ws/install/incubator_cpp_pkg_interfaces/lib/python3.10/site-packages'
[1.684s] Level 1:colcon.colcon_core.environment:checking '/home/thompson/incubator_ws/install/incubator_cpp_pkg_interfaces/bin'
[1.684s] INFO:colcon.colcon_core.shell:Creating package script '/home/thompson/incubator_ws/install/incubator_cpp_pkg_interfaces/share/incubator_cpp_pkg_interfaces/package.ps1'
[1.685s] INFO:colcon.colcon_core.shell:Creating package descriptor '/home/thompson/incubator_ws/install/incubator_cpp_pkg_interfaces/share/incubator_cpp_pkg_interfaces/package.dsv'
[1.685s] INFO:colcon.colcon_core.shell:Creating package script '/home/thompson/incubator_ws/install/incubator_cpp_pkg_interfaces/share/incubator_cpp_pkg_interfaces/package.sh'
[1.686s] INFO:colcon.colcon_core.shell:Creating package script '/home/thompson/incubator_ws/install/incubator_cpp_pkg_interfaces/share/incubator_cpp_pkg_interfaces/package.bash'
[1.686s] INFO:colcon.colcon_core.shell:Creating package script '/home/thompson/incubator_ws/install/incubator_cpp_pkg_interfaces/share/incubator_cpp_pkg_interfaces/package.zsh'
[1.687s] Level 1:colcon.colcon_core.environment:create_file_with_runtime_dependencies(/home/thompson/incubator_ws/install/incubator_cpp_pkg_interfaces/share/colcon-core/packages/incubator_cpp_pkg_interfaces)
[1.687s] INFO:colcon.colcon_ros.task.ament_cmake.build:Building ROS package in '/home/thompson/incubator_ws/src/incubator_cpp_pkg' with build type 'ament_cmake'
[1.688s] INFO:colcon.colcon_cmake.task.cmake.build:Building CMake package in '/home/thompson/incubator_ws/src/incubator_cpp_pkg'
[1.688s] INFO:colcon.colcon_core.shell:Skip shell extension 'powershell' for command environment: Not usable outside of PowerShell
[1.688s] DEBUG:colcon.colcon_core.shell:Skip shell extension 'dsv' for command environment
[1.693s] INFO:colcon.colcon_ros.task.ament_python.build:Building ROS package in '/home/thompson/incubator_ws/src/incubator_py_pkg' with build type 'ament_python'
[1.694s] Level 1:colcon.colcon_core.shell:create_environment_hook('incubator_py_pkg', 'ament_prefix_path')
[1.694s] INFO:colcon.colcon_core.shell:Creating environment hook '/home/thompson/incubator_ws/install/incubator_py_pkg/share/incubator_py_pkg/hook/ament_prefix_path.ps1'
[1.694s] INFO:colcon.colcon_core.shell:Creating environment descriptor '/home/thompson/incubator_ws/install/incubator_py_pkg/share/incubator_py_pkg/hook/ament_prefix_path.dsv'
[1.695s] INFO:colcon.colcon_core.shell:Creating environment hook '/home/thompson/incubator_ws/install/incubator_py_pkg/share/incubator_py_pkg/hook/ament_prefix_path.sh'
[1.696s] INFO:colcon.colcon_core.shell:Skip shell extension 'powershell' for command environment: Not usable outside of PowerShell
[1.696s] DEBUG:colcon.colcon_core.shell:Skip shell extension 'dsv' for command environment
[1.706s] DEBUG:colcon.colcon_core.event_handler.log_command:Invoking command in '/home/thompson/incubator_ws/build/incubator_cpp_pkg': CMAKE_PREFIX_PATH=/home/thompson/incubator_ws/install/incubator_cpp_pkg_interfaces:/home/thompson/incubator_ws/install/incubator_cpp_pkg_bringup:/home/thompson/incubator_ws/install/incubator_description:/home/thompson/incubator_ws/install/incubator_cpp_pkg:/home/thompson/incubator_ws/install/incubator_py_pkg:/opt/ros/humble /usr/bin/cmake --build /home/thompson/incubator_ws/build/incubator_cpp_pkg -- -j7 -l7
[1.995s] INFO:colcon.colcon_core.task.python.build:Building Python package in '/home/thompson/incubator_ws/src/incubator_py_pkg'
[1.995s] INFO:colcon.colcon_core.shell:Skip shell extension 'powershell' for command environment: Not usable outside of PowerShell
[1.995s] DEBUG:colcon.colcon_core.shell:Skip shell extension 'dsv' for command environment
[2.001s] DEBUG:colcon.colcon_core.event_handler.log_command:Invoked command in '/home/thompson/incubator_ws/build/incubator_cpp_pkg' returned '0': CMAKE_PREFIX_PATH=/home/thompson/incubator_ws/install/incubator_cpp_pkg_interfaces:/home/thompson/incubator_ws/install/incubator_cpp_pkg_bringup:/home/thompson/incubator_ws/install/incubator_description:/home/thompson/incubator_ws/install/incubator_cpp_pkg:/home/thompson/incubator_ws/install/incubator_py_pkg:/opt/ros/humble /usr/bin/cmake --build /home/thompson/incubator_ws/build/incubator_cpp_pkg -- -j7 -l7
[2.083s] DEBUG:colcon.colcon_core.event_handler.log_command:Invoking command in '/home/thompson/incubator_ws/build/incubator_cpp_pkg': CMAKE_PREFIX_PATH=/home/thompson/incubator_ws/install/incubator_cpp_pkg_interfaces:/home/thompson/incubator_ws/install/incubator_cpp_pkg_bringup:/home/thompson/incubator_ws/install/incubator_description:/home/thompson/incubator_ws/install/incubator_cpp_pkg:/home/thompson/incubator_ws/install/incubator_py_pkg:/opt/ros/humble /usr/bin/cmake --install /home/thompson/incubator_ws/build/incubator_cpp_pkg
[2.094s] Level 1:colcon.colcon_core.environment:create_environment_scripts_only(incubator_cpp_pkg)
[2.095s] Level 1:colcon.colcon_core.environment:checking '/home/thompson/incubator_ws/install/incubator_cpp_pkg' for CMake module files
[2.096s] DEBUG:colcon.colcon_core.event_handler.log_command:Invoked command in '/home/thompson/incubator_ws/build/incubator_cpp_pkg' returned '0': CMAKE_PREFIX_PATH=/home/thompson/incubator_ws/install/incubator_cpp_pkg_interfaces:/home/thompson/incubator_ws/install/incubator_cpp_pkg_bringup:/home/thompson/incubator_ws/install/incubator_description:/home/thompson/incubator_ws/install/incubator_cpp_pkg:/home/thompson/incubator_ws/install/incubator_py_pkg:/opt/ros/humble /usr/bin/cmake --install /home/thompson/incubator_ws/build/incubator_cpp_pkg
[2.096s] Level 1:colcon.colcon_core.environment:checking '/home/thompson/incubator_ws/install/incubator_cpp_pkg' for CMake config files
[2.096s] Level 1:colcon.colcon_core.shell:create_environment_hook('incubator_cpp_pkg', 'cmake_prefix_path')
[2.096s] INFO:colcon.colcon_core.shell:Creating environment hook '/home/thompson/incubator_ws/install/incubator_cpp_pkg/share/incubator_cpp_pkg/hook/cmake_prefix_path.ps1'
[2.097s] INFO:colcon.colcon_core.shell:Creating environment descriptor '/home/thompson/incubator_ws/install/incubator_cpp_pkg/share/incubator_cpp_pkg/hook/cmake_prefix_path.dsv'
[2.098s] INFO:colcon.colcon_core.shell:Creating environment hook '/home/thompson/incubator_ws/install/incubator_cpp_pkg/share/incubator_cpp_pkg/hook/cmake_prefix_path.sh'
[2.099s] Level 1:colcon.colcon_core.environment:checking '/home/thompson/incubator_ws/install/incubator_cpp_pkg/lib'
[2.099s] Level 1:colcon.colcon_core.environment:checking '/home/thompson/incubator_ws/install/incubator_cpp_pkg/bin'
[2.099s] Level 1:colcon.colcon_core.environment:checking '/home/thompson/incubator_ws/install/incubator_cpp_pkg/lib/pkgconfig/incubator_cpp_pkg.pc'
[2.099s] Level 1:colcon.colcon_core.environment:checking '/home/thompson/incubator_ws/install/incubator_cpp_pkg/lib/python3.10/site-packages'
[2.099s] Level 1:colcon.colcon_core.environment:checking '/home/thompson/incubator_ws/install/incubator_cpp_pkg/bin'
[2.100s] INFO:colcon.colcon_core.shell:Creating package script '/home/thompson/incubator_ws/install/incubator_cpp_pkg/share/incubator_cpp_pkg/package.ps1'
[2.100s] INFO:colcon.colcon_core.shell:Creating package descriptor '/home/thompson/incubator_ws/install/incubator_cpp_pkg/share/incubator_cpp_pkg/package.dsv'
[2.101s] INFO:colcon.colcon_core.shell:Creating package script '/home/thompson/incubator_ws/install/incubator_cpp_pkg/share/incubator_cpp_pkg/package.sh'
[2.102s] INFO:colcon.colcon_core.shell:Creating package script '/home/thompson/incubator_ws/install/incubator_cpp_pkg/share/incubator_cpp_pkg/package.bash'
[2.103s] INFO:colcon.colcon_core.shell:Creating package script '/home/thompson/incubator_ws/install/incubator_cpp_pkg/share/incubator_cpp_pkg/package.zsh'
[2.103s] Level 1:colcon.colcon_core.environment:create_file_with_runtime_dependencies(/home/thompson/incubator_ws/install/incubator_cpp_pkg/share/colcon-core/packages/incubator_cpp_pkg)
[2.182s] Level 1:colcon.colcon_core.environment:create_environment_scripts_only(incubator_cpp_pkg)
[2.183s] Level 1:colcon.colcon_core.environment:checking '/home/thompson/incubator_ws/install/incubator_cpp_pkg' for CMake module files
[2.183s] Level 1:colcon.colcon_core.environment:checking '/home/thompson/incubator_ws/install/incubator_cpp_pkg' for CMake config files
[2.183s] Level 1:colcon.colcon_core.shell:create_environment_hook('incubator_cpp_pkg', 'cmake_prefix_path')
[2.184s] INFO:colcon.colcon_core.shell:Creating environment hook '/home/thompson/incubator_ws/install/incubator_cpp_pkg/share/incubator_cpp_pkg/hook/cmake_prefix_path.ps1'
[2.184s] INFO:colcon.colcon_core.shell:Creating environment descriptor '/home/thompson/incubator_ws/install/incubator_cpp_pkg/share/incubator_cpp_pkg/hook/cmake_prefix_path.dsv'
[2.185s] INFO:colcon.colcon_core.shell:Creating environment hook '/home/thompson/incubator_ws/install/incubator_cpp_pkg/share/incubator_cpp_pkg/hook/cmake_prefix_path.sh'
[2.185s] Level 1:colcon.colcon_core.environment:checking '/home/thompson/incubator_ws/install/incubator_cpp_pkg/lib'
[2.185s] Level 1:colcon.colcon_core.environment:checking '/home/thompson/incubator_ws/install/incubator_cpp_pkg/bin'
[2.185s] Level 1:colcon.colcon_core.environment:checking '/home/thompson/incubator_ws/install/incubator_cpp_pkg/lib/pkgconfig/incubator_cpp_pkg.pc'
[2.186s] Level 1:colcon.colcon_core.environment:checking '/home/thompson/incubator_ws/install/incubator_cpp_pkg/lib/python3.10/site-packages'
[2.186s] Level 1:colcon.colcon_core.environment:checking '/home/thompson/incubator_ws/install/incubator_cpp_pkg/bin'
[2.186s] INFO:colcon.colcon_core.shell:Creating package script '/home/thompson/incubator_ws/install/incubator_cpp_pkg/share/incubator_cpp_pkg/package.ps1'
[2.187s] INFO:colcon.colcon_core.shell:Creating package descriptor '/home/thompson/incubator_ws/install/incubator_cpp_pkg/share/incubator_cpp_pkg/package.dsv'
[2.187s] INFO:colcon.colcon_core.shell:Creating package script '/home/thompson/incubator_ws/install/incubator_cpp_pkg/share/incubator_cpp_pkg/package.sh'
[2.188s] INFO:colcon.colcon_core.shell:Creating package script '/home/thompson/incubator_ws/install/incubator_cpp_pkg/share/incubator_cpp_pkg/package.bash'
[2.189s] INFO:colcon.colcon_core.shell:Creating package script '/home/thompson/incubator_ws/install/incubator_cpp_pkg/share/incubator_cpp_pkg/package.zsh'
[2.190s] Level 1:colcon.colcon_core.environment:create_file_with_runtime_dependencies(/home/thompson/incubator_ws/install/incubator_cpp_pkg/share/colcon-core/packages/incubator_cpp_pkg)
[2.342s] DEBUG:colcon.colcon_core.event_handler.log_command:Invoking command in '/home/thompson/incubator_ws/src/incubator_py_pkg': CMAKE_PREFIX_PATH=/home/thompson/incubator_ws/install/incubator_cpp_pkg_interfaces:/home/thompson/incubator_ws/install/incubator_cpp_pkg_bringup:/home/thompson/incubator_ws/install/incubator_description:/home/thompson/incubator_ws/install/incubator_cpp_pkg PYTHONPATH=/home/thompson/incubator_ws/build/incubator_py_pkg/prefix_override:/usr/lib/python3/dist-packages/colcon_core/task/python/colcon_distutils_commands:/home/thompson/incubator_ws/install/incubator_py_pkg/lib/python3.10/site-packages:${PYTHONPATH} /usr/bin/python3 -W ignore:setup.py install is deprecated setup.py egg_info --egg-base ../../build/incubator_py_pkg build --build-base /home/thompson/incubator_ws/build/incubator_py_pkg/build install --record /home/thompson/incubator_ws/build/incubator_py_pkg/install.log --single-version-externally-managed install_data
[2.640s] Level 1:colcon.colcon_core.environment:checking '/home/thompson/incubator_ws/install/incubator_py_pkg' for CMake module files
[2.641s] DEBUG:colcon.colcon_core.event_handler.log_command:Invoked command in '/home/thompson/incubator_ws/src/incubator_py_pkg' returned '0': CMAKE_PREFIX_PATH=/home/thompson/incubator_ws/install/incubator_cpp_pkg_interfaces:/home/thompson/incubator_ws/install/incubator_cpp_pkg_bringup:/home/thompson/incubator_ws/install/incubator_description:/home/thompson/incubator_ws/install/incubator_cpp_pkg PYTHONPATH=/home/thompson/incubator_ws/build/incubator_py_pkg/prefix_override:/usr/lib/python3/dist-packages/colcon_core/task/python/colcon_distutils_commands:/home/thompson/incubator_ws/install/incubator_py_pkg/lib/python3.10/site-packages:${PYTHONPATH} /usr/bin/python3 -W ignore:setup.py install is deprecated setup.py egg_info --egg-base ../../build/incubator_py_pkg build --build-base /home/thompson/incubator_ws/build/incubator_py_pkg/build install --record /home/thompson/incubator_ws/build/incubator_py_pkg/install.log --single-version-externally-managed install_data
[2.642s] Level 1:colcon.colcon_core.environment:checking '/home/thompson/incubator_ws/install/incubator_py_pkg' for CMake config files
[2.642s] Level 1:colcon.colcon_core.environment:checking '/home/thompson/incubator_ws/install/incubator_py_pkg/lib'
[2.643s] Level 1:colcon.colcon_core.environment:checking '/home/thompson/incubator_ws/install/incubator_py_pkg/bin'
[2.643s] Level 1:colcon.colcon_core.environment:checking '/home/thompson/incubator_ws/install/incubator_py_pkg/lib/pkgconfig/incubator_py_pkg.pc'
[2.643s] Level 1:colcon.colcon_core.environment:checking '/home/thompson/incubator_ws/install/incubator_py_pkg/lib/python3.10/site-packages'
[2.643s] Level 1:colcon.colcon_core.shell:create_environment_hook('incubator_py_pkg', 'pythonpath')
[2.643s] INFO:colcon.colcon_core.shell:Creating environment hook '/home/thompson/incubator_ws/install/incubator_py_pkg/share/incubator_py_pkg/hook/pythonpath.ps1'
[2.644s] INFO:colcon.colcon_core.shell:Creating environment descriptor '/home/thompson/incubator_ws/install/incubator_py_pkg/share/incubator_py_pkg/hook/pythonpath.dsv'
[2.645s] INFO:colcon.colcon_core.shell:Creating environment hook '/home/thompson/incubator_ws/install/incubator_py_pkg/share/incubator_py_pkg/hook/pythonpath.sh'
[2.646s] Level 1:colcon.colcon_core.environment:checking '/home/thompson/incubator_ws/install/incubator_py_pkg/bin'
[2.646s] Level 1:colcon.colcon_core.environment:create_environment_scripts_only(incubator_py_pkg)
[2.646s] INFO:colcon.colcon_core.shell:Creating package script '/home/thompson/incubator_ws/install/incubator_py_pkg/share/incubator_py_pkg/package.ps1'
[2.647s] INFO:colcon.colcon_core.shell:Creating package descriptor '/home/thompson/incubator_ws/install/incubator_py_pkg/share/incubator_py_pkg/package.dsv'
[2.648s] INFO:colcon.colcon_core.shell:Creating package script '/home/thompson/incubator_ws/install/incubator_py_pkg/share/incubator_py_pkg/package.sh'
[2.648s] INFO:colcon.colcon_core.shell:Creating package script '/home/thompson/incubator_ws/install/incubator_py_pkg/share/incubator_py_pkg/package.bash'
[2.649s] INFO:colcon.colcon_core.shell:Creating package script '/home/thompson/incubator_ws/install/incubator_py_pkg/share/incubator_py_pkg/package.zsh'
[2.650s] Level 1:colcon.colcon_core.environment:create_file_with_runtime_dependencies(/home/thompson/incubator_ws/install/incubator_py_pkg/share/colcon-core/packages/incubator_py_pkg)
[2.651s] INFO:colcon.colcon_ros.task.ament_cmake.build:Building ROS package in '/home/thompson/incubator_ws/src/incubator_cpp_pkg_bringup' with build type 'ament_cmake'
[2.651s] INFO:colcon.colcon_cmake.task.cmake.build:Building CMake package in '/home/thompson/incubator_ws/src/incubator_cpp_pkg_bringup'
[2.652s] INFO:colcon.colcon_core.shell:Skip shell extension 'powershell' for command environment: Not usable outside of PowerShell
[2.652s] DEBUG:colcon.colcon_core.shell:Skip shell extension 'dsv' for command environment
[2.672s] DEBUG:colcon.colcon_core.event_handler.log_command:Invoking command in '/home/thompson/incubator_ws/build/incubator_cpp_pkg_bringup': CMAKE_PREFIX_PATH=/home/thompson/incubator_ws/install/incubator_cpp_pkg:/home/thompson/incubator_ws/install/incubator_description:/home/thompson/incubator_ws/install/incubator_cpp_pkg_interfaces:/home/thompson/incubator_ws/install/incubator_cpp_pkg_bringup:/home/thompson/incubator_ws/install/incubator_py_pkg:/opt/ros/humble /usr/bin/cmake --build /home/thompson/incubator_ws/build/incubator_cpp_pkg_bringup -- -j7 -l7
[2.724s] DEBUG:colcon.colcon_core.event_handler.log_command:Invoked command in '/home/thompson/incubator_ws/build/incubator_cpp_pkg_bringup' returned '0': CMAKE_PREFIX_PATH=/home/thompson/incubator_ws/install/incubator_cpp_pkg:/home/thompson/incubator_ws/install/incubator_description:/home/thompson/incubator_ws/install/incubator_cpp_pkg_interfaces:/home/thompson/incubator_ws/install/incubator_cpp_pkg_bringup:/home/thompson/incubator_ws/install/incubator_py_pkg:/opt/ros/humble /usr/bin/cmake --build /home/thompson/incubator_ws/build/incubator_cpp_pkg_bringup -- -j7 -l7
[2.755s] DEBUG:colcon.colcon_core.event_handler.log_command:Invoking command in '/home/thompson/incubator_ws/build/incubator_cpp_pkg_bringup': CMAKE_PREFIX_PATH=/home/thompson/incubator_ws/install/incubator_cpp_pkg:/home/thompson/incubator_ws/install/incubator_description:/home/thompson/incubator_ws/install/incubator_cpp_pkg_interfaces:/home/thompson/incubator_ws/install/incubator_cpp_pkg_bringup:/home/thompson/incubator_ws/install/incubator_py_pkg:/opt/ros/humble /usr/bin/cmake --install /home/thompson/incubator_ws/build/incubator_cpp_pkg_bringup
[2.766s] Level 1:colcon.colcon_core.environment:create_environment_scripts_only(incubator_cpp_pkg_bringup)
[2.766s] Level 1:colcon.colcon_core.environment:checking '/home/thompson/incubator_ws/install/incubator_cpp_pkg_bringup' for CMake module files
[2.767s] DEBUG:colcon.colcon_core.event_handler.log_command:Invoked command in '/home/thompson/incubator_ws/build/incubator_cpp_pkg_bringup' returned '0': CMAKE_PREFIX_PATH=/home/thompson/incubator_ws/install/incubator_cpp_pkg:/home/thompson/incubator_ws/install/incubator_description:/home/thompson/incubator_ws/install/incubator_cpp_pkg_interfaces:/home/thompson/incubator_ws/install/incubator_cpp_pkg_bringup:/home/thompson/incubator_ws/install/incubator_py_pkg:/opt/ros/humble /usr/bin/cmake --install /home/thompson/incubator_ws/build/incubator_cpp_pkg_bringup
[2.768s] Level 1:colcon.colcon_core.environment:checking '/home/thompson/incubator_ws/install/incubator_cpp_pkg_bringup' for CMake config files
[2.768s] Level 1:colcon.colcon_core.shell:create_environment_hook('incubator_cpp_pkg_bringup', 'cmake_prefix_path')
[2.768s] INFO:colcon.colcon_core.shell:Creating environment hook '/home/thompson/incubator_ws/install/incubator_cpp_pkg_bringup/share/incubator_cpp_pkg_bringup/hook/cmake_prefix_path.ps1'
[2.769s] INFO:colcon.colcon_core.shell:Creating environment descriptor '/home/thompson/incubator_ws/install/incubator_cpp_pkg_bringup/share/incubator_cpp_pkg_bringup/hook/cmake_prefix_path.dsv'
[2.769s] INFO:colcon.colcon_core.shell:Creating environment hook '/home/thompson/incubator_ws/install/incubator_cpp_pkg_bringup/share/incubator_cpp_pkg_bringup/hook/cmake_prefix_path.sh'
[2.770s] Level 1:colcon.colcon_core.environment:checking '/home/thompson/incubator_ws/install/incubator_cpp_pkg_bringup/bin'
[2.770s] Level 1:colcon.colcon_core.environment:checking '/home/thompson/incubator_ws/install/incubator_cpp_pkg_bringup/lib/pkgconfig/incubator_cpp_pkg_bringup.pc'
[2.770s] Level 1:colcon.colcon_core.environment:checking '/home/thompson/incubator_ws/install/incubator_cpp_pkg_bringup/lib/python3.10/site-packages'
[2.770s] Level 1:colcon.colcon_core.environment:checking '/home/thompson/incubator_ws/install/incubator_cpp_pkg_bringup/bin'
[2.770s] INFO:colcon.colcon_core.shell:Creating package script '/home/thompson/incubator_ws/install/incubator_cpp_pkg_bringup/share/incubator_cpp_pkg_bringup/package.ps1'
[2.771s] INFO:colcon.colcon_core.shell:Creating package descriptor '/home/thompson/incubator_ws/install/incubator_cpp_pkg_bringup/share/incubator_cpp_pkg_bringup/package.dsv'
[2.771s] INFO:colcon.colcon_core.shell:Creating package script '/home/thompson/incubator_ws/install/incubator_cpp_pkg_bringup/share/incubator_cpp_pkg_bringup/package.sh'
[2.772s] INFO:colcon.colcon_core.shell:Creating package script '/home/thompson/incubator_ws/install/incubator_cpp_pkg_bringup/share/incubator_cpp_pkg_bringup/package.bash'
[2.772s] INFO:colcon.colcon_core.shell:Creating package script '/home/thompson/incubator_ws/install/incubator_cpp_pkg_bringup/share/incubator_cpp_pkg_bringup/package.zsh'
[2.773s] Level 1:colcon.colcon_core.environment:create_file_with_runtime_dependencies(/home/thompson/incubator_ws/install/incubator_cpp_pkg_bringup/share/colcon-core/packages/incubator_cpp_pkg_bringup)
[2.802s] Level 1:colcon.colcon_core.environment:create_environment_scripts_only(incubator_cpp_pkg_bringup)
[2.802s] Level 1:colcon.colcon_core.environment:checking '/home/thompson/incubator_ws/install/incubator_cpp_pkg_bringup' for CMake module files
[2.802s] Level 1:colcon.colcon_core.environment:checking '/home/thompson/incubator_ws/install/incubator_cpp_pkg_bringup' for CMake config files
[2.803s] Level 1:colcon.colcon_core.shell:create_environment_hook('incubator_cpp_pkg_bringup', 'cmake_prefix_path')
[2.803s] INFO:colcon.colcon_core.shell:Creating environment hook '/home/thompson/incubator_ws/install/incubator_cpp_pkg_bringup/share/incubator_cpp_pkg_bringup/hook/cmake_prefix_path.ps1'
[2.804s] INFO:colcon.colcon_core.shell:Creating environment descriptor '/home/thompson/incubator_ws/install/incubator_cpp_pkg_bringup/share/incubator_cpp_pkg_bringup/hook/cmake_prefix_path.dsv'
[2.804s] INFO:colcon.colcon_core.shell:Creating environment hook '/home/thompson/incubator_ws/install/incubator_cpp_pkg_bringup/share/incubator_cpp_pkg_bringup/hook/cmake_prefix_path.sh'
[2.804s] Level 1:colcon.colcon_core.environment:checking '/home/thompson/incubator_ws/install/incubator_cpp_pkg_bringup/bin'
[2.805s] Level 1:colcon.colcon_core.environment:checking '/home/thompson/incubator_ws/install/incubator_cpp_pkg_bringup/lib/pkgconfig/incubator_cpp_pkg_bringup.pc'
[2.805s] Level 1:colcon.colcon_core.environment:checking '/home/thompson/incubator_ws/install/incubator_cpp_pkg_bringup/lib/python3.10/site-packages'
[2.805s] Level 1:colcon.colcon_core.environment:checking '/home/thompson/incubator_ws/install/incubator_cpp_pkg_bringup/bin'
[2.805s] INFO:colcon.colcon_core.shell:Creating package script '/home/thompson/incubator_ws/install/incubator_cpp_pkg_bringup/share/incubator_cpp_pkg_bringup/package.ps1'
[2.806s] INFO:colcon.colcon_core.shell:Creating package descriptor '/home/thompson/incubator_ws/install/incubator_cpp_pkg_bringup/share/incubator_cpp_pkg_bringup/package.dsv'
[2.807s] INFO:colcon.colcon_core.shell:Creating package script '/home/thompson/incubator_ws/install/incubator_cpp_pkg_bringup/share/incubator_cpp_pkg_bringup/package.sh'
[2.807s] INFO:colcon.colcon_core.shell:Creating package script '/home/thompson/incubator_ws/install/incubator_cpp_pkg_bringup/share/incubator_cpp_pkg_bringup/package.bash'
[2.808s] INFO:colcon.colcon_core.shell:Creating package script '/home/thompson/incubator_ws/install/incubator_cpp_pkg_bringup/share/incubator_cpp_pkg_bringup/package.zsh'
[2.808s] Level 1:colcon.colcon_core.environment:create_file_with_runtime_dependencies(/home/thompson/incubator_ws/install/incubator_cpp_pkg_bringup/share/colcon-core/packages/incubator_cpp_pkg_bringup)
[2.809s] DEBUG:colcon.colcon_parallel_executor.executor.parallel:closing loop
[2.809s] DEBUG:colcon.colcon_parallel_executor.executor.parallel:loop closed
[2.809s] DEBUG:colcon.colcon_parallel_executor.executor.parallel:run_until_complete finished with '0'
[2.810s] DEBUG:colcon.colcon_core.event_reactor:joining thread
[2.815s] INFO:colcon.colcon_core.plugin_system:Skipping extension 'colcon_notification.desktop_notification.terminal_notifier': Not used on non-Darwin systems
[2.816s] INFO:colcon.colcon_core.plugin_system:Skipping extension 'colcon_notification.desktop_notification.win32': Not used on non-Windows systems
[2.816s] INFO:colcon.colcon_notification.desktop_notification:Sending desktop notification using 'notify2'
[2.830s] DEBUG:colcon.colcon_core.event_reactor:joined thread
[2.830s] INFO:colcon.colcon_core.shell:Creating prefix script '/home/thompson/incubator_ws/install/local_setup.ps1'
[2.831s] INFO:colcon.colcon_core.shell:Creating prefix util module '/home/thompson/incubator_ws/install/_local_setup_util_ps1.py'
[2.833s] INFO:colcon.colcon_core.shell:Creating prefix chain script '/home/thompson/incubator_ws/install/setup.ps1'
[2.834s] INFO:colcon.colcon_core.shell:Creating prefix script '/home/thompson/incubator_ws/install/local_setup.sh'
[2.835s] INFO:colcon.colcon_core.shell:Creating prefix util module '/home/thompson/incubator_ws/install/_local_setup_util_sh.py'
[2.836s] INFO:colcon.colcon_core.shell:Creating prefix chain script '/home/thompson/incubator_ws/install/setup.sh'
[2.837s] INFO:colcon.colcon_core.shell:Creating prefix script '/home/thompson/incubator_ws/install/local_setup.bash'
[2.838s] INFO:colcon.colcon_core.shell:Creating prefix chain script '/home/thompson/incubator_ws/install/setup.bash'
[2.839s] INFO:colcon.colcon_core.shell:Creating prefix script '/home/thompson/incubator_ws/install/local_setup.zsh'
[2.840s] INFO:colcon.colcon_core.shell:Creating prefix chain script '/home/thompson/incubator_ws/install/setup.zsh'
