[0.028s] Invoking command in '/home/thompson/MS_Report/hamr_incubator_ws/build/incubator_cpp_pkg_interfaces': CMAKE_PREFIX_PATH=/opt/ros/humble /usr/bin/cmake --build /home/thompson/MS_Report/hamr_incubator_ws/build/incubator_cpp_pkg_interfaces -- -j7 -l7
[0.147s] -- Found ament_cmake: 1.3.10 (/opt/ros/humble/share/ament_cmake/cmake)
[0.285s] -- Found rosidl_default_generators: 1.2.0 (/opt/ros/humble/share/rosidl_default_generators/cmake)
[0.288s] -- Using all available rosidl_typesupport_c: rosidl_typesupport_fastrtps_c;rosidl_typesupport_introspection_c
[0.292s] -- Found rosidl_adapter: 3.1.5 (/opt/ros/humble/share/rosidl_adapter/cmake)
[0.326s] -- Using all available rosidl_typesupport_cpp: rosidl_typesupport_fastrtps_cpp;rosidl_typesupport_introspection_cpp
[0.605s] -- Found ament_cmake_ros: 0.10.0 (/opt/ros/humble/share/ament_cmake_ros/cmake)
[0.760s] -- Using all available rosidl_typesupport_c: rosidl_typesupport_fastrtps_c;rosidl_typesupport_introspection_c
[0.968s] -- Using all available rosidl_typesupport_cpp: rosidl_typesupport_fastrtps_cpp;rosidl_typesupport_introspection_cpp
[0.987s] -- Found python_cmake_module: 0.10.0 (/opt/ros/humble/share/python_cmake_module/cmake)
[1.006s] -- Using PYTHON_EXECUTABLE: /usr/bin/python3
[1.007s] -- Using PYTHON_INCLUDE_DIRS: /usr/include/python3.10
[1.007s] -- Using PYTHON_LIBRARIES: /usr/lib/x86_64-linux-gnu/libpython3.10.so
[1.029s] -- Configuring done
[1.090s] -- Generating done
[1.094s] -- Build files have been written to: /home/thompson/MS_Report/hamr_incubator_ws/build/incubator_cpp_pkg_interfaces
[1.124s] [35m[1mConsolidate compiler generated dependencies of target incubator_cpp_pkg_interfaces__rosidl_generator_c[0m
[1.134s] [  0%] Built target incubator_cpp_pkg_interfaces__cpp
[1.144s] [ 12%] Built target incubator_cpp_pkg_interfaces__rosidl_generator_c
[1.158s] [35m[1mConsolidate compiler generated dependencies of target incubator_cpp_pkg_interfaces__rosidl_typesupport_fastrtps_cpp[0m
[1.158s] [35m[1mConsolidate compiler generated dependencies of target incubator_cpp_pkg_interfaces__rosidl_typesupport_cpp[0m
[1.158s] [35m[1mConsolidate compiler generated dependencies of target incubator_cpp_pkg_interfaces__rosidl_typesupport_introspection_cpp[0m
[1.160s] [ 12%] Built target ament_cmake_python_copy_incubator_cpp_pkg_interfaces
[1.163s] [35m[1mConsolidate compiler generated dependencies of target incubator_cpp_pkg_interfaces__rosidl_typesupport_introspection_c[0m
[1.164s] [35m[1mConsolidate compiler generated dependencies of target incubator_cpp_pkg_interfaces__rosidl_typesupport_fastrtps_c[0m
[1.164s] [35m[1mConsolidate compiler generated dependencies of target incubator_cpp_pkg_interfaces__rosidl_typesupport_c[0m
[1.183s] [ 24%] Built target incubator_cpp_pkg_interfaces__rosidl_typesupport_cpp
[1.183s] [ 36%] Built target incubator_cpp_pkg_interfaces__rosidl_typesupport_introspection_c
[1.185s] [ 48%] Built target incubator_cpp_pkg_interfaces__rosidl_typesupport_introspection_cpp
[1.188s] [ 64%] Built target incubator_cpp_pkg_interfaces__rosidl_typesupport_fastrtps_c
[1.190s] [ 71%] Built target incubator_cpp_pkg_interfaces__rosidl_typesupport_fastrtps_cpp
[1.190s] [ 82%] Built target incubator_cpp_pkg_interfaces__rosidl_typesupport_c
[1.213s] [ 82%] Built target incubator_cpp_pkg_interfaces
[1.236s] [ 83%] Built target incubator_cpp_pkg_interfaces__py
[1.253s] [35m[1mConsolidate compiler generated dependencies of target incubator_cpp_pkg_interfaces__rosidl_generator_py[0m
[1.275s] [ 94%] Built target incubator_cpp_pkg_interfaces__rosidl_generator_py
[1.291s] [35m[1mConsolidate compiler generated dependencies of target incubator_cpp_pkg_interfaces__rosidl_typesupport_fastrtps_c__pyext[0m
[1.291s] [35m[1mConsolidate compiler generated dependencies of target incubator_cpp_pkg_interfaces__rosidl_typesupport_c__pyext[0m
[1.291s] [35m[1mConsolidate compiler generated dependencies of target incubator_cpp_pkg_interfaces__rosidl_typesupport_introspection_c__pyext[0m
[1.304s] [100%] Built target incubator_cpp_pkg_interfaces__rosidl_typesupport_fastrtps_c__pyext
[1.305s] [100%] Built target incubator_cpp_pkg_interfaces__rosidl_typesupport_introspection_c__pyext
[1.305s] [100%] Built target incubator_cpp_pkg_interfaces__rosidl_typesupport_c__pyext
[1.403s] running egg_info
[1.404s] writing incubator_cpp_pkg_interfaces.egg-info/PKG-INFO
[1.404s] writing dependency_links to incubator_cpp_pkg_interfaces.egg-info/dependency_links.txt
[1.404s] writing top-level names to incubator_cpp_pkg_interfaces.egg-info/top_level.txt
[1.407s] reading manifest file 'incubator_cpp_pkg_interfaces.egg-info/SOURCES.txt'
[1.408s] writing manifest file 'incubator_cpp_pkg_interfaces.egg-info/SOURCES.txt'
[1.430s] [100%] Built target ament_cmake_python_build_incubator_cpp_pkg_interfaces_egg
[1.444s] Invoked command in '/home/thompson/MS_Report/hamr_incubator_ws/build/incubator_cpp_pkg_interfaces' returned '0': CMAKE_PREFIX_PATH=/opt/ros/humble /usr/bin/cmake --build /home/thompson/MS_Report/hamr_incubator_ws/build/incubator_cpp_pkg_interfaces -- -j7 -l7
[1.811s] Invoking command in '/home/thompson/MS_Report/hamr_incubator_ws/build/incubator_cpp_pkg_interfaces': CMAKE_PREFIX_PATH=/opt/ros/humble /usr/bin/cmake --install /home/thompson/MS_Report/hamr_incubator_ws/build/incubator_cpp_pkg_interfaces
[1.820s] -- Install configuration: ""
[1.821s] -- Up-to-date: /home/thompson/MS_Report/hamr_incubator_ws/install/incubator_cpp_pkg_interfaces/share/ament_index/resource_index/rosidl_interfaces/incubator_cpp_pkg_interfaces
[1.821s] -- Up-to-date: /home/thompson/MS_Report/hamr_incubator_ws/install/incubator_cpp_pkg_interfaces/include/incubator_cpp_pkg_interfaces/incubator_cpp_pkg_interfaces
[1.821s] -- Up-to-date: /home/thompson/MS_Report/hamr_incubator_ws/install/incubator_cpp_pkg_interfaces/include/incubator_cpp_pkg_interfaces/incubator_cpp_pkg_interfaces/msg
[1.822s] -- Up-to-date: /home/thompson/MS_Report/hamr_incubator_ws/install/incubator_cpp_pkg_interfaces/include/incubator_cpp_pkg_interfaces/incubator_cpp_pkg_interfaces/msg/detail
[1.822s] -- Up-to-date: /home/thompson/MS_Report/hamr_incubator_ws/install/incubator_cpp_pkg_interfaces/include/incubator_cpp_pkg_interfaces/incubator_cpp_pkg_interfaces/msg/detail/controller_state__struct.h
[1.822s] -- Up-to-date: /home/thompson/MS_Report/hamr_incubator_ws/install/incubator_cpp_pkg_interfaces/include/incubator_cpp_pkg_interfaces/incubator_cpp_pkg_interfaces/msg/detail/integer64__functions.c
[1.822s] -- Up-to-date: /home/thompson/MS_Report/hamr_incubator_ws/install/incubator_cpp_pkg_interfaces/include/incubator_cpp_pkg_interfaces/incubator_cpp_pkg_interfaces/msg/detail/boolean__functions.h
[1.823s] -- Up-to-date: /home/thompson/MS_Report/hamr_incubator_ws/install/incubator_cpp_pkg_interfaces/include/incubator_cpp_pkg_interfaces/incubator_cpp_pkg_interfaces/msg/detail/float32__functions.h
[1.823s] -- Up-to-date: /home/thompson/MS_Report/hamr_incubator_ws/install/incubator_cpp_pkg_interfaces/include/incubator_cpp_pkg_interfaces/incubator_cpp_pkg_interfaces/msg/detail/closed_loop_param_updatesi__functions.c
[1.823s] -- Up-to-date: /home/thompson/MS_Report/hamr_incubator_ws/install/incubator_cpp_pkg_interfaces/include/incubator_cpp_pkg_interfaces/incubator_cpp_pkg_interfaces/msg/detail/float32__type_support.h
[1.823s] -- Up-to-date: /home/thompson/MS_Report/hamr_incubator_ws/install/incubator_cpp_pkg_interfaces/include/incubator_cpp_pkg_interfaces/incubator_cpp_pkg_interfaces/msg/detail/boolean__functions.c
[1.823s] -- Up-to-date: /home/thompson/MS_Report/hamr_incubator_ws/install/incubator_cpp_pkg_interfaces/include/incubator_cpp_pkg_interfaces/incubator_cpp_pkg_interfaces/msg/detail/controller_statusi__functions.c
[1.824s] -- Up-to-date: /home/thompson/MS_Report/hamr_incubator_ws/install/incubator_cpp_pkg_interfaces/include/incubator_cpp_pkg_interfaces/incubator_cpp_pkg_interfaces/msg/detail/empty__type_support.h
[1.824s] -- Up-to-date: /home/thompson/MS_Report/hamr_incubator_ws/install/incubator_cpp_pkg_interfaces/include/incubator_cpp_pkg_interfaces/incubator_cpp_pkg_interfaces/msg/detail/empty__functions.c
[1.824s] -- Up-to-date: /home/thompson/MS_Report/hamr_incubator_ws/install/incubator_cpp_pkg_interfaces/include/incubator_cpp_pkg_interfaces/incubator_cpp_pkg_interfaces/msg/detail/integer64__functions.h
[1.824s] -- Up-to-date: /home/thompson/MS_Report/hamr_incubator_ws/install/incubator_cpp_pkg_interfaces/include/incubator_cpp_pkg_interfaces/incubator_cpp_pkg_interfaces/msg/detail/integer64__type_support.h
[1.824s] -- Up-to-date: /home/thompson/MS_Report/hamr_incubator_ws/install/incubator_cpp_pkg_interfaces/include/incubator_cpp_pkg_interfaces/incubator_cpp_pkg_interfaces/msg/detail/degrees_ci__functions.c
[1.824s] -- Up-to-date: /home/thompson/MS_Report/hamr_incubator_ws/install/incubator_cpp_pkg_interfaces/include/incubator_cpp_pkg_interfaces/incubator_cpp_pkg_interfaces/msg/detail/degrees_ci__type_support.h
[1.824s] -- Up-to-date: /home/thompson/MS_Report/hamr_incubator_ws/install/incubator_cpp_pkg_interfaces/include/incubator_cpp_pkg_interfaces/incubator_cpp_pkg_interfaces/msg/detail/empty__functions.h
[1.824s] -- Up-to-date: /home/thompson/MS_Report/hamr_incubator_ws/install/incubator_cpp_pkg_interfaces/include/incubator_cpp_pkg_interfaces/incubator_cpp_pkg_interfaces/msg/detail/secondsi__type_support.h
[1.824s] -- Up-to-date: /home/thompson/MS_Report/hamr_incubator_ws/install/incubator_cpp_pkg_interfaces/include/incubator_cpp_pkg_interfaces/incubator_cpp_pkg_interfaces/msg/detail/closed_loop_param_updatesi__type_support.h
[1.825s] -- Up-to-date: /home/thompson/MS_Report/hamr_incubator_ws/install/incubator_cpp_pkg_interfaces/include/incubator_cpp_pkg_interfaces/incubator_cpp_pkg_interfaces/msg/detail/controller_statusi__functions.h
[1.825s] -- Up-to-date: /home/thompson/MS_Report/hamr_incubator_ws/install/incubator_cpp_pkg_interfaces/include/incubator_cpp_pkg_interfaces/incubator_cpp_pkg_interfaces/msg/detail/device_statei__functions.h
[1.825s] -- Up-to-date: /home/thompson/MS_Report/hamr_incubator_ws/install/incubator_cpp_pkg_interfaces/include/incubator_cpp_pkg_interfaces/incubator_cpp_pkg_interfaces/msg/detail/controller_state__functions.h
[1.825s] -- Up-to-date: /home/thompson/MS_Report/hamr_incubator_ws/install/incubator_cpp_pkg_interfaces/include/incubator_cpp_pkg_interfaces/incubator_cpp_pkg_interfaces/msg/detail/controller_state__functions.c
[1.825s] -- Up-to-date: /home/thompson/MS_Report/hamr_incubator_ws/install/incubator_cpp_pkg_interfaces/include/incubator_cpp_pkg_interfaces/incubator_cpp_pkg_interfaces/msg/detail/boolean__type_support.h
[1.825s] -- Up-to-date: /home/thompson/MS_Report/hamr_incubator_ws/install/incubator_cpp_pkg_interfaces/include/incubator_cpp_pkg_interfaces/incubator_cpp_pkg_interfaces/msg/detail/controller_statusi__type_support.h
[1.825s] -- Up-to-date: /home/thompson/MS_Report/hamr_incubator_ws/install/incubator_cpp_pkg_interfaces/include/incubator_cpp_pkg_interfaces/incubator_cpp_pkg_interfaces/msg/detail/secondsi__struct.h
[1.825s] -- Up-to-date: /home/thompson/MS_Report/hamr_incubator_ws/install/incubator_cpp_pkg_interfaces/include/incubator_cpp_pkg_interfaces/incubator_cpp_pkg_interfaces/msg/detail/device_statei__struct.h
[1.825s] -- Up-to-date: /home/thompson/MS_Report/hamr_incubator_ws/install/incubator_cpp_pkg_interfaces/include/incubator_cpp_pkg_interfaces/incubator_cpp_pkg_interfaces/msg/detail/device_statei__type_support.h
[1.825s] -- Up-to-date: /home/thompson/MS_Report/hamr_incubator_ws/install/incubator_cpp_pkg_interfaces/include/incubator_cpp_pkg_interfaces/incubator_cpp_pkg_interfaces/msg/detail/closed_loop_param_updatesi__struct.h
[1.825s] -- Up-to-date: /home/thompson/MS_Report/hamr_incubator_ws/install/incubator_cpp_pkg_interfaces/include/incubator_cpp_pkg_interfaces/incubator_cpp_pkg_interfaces/msg/detail/closed_loop_param_updatesi__functions.h
[1.825s] -- Up-to-date: /home/thompson/MS_Report/hamr_incubator_ws/install/incubator_cpp_pkg_interfaces/include/incubator_cpp_pkg_interfaces/incubator_cpp_pkg_interfaces/msg/detail/integer64__struct.h
[1.826s] -- Up-to-date: /home/thompson/MS_Report/hamr_incubator_ws/install/incubator_cpp_pkg_interfaces/include/incubator_cpp_pkg_interfaces/incubator_cpp_pkg_interfaces/msg/detail/device_statei__functions.c
[1.826s] -- Up-to-date: /home/thompson/MS_Report/hamr_incubator_ws/install/incubator_cpp_pkg_interfaces/include/incubator_cpp_pkg_interfaces/incubator_cpp_pkg_interfaces/msg/detail/degrees_ci__struct.h
[1.826s] -- Up-to-date: /home/thompson/MS_Report/hamr_incubator_ws/install/incubator_cpp_pkg_interfaces/include/incubator_cpp_pkg_interfaces/incubator_cpp_pkg_interfaces/msg/detail/controller_state__type_support.h
[1.826s] -- Up-to-date: /home/thompson/MS_Report/hamr_incubator_ws/install/incubator_cpp_pkg_interfaces/include/incubator_cpp_pkg_interfaces/incubator_cpp_pkg_interfaces/msg/detail/boolean__struct.h
[1.826s] -- Up-to-date: /home/thompson/MS_Report/hamr_incubator_ws/install/incubator_cpp_pkg_interfaces/include/incubator_cpp_pkg_interfaces/incubator_cpp_pkg_interfaces/msg/detail/secondsi__functions.c
[1.827s] -- Up-to-date: /home/thompson/MS_Report/hamr_incubator_ws/install/incubator_cpp_pkg_interfaces/include/incubator_cpp_pkg_interfaces/incubator_cpp_pkg_interfaces/msg/detail/float32__functions.c
[1.827s] -- Up-to-date: /home/thompson/MS_Report/hamr_incubator_ws/install/incubator_cpp_pkg_interfaces/include/incubator_cpp_pkg_interfaces/incubator_cpp_pkg_interfaces/msg/detail/secondsi__functions.h
[1.827s] -- Up-to-date: /home/thompson/MS_Report/hamr_incubator_ws/install/incubator_cpp_pkg_interfaces/include/incubator_cpp_pkg_interfaces/incubator_cpp_pkg_interfaces/msg/detail/controller_statusi__struct.h
[1.827s] -- Up-to-date: /home/thompson/MS_Report/hamr_incubator_ws/install/incubator_cpp_pkg_interfaces/include/incubator_cpp_pkg_interfaces/incubator_cpp_pkg_interfaces/msg/detail/degrees_ci__functions.h
[1.827s] -- Up-to-date: /home/thompson/MS_Report/hamr_incubator_ws/install/incubator_cpp_pkg_interfaces/include/incubator_cpp_pkg_interfaces/incubator_cpp_pkg_interfaces/msg/detail/empty__struct.h
[1.827s] -- Up-to-date: /home/thompson/MS_Report/hamr_incubator_ws/install/incubator_cpp_pkg_interfaces/include/incubator_cpp_pkg_interfaces/incubator_cpp_pkg_interfaces/msg/detail/float32__struct.h
[1.827s] -- Up-to-date: /home/thompson/MS_Report/hamr_incubator_ws/install/incubator_cpp_pkg_interfaces/include/incubator_cpp_pkg_interfaces/incubator_cpp_pkg_interfaces/msg/boolean.h
[1.827s] -- Up-to-date: /home/thompson/MS_Report/hamr_incubator_ws/install/incubator_cpp_pkg_interfaces/include/incubator_cpp_pkg_interfaces/incubator_cpp_pkg_interfaces/msg/controller_state.h
[1.827s] -- Up-to-date: /home/thompson/MS_Report/hamr_incubator_ws/install/incubator_cpp_pkg_interfaces/include/incubator_cpp_pkg_interfaces/incubator_cpp_pkg_interfaces/msg/secondsi.h
[1.827s] -- Up-to-date: /home/thompson/MS_Report/hamr_incubator_ws/install/incubator_cpp_pkg_interfaces/include/incubator_cpp_pkg_interfaces/incubator_cpp_pkg_interfaces/msg/device_statei.h
[1.827s] -- Up-to-date: /home/thompson/MS_Report/hamr_incubator_ws/install/incubator_cpp_pkg_interfaces/include/incubator_cpp_pkg_interfaces/incubator_cpp_pkg_interfaces/msg/empty.h
[1.828s] -- Up-to-date: /home/thompson/MS_Report/hamr_incubator_ws/install/incubator_cpp_pkg_interfaces/include/incubator_cpp_pkg_interfaces/incubator_cpp_pkg_interfaces/msg/controller_statusi.h
[1.828s] -- Up-to-date: /home/thompson/MS_Report/hamr_incubator_ws/install/incubator_cpp_pkg_interfaces/include/incubator_cpp_pkg_interfaces/incubator_cpp_pkg_interfaces/msg/degrees_ci.h
[1.828s] -- Up-to-date: /home/thompson/MS_Report/hamr_incubator_ws/install/incubator_cpp_pkg_interfaces/include/incubator_cpp_pkg_interfaces/incubator_cpp_pkg_interfaces/msg/rosidl_generator_c__visibility_control.h
[1.828s] -- Up-to-date: /home/thompson/MS_Report/hamr_incubator_ws/install/incubator_cpp_pkg_interfaces/include/incubator_cpp_pkg_interfaces/incubator_cpp_pkg_interfaces/msg/integer64.h
[1.828s] -- Up-to-date: /home/thompson/MS_Report/hamr_incubator_ws/install/incubator_cpp_pkg_interfaces/include/incubator_cpp_pkg_interfaces/incubator_cpp_pkg_interfaces/msg/float32.h
[1.828s] -- Up-to-date: /home/thompson/MS_Report/hamr_incubator_ws/install/incubator_cpp_pkg_interfaces/include/incubator_cpp_pkg_interfaces/incubator_cpp_pkg_interfaces/msg/closed_loop_param_updatesi.h
[1.828s] -- Up-to-date: /home/thompson/MS_Report/hamr_incubator_ws/install/incubator_cpp_pkg_interfaces/share/incubator_cpp_pkg_interfaces/environment/library_path.sh
[1.829s] -- Installing: /home/thompson/MS_Report/hamr_incubator_ws/install/incubator_cpp_pkg_interfaces/share/incubator_cpp_pkg_interfaces/environment/library_path.dsv
[1.829s] -- Up-to-date: /home/thompson/MS_Report/hamr_incubator_ws/install/incubator_cpp_pkg_interfaces/lib/libincubator_cpp_pkg_interfaces__rosidl_generator_c.so
[1.829s] -- Up-to-date: /home/thompson/MS_Report/hamr_incubator_ws/install/incubator_cpp_pkg_interfaces/include/incubator_cpp_pkg_interfaces/incubator_cpp_pkg_interfaces
[1.829s] -- Up-to-date: /home/thompson/MS_Report/hamr_incubator_ws/install/incubator_cpp_pkg_interfaces/include/incubator_cpp_pkg_interfaces/incubator_cpp_pkg_interfaces/msg
[1.829s] -- Up-to-date: /home/thompson/MS_Report/hamr_incubator_ws/install/incubator_cpp_pkg_interfaces/include/incubator_cpp_pkg_interfaces/incubator_cpp_pkg_interfaces/msg/detail
[1.830s] -- Up-to-date: /home/thompson/MS_Report/hamr_incubator_ws/install/incubator_cpp_pkg_interfaces/include/incubator_cpp_pkg_interfaces/incubator_cpp_pkg_interfaces/msg/detail/empty__rosidl_typesupport_fastrtps_c.h
[1.830s] -- Up-to-date: /home/thompson/MS_Report/hamr_incubator_ws/install/incubator_cpp_pkg_interfaces/include/incubator_cpp_pkg_interfaces/incubator_cpp_pkg_interfaces/msg/detail/closed_loop_param_updatesi__rosidl_typesupport_fastrtps_c.h
[1.830s] -- Up-to-date: /home/thompson/MS_Report/hamr_incubator_ws/install/incubator_cpp_pkg_interfaces/include/incubator_cpp_pkg_interfaces/incubator_cpp_pkg_interfaces/msg/detail/device_statei__rosidl_typesupport_fastrtps_c.h
[1.830s] -- Up-to-date: /home/thompson/MS_Report/hamr_incubator_ws/install/incubator_cpp_pkg_interfaces/include/incubator_cpp_pkg_interfaces/incubator_cpp_pkg_interfaces/msg/detail/boolean__rosidl_typesupport_fastrtps_c.h
[1.830s] -- Up-to-date: /home/thompson/MS_Report/hamr_incubator_ws/install/incubator_cpp_pkg_interfaces/include/incubator_cpp_pkg_interfaces/incubator_cpp_pkg_interfaces/msg/detail/controller_state__rosidl_typesupport_fastrtps_c.h
[1.830s] -- Up-to-date: /home/thompson/MS_Report/hamr_incubator_ws/install/incubator_cpp_pkg_interfaces/include/incubator_cpp_pkg_interfaces/incubator_cpp_pkg_interfaces/msg/detail/secondsi__rosidl_typesupport_fastrtps_c.h
[1.831s] -- Up-to-date: /home/thompson/MS_Report/hamr_incubator_ws/install/incubator_cpp_pkg_interfaces/include/incubator_cpp_pkg_interfaces/incubator_cpp_pkg_interfaces/msg/detail/degrees_ci__rosidl_typesupport_fastrtps_c.h
[1.831s] -- Up-to-date: /home/thompson/MS_Report/hamr_incubator_ws/install/incubator_cpp_pkg_interfaces/include/incubator_cpp_pkg_interfaces/incubator_cpp_pkg_interfaces/msg/detail/controller_statusi__rosidl_typesupport_fastrtps_c.h
[1.831s] -- Up-to-date: /home/thompson/MS_Report/hamr_incubator_ws/install/incubator_cpp_pkg_interfaces/include/incubator_cpp_pkg_interfaces/incubator_cpp_pkg_interfaces/msg/detail/float32__rosidl_typesupport_fastrtps_c.h
[1.831s] -- Up-to-date: /home/thompson/MS_Report/hamr_incubator_ws/install/incubator_cpp_pkg_interfaces/include/incubator_cpp_pkg_interfaces/incubator_cpp_pkg_interfaces/msg/detail/integer64__rosidl_typesupport_fastrtps_c.h
[1.831s] -- Up-to-date: /home/thompson/MS_Report/hamr_incubator_ws/install/incubator_cpp_pkg_interfaces/include/incubator_cpp_pkg_interfaces/incubator_cpp_pkg_interfaces/msg/rosidl_typesupport_fastrtps_c__visibility_control.h
[1.831s] -- Up-to-date: /home/thompson/MS_Report/hamr_incubator_ws/install/incubator_cpp_pkg_interfaces/lib/libincubator_cpp_pkg_interfaces__rosidl_typesupport_fastrtps_c.so
[1.831s] -- Up-to-date: /home/thompson/MS_Report/hamr_incubator_ws/install/incubator_cpp_pkg_interfaces/include/incubator_cpp_pkg_interfaces/incubator_cpp_pkg_interfaces
[1.831s] -- Up-to-date: /home/thompson/MS_Report/hamr_incubator_ws/install/incubator_cpp_pkg_interfaces/include/incubator_cpp_pkg_interfaces/incubator_cpp_pkg_interfaces/msg
[1.832s] -- Up-to-date: /home/thompson/MS_Report/hamr_incubator_ws/install/incubator_cpp_pkg_interfaces/include/incubator_cpp_pkg_interfaces/incubator_cpp_pkg_interfaces/msg/detail
[1.832s] -- Up-to-date: /home/thompson/MS_Report/hamr_incubator_ws/install/incubator_cpp_pkg_interfaces/include/incubator_cpp_pkg_interfaces/incubator_cpp_pkg_interfaces/msg/detail/closed_loop_param_updatesi__type_support.c
[1.832s] -- Up-to-date: /home/thompson/MS_Report/hamr_incubator_ws/install/incubator_cpp_pkg_interfaces/include/incubator_cpp_pkg_interfaces/incubator_cpp_pkg_interfaces/msg/detail/closed_loop_param_updatesi__rosidl_typesupport_introspection_c.h
[1.832s] -- Up-to-date: /home/thompson/MS_Report/hamr_incubator_ws/install/incubator_cpp_pkg_interfaces/include/incubator_cpp_pkg_interfaces/incubator_cpp_pkg_interfaces/msg/detail/device_statei__type_support.c
[1.832s] -- Up-to-date: /home/thompson/MS_Report/hamr_incubator_ws/install/incubator_cpp_pkg_interfaces/include/incubator_cpp_pkg_interfaces/incubator_cpp_pkg_interfaces/msg/detail/controller_state__type_support.c
[1.832s] -- Up-to-date: /home/thompson/MS_Report/hamr_incubator_ws/install/incubator_cpp_pkg_interfaces/include/incubator_cpp_pkg_interfaces/incubator_cpp_pkg_interfaces/msg/detail/empty__rosidl_typesupport_introspection_c.h
[1.832s] -- Up-to-date: /home/thompson/MS_Report/hamr_incubator_ws/install/incubator_cpp_pkg_interfaces/include/incubator_cpp_pkg_interfaces/incubator_cpp_pkg_interfaces/msg/detail/degrees_ci__rosidl_typesupport_introspection_c.h
[1.832s] -- Up-to-date: /home/thompson/MS_Report/hamr_incubator_ws/install/incubator_cpp_pkg_interfaces/include/incubator_cpp_pkg_interfaces/incubator_cpp_pkg_interfaces/msg/detail/boolean__rosidl_typesupport_introspection_c.h
[1.833s] -- Up-to-date: /home/thompson/MS_Report/hamr_incubator_ws/install/incubator_cpp_pkg_interfaces/include/incubator_cpp_pkg_interfaces/incubator_cpp_pkg_interfaces/msg/detail/empty__type_support.c
[1.833s] -- Up-to-date: /home/thompson/MS_Report/hamr_incubator_ws/install/incubator_cpp_pkg_interfaces/include/incubator_cpp_pkg_interfaces/incubator_cpp_pkg_interfaces/msg/detail/controller_statusi__rosidl_typesupport_introspection_c.h
[1.833s] -- Up-to-date: /home/thompson/MS_Report/hamr_incubator_ws/install/incubator_cpp_pkg_interfaces/include/incubator_cpp_pkg_interfaces/incubator_cpp_pkg_interfaces/msg/detail/integer64__rosidl_typesupport_introspection_c.h
[1.833s] -- Up-to-date: /home/thompson/MS_Report/hamr_incubator_ws/install/incubator_cpp_pkg_interfaces/include/incubator_cpp_pkg_interfaces/incubator_cpp_pkg_interfaces/msg/detail/controller_statusi__type_support.c
[1.833s] -- Up-to-date: /home/thompson/MS_Report/hamr_incubator_ws/install/incubator_cpp_pkg_interfaces/include/incubator_cpp_pkg_interfaces/incubator_cpp_pkg_interfaces/msg/detail/boolean__type_support.c
[1.833s] -- Up-to-date: /home/thompson/MS_Report/hamr_incubator_ws/install/incubator_cpp_pkg_interfaces/include/incubator_cpp_pkg_interfaces/incubator_cpp_pkg_interfaces/msg/detail/controller_state__rosidl_typesupport_introspection_c.h
[1.833s] -- Up-to-date: /home/thompson/MS_Report/hamr_incubator_ws/install/incubator_cpp_pkg_interfaces/include/incubator_cpp_pkg_interfaces/incubator_cpp_pkg_interfaces/msg/detail/degrees_ci__type_support.c
[1.833s] -- Up-to-date: /home/thompson/MS_Report/hamr_incubator_ws/install/incubator_cpp_pkg_interfaces/include/incubator_cpp_pkg_interfaces/incubator_cpp_pkg_interfaces/msg/detail/device_statei__rosidl_typesupport_introspection_c.h
[1.833s] -- Up-to-date: /home/thompson/MS_Report/hamr_incubator_ws/install/incubator_cpp_pkg_interfaces/include/incubator_cpp_pkg_interfaces/incubator_cpp_pkg_interfaces/msg/detail/float32__type_support.c
[1.833s] -- Up-to-date: /home/thompson/MS_Report/hamr_incubator_ws/install/incubator_cpp_pkg_interfaces/include/incubator_cpp_pkg_interfaces/incubator_cpp_pkg_interfaces/msg/detail/secondsi__rosidl_typesupport_introspection_c.h
[1.833s] -- Up-to-date: /home/thompson/MS_Report/hamr_incubator_ws/install/incubator_cpp_pkg_interfaces/include/incubator_cpp_pkg_interfaces/incubator_cpp_pkg_interfaces/msg/detail/integer64__type_support.c
[1.834s] -- Up-to-date: /home/thompson/MS_Report/hamr_incubator_ws/install/incubator_cpp_pkg_interfaces/include/incubator_cpp_pkg_interfaces/incubator_cpp_pkg_interfaces/msg/detail/float32__rosidl_typesupport_introspection_c.h
[1.834s] -- Up-to-date: /home/thompson/MS_Report/hamr_incubator_ws/install/incubator_cpp_pkg_interfaces/include/incubator_cpp_pkg_interfaces/incubator_cpp_pkg_interfaces/msg/detail/secondsi__type_support.c
[1.834s] -- Up-to-date: /home/thompson/MS_Report/hamr_incubator_ws/install/incubator_cpp_pkg_interfaces/include/incubator_cpp_pkg_interfaces/incubator_cpp_pkg_interfaces/msg/rosidl_typesupport_introspection_c__visibility_control.h
[1.834s] -- Up-to-date: /home/thompson/MS_Report/hamr_incubator_ws/install/incubator_cpp_pkg_interfaces/lib/libincubator_cpp_pkg_interfaces__rosidl_typesupport_introspection_c.so
[1.834s] -- Up-to-date: /home/thompson/MS_Report/hamr_incubator_ws/install/incubator_cpp_pkg_interfaces/lib/libincubator_cpp_pkg_interfaces__rosidl_typesupport_c.so
[1.834s] -- Up-to-date: /home/thompson/MS_Report/hamr_incubator_ws/install/incubator_cpp_pkg_interfaces/include/incubator_cpp_pkg_interfaces/incubator_cpp_pkg_interfaces
[1.835s] -- Up-to-date: /home/thompson/MS_Report/hamr_incubator_ws/install/incubator_cpp_pkg_interfaces/include/incubator_cpp_pkg_interfaces/incubator_cpp_pkg_interfaces/msg
[1.835s] -- Up-to-date: /home/thompson/MS_Report/hamr_incubator_ws/install/incubator_cpp_pkg_interfaces/include/incubator_cpp_pkg_interfaces/incubator_cpp_pkg_interfaces/msg/integer64.hpp
[1.835s] -- Up-to-date: /home/thompson/MS_Report/hamr_incubator_ws/install/incubator_cpp_pkg_interfaces/include/incubator_cpp_pkg_interfaces/incubator_cpp_pkg_interfaces/msg/detail
[1.835s] -- Up-to-date: /home/thompson/MS_Report/hamr_incubator_ws/install/incubator_cpp_pkg_interfaces/include/incubator_cpp_pkg_interfaces/incubator_cpp_pkg_interfaces/msg/detail/device_statei__struct.hpp
[1.835s] -- Up-to-date: /home/thompson/MS_Report/hamr_incubator_ws/install/incubator_cpp_pkg_interfaces/include/incubator_cpp_pkg_interfaces/incubator_cpp_pkg_interfaces/msg/detail/device_statei__builder.hpp
[1.836s] -- Up-to-date: /home/thompson/MS_Report/hamr_incubator_ws/install/incubator_cpp_pkg_interfaces/include/incubator_cpp_pkg_interfaces/incubator_cpp_pkg_interfaces/msg/detail/degrees_ci__builder.hpp
[1.836s] -- Up-to-date: /home/thompson/MS_Report/hamr_incubator_ws/install/incubator_cpp_pkg_interfaces/include/incubator_cpp_pkg_interfaces/incubator_cpp_pkg_interfaces/msg/detail/integer64__builder.hpp
[1.836s] -- Up-to-date: /home/thompson/MS_Report/hamr_incubator_ws/install/incubator_cpp_pkg_interfaces/include/incubator_cpp_pkg_interfaces/incubator_cpp_pkg_interfaces/msg/detail/integer64__traits.hpp
[1.836s] -- Up-to-date: /home/thompson/MS_Report/hamr_incubator_ws/install/incubator_cpp_pkg_interfaces/include/incubator_cpp_pkg_interfaces/incubator_cpp_pkg_interfaces/msg/detail/controller_state__builder.hpp
[1.836s] -- Up-to-date: /home/thompson/MS_Report/hamr_incubator_ws/install/incubator_cpp_pkg_interfaces/include/incubator_cpp_pkg_interfaces/incubator_cpp_pkg_interfaces/msg/detail/secondsi__traits.hpp
[1.836s] -- Up-to-date: /home/thompson/MS_Report/hamr_incubator_ws/install/incubator_cpp_pkg_interfaces/include/incubator_cpp_pkg_interfaces/incubator_cpp_pkg_interfaces/msg/detail/boolean__traits.hpp
[1.836s] -- Up-to-date: /home/thompson/MS_Report/hamr_incubator_ws/install/incubator_cpp_pkg_interfaces/include/incubator_cpp_pkg_interfaces/incubator_cpp_pkg_interfaces/msg/detail/controller_statusi__struct.hpp
[1.836s] -- Up-to-date: /home/thompson/MS_Report/hamr_incubator_ws/install/incubator_cpp_pkg_interfaces/include/incubator_cpp_pkg_interfaces/incubator_cpp_pkg_interfaces/msg/detail/float32__builder.hpp
[1.837s] -- Up-to-date: /home/thompson/MS_Report/hamr_incubator_ws/install/incubator_cpp_pkg_interfaces/include/incubator_cpp_pkg_interfaces/incubator_cpp_pkg_interfaces/msg/detail/float32__struct.hpp
[1.837s] -- Up-to-date: /home/thompson/MS_Report/hamr_incubator_ws/install/incubator_cpp_pkg_interfaces/include/incubator_cpp_pkg_interfaces/incubator_cpp_pkg_interfaces/msg/detail/empty__builder.hpp
[1.837s] -- Up-to-date: /home/thompson/MS_Report/hamr_incubator_ws/install/incubator_cpp_pkg_interfaces/include/incubator_cpp_pkg_interfaces/incubator_cpp_pkg_interfaces/msg/detail/secondsi__struct.hpp
[1.837s] -- Up-to-date: /home/thompson/MS_Report/hamr_incubator_ws/install/incubator_cpp_pkg_interfaces/include/incubator_cpp_pkg_interfaces/incubator_cpp_pkg_interfaces/msg/detail/boolean__struct.hpp
[1.837s] -- Up-to-date: /home/thompson/MS_Report/hamr_incubator_ws/install/incubator_cpp_pkg_interfaces/include/incubator_cpp_pkg_interfaces/incubator_cpp_pkg_interfaces/msg/detail/closed_loop_param_updatesi__traits.hpp
[1.837s] -- Up-to-date: /home/thompson/MS_Report/hamr_incubator_ws/install/incubator_cpp_pkg_interfaces/include/incubator_cpp_pkg_interfaces/incubator_cpp_pkg_interfaces/msg/detail/float32__traits.hpp
[1.837s] -- Up-to-date: /home/thompson/MS_Report/hamr_incubator_ws/install/incubator_cpp_pkg_interfaces/include/incubator_cpp_pkg_interfaces/incubator_cpp_pkg_interfaces/msg/detail/controller_statusi__traits.hpp
[1.837s] -- Up-to-date: /home/thompson/MS_Report/hamr_incubator_ws/install/incubator_cpp_pkg_interfaces/include/incubator_cpp_pkg_interfaces/incubator_cpp_pkg_interfaces/msg/detail/degrees_ci__traits.hpp
[1.837s] -- Up-to-date: /home/thompson/MS_Report/hamr_incubator_ws/install/incubator_cpp_pkg_interfaces/include/incubator_cpp_pkg_interfaces/incubator_cpp_pkg_interfaces/msg/detail/empty__struct.hpp
[1.837s] -- Up-to-date: /home/thompson/MS_Report/hamr_incubator_ws/install/incubator_cpp_pkg_interfaces/include/incubator_cpp_pkg_interfaces/incubator_cpp_pkg_interfaces/msg/detail/controller_state__struct.hpp
[1.837s] -- Up-to-date: /home/thompson/MS_Report/hamr_incubator_ws/install/incubator_cpp_pkg_interfaces/include/incubator_cpp_pkg_interfaces/incubator_cpp_pkg_interfaces/msg/detail/empty__traits.hpp
[1.837s] -- Up-to-date: /home/thompson/MS_Report/hamr_incubator_ws/install/incubator_cpp_pkg_interfaces/include/incubator_cpp_pkg_interfaces/incubator_cpp_pkg_interfaces/msg/detail/closed_loop_param_updatesi__struct.hpp
[1.837s] -- Up-to-date: /home/thompson/MS_Report/hamr_incubator_ws/install/incubator_cpp_pkg_interfaces/include/incubator_cpp_pkg_interfaces/incubator_cpp_pkg_interfaces/msg/detail/closed_loop_param_updatesi__builder.hpp
[1.837s] -- Up-to-date: /home/thompson/MS_Report/hamr_incubator_ws/install/incubator_cpp_pkg_interfaces/include/incubator_cpp_pkg_interfaces/incubator_cpp_pkg_interfaces/msg/detail/controller_statusi__builder.hpp
[1.838s] -- Up-to-date: /home/thompson/MS_Report/hamr_incubator_ws/install/incubator_cpp_pkg_interfaces/include/incubator_cpp_pkg_interfaces/incubator_cpp_pkg_interfaces/msg/detail/controller_state__traits.hpp
[1.838s] -- Up-to-date: /home/thompson/MS_Report/hamr_incubator_ws/install/incubator_cpp_pkg_interfaces/include/incubator_cpp_pkg_interfaces/incubator_cpp_pkg_interfaces/msg/detail/boolean__builder.hpp
[1.838s] -- Up-to-date: /home/thompson/MS_Report/hamr_incubator_ws/install/incubator_cpp_pkg_interfaces/include/incubator_cpp_pkg_interfaces/incubator_cpp_pkg_interfaces/msg/detail/integer64__struct.hpp
[1.838s] -- Up-to-date: /home/thompson/MS_Report/hamr_incubator_ws/install/incubator_cpp_pkg_interfaces/include/incubator_cpp_pkg_interfaces/incubator_cpp_pkg_interfaces/msg/detail/secondsi__builder.hpp
[1.838s] -- Up-to-date: /home/thompson/MS_Report/hamr_incubator_ws/install/incubator_cpp_pkg_interfaces/include/incubator_cpp_pkg_interfaces/incubator_cpp_pkg_interfaces/msg/detail/degrees_ci__struct.hpp
[1.838s] -- Up-to-date: /home/thompson/MS_Report/hamr_incubator_ws/install/incubator_cpp_pkg_interfaces/include/incubator_cpp_pkg_interfaces/incubator_cpp_pkg_interfaces/msg/detail/device_statei__traits.hpp
[1.838s] -- Up-to-date: /home/thompson/MS_Report/hamr_incubator_ws/install/incubator_cpp_pkg_interfaces/include/incubator_cpp_pkg_interfaces/incubator_cpp_pkg_interfaces/msg/empty.hpp
[1.838s] -- Up-to-date: /home/thompson/MS_Report/hamr_incubator_ws/install/incubator_cpp_pkg_interfaces/include/incubator_cpp_pkg_interfaces/incubator_cpp_pkg_interfaces/msg/degrees_ci.hpp
[1.838s] -- Up-to-date: /home/thompson/MS_Report/hamr_incubator_ws/install/incubator_cpp_pkg_interfaces/include/incubator_cpp_pkg_interfaces/incubator_cpp_pkg_interfaces/msg/boolean.hpp
[1.838s] -- Up-to-date: /home/thompson/MS_Report/hamr_incubator_ws/install/incubator_cpp_pkg_interfaces/include/incubator_cpp_pkg_interfaces/incubator_cpp_pkg_interfaces/msg/float32.hpp
[1.838s] -- Up-to-date: /home/thompson/MS_Report/hamr_incubator_ws/install/incubator_cpp_pkg_interfaces/include/incubator_cpp_pkg_interfaces/incubator_cpp_pkg_interfaces/msg/controller_statusi.hpp
[1.838s] -- Up-to-date: /home/thompson/MS_Report/hamr_incubator_ws/install/incubator_cpp_pkg_interfaces/include/incubator_cpp_pkg_interfaces/incubator_cpp_pkg_interfaces/msg/controller_state.hpp
[1.838s] -- Up-to-date: /home/thompson/MS_Report/hamr_incubator_ws/install/incubator_cpp_pkg_interfaces/include/incubator_cpp_pkg_interfaces/incubator_cpp_pkg_interfaces/msg/secondsi.hpp
[1.838s] -- Up-to-date: /home/thompson/MS_Report/hamr_incubator_ws/install/incubator_cpp_pkg_interfaces/include/incubator_cpp_pkg_interfaces/incubator_cpp_pkg_interfaces/msg/closed_loop_param_updatesi.hpp
[1.838s] -- Up-to-date: /home/thompson/MS_Report/hamr_incubator_ws/install/incubator_cpp_pkg_interfaces/include/incubator_cpp_pkg_interfaces/incubator_cpp_pkg_interfaces/msg/device_statei.hpp
[1.839s] -- Up-to-date: /home/thompson/MS_Report/hamr_incubator_ws/install/incubator_cpp_pkg_interfaces/include/incubator_cpp_pkg_interfaces/incubator_cpp_pkg_interfaces
[1.839s] -- Up-to-date: /home/thompson/MS_Report/hamr_incubator_ws/install/incubator_cpp_pkg_interfaces/include/incubator_cpp_pkg_interfaces/incubator_cpp_pkg_interfaces/msg
[1.839s] -- Up-to-date: /home/thompson/MS_Report/hamr_incubator_ws/install/incubator_cpp_pkg_interfaces/include/incubator_cpp_pkg_interfaces/incubator_cpp_pkg_interfaces/msg/detail
[1.839s] -- Up-to-date: /home/thompson/MS_Report/hamr_incubator_ws/install/incubator_cpp_pkg_interfaces/include/incubator_cpp_pkg_interfaces/incubator_cpp_pkg_interfaces/msg/detail/secondsi__rosidl_typesupport_fastrtps_cpp.hpp
[1.839s] -- Up-to-date: /home/thompson/MS_Report/hamr_incubator_ws/install/incubator_cpp_pkg_interfaces/include/incubator_cpp_pkg_interfaces/incubator_cpp_pkg_interfaces/msg/detail/device_statei__rosidl_typesupport_fastrtps_cpp.hpp
[1.839s] -- Up-to-date: /home/thompson/MS_Report/hamr_incubator_ws/install/incubator_cpp_pkg_interfaces/include/incubator_cpp_pkg_interfaces/incubator_cpp_pkg_interfaces/msg/detail/float32__rosidl_typesupport_fastrtps_cpp.hpp
[1.839s] -- Up-to-date: /home/thompson/MS_Report/hamr_incubator_ws/install/incubator_cpp_pkg_interfaces/include/incubator_cpp_pkg_interfaces/incubator_cpp_pkg_interfaces/msg/detail/integer64__rosidl_typesupport_fastrtps_cpp.hpp
[1.839s] -- Up-to-date: /home/thompson/MS_Report/hamr_incubator_ws/install/incubator_cpp_pkg_interfaces/include/incubator_cpp_pkg_interfaces/incubator_cpp_pkg_interfaces/msg/detail/degrees_ci__rosidl_typesupport_fastrtps_cpp.hpp
[1.839s] -- Up-to-date: /home/thompson/MS_Report/hamr_incubator_ws/install/incubator_cpp_pkg_interfaces/include/incubator_cpp_pkg_interfaces/incubator_cpp_pkg_interfaces/msg/detail/controller_statusi__rosidl_typesupport_fastrtps_cpp.hpp
[1.839s] -- Up-to-date: /home/thompson/MS_Report/hamr_incubator_ws/install/incubator_cpp_pkg_interfaces/include/incubator_cpp_pkg_interfaces/incubator_cpp_pkg_interfaces/msg/detail/closed_loop_param_updatesi__rosidl_typesupport_fastrtps_cpp.hpp
[1.839s] -- Up-to-date: /home/thompson/MS_Report/hamr_incubator_ws/install/incubator_cpp_pkg_interfaces/include/incubator_cpp_pkg_interfaces/incubator_cpp_pkg_interfaces/msg/detail/empty__rosidl_typesupport_fastrtps_cpp.hpp
[1.839s] -- Up-to-date: /home/thompson/MS_Report/hamr_incubator_ws/install/incubator_cpp_pkg_interfaces/include/incubator_cpp_pkg_interfaces/incubator_cpp_pkg_interfaces/msg/detail/dds_fastrtps
[1.839s] -- Up-to-date: /home/thompson/MS_Report/hamr_incubator_ws/install/incubator_cpp_pkg_interfaces/include/incubator_cpp_pkg_interfaces/incubator_cpp_pkg_interfaces/msg/detail/controller_state__rosidl_typesupport_fastrtps_cpp.hpp
[1.839s] -- Up-to-date: /home/thompson/MS_Report/hamr_incubator_ws/install/incubator_cpp_pkg_interfaces/include/incubator_cpp_pkg_interfaces/incubator_cpp_pkg_interfaces/msg/detail/boolean__rosidl_typesupport_fastrtps_cpp.hpp
[1.839s] -- Up-to-date: /home/thompson/MS_Report/hamr_incubator_ws/install/incubator_cpp_pkg_interfaces/include/incubator_cpp_pkg_interfaces/incubator_cpp_pkg_interfaces/msg/rosidl_typesupport_fastrtps_cpp__visibility_control.h
[1.839s] -- Up-to-date: /home/thompson/MS_Report/hamr_incubator_ws/install/incubator_cpp_pkg_interfaces/lib/libincubator_cpp_pkg_interfaces__rosidl_typesupport_fastrtps_cpp.so
[1.839s] -- Up-to-date: /home/thompson/MS_Report/hamr_incubator_ws/install/incubator_cpp_pkg_interfaces/include/incubator_cpp_pkg_interfaces/incubator_cpp_pkg_interfaces
[1.840s] -- Up-to-date: /home/thompson/MS_Report/hamr_incubator_ws/install/incubator_cpp_pkg_interfaces/include/incubator_cpp_pkg_interfaces/incubator_cpp_pkg_interfaces/msg
[1.840s] -- Up-to-date: /home/thompson/MS_Report/hamr_incubator_ws/install/incubator_cpp_pkg_interfaces/include/incubator_cpp_pkg_interfaces/incubator_cpp_pkg_interfaces/msg/detail
[1.840s] -- Up-to-date: /home/thompson/MS_Report/hamr_incubator_ws/install/incubator_cpp_pkg_interfaces/include/incubator_cpp_pkg_interfaces/incubator_cpp_pkg_interfaces/msg/detail/boolean__type_support.cpp
[1.840s] -- Up-to-date: /home/thompson/MS_Report/hamr_incubator_ws/install/incubator_cpp_pkg_interfaces/include/incubator_cpp_pkg_interfaces/incubator_cpp_pkg_interfaces/msg/detail/boolean__rosidl_typesupport_introspection_cpp.hpp
[1.840s] -- Up-to-date: /home/thompson/MS_Report/hamr_incubator_ws/install/incubator_cpp_pkg_interfaces/include/incubator_cpp_pkg_interfaces/incubator_cpp_pkg_interfaces/msg/detail/device_statei__type_support.cpp
[1.840s] -- Up-to-date: /home/thompson/MS_Report/hamr_incubator_ws/install/incubator_cpp_pkg_interfaces/include/incubator_cpp_pkg_interfaces/incubator_cpp_pkg_interfaces/msg/detail/empty__rosidl_typesupport_introspection_cpp.hpp
[1.840s] -- Up-to-date: /home/thompson/MS_Report/hamr_incubator_ws/install/incubator_cpp_pkg_interfaces/include/incubator_cpp_pkg_interfaces/incubator_cpp_pkg_interfaces/msg/detail/device_statei__rosidl_typesupport_introspection_cpp.hpp
[1.840s] -- Up-to-date: /home/thompson/MS_Report/hamr_incubator_ws/install/incubator_cpp_pkg_interfaces/include/incubator_cpp_pkg_interfaces/incubator_cpp_pkg_interfaces/msg/detail/secondsi__rosidl_typesupport_introspection_cpp.hpp
[1.840s] -- Up-to-date: /home/thompson/MS_Report/hamr_incubator_ws/install/incubator_cpp_pkg_interfaces/include/incubator_cpp_pkg_interfaces/incubator_cpp_pkg_interfaces/msg/detail/closed_loop_param_updatesi__rosidl_typesupport_introspection_cpp.hpp
[1.840s] -- Up-to-date: /home/thompson/MS_Report/hamr_incubator_ws/install/incubator_cpp_pkg_interfaces/include/incubator_cpp_pkg_interfaces/incubator_cpp_pkg_interfaces/msg/detail/controller_state__type_support.cpp
[1.840s] -- Up-to-date: /home/thompson/MS_Report/hamr_incubator_ws/install/incubator_cpp_pkg_interfaces/include/incubator_cpp_pkg_interfaces/incubator_cpp_pkg_interfaces/msg/detail/degrees_ci__type_support.cpp
[1.840s] -- Up-to-date: /home/thompson/MS_Report/hamr_incubator_ws/install/incubator_cpp_pkg_interfaces/include/incubator_cpp_pkg_interfaces/incubator_cpp_pkg_interfaces/msg/detail/controller_state__rosidl_typesupport_introspection_cpp.hpp
[1.840s] -- Up-to-date: /home/thompson/MS_Report/hamr_incubator_ws/install/incubator_cpp_pkg_interfaces/include/incubator_cpp_pkg_interfaces/incubator_cpp_pkg_interfaces/msg/detail/controller_statusi__type_support.cpp
[1.840s] -- Up-to-date: /home/thompson/MS_Report/hamr_incubator_ws/install/incubator_cpp_pkg_interfaces/include/incubator_cpp_pkg_interfaces/incubator_cpp_pkg_interfaces/msg/detail/integer64__rosidl_typesupport_introspection_cpp.hpp
[1.840s] -- Up-to-date: /home/thompson/MS_Report/hamr_incubator_ws/install/incubator_cpp_pkg_interfaces/include/incubator_cpp_pkg_interfaces/incubator_cpp_pkg_interfaces/msg/detail/float32__type_support.cpp
[1.840s] -- Up-to-date: /home/thompson/MS_Report/hamr_incubator_ws/install/incubator_cpp_pkg_interfaces/include/incubator_cpp_pkg_interfaces/incubator_cpp_pkg_interfaces/msg/detail/float32__rosidl_typesupport_introspection_cpp.hpp
[1.840s] -- Up-to-date: /home/thompson/MS_Report/hamr_incubator_ws/install/incubator_cpp_pkg_interfaces/include/incubator_cpp_pkg_interfaces/incubator_cpp_pkg_interfaces/msg/detail/empty__type_support.cpp
[1.841s] -- Up-to-date: /home/thompson/MS_Report/hamr_incubator_ws/install/incubator_cpp_pkg_interfaces/include/incubator_cpp_pkg_interfaces/incubator_cpp_pkg_interfaces/msg/detail/secondsi__type_support.cpp
[1.841s] -- Up-to-date: /home/thompson/MS_Report/hamr_incubator_ws/install/incubator_cpp_pkg_interfaces/include/incubator_cpp_pkg_interfaces/incubator_cpp_pkg_interfaces/msg/detail/integer64__type_support.cpp
[1.841s] -- Up-to-date: /home/thompson/MS_Report/hamr_incubator_ws/install/incubator_cpp_pkg_interfaces/include/incubator_cpp_pkg_interfaces/incubator_cpp_pkg_interfaces/msg/detail/controller_statusi__rosidl_typesupport_introspection_cpp.hpp
[1.841s] -- Up-to-date: /home/thompson/MS_Report/hamr_incubator_ws/install/incubator_cpp_pkg_interfaces/include/incubator_cpp_pkg_interfaces/incubator_cpp_pkg_interfaces/msg/detail/closed_loop_param_updatesi__type_support.cpp
[1.841s] -- Up-to-date: /home/thompson/MS_Report/hamr_incubator_ws/install/incubator_cpp_pkg_interfaces/include/incubator_cpp_pkg_interfaces/incubator_cpp_pkg_interfaces/msg/detail/degrees_ci__rosidl_typesupport_introspection_cpp.hpp
[1.841s] -- Up-to-date: /home/thompson/MS_Report/hamr_incubator_ws/install/incubator_cpp_pkg_interfaces/lib/libincubator_cpp_pkg_interfaces__rosidl_typesupport_introspection_cpp.so
[1.841s] -- Up-to-date: /home/thompson/MS_Report/hamr_incubator_ws/install/incubator_cpp_pkg_interfaces/lib/libincubator_cpp_pkg_interfaces__rosidl_typesupport_cpp.so
[1.841s] -- Up-to-date: /home/thompson/MS_Report/hamr_incubator_ws/install/incubator_cpp_pkg_interfaces/share/incubator_cpp_pkg_interfaces/environment/pythonpath.sh
[1.841s] -- Installing: /home/thompson/MS_Report/hamr_incubator_ws/install/incubator_cpp_pkg_interfaces/share/incubator_cpp_pkg_interfaces/environment/pythonpath.dsv
[1.841s] -- Up-to-date: /home/thompson/MS_Report/hamr_incubator_ws/install/incubator_cpp_pkg_interfaces/local/lib/python3.10/dist-packages/incubator_cpp_pkg_interfaces-0.0.0-py3.10.egg-info
[1.841s] -- Installing: /home/thompson/MS_Report/hamr_incubator_ws/install/incubator_cpp_pkg_interfaces/local/lib/python3.10/dist-packages/incubator_cpp_pkg_interfaces-0.0.0-py3.10.egg-info/SOURCES.txt
[1.841s] -- Installing: /home/thompson/MS_Report/hamr_incubator_ws/install/incubator_cpp_pkg_interfaces/local/lib/python3.10/dist-packages/incubator_cpp_pkg_interfaces-0.0.0-py3.10.egg-info/dependency_links.txt
[1.841s] -- Installing: /home/thompson/MS_Report/hamr_incubator_ws/install/incubator_cpp_pkg_interfaces/local/lib/python3.10/dist-packages/incubator_cpp_pkg_interfaces-0.0.0-py3.10.egg-info/PKG-INFO
[1.841s] -- Installing: /home/thompson/MS_Report/hamr_incubator_ws/install/incubator_cpp_pkg_interfaces/local/lib/python3.10/dist-packages/incubator_cpp_pkg_interfaces-0.0.0-py3.10.egg-info/top_level.txt
[1.841s] -- Up-to-date: /home/thompson/MS_Report/hamr_incubator_ws/install/incubator_cpp_pkg_interfaces/local/lib/python3.10/dist-packages/incubator_cpp_pkg_interfaces
[1.841s] -- Installing: /home/thompson/MS_Report/hamr_incubator_ws/install/incubator_cpp_pkg_interfaces/local/lib/python3.10/dist-packages/incubator_cpp_pkg_interfaces/__init__.py
[1.842s] -- Up-to-date: /home/thompson/MS_Report/hamr_incubator_ws/install/incubator_cpp_pkg_interfaces/local/lib/python3.10/dist-packages/incubator_cpp_pkg_interfaces/_incubator_cpp_pkg_interfaces_s.ep.rosidl_typesupport_c.c
[1.842s] -- Up-to-date: /home/thompson/MS_Report/hamr_incubator_ws/install/incubator_cpp_pkg_interfaces/local/lib/python3.10/dist-packages/incubator_cpp_pkg_interfaces/_incubator_cpp_pkg_interfaces_s.ep.rosidl_typesupport_fastrtps_c.c
[1.842s] -- Up-to-date: /home/thompson/MS_Report/hamr_incubator_ws/install/incubator_cpp_pkg_interfaces/local/lib/python3.10/dist-packages/incubator_cpp_pkg_interfaces/libincubator_cpp_pkg_interfaces__rosidl_generator_py.so
[1.842s] -- Up-to-date: /home/thompson/MS_Report/hamr_incubator_ws/install/incubator_cpp_pkg_interfaces/local/lib/python3.10/dist-packages/incubator_cpp_pkg_interfaces/_incubator_cpp_pkg_interfaces_s.ep.rosidl_typesupport_introspection_c.c
[1.842s] -- Up-to-date: /home/thompson/MS_Report/hamr_incubator_ws/install/incubator_cpp_pkg_interfaces/local/lib/python3.10/dist-packages/incubator_cpp_pkg_interfaces/incubator_cpp_pkg_interfaces_s__rosidl_typesupport_c.cpython-310-x86_64-linux-gnu.so
[1.842s] -- Up-to-date: /home/thompson/MS_Report/hamr_incubator_ws/install/incubator_cpp_pkg_interfaces/local/lib/python3.10/dist-packages/incubator_cpp_pkg_interfaces/incubator_cpp_pkg_interfaces_s__rosidl_typesupport_fastrtps_c.cpython-310-x86_64-linux-gnu.so
[1.842s] -- Up-to-date: /home/thompson/MS_Report/hamr_incubator_ws/install/incubator_cpp_pkg_interfaces/local/lib/python3.10/dist-packages/incubator_cpp_pkg_interfaces/msg
[1.842s] -- Up-to-date: /home/thompson/MS_Report/hamr_incubator_ws/install/incubator_cpp_pkg_interfaces/local/lib/python3.10/dist-packages/incubator_cpp_pkg_interfaces/msg/_integer64_s.c
[1.842s] -- Up-to-date: /home/thompson/MS_Report/hamr_incubator_ws/install/incubator_cpp_pkg_interfaces/local/lib/python3.10/dist-packages/incubator_cpp_pkg_interfaces/msg/__init__.py
[1.842s] -- Up-to-date: /home/thompson/MS_Report/hamr_incubator_ws/install/incubator_cpp_pkg_interfaces/local/lib/python3.10/dist-packages/incubator_cpp_pkg_interfaces/msg/_empty_s.c
[1.842s] -- Up-to-date: /home/thompson/MS_Report/hamr_incubator_ws/install/incubator_cpp_pkg_interfaces/local/lib/python3.10/dist-packages/incubator_cpp_pkg_interfaces/msg/_controller_statusi_s.c
[1.842s] -- Up-to-date: /home/thompson/MS_Report/hamr_incubator_ws/install/incubator_cpp_pkg_interfaces/local/lib/python3.10/dist-packages/incubator_cpp_pkg_interfaces/msg/_closed_loop_param_updatesi.py
[1.842s] -- Up-to-date: /home/thompson/MS_Report/hamr_incubator_ws/install/incubator_cpp_pkg_interfaces/local/lib/python3.10/dist-packages/incubator_cpp_pkg_interfaces/msg/_controller_state.py
[1.842s] -- Up-to-date: /home/thompson/MS_Report/hamr_incubator_ws/install/incubator_cpp_pkg_interfaces/local/lib/python3.10/dist-packages/incubator_cpp_pkg_interfaces/msg/_secondsi.py
[1.842s] -- Up-to-date: /home/thompson/MS_Report/hamr_incubator_ws/install/incubator_cpp_pkg_interfaces/local/lib/python3.10/dist-packages/incubator_cpp_pkg_interfaces/msg/_boolean.py
[1.842s] -- Up-to-date: /home/thompson/MS_Report/hamr_incubator_ws/install/incubator_cpp_pkg_interfaces/local/lib/python3.10/dist-packages/incubator_cpp_pkg_interfaces/msg/_secondsi_s.c
[1.843s] -- Up-to-date: /home/thompson/MS_Report/hamr_incubator_ws/install/incubator_cpp_pkg_interfaces/local/lib/python3.10/dist-packages/incubator_cpp_pkg_interfaces/msg/_closed_loop_param_updatesi_s.c
[1.843s] -- Up-to-date: /home/thompson/MS_Report/hamr_incubator_ws/install/incubator_cpp_pkg_interfaces/local/lib/python3.10/dist-packages/incubator_cpp_pkg_interfaces/msg/_integer64.py
[1.843s] -- Up-to-date: /home/thompson/MS_Report/hamr_incubator_ws/install/incubator_cpp_pkg_interfaces/local/lib/python3.10/dist-packages/incubator_cpp_pkg_interfaces/msg/_controller_statusi.py
[1.843s] -- Up-to-date: /home/thompson/MS_Report/hamr_incubator_ws/install/incubator_cpp_pkg_interfaces/local/lib/python3.10/dist-packages/incubator_cpp_pkg_interfaces/msg/_degrees_ci.py
[1.843s] -- Up-to-date: /home/thompson/MS_Report/hamr_incubator_ws/install/incubator_cpp_pkg_interfaces/local/lib/python3.10/dist-packages/incubator_cpp_pkg_interfaces/msg/_float32_s.c
[1.843s] -- Up-to-date: /home/thompson/MS_Report/hamr_incubator_ws/install/incubator_cpp_pkg_interfaces/local/lib/python3.10/dist-packages/incubator_cpp_pkg_interfaces/msg/_degrees_ci_s.c
[1.843s] -- Up-to-date: /home/thompson/MS_Report/hamr_incubator_ws/install/incubator_cpp_pkg_interfaces/local/lib/python3.10/dist-packages/incubator_cpp_pkg_interfaces/msg/_boolean_s.c
[1.843s] -- Up-to-date: /home/thompson/MS_Report/hamr_incubator_ws/install/incubator_cpp_pkg_interfaces/local/lib/python3.10/dist-packages/incubator_cpp_pkg_interfaces/msg/_empty.py
[1.843s] -- Up-to-date: /home/thompson/MS_Report/hamr_incubator_ws/install/incubator_cpp_pkg_interfaces/local/lib/python3.10/dist-packages/incubator_cpp_pkg_interfaces/msg/_device_statei_s.c
[1.843s] -- Up-to-date: /home/thompson/MS_Report/hamr_incubator_ws/install/incubator_cpp_pkg_interfaces/local/lib/python3.10/dist-packages/incubator_cpp_pkg_interfaces/msg/_device_statei.py
[1.843s] -- Up-to-date: /home/thompson/MS_Report/hamr_incubator_ws/install/incubator_cpp_pkg_interfaces/local/lib/python3.10/dist-packages/incubator_cpp_pkg_interfaces/msg/_controller_state_s.c
[1.843s] -- Up-to-date: /home/thompson/MS_Report/hamr_incubator_ws/install/incubator_cpp_pkg_interfaces/local/lib/python3.10/dist-packages/incubator_cpp_pkg_interfaces/msg/_float32.py
[1.843s] -- Up-to-date: /home/thompson/MS_Report/hamr_incubator_ws/install/incubator_cpp_pkg_interfaces/local/lib/python3.10/dist-packages/incubator_cpp_pkg_interfaces/incubator_cpp_pkg_interfaces_s__rosidl_typesupport_introspection_c.cpython-310-x86_64-linux-gnu.so
[1.872s] Listing '/home/thompson/MS_Report/hamr_incubator_ws/install/incubator_cpp_pkg_interfaces/local/lib/python3.10/dist-packages/incubator_cpp_pkg_interfaces'...
[1.872s] Compiling '/home/thompson/MS_Report/hamr_incubator_ws/install/incubator_cpp_pkg_interfaces/local/lib/python3.10/dist-packages/incubator_cpp_pkg_interfaces/__init__.py'...
[1.872s] Listing '/home/thompson/MS_Report/hamr_incubator_ws/install/incubator_cpp_pkg_interfaces/local/lib/python3.10/dist-packages/incubator_cpp_pkg_interfaces/msg'...
[1.877s] -- Up-to-date: /home/thompson/MS_Report/hamr_incubator_ws/install/incubator_cpp_pkg_interfaces/local/lib/python3.10/dist-packages/incubator_cpp_pkg_interfaces/incubator_cpp_pkg_interfaces_s__rosidl_typesupport_fastrtps_c.cpython-310-x86_64-linux-gnu.so
[1.877s] -- Up-to-date: /home/thompson/MS_Report/hamr_incubator_ws/install/incubator_cpp_pkg_interfaces/local/lib/python3.10/dist-packages/incubator_cpp_pkg_interfaces/incubator_cpp_pkg_interfaces_s__rosidl_typesupport_introspection_c.cpython-310-x86_64-linux-gnu.so
[1.878s] -- Up-to-date: /home/thompson/MS_Report/hamr_incubator_ws/install/incubator_cpp_pkg_interfaces/local/lib/python3.10/dist-packages/incubator_cpp_pkg_interfaces/incubator_cpp_pkg_interfaces_s__rosidl_typesupport_c.cpython-310-x86_64-linux-gnu.so
[1.879s] -- Up-to-date: /home/thompson/MS_Report/hamr_incubator_ws/install/incubator_cpp_pkg_interfaces/lib/libincubator_cpp_pkg_interfaces__rosidl_generator_py.so
[1.879s] -- Up-to-date: /home/thompson/MS_Report/hamr_incubator_ws/install/incubator_cpp_pkg_interfaces/share/incubator_cpp_pkg_interfaces/msg/Float32.idl
[1.879s] -- Up-to-date: /home/thompson/MS_Report/hamr_incubator_ws/install/incubator_cpp_pkg_interfaces/share/incubator_cpp_pkg_interfaces/msg/DegreesCi.idl
[1.879s] -- Up-to-date: /home/thompson/MS_Report/hamr_incubator_ws/install/incubator_cpp_pkg_interfaces/share/incubator_cpp_pkg_interfaces/msg/ClosedLoopParamUpdatesi.idl
[1.880s] -- Up-to-date: /home/thompson/MS_Report/hamr_incubator_ws/install/incubator_cpp_pkg_interfaces/share/incubator_cpp_pkg_interfaces/msg/Integer64.idl
[1.880s] -- Up-to-date: /home/thompson/MS_Report/hamr_incubator_ws/install/incubator_cpp_pkg_interfaces/share/incubator_cpp_pkg_interfaces/msg/Secondsi.idl
[1.880s] -- Up-to-date: /home/thompson/MS_Report/hamr_incubator_ws/install/incubator_cpp_pkg_interfaces/share/incubator_cpp_pkg_interfaces/msg/Boolean.idl
[1.880s] -- Up-to-date: /home/thompson/MS_Report/hamr_incubator_ws/install/incubator_cpp_pkg_interfaces/share/incubator_cpp_pkg_interfaces/msg/DeviceStatei.idl
[1.880s] -- Up-to-date: /home/thompson/MS_Report/hamr_incubator_ws/install/incubator_cpp_pkg_interfaces/share/incubator_cpp_pkg_interfaces/msg/ControllerState.idl
[1.880s] -- Up-to-date: /home/thompson/MS_Report/hamr_incubator_ws/install/incubator_cpp_pkg_interfaces/share/incubator_cpp_pkg_interfaces/msg/ControllerStatusi.idl
[1.881s] -- Up-to-date: /home/thompson/MS_Report/hamr_incubator_ws/install/incubator_cpp_pkg_interfaces/share/incubator_cpp_pkg_interfaces/msg/Empty.idl
[1.881s] -- Installing: /home/thompson/MS_Report/hamr_incubator_ws/install/incubator_cpp_pkg_interfaces/share/incubator_cpp_pkg_interfaces/msg/Float32.msg
[1.881s] -- Installing: /home/thompson/MS_Report/hamr_incubator_ws/install/incubator_cpp_pkg_interfaces/share/incubator_cpp_pkg_interfaces/msg/DegreesCi.msg
[1.881s] -- Installing: /home/thompson/MS_Report/hamr_incubator_ws/install/incubator_cpp_pkg_interfaces/share/incubator_cpp_pkg_interfaces/msg/ClosedLoopParamUpdatesi.msg
[1.882s] -- Installing: /home/thompson/MS_Report/hamr_incubator_ws/install/incubator_cpp_pkg_interfaces/share/incubator_cpp_pkg_interfaces/msg/Integer64.msg
[1.882s] -- Installing: /home/thompson/MS_Report/hamr_incubator_ws/install/incubator_cpp_pkg_interfaces/share/incubator_cpp_pkg_interfaces/msg/Secondsi.msg
[1.882s] -- Installing: /home/thompson/MS_Report/hamr_incubator_ws/install/incubator_cpp_pkg_interfaces/share/incubator_cpp_pkg_interfaces/msg/Boolean.msg
[1.882s] -- Installing: /home/thompson/MS_Report/hamr_incubator_ws/install/incubator_cpp_pkg_interfaces/share/incubator_cpp_pkg_interfaces/msg/DeviceStatei.msg
[1.882s] -- Installing: /home/thompson/MS_Report/hamr_incubator_ws/install/incubator_cpp_pkg_interfaces/share/incubator_cpp_pkg_interfaces/msg/ControllerState.msg
[1.882s] -- Installing: /home/thompson/MS_Report/hamr_incubator_ws/install/incubator_cpp_pkg_interfaces/share/incubator_cpp_pkg_interfaces/msg/ControllerStatusi.msg
[1.882s] -- Installing: /home/thompson/MS_Report/hamr_incubator_ws/install/incubator_cpp_pkg_interfaces/share/incubator_cpp_pkg_interfaces/msg/Empty.msg
[1.883s] -- Up-to-date: /home/thompson/MS_Report/hamr_incubator_ws/install/incubator_cpp_pkg_interfaces/share/ament_index/resource_index/package_run_dependencies/incubator_cpp_pkg_interfaces
[1.883s] -- Up-to-date: /home/thompson/MS_Report/hamr_incubator_ws/install/incubator_cpp_pkg_interfaces/share/ament_index/resource_index/parent_prefix_path/incubator_cpp_pkg_interfaces
[1.883s] -- Up-to-date: /home/thompson/MS_Report/hamr_incubator_ws/install/incubator_cpp_pkg_interfaces/share/incubator_cpp_pkg_interfaces/environment/ament_prefix_path.sh
[1.883s] -- Installing: /home/thompson/MS_Report/hamr_incubator_ws/install/incubator_cpp_pkg_interfaces/share/incubator_cpp_pkg_interfaces/environment/ament_prefix_path.dsv
[1.883s] -- Up-to-date: /home/thompson/MS_Report/hamr_incubator_ws/install/incubator_cpp_pkg_interfaces/share/incubator_cpp_pkg_interfaces/environment/path.sh
[1.884s] -- Installing: /home/thompson/MS_Report/hamr_incubator_ws/install/incubator_cpp_pkg_interfaces/share/incubator_cpp_pkg_interfaces/environment/path.dsv
[1.884s] -- Up-to-date: /home/thompson/MS_Report/hamr_incubator_ws/install/incubator_cpp_pkg_interfaces/share/incubator_cpp_pkg_interfaces/local_setup.bash
[1.884s] -- Up-to-date: /home/thompson/MS_Report/hamr_incubator_ws/install/incubator_cpp_pkg_interfaces/share/incubator_cpp_pkg_interfaces/local_setup.sh
[1.884s] -- Up-to-date: /home/thompson/MS_Report/hamr_incubator_ws/install/incubator_cpp_pkg_interfaces/share/incubator_cpp_pkg_interfaces/local_setup.zsh
[1.884s] -- Installing: /home/thompson/MS_Report/hamr_incubator_ws/install/incubator_cpp_pkg_interfaces/share/incubator_cpp_pkg_interfaces/local_setup.dsv
[1.884s] -- Installing: /home/thompson/MS_Report/hamr_incubator_ws/install/incubator_cpp_pkg_interfaces/share/incubator_cpp_pkg_interfaces/package.dsv
[1.885s] -- Up-to-date: /home/thompson/MS_Report/hamr_incubator_ws/install/incubator_cpp_pkg_interfaces/share/ament_index/resource_index/packages/incubator_cpp_pkg_interfaces
[1.885s] -- Up-to-date: /home/thompson/MS_Report/hamr_incubator_ws/install/incubator_cpp_pkg_interfaces/share/incubator_cpp_pkg_interfaces/cmake/export_incubator_cpp_pkg_interfaces__rosidl_generator_cExport.cmake
[1.885s] -- Up-to-date: /home/thompson/MS_Report/hamr_incubator_ws/install/incubator_cpp_pkg_interfaces/share/incubator_cpp_pkg_interfaces/cmake/export_incubator_cpp_pkg_interfaces__rosidl_generator_cExport-noconfig.cmake
[1.885s] -- Up-to-date: /home/thompson/MS_Report/hamr_incubator_ws/install/incubator_cpp_pkg_interfaces/share/incubator_cpp_pkg_interfaces/cmake/export_incubator_cpp_pkg_interfaces__rosidl_typesupport_fastrtps_cExport.cmake
[1.885s] -- Up-to-date: /home/thompson/MS_Report/hamr_incubator_ws/install/incubator_cpp_pkg_interfaces/share/incubator_cpp_pkg_interfaces/cmake/export_incubator_cpp_pkg_interfaces__rosidl_typesupport_fastrtps_cExport-noconfig.cmake
[1.885s] -- Up-to-date: /home/thompson/MS_Report/hamr_incubator_ws/install/incubator_cpp_pkg_interfaces/share/incubator_cpp_pkg_interfaces/cmake/incubator_cpp_pkg_interfaces__rosidl_typesupport_introspection_cExport.cmake
[1.885s] -- Up-to-date: /home/thompson/MS_Report/hamr_incubator_ws/install/incubator_cpp_pkg_interfaces/share/incubator_cpp_pkg_interfaces/cmake/incubator_cpp_pkg_interfaces__rosidl_typesupport_introspection_cExport-noconfig.cmake
[1.886s] -- Up-to-date: /home/thompson/MS_Report/hamr_incubator_ws/install/incubator_cpp_pkg_interfaces/share/incubator_cpp_pkg_interfaces/cmake/incubator_cpp_pkg_interfaces__rosidl_typesupport_cExport.cmake
[1.886s] -- Up-to-date: /home/thompson/MS_Report/hamr_incubator_ws/install/incubator_cpp_pkg_interfaces/share/incubator_cpp_pkg_interfaces/cmake/incubator_cpp_pkg_interfaces__rosidl_typesupport_cExport-noconfig.cmake
[1.886s] -- Up-to-date: /home/thompson/MS_Report/hamr_incubator_ws/install/incubator_cpp_pkg_interfaces/share/incubator_cpp_pkg_interfaces/cmake/export_incubator_cpp_pkg_interfaces__rosidl_generator_cppExport.cmake
[1.886s] -- Up-to-date: /home/thompson/MS_Report/hamr_incubator_ws/install/incubator_cpp_pkg_interfaces/share/incubator_cpp_pkg_interfaces/cmake/export_incubator_cpp_pkg_interfaces__rosidl_typesupport_fastrtps_cppExport.cmake
[1.887s] -- Up-to-date: /home/thompson/MS_Report/hamr_incubator_ws/install/incubator_cpp_pkg_interfaces/share/incubator_cpp_pkg_interfaces/cmake/export_incubator_cpp_pkg_interfaces__rosidl_typesupport_fastrtps_cppExport-noconfig.cmake
[1.887s] -- Up-to-date: /home/thompson/MS_Report/hamr_incubator_ws/install/incubator_cpp_pkg_interfaces/share/incubator_cpp_pkg_interfaces/cmake/incubator_cpp_pkg_interfaces__rosidl_typesupport_introspection_cppExport.cmake
[1.887s] -- Up-to-date: /home/thompson/MS_Report/hamr_incubator_ws/install/incubator_cpp_pkg_interfaces/share/incubator_cpp_pkg_interfaces/cmake/incubator_cpp_pkg_interfaces__rosidl_typesupport_introspection_cppExport-noconfig.cmake
[1.887s] -- Up-to-date: /home/thompson/MS_Report/hamr_incubator_ws/install/incubator_cpp_pkg_interfaces/share/incubator_cpp_pkg_interfaces/cmake/incubator_cpp_pkg_interfaces__rosidl_typesupport_cppExport.cmake
[1.887s] -- Up-to-date: /home/thompson/MS_Report/hamr_incubator_ws/install/incubator_cpp_pkg_interfaces/share/incubator_cpp_pkg_interfaces/cmake/incubator_cpp_pkg_interfaces__rosidl_typesupport_cppExport-noconfig.cmake
[1.887s] -- Up-to-date: /home/thompson/MS_Report/hamr_incubator_ws/install/incubator_cpp_pkg_interfaces/share/incubator_cpp_pkg_interfaces/cmake/export_incubator_cpp_pkg_interfaces__rosidl_generator_pyExport.cmake
[1.888s] -- Up-to-date: /home/thompson/MS_Report/hamr_incubator_ws/install/incubator_cpp_pkg_interfaces/share/incubator_cpp_pkg_interfaces/cmake/export_incubator_cpp_pkg_interfaces__rosidl_generator_pyExport-noconfig.cmake
[1.888s] -- Up-to-date: /home/thompson/MS_Report/hamr_incubator_ws/install/incubator_cpp_pkg_interfaces/share/incubator_cpp_pkg_interfaces/cmake/rosidl_cmake-extras.cmake
[1.888s] -- Up-to-date: /home/thompson/MS_Report/hamr_incubator_ws/install/incubator_cpp_pkg_interfaces/share/incubator_cpp_pkg_interfaces/cmake/ament_cmake_export_include_directories-extras.cmake
[1.888s] -- Up-to-date: /home/thompson/MS_Report/hamr_incubator_ws/install/incubator_cpp_pkg_interfaces/share/incubator_cpp_pkg_interfaces/cmake/ament_cmake_export_libraries-extras.cmake
[1.888s] -- Up-to-date: /home/thompson/MS_Report/hamr_incubator_ws/install/incubator_cpp_pkg_interfaces/share/incubator_cpp_pkg_interfaces/cmake/ament_cmake_export_targets-extras.cmake
[1.889s] -- Up-to-date: /home/thompson/MS_Report/hamr_incubator_ws/install/incubator_cpp_pkg_interfaces/share/incubator_cpp_pkg_interfaces/cmake/rosidl_cmake_export_typesupport_targets-extras.cmake
[1.889s] -- Up-to-date: /home/thompson/MS_Report/hamr_incubator_ws/install/incubator_cpp_pkg_interfaces/share/incubator_cpp_pkg_interfaces/cmake/ament_cmake_export_dependencies-extras.cmake
[1.889s] -- Up-to-date: /home/thompson/MS_Report/hamr_incubator_ws/install/incubator_cpp_pkg_interfaces/share/incubator_cpp_pkg_interfaces/cmake/rosidl_cmake_export_typesupport_libraries-extras.cmake
[1.889s] -- Up-to-date: /home/thompson/MS_Report/hamr_incubator_ws/install/incubator_cpp_pkg_interfaces/share/incubator_cpp_pkg_interfaces/cmake/incubator_cpp_pkg_interfacesConfig.cmake
[1.889s] -- Up-to-date: /home/thompson/MS_Report/hamr_incubator_ws/install/incubator_cpp_pkg_interfaces/share/incubator_cpp_pkg_interfaces/cmake/incubator_cpp_pkg_interfacesConfig-version.cmake
[1.889s] -- Installing: /home/thompson/MS_Report/hamr_incubator_ws/install/incubator_cpp_pkg_interfaces/share/incubator_cpp_pkg_interfaces/package.xml
[1.892s] Invoked command in '/home/thompson/MS_Report/hamr_incubator_ws/build/incubator_cpp_pkg_interfaces' returned '0': CMAKE_PREFIX_PATH=/opt/ros/humble /usr/bin/cmake --install /home/thompson/MS_Report/hamr_incubator_ws/build/incubator_cpp_pkg_interfaces
