[0.288s] DEBUG:colcon:Command line arguments: ['/usr/bin/colcon', 'build']
[0.288s] DEBUG:colcon:Parsed command line arguments: Namespace(log_base=None, log_level=None, verb_name='build', build_base='build', install_base='install', merge_install=False, symlink_install=False, test_result_base=None, continue_on_error=False, executor='parallel', parallel_workers=7, event_handlers=None, ignore_user_meta=False, metas=['./colcon.meta'], base_paths=['.'], packages_ignore=None, packages_ignore_regex=None, paths=None, packages_up_to=None, packages_up_to_regex=None, packages_above=None, packages_above_and_dependencies=None, packages_above_depth=None, packages_select_by_dep=None, packages_skip_by_dep=None, packages_skip_up_to=None, packages_select_build_failed=False, packages_skip_build_finished=False, packages_select_test_failures=False, packages_skip_test_passed=False, packages_select=None, packages_skip=None, packages_select_regex=None, packages_skip_regex=None, packages_start=None, packages_end=None, allow_overriding=[], cmake_args=None, cmake_target=None, cmake_target_skip_unavailable=False, cmake_clean_cache=False, cmake_clean_first=False, cmake_force_configure=False, ament_cmake_args=None, catkin_cmake_args=None, catkin_skip_building_tests=False, verb_parser=<colcon_defaults.argument_parser.defaults.DefaultArgumentsDecorator object at 0x756c713874c0>, verb_extension=<colcon_core.verb.build.BuildVerb object at 0x756c71386410>, main=<bound method BuildVerb.main of <colcon_core.verb.build.BuildVerb object at 0x756c71386410>>)
[0.574s] Level 1:colcon.colcon_core.package_discovery:discover_packages(colcon_meta) check parameters
[0.574s] Level 1:colcon.colcon_core.package_discovery:discover_packages(recursive) check parameters
[0.574s] Level 1:colcon.colcon_core.package_discovery:discover_packages(ignore) check parameters
[0.574s] Level 1:colcon.colcon_core.package_discovery:discover_packages(path) check parameters
[0.574s] Level 1:colcon.colcon_core.package_discovery:discover_packages(colcon_meta) discover
[0.575s] Level 1:colcon.colcon_core.package_discovery:discover_packages(recursive) discover
[0.575s] INFO:colcon.colcon_core.package_discovery:Crawling recursively for packages in '/home/thompson/MS_Report/hamr_incubator_ws'
[0.575s] Level 1:colcon.colcon_core.package_identification:_identify(.) by extensions ['ignore', 'ignore_ament_install']
[0.575s] Level 1:colcon.colcon_core.package_identification:_identify(.) by extension 'ignore'
[0.575s] Level 1:colcon.colcon_core.package_identification:_identify(.) by extension 'ignore_ament_install'
[0.575s] Level 1:colcon.colcon_core.package_identification:_identify(.) by extensions ['colcon_pkg']
[0.575s] Level 1:colcon.colcon_core.package_identification:_identify(.) by extension 'colcon_pkg'
[0.575s] Level 1:colcon.colcon_core.package_identification:_identify(.) by extensions ['colcon_meta']
[0.575s] Level 1:colcon.colcon_core.package_identification:_identify(.) by extension 'colcon_meta'
[0.575s] Level 1:colcon.colcon_core.package_identification:_identify(.) by extensions ['ros']
[0.575s] Level 1:colcon.colcon_core.package_identification:_identify(.) by extension 'ros'
[0.595s] Level 1:colcon.colcon_core.package_identification:_identify(.) by extensions ['cmake', 'python']
[0.595s] Level 1:colcon.colcon_core.package_identification:_identify(.) by extension 'cmake'
[0.595s] Level 1:colcon.colcon_core.package_identification:_identify(.) by extension 'python'
[0.595s] Level 1:colcon.colcon_core.package_identification:_identify(.) by extensions ['python_setup_py']
[0.595s] Level 1:colcon.colcon_core.package_identification:_identify(.) by extension 'python_setup_py'
[0.595s] Level 1:colcon.colcon_core.package_identification:_identify(build) by extensions ['ignore', 'ignore_ament_install']
[0.595s] Level 1:colcon.colcon_core.package_identification:_identify(build) by extension 'ignore'
[0.595s] Level 1:colcon.colcon_core.package_identification:_identify(build) ignored
[0.595s] Level 1:colcon.colcon_core.package_identification:_identify(install) by extensions ['ignore', 'ignore_ament_install']
[0.595s] Level 1:colcon.colcon_core.package_identification:_identify(install) by extension 'ignore'
[0.595s] Level 1:colcon.colcon_core.package_identification:_identify(install) ignored
[0.596s] Level 1:colcon.colcon_core.package_identification:_identify(log) by extensions ['ignore', 'ignore_ament_install']
[0.596s] Level 1:colcon.colcon_core.package_identification:_identify(log) by extension 'ignore'
[0.596s] Level 1:colcon.colcon_core.package_identification:_identify(log) ignored
[0.596s] Level 1:colcon.colcon_core.package_identification:_identify(src) by extensions ['ignore', 'ignore_ament_install']
[0.596s] Level 1:colcon.colcon_core.package_identification:_identify(src) by extension 'ignore'
[0.596s] Level 1:colcon.colcon_core.package_identification:_identify(src) by extension 'ignore_ament_install'
[0.596s] Level 1:colcon.colcon_core.package_identification:_identify(src) by extensions ['colcon_pkg']
[0.596s] Level 1:colcon.colcon_core.package_identification:_identify(src) by extension 'colcon_pkg'
[0.596s] Level 1:colcon.colcon_core.package_identification:_identify(src) by extensions ['colcon_meta']
[0.596s] Level 1:colcon.colcon_core.package_identification:_identify(src) by extension 'colcon_meta'
[0.596s] Level 1:colcon.colcon_core.package_identification:_identify(src) by extensions ['ros']
[0.597s] Level 1:colcon.colcon_core.package_identification:_identify(src) by extension 'ros'
[0.597s] Level 1:colcon.colcon_core.package_identification:_identify(src) by extensions ['cmake', 'python']
[0.597s] Level 1:colcon.colcon_core.package_identification:_identify(src) by extension 'cmake'
[0.597s] Level 1:colcon.colcon_core.package_identification:_identify(src) by extension 'python'
[0.597s] Level 1:colcon.colcon_core.package_identification:_identify(src) by extensions ['python_setup_py']
[0.597s] Level 1:colcon.colcon_core.package_identification:_identify(src) by extension 'python_setup_py'
[0.597s] Level 1:colcon.colcon_core.package_identification:_identify(src/incubator_cpp_pkg) by extensions ['ignore', 'ignore_ament_install']
[0.597s] Level 1:colcon.colcon_core.package_identification:_identify(src/incubator_cpp_pkg) by extension 'ignore'
[0.597s] Level 1:colcon.colcon_core.package_identification:_identify(src/incubator_cpp_pkg) by extension 'ignore_ament_install'
[0.597s] Level 1:colcon.colcon_core.package_identification:_identify(src/incubator_cpp_pkg) by extensions ['colcon_pkg']
[0.597s] Level 1:colcon.colcon_core.package_identification:_identify(src/incubator_cpp_pkg) by extension 'colcon_pkg'
[0.598s] Level 1:colcon.colcon_core.package_identification:_identify(src/incubator_cpp_pkg) by extensions ['colcon_meta']
[0.598s] Level 1:colcon.colcon_core.package_identification:_identify(src/incubator_cpp_pkg) by extension 'colcon_meta'
[0.598s] Level 1:colcon.colcon_core.package_identification:_identify(src/incubator_cpp_pkg) by extensions ['ros']
[0.598s] Level 1:colcon.colcon_core.package_identification:_identify(src/incubator_cpp_pkg) by extension 'ros'
[0.602s] DEBUG:colcon.colcon_core.package_identification:Package 'src/incubator_cpp_pkg' with type 'ros.ament_cmake' and name 'incubator_cpp_pkg'
[0.602s] Level 1:colcon.colcon_core.package_identification:_identify(src/incubator_cpp_pkg_bringup) by extensions ['ignore', 'ignore_ament_install']
[0.603s] Level 1:colcon.colcon_core.package_identification:_identify(src/incubator_cpp_pkg_bringup) by extension 'ignore'
[0.603s] Level 1:colcon.colcon_core.package_identification:_identify(src/incubator_cpp_pkg_bringup) by extension 'ignore_ament_install'
[0.603s] Level 1:colcon.colcon_core.package_identification:_identify(src/incubator_cpp_pkg_bringup) by extensions ['colcon_pkg']
[0.603s] Level 1:colcon.colcon_core.package_identification:_identify(src/incubator_cpp_pkg_bringup) by extension 'colcon_pkg'
[0.603s] Level 1:colcon.colcon_core.package_identification:_identify(src/incubator_cpp_pkg_bringup) by extensions ['colcon_meta']
[0.603s] Level 1:colcon.colcon_core.package_identification:_identify(src/incubator_cpp_pkg_bringup) by extension 'colcon_meta'
[0.603s] Level 1:colcon.colcon_core.package_identification:_identify(src/incubator_cpp_pkg_bringup) by extensions ['ros']
[0.603s] Level 1:colcon.colcon_core.package_identification:_identify(src/incubator_cpp_pkg_bringup) by extension 'ros'
[0.604s] DEBUG:colcon.colcon_core.package_identification:Package 'src/incubator_cpp_pkg_bringup' with type 'ros.ament_cmake' and name 'incubator_cpp_pkg_bringup'
[0.604s] Level 1:colcon.colcon_core.package_identification:_identify(src/incubator_cpp_pkg_interfaces) by extensions ['ignore', 'ignore_ament_install']
[0.604s] Level 1:colcon.colcon_core.package_identification:_identify(src/incubator_cpp_pkg_interfaces) by extension 'ignore'
[0.604s] Level 1:colcon.colcon_core.package_identification:_identify(src/incubator_cpp_pkg_interfaces) by extension 'ignore_ament_install'
[0.604s] Level 1:colcon.colcon_core.package_identification:_identify(src/incubator_cpp_pkg_interfaces) by extensions ['colcon_pkg']
[0.604s] Level 1:colcon.colcon_core.package_identification:_identify(src/incubator_cpp_pkg_interfaces) by extension 'colcon_pkg'
[0.604s] Level 1:colcon.colcon_core.package_identification:_identify(src/incubator_cpp_pkg_interfaces) by extensions ['colcon_meta']
[0.605s] Level 1:colcon.colcon_core.package_identification:_identify(src/incubator_cpp_pkg_interfaces) by extension 'colcon_meta'
[0.605s] Level 1:colcon.colcon_core.package_identification:_identify(src/incubator_cpp_pkg_interfaces) by extensions ['ros']
[0.605s] Level 1:colcon.colcon_core.package_identification:_identify(src/incubator_cpp_pkg_interfaces) by extension 'ros'
[0.605s] DEBUG:colcon.colcon_core.package_identification:Package 'src/incubator_cpp_pkg_interfaces' with type 'ros.ament_cmake' and name 'incubator_cpp_pkg_interfaces'
[0.605s] Level 1:colcon.colcon_core.package_discovery:discover_packages(recursive) using defaults
[0.605s] Level 1:colcon.colcon_core.package_discovery:discover_packages(ignore) discover
[0.606s] Level 1:colcon.colcon_core.package_discovery:discover_packages(ignore) using defaults
[0.606s] Level 1:colcon.colcon_core.package_discovery:discover_packages(path) discover
[0.606s] Level 1:colcon.colcon_core.package_discovery:discover_packages(path) using defaults
[0.642s] Level 1:colcon.colcon_core.package_discovery:discover_packages(prefix_path) check parameters
[0.642s] Level 1:colcon.colcon_core.package_discovery:discover_packages(prefix_path) discover
[0.648s] DEBUG:colcon.colcon_installed_package_information.package_discovery:Found 270 installed packages in /opt/ros/humble
[0.650s] Level 1:colcon.colcon_core.package_discovery:discover_packages(prefix_path) using defaults
[0.704s] Level 5:colcon.colcon_core.verb:set package 'incubator_cpp_pkg_interfaces' build argument 'cmake_args' from command line to 'None'
[0.704s] Level 5:colcon.colcon_core.verb:set package 'incubator_cpp_pkg_interfaces' build argument 'cmake_target' from command line to 'None'
[0.704s] Level 5:colcon.colcon_core.verb:set package 'incubator_cpp_pkg_interfaces' build argument 'cmake_target_skip_unavailable' from command line to 'False'
[0.704s] Level 5:colcon.colcon_core.verb:set package 'incubator_cpp_pkg_interfaces' build argument 'cmake_clean_cache' from command line to 'False'
[0.704s] Level 5:colcon.colcon_core.verb:set package 'incubator_cpp_pkg_interfaces' build argument 'cmake_clean_first' from command line to 'False'
[0.705s] Level 5:colcon.colcon_core.verb:set package 'incubator_cpp_pkg_interfaces' build argument 'cmake_force_configure' from command line to 'False'
[0.705s] Level 5:colcon.colcon_core.verb:set package 'incubator_cpp_pkg_interfaces' build argument 'ament_cmake_args' from command line to 'None'
[0.705s] Level 5:colcon.colcon_core.verb:set package 'incubator_cpp_pkg_interfaces' build argument 'catkin_cmake_args' from command line to 'None'
[0.705s] Level 5:colcon.colcon_core.verb:set package 'incubator_cpp_pkg_interfaces' build argument 'catkin_skip_building_tests' from command line to 'False'
[0.705s] DEBUG:colcon.colcon_core.verb:Building package 'incubator_cpp_pkg_interfaces' with the following arguments: {'ament_cmake_args': None, 'build_base': '/home/thompson/MS_Report/hamr_incubator_ws/build/incubator_cpp_pkg_interfaces', 'catkin_cmake_args': None, 'catkin_skip_building_tests': False, 'cmake_args': None, 'cmake_clean_cache': False, 'cmake_clean_first': False, 'cmake_force_configure': False, 'cmake_target': None, 'cmake_target_skip_unavailable': False, 'install_base': '/home/thompson/MS_Report/hamr_incubator_ws/install/incubator_cpp_pkg_interfaces', 'merge_install': False, 'path': '/home/thompson/MS_Report/hamr_incubator_ws/src/incubator_cpp_pkg_interfaces', 'symlink_install': False, 'test_result_base': None}
[0.705s] Level 5:colcon.colcon_core.verb:set package 'incubator_cpp_pkg' build argument 'cmake_args' from command line to 'None'
[0.705s] Level 5:colcon.colcon_core.verb:set package 'incubator_cpp_pkg' build argument 'cmake_target' from command line to 'None'
[0.705s] Level 5:colcon.colcon_core.verb:set package 'incubator_cpp_pkg' build argument 'cmake_target_skip_unavailable' from command line to 'False'
[0.705s] Level 5:colcon.colcon_core.verb:set package 'incubator_cpp_pkg' build argument 'cmake_clean_cache' from command line to 'False'
[0.705s] Level 5:colcon.colcon_core.verb:set package 'incubator_cpp_pkg' build argument 'cmake_clean_first' from command line to 'False'
[0.705s] Level 5:colcon.colcon_core.verb:set package 'incubator_cpp_pkg' build argument 'cmake_force_configure' from command line to 'False'
[0.705s] Level 5:colcon.colcon_core.verb:set package 'incubator_cpp_pkg' build argument 'ament_cmake_args' from command line to 'None'
[0.705s] Level 5:colcon.colcon_core.verb:set package 'incubator_cpp_pkg' build argument 'catkin_cmake_args' from command line to 'None'
[0.705s] Level 5:colcon.colcon_core.verb:set package 'incubator_cpp_pkg' build argument 'catkin_skip_building_tests' from command line to 'False'
[0.706s] DEBUG:colcon.colcon_core.verb:Building package 'incubator_cpp_pkg' with the following arguments: {'ament_cmake_args': None, 'build_base': '/home/thompson/MS_Report/hamr_incubator_ws/build/incubator_cpp_pkg', 'catkin_cmake_args': None, 'catkin_skip_building_tests': False, 'cmake_args': None, 'cmake_clean_cache': False, 'cmake_clean_first': False, 'cmake_force_configure': False, 'cmake_target': None, 'cmake_target_skip_unavailable': False, 'install_base': '/home/thompson/MS_Report/hamr_incubator_ws/install/incubator_cpp_pkg', 'merge_install': False, 'path': '/home/thompson/MS_Report/hamr_incubator_ws/src/incubator_cpp_pkg', 'symlink_install': False, 'test_result_base': None}
[0.706s] Level 5:colcon.colcon_core.verb:set package 'incubator_cpp_pkg_bringup' build argument 'cmake_args' from command line to 'None'
[0.706s] Level 5:colcon.colcon_core.verb:set package 'incubator_cpp_pkg_bringup' build argument 'cmake_target' from command line to 'None'
[0.706s] Level 5:colcon.colcon_core.verb:set package 'incubator_cpp_pkg_bringup' build argument 'cmake_target_skip_unavailable' from command line to 'False'
[0.706s] Level 5:colcon.colcon_core.verb:set package 'incubator_cpp_pkg_bringup' build argument 'cmake_clean_cache' from command line to 'False'
[0.706s] Level 5:colcon.colcon_core.verb:set package 'incubator_cpp_pkg_bringup' build argument 'cmake_clean_first' from command line to 'False'
[0.706s] Level 5:colcon.colcon_core.verb:set package 'incubator_cpp_pkg_bringup' build argument 'cmake_force_configure' from command line to 'False'
[0.706s] Level 5:colcon.colcon_core.verb:set package 'incubator_cpp_pkg_bringup' build argument 'ament_cmake_args' from command line to 'None'
[0.706s] Level 5:colcon.colcon_core.verb:set package 'incubator_cpp_pkg_bringup' build argument 'catkin_cmake_args' from command line to 'None'
[0.706s] Level 5:colcon.colcon_core.verb:set package 'incubator_cpp_pkg_bringup' build argument 'catkin_skip_building_tests' from command line to 'False'
[0.706s] DEBUG:colcon.colcon_core.verb:Building package 'incubator_cpp_pkg_bringup' with the following arguments: {'ament_cmake_args': None, 'build_base': '/home/thompson/MS_Report/hamr_incubator_ws/build/incubator_cpp_pkg_bringup', 'catkin_cmake_args': None, 'catkin_skip_building_tests': False, 'cmake_args': None, 'cmake_clean_cache': False, 'cmake_clean_first': False, 'cmake_force_configure': False, 'cmake_target': None, 'cmake_target_skip_unavailable': False, 'install_base': '/home/thompson/MS_Report/hamr_incubator_ws/install/incubator_cpp_pkg_bringup', 'merge_install': False, 'path': '/home/thompson/MS_Report/hamr_incubator_ws/src/incubator_cpp_pkg_bringup', 'symlink_install': False, 'test_result_base': None}
[0.706s] INFO:colcon.colcon_core.executor:Executing jobs using 'parallel' executor
[0.707s] DEBUG:colcon.colcon_parallel_executor.executor.parallel:run_until_complete
[0.708s] INFO:colcon.colcon_ros.task.ament_cmake.build:Building ROS package in '/home/thompson/MS_Report/hamr_incubator_ws/src/incubator_cpp_pkg_interfaces' with build type 'ament_cmake'
[0.708s] INFO:colcon.colcon_cmake.task.cmake.build:Building CMake package in '/home/thompson/MS_Report/hamr_incubator_ws/src/incubator_cpp_pkg_interfaces'
[0.714s] INFO:colcon.colcon_core.plugin_system:Skipping extension 'colcon_core.shell.bat': Not used on non-Windows systems
[0.714s] INFO:colcon.colcon_core.shell:Skip shell extension 'powershell' for command environment: Not usable outside of PowerShell
[0.714s] DEBUG:colcon.colcon_core.shell:Skip shell extension 'dsv' for command environment
[0.726s] DEBUG:colcon.colcon_core.event_handler.log_command:Invoking command in '/home/thompson/MS_Report/hamr_incubator_ws/build/incubator_cpp_pkg_interfaces': CMAKE_PREFIX_PATH=/opt/ros/humble /usr/bin/cmake --build /home/thompson/MS_Report/hamr_incubator_ws/build/incubator_cpp_pkg_interfaces -- -j7 -l7
[1.255s] DEBUG:colcon.colcon_core.event_handler.log_command:Invoked command in '/home/thompson/MS_Report/hamr_incubator_ws/build/incubator_cpp_pkg_interfaces' returned '0': CMAKE_PREFIX_PATH=/opt/ros/humble /usr/bin/cmake --build /home/thompson/MS_Report/hamr_incubator_ws/build/incubator_cpp_pkg_interfaces -- -j7 -l7
[1.603s] DEBUG:colcon.colcon_core.event_handler.log_command:Invoking command in '/home/thompson/MS_Report/hamr_incubator_ws/build/incubator_cpp_pkg_interfaces': CMAKE_PREFIX_PATH=/opt/ros/humble /usr/bin/cmake --install /home/thompson/MS_Report/hamr_incubator_ws/build/incubator_cpp_pkg_interfaces
[1.699s] Level 1:colcon.colcon_core.environment:create_environment_scripts_only(incubator_cpp_pkg_interfaces)
[1.699s] DEBUG:colcon.colcon_core.event_handler.log_command:Invoked command in '/home/thompson/MS_Report/hamr_incubator_ws/build/incubator_cpp_pkg_interfaces' returned '0': CMAKE_PREFIX_PATH=/opt/ros/humble /usr/bin/cmake --install /home/thompson/MS_Report/hamr_incubator_ws/build/incubator_cpp_pkg_interfaces
[1.705s] Level 1:colcon.colcon_core.environment:checking '/home/thompson/MS_Report/hamr_incubator_ws/install/incubator_cpp_pkg_interfaces' for CMake module files
[1.705s] Level 1:colcon.colcon_core.environment:checking '/home/thompson/MS_Report/hamr_incubator_ws/install/incubator_cpp_pkg_interfaces' for CMake config files
[1.707s] Level 1:colcon.colcon_core.shell:create_environment_hook('incubator_cpp_pkg_interfaces', 'cmake_prefix_path')
[1.707s] INFO:colcon.colcon_core.shell:Creating environment hook '/home/thompson/MS_Report/hamr_incubator_ws/install/incubator_cpp_pkg_interfaces/share/incubator_cpp_pkg_interfaces/hook/cmake_prefix_path.ps1'
[1.708s] INFO:colcon.colcon_core.shell:Creating environment descriptor '/home/thompson/MS_Report/hamr_incubator_ws/install/incubator_cpp_pkg_interfaces/share/incubator_cpp_pkg_interfaces/hook/cmake_prefix_path.dsv'
[1.709s] INFO:colcon.colcon_core.shell:Creating environment hook '/home/thompson/MS_Report/hamr_incubator_ws/install/incubator_cpp_pkg_interfaces/share/incubator_cpp_pkg_interfaces/hook/cmake_prefix_path.sh'
[1.711s] Level 1:colcon.colcon_core.environment:checking '/home/thompson/MS_Report/hamr_incubator_ws/install/incubator_cpp_pkg_interfaces/lib'
[1.711s] Level 1:colcon.colcon_core.shell:create_environment_hook('incubator_cpp_pkg_interfaces', 'ld_library_path_lib')
[1.711s] INFO:colcon.colcon_core.shell:Creating environment hook '/home/thompson/MS_Report/hamr_incubator_ws/install/incubator_cpp_pkg_interfaces/share/incubator_cpp_pkg_interfaces/hook/ld_library_path_lib.ps1'
[1.712s] INFO:colcon.colcon_core.shell:Creating environment descriptor '/home/thompson/MS_Report/hamr_incubator_ws/install/incubator_cpp_pkg_interfaces/share/incubator_cpp_pkg_interfaces/hook/ld_library_path_lib.dsv'
[1.712s] INFO:colcon.colcon_core.shell:Creating environment hook '/home/thompson/MS_Report/hamr_incubator_ws/install/incubator_cpp_pkg_interfaces/share/incubator_cpp_pkg_interfaces/hook/ld_library_path_lib.sh'
[1.713s] Level 1:colcon.colcon_core.environment:checking '/home/thompson/MS_Report/hamr_incubator_ws/install/incubator_cpp_pkg_interfaces/bin'
[1.713s] Level 1:colcon.colcon_core.environment:checking '/home/thompson/MS_Report/hamr_incubator_ws/install/incubator_cpp_pkg_interfaces/lib/pkgconfig/incubator_cpp_pkg_interfaces.pc'
[1.713s] Level 1:colcon.colcon_core.environment:checking '/home/thompson/MS_Report/hamr_incubator_ws/install/incubator_cpp_pkg_interfaces/lib/python3.10/site-packages'
[1.713s] Level 1:colcon.colcon_core.environment:checking '/home/thompson/MS_Report/hamr_incubator_ws/install/incubator_cpp_pkg_interfaces/bin'
[1.713s] INFO:colcon.colcon_core.shell:Creating package script '/home/thompson/MS_Report/hamr_incubator_ws/install/incubator_cpp_pkg_interfaces/share/incubator_cpp_pkg_interfaces/package.ps1'
[1.714s] INFO:colcon.colcon_core.shell:Creating package descriptor '/home/thompson/MS_Report/hamr_incubator_ws/install/incubator_cpp_pkg_interfaces/share/incubator_cpp_pkg_interfaces/package.dsv'
[1.715s] INFO:colcon.colcon_core.shell:Creating package script '/home/thompson/MS_Report/hamr_incubator_ws/install/incubator_cpp_pkg_interfaces/share/incubator_cpp_pkg_interfaces/package.sh'
[1.716s] INFO:colcon.colcon_core.shell:Creating package script '/home/thompson/MS_Report/hamr_incubator_ws/install/incubator_cpp_pkg_interfaces/share/incubator_cpp_pkg_interfaces/package.bash'
[1.717s] INFO:colcon.colcon_core.shell:Creating package script '/home/thompson/MS_Report/hamr_incubator_ws/install/incubator_cpp_pkg_interfaces/share/incubator_cpp_pkg_interfaces/package.zsh'
[1.718s] Level 1:colcon.colcon_core.environment:create_file_with_runtime_dependencies(/home/thompson/MS_Report/hamr_incubator_ws/install/incubator_cpp_pkg_interfaces/share/colcon-core/packages/incubator_cpp_pkg_interfaces)
[2.082s] Level 1:colcon.colcon_core.environment:create_environment_scripts_only(incubator_cpp_pkg_interfaces)
[2.083s] Level 1:colcon.colcon_core.environment:checking '/home/thompson/MS_Report/hamr_incubator_ws/install/incubator_cpp_pkg_interfaces' for CMake module files
[2.083s] Level 1:colcon.colcon_core.environment:checking '/home/thompson/MS_Report/hamr_incubator_ws/install/incubator_cpp_pkg_interfaces' for CMake config files
[2.084s] Level 1:colcon.colcon_core.shell:create_environment_hook('incubator_cpp_pkg_interfaces', 'cmake_prefix_path')
[2.084s] INFO:colcon.colcon_core.shell:Creating environment hook '/home/thompson/MS_Report/hamr_incubator_ws/install/incubator_cpp_pkg_interfaces/share/incubator_cpp_pkg_interfaces/hook/cmake_prefix_path.ps1'
[2.085s] INFO:colcon.colcon_core.shell:Creating environment descriptor '/home/thompson/MS_Report/hamr_incubator_ws/install/incubator_cpp_pkg_interfaces/share/incubator_cpp_pkg_interfaces/hook/cmake_prefix_path.dsv'
[2.085s] INFO:colcon.colcon_core.shell:Creating environment hook '/home/thompson/MS_Report/hamr_incubator_ws/install/incubator_cpp_pkg_interfaces/share/incubator_cpp_pkg_interfaces/hook/cmake_prefix_path.sh'
[2.086s] Level 1:colcon.colcon_core.environment:checking '/home/thompson/MS_Report/hamr_incubator_ws/install/incubator_cpp_pkg_interfaces/lib'
[2.086s] Level 1:colcon.colcon_core.shell:create_environment_hook('incubator_cpp_pkg_interfaces', 'ld_library_path_lib')
[2.086s] INFO:colcon.colcon_core.shell:Creating environment hook '/home/thompson/MS_Report/hamr_incubator_ws/install/incubator_cpp_pkg_interfaces/share/incubator_cpp_pkg_interfaces/hook/ld_library_path_lib.ps1'
[2.087s] INFO:colcon.colcon_core.shell:Creating environment descriptor '/home/thompson/MS_Report/hamr_incubator_ws/install/incubator_cpp_pkg_interfaces/share/incubator_cpp_pkg_interfaces/hook/ld_library_path_lib.dsv'
[2.087s] INFO:colcon.colcon_core.shell:Creating environment hook '/home/thompson/MS_Report/hamr_incubator_ws/install/incubator_cpp_pkg_interfaces/share/incubator_cpp_pkg_interfaces/hook/ld_library_path_lib.sh'
[2.087s] Level 1:colcon.colcon_core.environment:checking '/home/thompson/MS_Report/hamr_incubator_ws/install/incubator_cpp_pkg_interfaces/bin'
[2.088s] Level 1:colcon.colcon_core.environment:checking '/home/thompson/MS_Report/hamr_incubator_ws/install/incubator_cpp_pkg_interfaces/lib/pkgconfig/incubator_cpp_pkg_interfaces.pc'
[2.088s] Level 1:colcon.colcon_core.environment:checking '/home/thompson/MS_Report/hamr_incubator_ws/install/incubator_cpp_pkg_interfaces/lib/python3.10/site-packages'
[2.088s] Level 1:colcon.colcon_core.environment:checking '/home/thompson/MS_Report/hamr_incubator_ws/install/incubator_cpp_pkg_interfaces/bin'
[2.088s] INFO:colcon.colcon_core.shell:Creating package script '/home/thompson/MS_Report/hamr_incubator_ws/install/incubator_cpp_pkg_interfaces/share/incubator_cpp_pkg_interfaces/package.ps1'
[2.089s] INFO:colcon.colcon_core.shell:Creating package descriptor '/home/thompson/MS_Report/hamr_incubator_ws/install/incubator_cpp_pkg_interfaces/share/incubator_cpp_pkg_interfaces/package.dsv'
[2.089s] INFO:colcon.colcon_core.shell:Creating package script '/home/thompson/MS_Report/hamr_incubator_ws/install/incubator_cpp_pkg_interfaces/share/incubator_cpp_pkg_interfaces/package.sh'
[2.090s] INFO:colcon.colcon_core.shell:Creating package script '/home/thompson/MS_Report/hamr_incubator_ws/install/incubator_cpp_pkg_interfaces/share/incubator_cpp_pkg_interfaces/package.bash'
[2.090s] INFO:colcon.colcon_core.shell:Creating package script '/home/thompson/MS_Report/hamr_incubator_ws/install/incubator_cpp_pkg_interfaces/share/incubator_cpp_pkg_interfaces/package.zsh'
[2.091s] Level 1:colcon.colcon_core.environment:create_file_with_runtime_dependencies(/home/thompson/MS_Report/hamr_incubator_ws/install/incubator_cpp_pkg_interfaces/share/colcon-core/packages/incubator_cpp_pkg_interfaces)
[2.091s] INFO:colcon.colcon_ros.task.ament_cmake.build:Building ROS package in '/home/thompson/MS_Report/hamr_incubator_ws/src/incubator_cpp_pkg' with build type 'ament_cmake'
[2.092s] INFO:colcon.colcon_cmake.task.cmake.build:Building CMake package in '/home/thompson/MS_Report/hamr_incubator_ws/src/incubator_cpp_pkg'
[2.092s] INFO:colcon.colcon_core.shell:Skip shell extension 'powershell' for command environment: Not usable outside of PowerShell
[2.092s] DEBUG:colcon.colcon_core.shell:Skip shell extension 'dsv' for command environment
[2.106s] DEBUG:colcon.colcon_core.event_handler.log_command:Invoking command in '/home/thompson/MS_Report/hamr_incubator_ws/build/incubator_cpp_pkg': AMENT_PREFIX_PATH=/home/thompson/MS_Report/hamr_incubator_ws/install/incubator_cpp_pkg_interfaces:${AMENT_PREFIX_PATH} CMAKE_PREFIX_PATH=/home/thompson/MS_Report/hamr_incubator_ws/install/incubator_cpp_pkg_interfaces:/opt/ros/humble LD_LIBRARY_PATH=/home/thompson/MS_Report/hamr_incubator_ws/install/incubator_cpp_pkg_interfaces/lib:${LD_LIBRARY_PATH} PYTHONPATH=/home/thompson/MS_Report/hamr_incubator_ws/install/incubator_cpp_pkg_interfaces/local/lib/python3.10/dist-packages:${PYTHONPATH} /usr/bin/cmake --build /home/thompson/MS_Report/hamr_incubator_ws/build/incubator_cpp_pkg -- -j7 -l7
[22.530s] DEBUG:colcon.colcon_core.event_handler.log_command:Invoked command in '/home/thompson/MS_Report/hamr_incubator_ws/build/incubator_cpp_pkg' returned '0': AMENT_PREFIX_PATH=/home/thompson/MS_Report/hamr_incubator_ws/install/incubator_cpp_pkg_interfaces:${AMENT_PREFIX_PATH} CMAKE_PREFIX_PATH=/home/thompson/MS_Report/hamr_incubator_ws/install/incubator_cpp_pkg_interfaces:/opt/ros/humble LD_LIBRARY_PATH=/home/thompson/MS_Report/hamr_incubator_ws/install/incubator_cpp_pkg_interfaces/lib:${LD_LIBRARY_PATH} PYTHONPATH=/home/thompson/MS_Report/hamr_incubator_ws/install/incubator_cpp_pkg_interfaces/local/lib/python3.10/dist-packages:${PYTHONPATH} /usr/bin/cmake --build /home/thompson/MS_Report/hamr_incubator_ws/build/incubator_cpp_pkg -- -j7 -l7
[22.592s] DEBUG:colcon.colcon_core.event_handler.log_command:Invoking command in '/home/thompson/MS_Report/hamr_incubator_ws/build/incubator_cpp_pkg': AMENT_PREFIX_PATH=/home/thompson/MS_Report/hamr_incubator_ws/install/incubator_cpp_pkg_interfaces:${AMENT_PREFIX_PATH} CMAKE_PREFIX_PATH=/home/thompson/MS_Report/hamr_incubator_ws/install/incubator_cpp_pkg_interfaces:/opt/ros/humble LD_LIBRARY_PATH=/home/thompson/MS_Report/hamr_incubator_ws/install/incubator_cpp_pkg_interfaces/lib:${LD_LIBRARY_PATH} PYTHONPATH=/home/thompson/MS_Report/hamr_incubator_ws/install/incubator_cpp_pkg_interfaces/local/lib/python3.10/dist-packages:${PYTHONPATH} /usr/bin/cmake --install /home/thompson/MS_Report/hamr_incubator_ws/build/incubator_cpp_pkg
[22.620s] Level 1:colcon.colcon_core.environment:create_environment_scripts_only(incubator_cpp_pkg)
[22.620s] Level 1:colcon.colcon_core.environment:checking '/home/thompson/MS_Report/hamr_incubator_ws/install/incubator_cpp_pkg' for CMake module files
[22.621s] DEBUG:colcon.colcon_core.event_handler.log_command:Invoked command in '/home/thompson/MS_Report/hamr_incubator_ws/build/incubator_cpp_pkg' returned '0': AMENT_PREFIX_PATH=/home/thompson/MS_Report/hamr_incubator_ws/install/incubator_cpp_pkg_interfaces:${AMENT_PREFIX_PATH} CMAKE_PREFIX_PATH=/home/thompson/MS_Report/hamr_incubator_ws/install/incubator_cpp_pkg_interfaces:/opt/ros/humble LD_LIBRARY_PATH=/home/thompson/MS_Report/hamr_incubator_ws/install/incubator_cpp_pkg_interfaces/lib:${LD_LIBRARY_PATH} PYTHONPATH=/home/thompson/MS_Report/hamr_incubator_ws/install/incubator_cpp_pkg_interfaces/local/lib/python3.10/dist-packages:${PYTHONPATH} /usr/bin/cmake --install /home/thompson/MS_Report/hamr_incubator_ws/build/incubator_cpp_pkg
[22.621s] Level 1:colcon.colcon_core.environment:checking '/home/thompson/MS_Report/hamr_incubator_ws/install/incubator_cpp_pkg' for CMake config files
[22.622s] Level 1:colcon.colcon_core.shell:create_environment_hook('incubator_cpp_pkg', 'cmake_prefix_path')
[22.622s] INFO:colcon.colcon_core.shell:Creating environment hook '/home/thompson/MS_Report/hamr_incubator_ws/install/incubator_cpp_pkg/share/incubator_cpp_pkg/hook/cmake_prefix_path.ps1'
[22.623s] INFO:colcon.colcon_core.shell:Creating environment descriptor '/home/thompson/MS_Report/hamr_incubator_ws/install/incubator_cpp_pkg/share/incubator_cpp_pkg/hook/cmake_prefix_path.dsv'
[22.623s] INFO:colcon.colcon_core.shell:Creating environment hook '/home/thompson/MS_Report/hamr_incubator_ws/install/incubator_cpp_pkg/share/incubator_cpp_pkg/hook/cmake_prefix_path.sh'
[22.624s] Level 1:colcon.colcon_core.environment:checking '/home/thompson/MS_Report/hamr_incubator_ws/install/incubator_cpp_pkg/lib'
[22.624s] Level 1:colcon.colcon_core.environment:checking '/home/thompson/MS_Report/hamr_incubator_ws/install/incubator_cpp_pkg/bin'
[22.624s] Level 1:colcon.colcon_core.environment:checking '/home/thompson/MS_Report/hamr_incubator_ws/install/incubator_cpp_pkg/lib/pkgconfig/incubator_cpp_pkg.pc'
[22.624s] Level 1:colcon.colcon_core.environment:checking '/home/thompson/MS_Report/hamr_incubator_ws/install/incubator_cpp_pkg/lib/python3.10/site-packages'
[22.624s] Level 1:colcon.colcon_core.environment:checking '/home/thompson/MS_Report/hamr_incubator_ws/install/incubator_cpp_pkg/bin'
[22.625s] INFO:colcon.colcon_core.shell:Creating package script '/home/thompson/MS_Report/hamr_incubator_ws/install/incubator_cpp_pkg/share/incubator_cpp_pkg/package.ps1'
[22.625s] INFO:colcon.colcon_core.shell:Creating package descriptor '/home/thompson/MS_Report/hamr_incubator_ws/install/incubator_cpp_pkg/share/incubator_cpp_pkg/package.dsv'
[22.626s] INFO:colcon.colcon_core.shell:Creating package script '/home/thompson/MS_Report/hamr_incubator_ws/install/incubator_cpp_pkg/share/incubator_cpp_pkg/package.sh'
[22.626s] INFO:colcon.colcon_core.shell:Creating package script '/home/thompson/MS_Report/hamr_incubator_ws/install/incubator_cpp_pkg/share/incubator_cpp_pkg/package.bash'
[22.627s] INFO:colcon.colcon_core.shell:Creating package script '/home/thompson/MS_Report/hamr_incubator_ws/install/incubator_cpp_pkg/share/incubator_cpp_pkg/package.zsh'
[22.628s] Level 1:colcon.colcon_core.environment:create_file_with_runtime_dependencies(/home/thompson/MS_Report/hamr_incubator_ws/install/incubator_cpp_pkg/share/colcon-core/packages/incubator_cpp_pkg)
[22.684s] Level 1:colcon.colcon_core.environment:create_environment_scripts_only(incubator_cpp_pkg)
[22.684s] Level 1:colcon.colcon_core.environment:checking '/home/thompson/MS_Report/hamr_incubator_ws/install/incubator_cpp_pkg' for CMake module files
[22.685s] Level 1:colcon.colcon_core.environment:checking '/home/thompson/MS_Report/hamr_incubator_ws/install/incubator_cpp_pkg' for CMake config files
[22.685s] Level 1:colcon.colcon_core.shell:create_environment_hook('incubator_cpp_pkg', 'cmake_prefix_path')
[22.685s] INFO:colcon.colcon_core.shell:Creating environment hook '/home/thompson/MS_Report/hamr_incubator_ws/install/incubator_cpp_pkg/share/incubator_cpp_pkg/hook/cmake_prefix_path.ps1'
[22.685s] INFO:colcon.colcon_core.shell:Creating environment descriptor '/home/thompson/MS_Report/hamr_incubator_ws/install/incubator_cpp_pkg/share/incubator_cpp_pkg/hook/cmake_prefix_path.dsv'
[22.686s] INFO:colcon.colcon_core.shell:Creating environment hook '/home/thompson/MS_Report/hamr_incubator_ws/install/incubator_cpp_pkg/share/incubator_cpp_pkg/hook/cmake_prefix_path.sh'
[22.686s] Level 1:colcon.colcon_core.environment:checking '/home/thompson/MS_Report/hamr_incubator_ws/install/incubator_cpp_pkg/lib'
[22.686s] Level 1:colcon.colcon_core.environment:checking '/home/thompson/MS_Report/hamr_incubator_ws/install/incubator_cpp_pkg/bin'
[22.686s] Level 1:colcon.colcon_core.environment:checking '/home/thompson/MS_Report/hamr_incubator_ws/install/incubator_cpp_pkg/lib/pkgconfig/incubator_cpp_pkg.pc'
[22.687s] Level 1:colcon.colcon_core.environment:checking '/home/thompson/MS_Report/hamr_incubator_ws/install/incubator_cpp_pkg/lib/python3.10/site-packages'
[22.687s] Level 1:colcon.colcon_core.environment:checking '/home/thompson/MS_Report/hamr_incubator_ws/install/incubator_cpp_pkg/bin'
[22.687s] INFO:colcon.colcon_core.shell:Creating package script '/home/thompson/MS_Report/hamr_incubator_ws/install/incubator_cpp_pkg/share/incubator_cpp_pkg/package.ps1'
[22.688s] INFO:colcon.colcon_core.shell:Creating package descriptor '/home/thompson/MS_Report/hamr_incubator_ws/install/incubator_cpp_pkg/share/incubator_cpp_pkg/package.dsv'
[22.688s] INFO:colcon.colcon_core.shell:Creating package script '/home/thompson/MS_Report/hamr_incubator_ws/install/incubator_cpp_pkg/share/incubator_cpp_pkg/package.sh'
[22.689s] INFO:colcon.colcon_core.shell:Creating package script '/home/thompson/MS_Report/hamr_incubator_ws/install/incubator_cpp_pkg/share/incubator_cpp_pkg/package.bash'
[22.689s] INFO:colcon.colcon_core.shell:Creating package script '/home/thompson/MS_Report/hamr_incubator_ws/install/incubator_cpp_pkg/share/incubator_cpp_pkg/package.zsh'
[22.690s] Level 1:colcon.colcon_core.environment:create_file_with_runtime_dependencies(/home/thompson/MS_Report/hamr_incubator_ws/install/incubator_cpp_pkg/share/colcon-core/packages/incubator_cpp_pkg)
[22.690s] INFO:colcon.colcon_ros.task.ament_cmake.build:Building ROS package in '/home/thompson/MS_Report/hamr_incubator_ws/src/incubator_cpp_pkg_bringup' with build type 'ament_cmake'
[22.690s] INFO:colcon.colcon_cmake.task.cmake.build:Building CMake package in '/home/thompson/MS_Report/hamr_incubator_ws/src/incubator_cpp_pkg_bringup'
[22.691s] INFO:colcon.colcon_core.shell:Skip shell extension 'powershell' for command environment: Not usable outside of PowerShell
[22.691s] DEBUG:colcon.colcon_core.shell:Skip shell extension 'dsv' for command environment
[22.704s] DEBUG:colcon.colcon_core.event_handler.log_command:Invoking command in '/home/thompson/MS_Report/hamr_incubator_ws/build/incubator_cpp_pkg_bringup': AMENT_PREFIX_PATH=/home/thompson/MS_Report/hamr_incubator_ws/install/incubator_cpp_pkg:/home/thompson/MS_Report/hamr_incubator_ws/install/incubator_cpp_pkg_interfaces:${AMENT_PREFIX_PATH} CMAKE_PREFIX_PATH=/home/thompson/MS_Report/hamr_incubator_ws/install/incubator_cpp_pkg:/home/thompson/MS_Report/hamr_incubator_ws/install/incubator_cpp_pkg_interfaces:/opt/ros/humble LD_LIBRARY_PATH=/home/thompson/MS_Report/hamr_incubator_ws/install/incubator_cpp_pkg_interfaces/lib:${LD_LIBRARY_PATH} PYTHONPATH=/home/thompson/MS_Report/hamr_incubator_ws/install/incubator_cpp_pkg_interfaces/local/lib/python3.10/dist-packages:${PYTHONPATH} /usr/bin/cmake /home/thompson/MS_Report/hamr_incubator_ws/src/incubator_cpp_pkg_bringup -DCMAKE_INSTALL_PREFIX=/home/thompson/MS_Report/hamr_incubator_ws/install/incubator_cpp_pkg_bringup
[23.339s] DEBUG:colcon.colcon_core.event_handler.log_command:Invoked command in '/home/thompson/MS_Report/hamr_incubator_ws/build/incubator_cpp_pkg_bringup' returned '0': AMENT_PREFIX_PATH=/home/thompson/MS_Report/hamr_incubator_ws/install/incubator_cpp_pkg:/home/thompson/MS_Report/hamr_incubator_ws/install/incubator_cpp_pkg_interfaces:${AMENT_PREFIX_PATH} CMAKE_PREFIX_PATH=/home/thompson/MS_Report/hamr_incubator_ws/install/incubator_cpp_pkg:/home/thompson/MS_Report/hamr_incubator_ws/install/incubator_cpp_pkg_interfaces:/opt/ros/humble LD_LIBRARY_PATH=/home/thompson/MS_Report/hamr_incubator_ws/install/incubator_cpp_pkg_interfaces/lib:${LD_LIBRARY_PATH} PYTHONPATH=/home/thompson/MS_Report/hamr_incubator_ws/install/incubator_cpp_pkg_interfaces/local/lib/python3.10/dist-packages:${PYTHONPATH} /usr/bin/cmake /home/thompson/MS_Report/hamr_incubator_ws/src/incubator_cpp_pkg_bringup -DCMAKE_INSTALL_PREFIX=/home/thompson/MS_Report/hamr_incubator_ws/install/incubator_cpp_pkg_bringup
[23.340s] DEBUG:colcon.colcon_core.event_handler.log_command:Invoking command in '/home/thompson/MS_Report/hamr_incubator_ws/build/incubator_cpp_pkg_bringup': AMENT_PREFIX_PATH=/home/thompson/MS_Report/hamr_incubator_ws/install/incubator_cpp_pkg:/home/thompson/MS_Report/hamr_incubator_ws/install/incubator_cpp_pkg_interfaces:${AMENT_PREFIX_PATH} CMAKE_PREFIX_PATH=/home/thompson/MS_Report/hamr_incubator_ws/install/incubator_cpp_pkg:/home/thompson/MS_Report/hamr_incubator_ws/install/incubator_cpp_pkg_interfaces:/opt/ros/humble LD_LIBRARY_PATH=/home/thompson/MS_Report/hamr_incubator_ws/install/incubator_cpp_pkg_interfaces/lib:${LD_LIBRARY_PATH} PYTHONPATH=/home/thompson/MS_Report/hamr_incubator_ws/install/incubator_cpp_pkg_interfaces/local/lib/python3.10/dist-packages:${PYTHONPATH} /usr/bin/cmake --build /home/thompson/MS_Report/hamr_incubator_ws/build/incubator_cpp_pkg_bringup -- -j7 -l7
[23.374s] DEBUG:colcon.colcon_core.event_handler.log_command:Invoked command in '/home/thompson/MS_Report/hamr_incubator_ws/build/incubator_cpp_pkg_bringup' returned '0': AMENT_PREFIX_PATH=/home/thompson/MS_Report/hamr_incubator_ws/install/incubator_cpp_pkg:/home/thompson/MS_Report/hamr_incubator_ws/install/incubator_cpp_pkg_interfaces:${AMENT_PREFIX_PATH} CMAKE_PREFIX_PATH=/home/thompson/MS_Report/hamr_incubator_ws/install/incubator_cpp_pkg:/home/thompson/MS_Report/hamr_incubator_ws/install/incubator_cpp_pkg_interfaces:/opt/ros/humble LD_LIBRARY_PATH=/home/thompson/MS_Report/hamr_incubator_ws/install/incubator_cpp_pkg_interfaces/lib:${LD_LIBRARY_PATH} PYTHONPATH=/home/thompson/MS_Report/hamr_incubator_ws/install/incubator_cpp_pkg_interfaces/local/lib/python3.10/dist-packages:${PYTHONPATH} /usr/bin/cmake --build /home/thompson/MS_Report/hamr_incubator_ws/build/incubator_cpp_pkg_bringup -- -j7 -l7
[23.399s] DEBUG:colcon.colcon_core.event_handler.log_command:Invoking command in '/home/thompson/MS_Report/hamr_incubator_ws/build/incubator_cpp_pkg_bringup': AMENT_PREFIX_PATH=/home/thompson/MS_Report/hamr_incubator_ws/install/incubator_cpp_pkg:/home/thompson/MS_Report/hamr_incubator_ws/install/incubator_cpp_pkg_interfaces:${AMENT_PREFIX_PATH} CMAKE_PREFIX_PATH=/home/thompson/MS_Report/hamr_incubator_ws/install/incubator_cpp_pkg:/home/thompson/MS_Report/hamr_incubator_ws/install/incubator_cpp_pkg_interfaces:/opt/ros/humble LD_LIBRARY_PATH=/home/thompson/MS_Report/hamr_incubator_ws/install/incubator_cpp_pkg_interfaces/lib:${LD_LIBRARY_PATH} PYTHONPATH=/home/thompson/MS_Report/hamr_incubator_ws/install/incubator_cpp_pkg_interfaces/local/lib/python3.10/dist-packages:${PYTHONPATH} /usr/bin/cmake --install /home/thompson/MS_Report/hamr_incubator_ws/build/incubator_cpp_pkg_bringup
[23.411s] Level 1:colcon.colcon_core.environment:create_environment_scripts_only(incubator_cpp_pkg_bringup)
[23.411s] Level 1:colcon.colcon_core.environment:checking '/home/thompson/MS_Report/hamr_incubator_ws/install/incubator_cpp_pkg_bringup' for CMake module files
[23.412s] DEBUG:colcon.colcon_core.event_handler.log_command:Invoked command in '/home/thompson/MS_Report/hamr_incubator_ws/build/incubator_cpp_pkg_bringup' returned '0': AMENT_PREFIX_PATH=/home/thompson/MS_Report/hamr_incubator_ws/install/incubator_cpp_pkg:/home/thompson/MS_Report/hamr_incubator_ws/install/incubator_cpp_pkg_interfaces:${AMENT_PREFIX_PATH} CMAKE_PREFIX_PATH=/home/thompson/MS_Report/hamr_incubator_ws/install/incubator_cpp_pkg:/home/thompson/MS_Report/hamr_incubator_ws/install/incubator_cpp_pkg_interfaces:/opt/ros/humble LD_LIBRARY_PATH=/home/thompson/MS_Report/hamr_incubator_ws/install/incubator_cpp_pkg_interfaces/lib:${LD_LIBRARY_PATH} PYTHONPATH=/home/thompson/MS_Report/hamr_incubator_ws/install/incubator_cpp_pkg_interfaces/local/lib/python3.10/dist-packages:${PYTHONPATH} /usr/bin/cmake --install /home/thompson/MS_Report/hamr_incubator_ws/build/incubator_cpp_pkg_bringup
[23.412s] Level 1:colcon.colcon_core.environment:checking '/home/thompson/MS_Report/hamr_incubator_ws/install/incubator_cpp_pkg_bringup' for CMake config files
[23.412s] Level 1:colcon.colcon_core.shell:create_environment_hook('incubator_cpp_pkg_bringup', 'cmake_prefix_path')
[23.412s] INFO:colcon.colcon_core.shell:Creating environment hook '/home/thompson/MS_Report/hamr_incubator_ws/install/incubator_cpp_pkg_bringup/share/incubator_cpp_pkg_bringup/hook/cmake_prefix_path.ps1'
[23.413s] INFO:colcon.colcon_core.shell:Creating environment descriptor '/home/thompson/MS_Report/hamr_incubator_ws/install/incubator_cpp_pkg_bringup/share/incubator_cpp_pkg_bringup/hook/cmake_prefix_path.dsv'
[23.413s] INFO:colcon.colcon_core.shell:Creating environment hook '/home/thompson/MS_Report/hamr_incubator_ws/install/incubator_cpp_pkg_bringup/share/incubator_cpp_pkg_bringup/hook/cmake_prefix_path.sh'
[23.414s] Level 1:colcon.colcon_core.environment:checking '/home/thompson/MS_Report/hamr_incubator_ws/install/incubator_cpp_pkg_bringup/bin'
[23.414s] Level 1:colcon.colcon_core.environment:checking '/home/thompson/MS_Report/hamr_incubator_ws/install/incubator_cpp_pkg_bringup/lib/pkgconfig/incubator_cpp_pkg_bringup.pc'
[23.414s] Level 1:colcon.colcon_core.environment:checking '/home/thompson/MS_Report/hamr_incubator_ws/install/incubator_cpp_pkg_bringup/lib/python3.10/site-packages'
[23.414s] Level 1:colcon.colcon_core.environment:checking '/home/thompson/MS_Report/hamr_incubator_ws/install/incubator_cpp_pkg_bringup/bin'
[23.414s] INFO:colcon.colcon_core.shell:Creating package script '/home/thompson/MS_Report/hamr_incubator_ws/install/incubator_cpp_pkg_bringup/share/incubator_cpp_pkg_bringup/package.ps1'
[23.415s] INFO:colcon.colcon_core.shell:Creating package descriptor '/home/thompson/MS_Report/hamr_incubator_ws/install/incubator_cpp_pkg_bringup/share/incubator_cpp_pkg_bringup/package.dsv'
[23.415s] INFO:colcon.colcon_core.shell:Creating package script '/home/thompson/MS_Report/hamr_incubator_ws/install/incubator_cpp_pkg_bringup/share/incubator_cpp_pkg_bringup/package.sh'
[23.415s] INFO:colcon.colcon_core.shell:Creating package script '/home/thompson/MS_Report/hamr_incubator_ws/install/incubator_cpp_pkg_bringup/share/incubator_cpp_pkg_bringup/package.bash'
[23.416s] INFO:colcon.colcon_core.shell:Creating package script '/home/thompson/MS_Report/hamr_incubator_ws/install/incubator_cpp_pkg_bringup/share/incubator_cpp_pkg_bringup/package.zsh'
[23.416s] Level 1:colcon.colcon_core.environment:create_file_with_runtime_dependencies(/home/thompson/MS_Report/hamr_incubator_ws/install/incubator_cpp_pkg_bringup/share/colcon-core/packages/incubator_cpp_pkg_bringup)
[23.441s] Level 1:colcon.colcon_core.environment:create_environment_scripts_only(incubator_cpp_pkg_bringup)
[23.441s] Level 1:colcon.colcon_core.environment:checking '/home/thompson/MS_Report/hamr_incubator_ws/install/incubator_cpp_pkg_bringup' for CMake module files
[23.441s] Level 1:colcon.colcon_core.environment:checking '/home/thompson/MS_Report/hamr_incubator_ws/install/incubator_cpp_pkg_bringup' for CMake config files
[23.441s] Level 1:colcon.colcon_core.shell:create_environment_hook('incubator_cpp_pkg_bringup', 'cmake_prefix_path')
[23.442s] INFO:colcon.colcon_core.shell:Creating environment hook '/home/thompson/MS_Report/hamr_incubator_ws/install/incubator_cpp_pkg_bringup/share/incubator_cpp_pkg_bringup/hook/cmake_prefix_path.ps1'
[23.442s] INFO:colcon.colcon_core.shell:Creating environment descriptor '/home/thompson/MS_Report/hamr_incubator_ws/install/incubator_cpp_pkg_bringup/share/incubator_cpp_pkg_bringup/hook/cmake_prefix_path.dsv'
[23.442s] INFO:colcon.colcon_core.shell:Creating environment hook '/home/thompson/MS_Report/hamr_incubator_ws/install/incubator_cpp_pkg_bringup/share/incubator_cpp_pkg_bringup/hook/cmake_prefix_path.sh'
[23.443s] Level 1:colcon.colcon_core.environment:checking '/home/thompson/MS_Report/hamr_incubator_ws/install/incubator_cpp_pkg_bringup/bin'
[23.443s] Level 1:colcon.colcon_core.environment:checking '/home/thompson/MS_Report/hamr_incubator_ws/install/incubator_cpp_pkg_bringup/lib/pkgconfig/incubator_cpp_pkg_bringup.pc'
[23.443s] Level 1:colcon.colcon_core.environment:checking '/home/thompson/MS_Report/hamr_incubator_ws/install/incubator_cpp_pkg_bringup/lib/python3.10/site-packages'
[23.443s] Level 1:colcon.colcon_core.environment:checking '/home/thompson/MS_Report/hamr_incubator_ws/install/incubator_cpp_pkg_bringup/bin'
[23.444s] INFO:colcon.colcon_core.shell:Creating package script '/home/thompson/MS_Report/hamr_incubator_ws/install/incubator_cpp_pkg_bringup/share/incubator_cpp_pkg_bringup/package.ps1'
[23.444s] INFO:colcon.colcon_core.shell:Creating package descriptor '/home/thompson/MS_Report/hamr_incubator_ws/install/incubator_cpp_pkg_bringup/share/incubator_cpp_pkg_bringup/package.dsv'
[23.445s] INFO:colcon.colcon_core.shell:Creating package script '/home/thompson/MS_Report/hamr_incubator_ws/install/incubator_cpp_pkg_bringup/share/incubator_cpp_pkg_bringup/package.sh'
[23.445s] INFO:colcon.colcon_core.shell:Creating package script '/home/thompson/MS_Report/hamr_incubator_ws/install/incubator_cpp_pkg_bringup/share/incubator_cpp_pkg_bringup/package.bash'
[23.445s] INFO:colcon.colcon_core.shell:Creating package script '/home/thompson/MS_Report/hamr_incubator_ws/install/incubator_cpp_pkg_bringup/share/incubator_cpp_pkg_bringup/package.zsh'
[23.446s] Level 1:colcon.colcon_core.environment:create_file_with_runtime_dependencies(/home/thompson/MS_Report/hamr_incubator_ws/install/incubator_cpp_pkg_bringup/share/colcon-core/packages/incubator_cpp_pkg_bringup)
[23.446s] DEBUG:colcon.colcon_parallel_executor.executor.parallel:closing loop
[23.447s] DEBUG:colcon.colcon_parallel_executor.executor.parallel:loop closed
[23.447s] DEBUG:colcon.colcon_parallel_executor.executor.parallel:run_until_complete finished with '0'
[23.447s] DEBUG:colcon.colcon_core.event_reactor:joining thread
[23.456s] INFO:colcon.colcon_core.plugin_system:Skipping extension 'colcon_notification.desktop_notification.terminal_notifier': Not used on non-Darwin systems
[23.456s] INFO:colcon.colcon_core.plugin_system:Skipping extension 'colcon_notification.desktop_notification.win32': Not used on non-Windows systems
[23.456s] INFO:colcon.colcon_notification.desktop_notification:Sending desktop notification using 'notify2'
[23.468s] DEBUG:colcon.colcon_core.event_reactor:joined thread
[23.469s] INFO:colcon.colcon_core.shell:Creating prefix script '/home/thompson/MS_Report/hamr_incubator_ws/install/local_setup.ps1'
[23.470s] INFO:colcon.colcon_core.shell:Creating prefix util module '/home/thompson/MS_Report/hamr_incubator_ws/install/_local_setup_util_ps1.py'
[23.472s] INFO:colcon.colcon_core.shell:Creating prefix chain script '/home/thompson/MS_Report/hamr_incubator_ws/install/setup.ps1'
[23.473s] INFO:colcon.colcon_core.shell:Creating prefix script '/home/thompson/MS_Report/hamr_incubator_ws/install/local_setup.sh'
[23.474s] INFO:colcon.colcon_core.shell:Creating prefix util module '/home/thompson/MS_Report/hamr_incubator_ws/install/_local_setup_util_sh.py'
[23.474s] INFO:colcon.colcon_core.shell:Creating prefix chain script '/home/thompson/MS_Report/hamr_incubator_ws/install/setup.sh'
[23.475s] INFO:colcon.colcon_core.shell:Creating prefix script '/home/thompson/MS_Report/hamr_incubator_ws/install/local_setup.bash'
[23.476s] INFO:colcon.colcon_core.shell:Creating prefix chain script '/home/thompson/MS_Report/hamr_incubator_ws/install/setup.bash'
[23.477s] INFO:colcon.colcon_core.shell:Creating prefix script '/home/thompson/MS_Report/hamr_incubator_ws/install/local_setup.zsh'
[23.478s] INFO:colcon.colcon_core.shell:Creating prefix chain script '/home/thompson/MS_Report/hamr_incubator_ws/install/setup.zsh'
