-- Install configuration: ""
-- Up-to-date: /home/thompson/incubator_ws/install/incubator_description/share/incubator_description//urdf
-- Up-to-date: /home/thompson/incubator_ws/install/incubator_description/share/incubator_description//urdf/incubator_form.xacro
-- Up-to-date: /home/thompson/incubator_ws/install/incubator_description/share/incubator_description//urdf/incubator.urdf
-- Up-to-date: /home/thompson/incubator_ws/install/incubator_description/share/incubator_description//urdf/common_properties.xacro
-- Up-to-date: /home/thompson/incubator_ws/install/incubator_description/share/incubator_description//urdf/incubator.urdf.xacro
-- Up-to-date: /home/thompson/incubator_ws/install/incubator_description/share/incubator_description//rviz
-- Installing: /home/thompson/incubator_ws/install/incubator_description/share/incubator_description//rviz/urdf_config.rviz
-- Up-to-date: /home/thompson/incubator_ws/install/incubator_description/share/ament_index/resource_index/package_run_dependencies/incubator_description
-- Up-to-date: /home/thompson/incubator_ws/install/incubator_description/share/ament_index/resource_index/parent_prefix_path/incubator_description
-- Up-to-date: /home/thompson/incubator_ws/install/incubator_description/share/incubator_description/environment/ament_prefix_path.sh
-- Up-to-date: /home/thompson/incubator_ws/install/incubator_description/share/incubator_description/environment/ament_prefix_path.dsv
-- Up-to-date: /home/thompson/incubator_ws/install/incubator_description/share/incubator_description/environment/path.sh
-- Up-to-date: /home/thompson/incubator_ws/install/incubator_description/share/incubator_description/environment/path.dsv
-- Up-to-date: /home/thompson/incubator_ws/install/incubator_description/share/incubator_description/local_setup.bash
-- Up-to-date: /home/thompson/incubator_ws/install/incubator_description/share/incubator_description/local_setup.sh
-- Up-to-date: /home/thompson/incubator_ws/install/incubator_description/share/incubator_description/local_setup.zsh
-- Up-to-date: /home/thompson/incubator_ws/install/incubator_description/share/incubator_description/local_setup.dsv
-- Installing: /home/thompson/incubator_ws/install/incubator_description/share/incubator_description/package.dsv
-- Up-to-date: /home/thompson/incubator_ws/install/incubator_description/share/ament_index/resource_index/packages/incubator_description
-- Up-to-date: /home/thompson/incubator_ws/install/incubator_description/share/incubator_description/cmake/incubator_descriptionConfig.cmake
-- Up-to-date: /home/thompson/incubator_ws/install/incubator_description/share/incubator_description/cmake/incubator_descriptionConfig-version.cmake
-- Up-to-date: /home/thompson/incubator_ws/install/incubator_description/share/incubator_description/package.xml
