[0.016s] Invoking command in '/home/thompson/incubator_ws/build/incubator_cpp_pkg_bringup': CMAKE_PREFIX_PATH=/home/thompson/incubator_ws/install/incubator_cpp_pkg:/home/thompson/incubator_ws/install/incubator_description:/home/thompson/incubator_ws/install/incubator_cpp_pkg_interfaces:/home/thompson/incubator_ws/install/incubator_cpp_pkg_bringup:/home/thompson/incubator_ws/install/incubator_py_pkg:/opt/ros/humble /usr/bin/cmake --build /home/thompson/incubator_ws/build/incubator_cpp_pkg_bringup -- -j7 -l7
[0.042s] -- Found ament_cmake: 1.3.10 (/opt/ros/humble/share/ament_cmake/cmake)
[0.233s] -- Configuring done
[0.240s] -- Generating done
[0.241s] -- Build files have been written to: /home/thompson/incubator_ws/build/incubator_cpp_pkg_bringup
[0.270s] Invoked command in '/home/thompson/incubator_ws/build/incubator_cpp_pkg_bringup' returned '0': CMAKE_PREFIX_PATH=/home/thompson/incubator_ws/install/incubator_cpp_pkg:/home/thompson/incubator_ws/install/incubator_description:/home/thompson/incubator_ws/install/incubator_cpp_pkg_interfaces:/home/thompson/incubator_ws/install/incubator_cpp_pkg_bringup:/home/thompson/incubator_ws/install/incubator_py_pkg:/opt/ros/humble /usr/bin/cmake --build /home/thompson/incubator_ws/build/incubator_cpp_pkg_bringup -- -j7 -l7
[0.298s] Invoking command in '/home/thompson/incubator_ws/build/incubator_cpp_pkg_bringup': CMAKE_PREFIX_PATH=/home/thompson/incubator_ws/install/incubator_cpp_pkg:/home/thompson/incubator_ws/install/incubator_description:/home/thompson/incubator_ws/install/incubator_cpp_pkg_interfaces:/home/thompson/incubator_ws/install/incubator_cpp_pkg_bringup:/home/thompson/incubator_ws/install/incubator_py_pkg:/opt/ros/humble /usr/bin/cmake --install /home/thompson/incubator_ws/build/incubator_cpp_pkg_bringup
[0.307s] -- Install configuration: ""
[0.307s] -- Up-to-date: /home/thompson/incubator_ws/install/incubator_cpp_pkg_bringup/share/incubator_cpp_pkg_bringup/launch
[0.307s] -- Installing: /home/thompson/incubator_ws/install/incubator_cpp_pkg_bringup/share/incubator_cpp_pkg_bringup/launch/incubator_dt.launch.py
[0.307s] -- Up-to-date: /home/thompson/incubator_ws/install/incubator_cpp_pkg_bringup/share/incubator_cpp_pkg_bringup/launch/incubator.launch.xml
[0.307s] -- Up-to-date: /home/thompson/incubator_ws/install/incubator_cpp_pkg_bringup/share/incubator_cpp_pkg_bringup/launch/incubator_rviz.launch.py
[0.307s] -- Installing: /home/thompson/incubator_ws/install/incubator_cpp_pkg_bringup/share/incubator_cpp_pkg_bringup/launch/incubator_pt.launch.py
[0.307s] -- Installing: /home/thompson/incubator_ws/install/incubator_cpp_pkg_bringup/share/ament_index/resource_index/package_run_dependencies/incubator_cpp_pkg_bringup
[0.308s] -- Installing: /home/thompson/incubator_ws/install/incubator_cpp_pkg_bringup/share/ament_index/resource_index/parent_prefix_path/incubator_cpp_pkg_bringup
[0.308s] -- Up-to-date: /home/thompson/incubator_ws/install/incubator_cpp_pkg_bringup/share/incubator_cpp_pkg_bringup/environment/ament_prefix_path.sh
[0.308s] -- Installing: /home/thompson/incubator_ws/install/incubator_cpp_pkg_bringup/share/incubator_cpp_pkg_bringup/environment/ament_prefix_path.dsv
[0.308s] -- Up-to-date: /home/thompson/incubator_ws/install/incubator_cpp_pkg_bringup/share/incubator_cpp_pkg_bringup/environment/path.sh
[0.308s] -- Installing: /home/thompson/incubator_ws/install/incubator_cpp_pkg_bringup/share/incubator_cpp_pkg_bringup/environment/path.dsv
[0.309s] -- Up-to-date: /home/thompson/incubator_ws/install/incubator_cpp_pkg_bringup/share/incubator_cpp_pkg_bringup/local_setup.bash
[0.309s] -- Up-to-date: /home/thompson/incubator_ws/install/incubator_cpp_pkg_bringup/share/incubator_cpp_pkg_bringup/local_setup.sh
[0.309s] -- Up-to-date: /home/thompson/incubator_ws/install/incubator_cpp_pkg_bringup/share/incubator_cpp_pkg_bringup/local_setup.zsh
[0.309s] -- Installing: /home/thompson/incubator_ws/install/incubator_cpp_pkg_bringup/share/incubator_cpp_pkg_bringup/local_setup.dsv
[0.309s] -- Installing: /home/thompson/incubator_ws/install/incubator_cpp_pkg_bringup/share/incubator_cpp_pkg_bringup/package.dsv
[0.309s] -- Up-to-date: /home/thompson/incubator_ws/install/incubator_cpp_pkg_bringup/share/ament_index/resource_index/packages/incubator_cpp_pkg_bringup
[0.309s] -- Up-to-date: /home/thompson/incubator_ws/install/incubator_cpp_pkg_bringup/share/incubator_cpp_pkg_bringup/cmake/incubator_cpp_pkg_bringupConfig.cmake
[0.310s] -- Up-to-date: /home/thompson/incubator_ws/install/incubator_cpp_pkg_bringup/share/incubator_cpp_pkg_bringup/cmake/incubator_cpp_pkg_bringupConfig-version.cmake
[0.310s] -- Installing: /home/thompson/incubator_ws/install/incubator_cpp_pkg_bringup/share/incubator_cpp_pkg_bringup/package.xml
[0.312s] Invoked command in '/home/thompson/incubator_ws/build/incubator_cpp_pkg_bringup' returned '0': CMAKE_PREFIX_PATH=/home/thompson/incubator_ws/install/incubator_cpp_pkg:/home/thompson/incubator_ws/install/incubator_description:/home/thompson/incubator_ws/install/incubator_cpp_pkg_interfaces:/home/thompson/incubator_ws/install/incubator_cpp_pkg_bringup:/home/thompson/incubator_ws/install/incubator_py_pkg:/opt/ros/humble /usr/bin/cmake --install /home/thompson/incubator_ws/build/incubator_cpp_pkg_bringup
