[0.011s] Invoking command in '/home/thompson/incubator_ws/build/incubator_cpp_pkg': CMAKE_PREFIX_PATH=/home/thompson/incubator_ws/install/incubator_cpp_pkg_interfaces:/home/thompson/incubator_ws/install/incubator_cpp_pkg_bringup:/home/thompson/incubator_ws/install/incubator_description:/home/thompson/incubator_ws/install/incubator_cpp_pkg:/opt/ros/humble /usr/bin/cmake --build /home/thompson/incubator_ws/build/incubator_cpp_pkg -- -j7 -l7
[0.058s] [35m[1mConsolidate compiler generated dependencies of target Incubator_i_Instance_pt_ptp_device_manager_exe[0m
[0.073s] [ 66%] Built target Incubator_i_Instance_dt_dtp_idbr_exe
[0.073s] [ 66%] Built target Incubator_i_Instance_pt_ptp_controller_exe
[0.079s] [100%] Built target Incubator_i_Instance_pt_ptp_device_manager_exe
[0.090s] Invoked command in '/home/thompson/incubator_ws/build/incubator_cpp_pkg' returned '0': CMAKE_PREFIX_PATH=/home/thompson/incubator_ws/install/incubator_cpp_pkg_interfaces:/home/thompson/incubator_ws/install/incubator_cpp_pkg_bringup:/home/thompson/incubator_ws/install/incubator_description:/home/thompson/incubator_ws/install/incubator_cpp_pkg:/opt/ros/humble /usr/bin/cmake --build /home/thompson/incubator_ws/build/incubator_cpp_pkg -- -j7 -l7
[0.150s] Invoking command in '/home/thompson/incubator_ws/build/incubator_cpp_pkg': CMAKE_PREFIX_PATH=/home/thompson/incubator_ws/install/incubator_cpp_pkg_interfaces:/home/thompson/incubator_ws/install/incubator_cpp_pkg_bringup:/home/thompson/incubator_ws/install/incubator_description:/home/thompson/incubator_ws/install/incubator_cpp_pkg:/opt/ros/humble /usr/bin/cmake --install /home/thompson/incubator_ws/build/incubator_cpp_pkg
[0.157s] -- Install configuration: ""
[0.158s] -- Up-to-date: /home/thompson/incubator_ws/install/incubator_cpp_pkg/lib/incubator_cpp_pkg/Incubator_i_Instance_pt_ptp_device_manager_exe
[0.158s] -- Up-to-date: /home/thompson/incubator_ws/install/incubator_cpp_pkg/lib/incubator_cpp_pkg/Incubator_i_Instance_pt_ptp_controller_exe
[0.158s] -- Up-to-date: /home/thompson/incubator_ws/install/incubator_cpp_pkg/lib/incubator_cpp_pkg/Incubator_i_Instance_dt_dtp_idbr_exe
[0.158s] -- Up-to-date: /home/thompson/incubator_ws/install/incubator_cpp_pkg/share/ament_index/resource_index/package_run_dependencies/incubator_cpp_pkg
[0.159s] -- Up-to-date: /home/thompson/incubator_ws/install/incubator_cpp_pkg/share/ament_index/resource_index/parent_prefix_path/incubator_cpp_pkg
[0.159s] -- Up-to-date: /home/thompson/incubator_ws/install/incubator_cpp_pkg/share/incubator_cpp_pkg/environment/ament_prefix_path.sh
[0.159s] -- Up-to-date: /home/thompson/incubator_ws/install/incubator_cpp_pkg/share/incubator_cpp_pkg/environment/ament_prefix_path.dsv
[0.159s] -- Up-to-date: /home/thompson/incubator_ws/install/incubator_cpp_pkg/share/incubator_cpp_pkg/environment/path.sh
[0.159s] -- Up-to-date: /home/thompson/incubator_ws/install/incubator_cpp_pkg/share/incubator_cpp_pkg/environment/path.dsv
[0.159s] -- Up-to-date: /home/thompson/incubator_ws/install/incubator_cpp_pkg/share/incubator_cpp_pkg/local_setup.bash
[0.159s] -- Up-to-date: /home/thompson/incubator_ws/install/incubator_cpp_pkg/share/incubator_cpp_pkg/local_setup.sh
[0.159s] -- Up-to-date: /home/thompson/incubator_ws/install/incubator_cpp_pkg/share/incubator_cpp_pkg/local_setup.zsh
[0.160s] -- Up-to-date: /home/thompson/incubator_ws/install/incubator_cpp_pkg/share/incubator_cpp_pkg/local_setup.dsv
[0.160s] -- Installing: /home/thompson/incubator_ws/install/incubator_cpp_pkg/share/incubator_cpp_pkg/package.dsv
[0.160s] -- Up-to-date: /home/thompson/incubator_ws/install/incubator_cpp_pkg/share/ament_index/resource_index/packages/incubator_cpp_pkg
[0.160s] -- Up-to-date: /home/thompson/incubator_ws/install/incubator_cpp_pkg/share/incubator_cpp_pkg/cmake/incubator_cpp_pkgConfig.cmake
[0.160s] -- Up-to-date: /home/thompson/incubator_ws/install/incubator_cpp_pkg/share/incubator_cpp_pkg/cmake/incubator_cpp_pkgConfig-version.cmake
[0.160s] -- Up-to-date: /home/thompson/incubator_ws/install/incubator_cpp_pkg/share/incubator_cpp_pkg/package.xml
[0.162s] Invoked command in '/home/thompson/incubator_ws/build/incubator_cpp_pkg' returned '0': CMAKE_PREFIX_PATH=/home/thompson/incubator_ws/install/incubator_cpp_pkg_interfaces:/home/thompson/incubator_ws/install/incubator_cpp_pkg_bringup:/home/thompson/incubator_ws/install/incubator_description:/home/thompson/incubator_ws/install/incubator_cpp_pkg:/opt/ros/humble /usr/bin/cmake --install /home/thompson/incubator_ws/build/incubator_cpp_pkg
