[0.314s] DEBUG:colcon:Command line arguments: ['/usr/bin/colcon', 'build']
[0.314s] DEBUG:colcon:Parsed command line arguments: Namespace(log_base=None, log_level=None, verb_name='build', build_base='build', install_base='install', merge_install=False, symlink_install=False, test_result_base=None, continue_on_error=False, executor='parallel', parallel_workers=7, event_handlers=None, ignore_user_meta=False, metas=['./colcon.meta'], base_paths=['.'], packages_ignore=None, packages_ignore_regex=None, paths=None, packages_up_to=None, packages_up_to_regex=None, packages_above=None, packages_above_and_dependencies=None, packages_above_depth=None, packages_select_by_dep=None, packages_skip_by_dep=None, packages_skip_up_to=None, packages_select_build_failed=False, packages_skip_build_finished=False, packages_select_test_failures=False, packages_skip_test_passed=False, packages_select=None, packages_skip=None, packages_select_regex=None, packages_skip_regex=None, packages_start=None, packages_end=None, allow_overriding=[], cmake_args=None, cmake_target=None, cmake_target_skip_unavailable=False, cmake_clean_cache=False, cmake_clean_first=False, cmake_force_configure=False, ament_cmake_args=None, catkin_cmake_args=None, catkin_skip_building_tests=False, verb_parser=<colcon_defaults.argument_parser.defaults.DefaultArgumentsDecorator object at 0x781396dff4c0>, verb_extension=<colcon_core.verb.build.BuildVerb object at 0x781396dfe410>, main=<bound method BuildVerb.main of <colcon_core.verb.build.BuildVerb object at 0x781396dfe410>>)
[0.669s] Level 1:colcon.colcon_core.package_discovery:discover_packages(colcon_meta) check parameters
[0.669s] Level 1:colcon.colcon_core.package_discovery:discover_packages(recursive) check parameters
[0.669s] Level 1:colcon.colcon_core.package_discovery:discover_packages(ignore) check parameters
[0.669s] Level 1:colcon.colcon_core.package_discovery:discover_packages(path) check parameters
[0.669s] Level 1:colcon.colcon_core.package_discovery:discover_packages(colcon_meta) discover
[0.669s] Level 1:colcon.colcon_core.package_discovery:discover_packages(recursive) discover
[0.669s] INFO:colcon.colcon_core.package_discovery:Crawling recursively for packages in '/home/thompson/incubator_ws'
[0.669s] Level 1:colcon.colcon_core.package_identification:_identify(.) by extensions ['ignore', 'ignore_ament_install']
[0.670s] Level 1:colcon.colcon_core.package_identification:_identify(.) by extension 'ignore'
[0.670s] Level 1:colcon.colcon_core.package_identification:_identify(.) by extension 'ignore_ament_install'
[0.670s] Level 1:colcon.colcon_core.package_identification:_identify(.) by extensions ['colcon_pkg']
[0.670s] Level 1:colcon.colcon_core.package_identification:_identify(.) by extension 'colcon_pkg'
[0.670s] Level 1:colcon.colcon_core.package_identification:_identify(.) by extensions ['colcon_meta']
[0.670s] Level 1:colcon.colcon_core.package_identification:_identify(.) by extension 'colcon_meta'
[0.670s] Level 1:colcon.colcon_core.package_identification:_identify(.) by extensions ['ros']
[0.670s] Level 1:colcon.colcon_core.package_identification:_identify(.) by extension 'ros'
[0.682s] Level 1:colcon.colcon_core.package_identification:_identify(.) by extensions ['cmake', 'python']
[0.682s] Level 1:colcon.colcon_core.package_identification:_identify(.) by extension 'cmake'
[0.682s] Level 1:colcon.colcon_core.package_identification:_identify(.) by extension 'python'
[0.682s] Level 1:colcon.colcon_core.package_identification:_identify(.) by extensions ['python_setup_py']
[0.682s] Level 1:colcon.colcon_core.package_identification:_identify(.) by extension 'python_setup_py'
[0.683s] Level 1:colcon.colcon_core.package_identification:_identify(build) by extensions ['ignore', 'ignore_ament_install']
[0.683s] Level 1:colcon.colcon_core.package_identification:_identify(build) by extension 'ignore'
[0.683s] Level 1:colcon.colcon_core.package_identification:_identify(build) ignored
[0.683s] Level 1:colcon.colcon_core.package_identification:_identify(install) by extensions ['ignore', 'ignore_ament_install']
[0.683s] Level 1:colcon.colcon_core.package_identification:_identify(install) by extension 'ignore'
[0.683s] Level 1:colcon.colcon_core.package_identification:_identify(install) ignored
[0.683s] Level 1:colcon.colcon_core.package_identification:_identify(log) by extensions ['ignore', 'ignore_ament_install']
[0.683s] Level 1:colcon.colcon_core.package_identification:_identify(log) by extension 'ignore'
[0.683s] Level 1:colcon.colcon_core.package_identification:_identify(log) ignored
[0.683s] Level 1:colcon.colcon_core.package_identification:_identify(src) by extensions ['ignore', 'ignore_ament_install']
[0.683s] Level 1:colcon.colcon_core.package_identification:_identify(src) by extension 'ignore'
[0.683s] Level 1:colcon.colcon_core.package_identification:_identify(src) by extension 'ignore_ament_install'
[0.683s] Level 1:colcon.colcon_core.package_identification:_identify(src) by extensions ['colcon_pkg']
[0.683s] Level 1:colcon.colcon_core.package_identification:_identify(src) by extension 'colcon_pkg'
[0.683s] Level 1:colcon.colcon_core.package_identification:_identify(src) by extensions ['colcon_meta']
[0.683s] Level 1:colcon.colcon_core.package_identification:_identify(src) by extension 'colcon_meta'
[0.684s] Level 1:colcon.colcon_core.package_identification:_identify(src) by extensions ['ros']
[0.684s] Level 1:colcon.colcon_core.package_identification:_identify(src) by extension 'ros'
[0.684s] Level 1:colcon.colcon_core.package_identification:_identify(src) by extensions ['cmake', 'python']
[0.684s] Level 1:colcon.colcon_core.package_identification:_identify(src) by extension 'cmake'
[0.684s] Level 1:colcon.colcon_core.package_identification:_identify(src) by extension 'python'
[0.684s] Level 1:colcon.colcon_core.package_identification:_identify(src) by extensions ['python_setup_py']
[0.685s] Level 1:colcon.colcon_core.package_identification:_identify(src) by extension 'python_setup_py'
[0.685s] Level 1:colcon.colcon_core.package_identification:_identify(src/incubator_cpp_pkg) by extensions ['ignore', 'ignore_ament_install']
[0.685s] Level 1:colcon.colcon_core.package_identification:_identify(src/incubator_cpp_pkg) by extension 'ignore'
[0.685s] Level 1:colcon.colcon_core.package_identification:_identify(src/incubator_cpp_pkg) by extension 'ignore_ament_install'
[0.685s] Level 1:colcon.colcon_core.package_identification:_identify(src/incubator_cpp_pkg) by extensions ['colcon_pkg']
[0.685s] Level 1:colcon.colcon_core.package_identification:_identify(src/incubator_cpp_pkg) by extension 'colcon_pkg'
[0.685s] Level 1:colcon.colcon_core.package_identification:_identify(src/incubator_cpp_pkg) by extensions ['colcon_meta']
[0.685s] Level 1:colcon.colcon_core.package_identification:_identify(src/incubator_cpp_pkg) by extension 'colcon_meta'
[0.685s] Level 1:colcon.colcon_core.package_identification:_identify(src/incubator_cpp_pkg) by extensions ['ros']
[0.685s] Level 1:colcon.colcon_core.package_identification:_identify(src/incubator_cpp_pkg) by extension 'ros'
[0.690s] DEBUG:colcon.colcon_core.package_identification:Package 'src/incubator_cpp_pkg' with type 'ros.ament_cmake' and name 'incubator_cpp_pkg'
[0.690s] Level 1:colcon.colcon_core.package_identification:_identify(src/incubator_cpp_pkg_bringup) by extensions ['ignore', 'ignore_ament_install']
[0.691s] Level 1:colcon.colcon_core.package_identification:_identify(src/incubator_cpp_pkg_bringup) by extension 'ignore'
[0.691s] Level 1:colcon.colcon_core.package_identification:_identify(src/incubator_cpp_pkg_bringup) by extension 'ignore_ament_install'
[0.691s] Level 1:colcon.colcon_core.package_identification:_identify(src/incubator_cpp_pkg_bringup) by extensions ['colcon_pkg']
[0.691s] Level 1:colcon.colcon_core.package_identification:_identify(src/incubator_cpp_pkg_bringup) by extension 'colcon_pkg'
[0.691s] Level 1:colcon.colcon_core.package_identification:_identify(src/incubator_cpp_pkg_bringup) by extensions ['colcon_meta']
[0.691s] Level 1:colcon.colcon_core.package_identification:_identify(src/incubator_cpp_pkg_bringup) by extension 'colcon_meta'
[0.691s] Level 1:colcon.colcon_core.package_identification:_identify(src/incubator_cpp_pkg_bringup) by extensions ['ros']
[0.691s] Level 1:colcon.colcon_core.package_identification:_identify(src/incubator_cpp_pkg_bringup) by extension 'ros'
[0.692s] DEBUG:colcon.colcon_core.package_identification:Package 'src/incubator_cpp_pkg_bringup' with type 'ros.ament_cmake' and name 'incubator_cpp_pkg_bringup'
[0.692s] Level 1:colcon.colcon_core.package_identification:_identify(src/incubator_cpp_pkg_interfaces) by extensions ['ignore', 'ignore_ament_install']
[0.692s] Level 1:colcon.colcon_core.package_identification:_identify(src/incubator_cpp_pkg_interfaces) by extension 'ignore'
[0.692s] Level 1:colcon.colcon_core.package_identification:_identify(src/incubator_cpp_pkg_interfaces) by extension 'ignore_ament_install'
[0.692s] Level 1:colcon.colcon_core.package_identification:_identify(src/incubator_cpp_pkg_interfaces) by extensions ['colcon_pkg']
[0.692s] Level 1:colcon.colcon_core.package_identification:_identify(src/incubator_cpp_pkg_interfaces) by extension 'colcon_pkg'
[0.692s] Level 1:colcon.colcon_core.package_identification:_identify(src/incubator_cpp_pkg_interfaces) by extensions ['colcon_meta']
[0.692s] Level 1:colcon.colcon_core.package_identification:_identify(src/incubator_cpp_pkg_interfaces) by extension 'colcon_meta'
[0.692s] Level 1:colcon.colcon_core.package_identification:_identify(src/incubator_cpp_pkg_interfaces) by extensions ['ros']
[0.693s] Level 1:colcon.colcon_core.package_identification:_identify(src/incubator_cpp_pkg_interfaces) by extension 'ros'
[0.694s] DEBUG:colcon.colcon_core.package_identification:Package 'src/incubator_cpp_pkg_interfaces' with type 'ros.ament_cmake' and name 'incubator_cpp_pkg_interfaces'
[0.694s] Level 1:colcon.colcon_core.package_discovery:discover_packages(recursive) using defaults
[0.694s] Level 1:colcon.colcon_core.package_discovery:discover_packages(ignore) discover
[0.694s] Level 1:colcon.colcon_core.package_discovery:discover_packages(ignore) using defaults
[0.694s] Level 1:colcon.colcon_core.package_discovery:discover_packages(path) discover
[0.694s] Level 1:colcon.colcon_core.package_discovery:discover_packages(path) using defaults
[0.726s] Level 1:colcon.colcon_core.package_discovery:discover_packages(prefix_path) check parameters
[0.726s] Level 1:colcon.colcon_core.package_discovery:discover_packages(prefix_path) discover
[0.730s] DEBUG:colcon.colcon_installed_package_information.package_discovery:Found 270 installed packages in /opt/ros/humble
[0.732s] Level 1:colcon.colcon_core.package_discovery:discover_packages(prefix_path) using defaults
[0.781s] Level 5:colcon.colcon_core.verb:set package 'incubator_cpp_pkg_interfaces' build argument 'cmake_args' from command line to 'None'
[0.781s] Level 5:colcon.colcon_core.verb:set package 'incubator_cpp_pkg_interfaces' build argument 'cmake_target' from command line to 'None'
[0.781s] Level 5:colcon.colcon_core.verb:set package 'incubator_cpp_pkg_interfaces' build argument 'cmake_target_skip_unavailable' from command line to 'False'
[0.781s] Level 5:colcon.colcon_core.verb:set package 'incubator_cpp_pkg_interfaces' build argument 'cmake_clean_cache' from command line to 'False'
[0.781s] Level 5:colcon.colcon_core.verb:set package 'incubator_cpp_pkg_interfaces' build argument 'cmake_clean_first' from command line to 'False'
[0.781s] Level 5:colcon.colcon_core.verb:set package 'incubator_cpp_pkg_interfaces' build argument 'cmake_force_configure' from command line to 'False'
[0.781s] Level 5:colcon.colcon_core.verb:set package 'incubator_cpp_pkg_interfaces' build argument 'ament_cmake_args' from command line to 'None'
[0.781s] Level 5:colcon.colcon_core.verb:set package 'incubator_cpp_pkg_interfaces' build argument 'catkin_cmake_args' from command line to 'None'
[0.781s] Level 5:colcon.colcon_core.verb:set package 'incubator_cpp_pkg_interfaces' build argument 'catkin_skip_building_tests' from command line to 'False'
[0.781s] DEBUG:colcon.colcon_core.verb:Building package 'incubator_cpp_pkg_interfaces' with the following arguments: {'ament_cmake_args': None, 'build_base': '/home/thompson/incubator_ws/build/incubator_cpp_pkg_interfaces', 'catkin_cmake_args': None, 'catkin_skip_building_tests': False, 'cmake_args': None, 'cmake_clean_cache': False, 'cmake_clean_first': False, 'cmake_force_configure': False, 'cmake_target': None, 'cmake_target_skip_unavailable': False, 'install_base': '/home/thompson/incubator_ws/install/incubator_cpp_pkg_interfaces', 'merge_install': False, 'path': '/home/thompson/incubator_ws/src/incubator_cpp_pkg_interfaces', 'symlink_install': False, 'test_result_base': None}
[0.781s] Level 5:colcon.colcon_core.verb:set package 'incubator_cpp_pkg' build argument 'cmake_args' from command line to 'None'
[0.781s] Level 5:colcon.colcon_core.verb:set package 'incubator_cpp_pkg' build argument 'cmake_target' from command line to 'None'
[0.781s] Level 5:colcon.colcon_core.verb:set package 'incubator_cpp_pkg' build argument 'cmake_target_skip_unavailable' from command line to 'False'
[0.781s] Level 5:colcon.colcon_core.verb:set package 'incubator_cpp_pkg' build argument 'cmake_clean_cache' from command line to 'False'
[0.781s] Level 5:colcon.colcon_core.verb:set package 'incubator_cpp_pkg' build argument 'cmake_clean_first' from command line to 'False'
[0.781s] Level 5:colcon.colcon_core.verb:set package 'incubator_cpp_pkg' build argument 'cmake_force_configure' from command line to 'False'
[0.781s] Level 5:colcon.colcon_core.verb:set package 'incubator_cpp_pkg' build argument 'ament_cmake_args' from command line to 'None'
[0.781s] Level 5:colcon.colcon_core.verb:set package 'incubator_cpp_pkg' build argument 'catkin_cmake_args' from command line to 'None'
[0.781s] Level 5:colcon.colcon_core.verb:set package 'incubator_cpp_pkg' build argument 'catkin_skip_building_tests' from command line to 'False'
[0.781s] DEBUG:colcon.colcon_core.verb:Building package 'incubator_cpp_pkg' with the following arguments: {'ament_cmake_args': None, 'build_base': '/home/thompson/incubator_ws/build/incubator_cpp_pkg', 'catkin_cmake_args': None, 'catkin_skip_building_tests': False, 'cmake_args': None, 'cmake_clean_cache': False, 'cmake_clean_first': False, 'cmake_force_configure': False, 'cmake_target': None, 'cmake_target_skip_unavailable': False, 'install_base': '/home/thompson/incubator_ws/install/incubator_cpp_pkg', 'merge_install': False, 'path': '/home/thompson/incubator_ws/src/incubator_cpp_pkg', 'symlink_install': False, 'test_result_base': None}
[0.782s] Level 5:colcon.colcon_core.verb:set package 'incubator_cpp_pkg_bringup' build argument 'cmake_args' from command line to 'None'
[0.782s] Level 5:colcon.colcon_core.verb:set package 'incubator_cpp_pkg_bringup' build argument 'cmake_target' from command line to 'None'
[0.782s] Level 5:colcon.colcon_core.verb:set package 'incubator_cpp_pkg_bringup' build argument 'cmake_target_skip_unavailable' from command line to 'False'
[0.782s] Level 5:colcon.colcon_core.verb:set package 'incubator_cpp_pkg_bringup' build argument 'cmake_clean_cache' from command line to 'False'
[0.782s] Level 5:colcon.colcon_core.verb:set package 'incubator_cpp_pkg_bringup' build argument 'cmake_clean_first' from command line to 'False'
[0.782s] Level 5:colcon.colcon_core.verb:set package 'incubator_cpp_pkg_bringup' build argument 'cmake_force_configure' from command line to 'False'
[0.782s] Level 5:colcon.colcon_core.verb:set package 'incubator_cpp_pkg_bringup' build argument 'ament_cmake_args' from command line to 'None'
[0.782s] Level 5:colcon.colcon_core.verb:set package 'incubator_cpp_pkg_bringup' build argument 'catkin_cmake_args' from command line to 'None'
[0.782s] Level 5:colcon.colcon_core.verb:set package 'incubator_cpp_pkg_bringup' build argument 'catkin_skip_building_tests' from command line to 'False'
[0.782s] DEBUG:colcon.colcon_core.verb:Building package 'incubator_cpp_pkg_bringup' with the following arguments: {'ament_cmake_args': None, 'build_base': '/home/thompson/incubator_ws/build/incubator_cpp_pkg_bringup', 'catkin_cmake_args': None, 'catkin_skip_building_tests': False, 'cmake_args': None, 'cmake_clean_cache': False, 'cmake_clean_first': False, 'cmake_force_configure': False, 'cmake_target': None, 'cmake_target_skip_unavailable': False, 'install_base': '/home/thompson/incubator_ws/install/incubator_cpp_pkg_bringup', 'merge_install': False, 'path': '/home/thompson/incubator_ws/src/incubator_cpp_pkg_bringup', 'symlink_install': False, 'test_result_base': None}
[0.782s] INFO:colcon.colcon_core.executor:Executing jobs using 'parallel' executor
[0.783s] DEBUG:colcon.colcon_parallel_executor.executor.parallel:run_until_complete
[0.783s] INFO:colcon.colcon_ros.task.ament_cmake.build:Building ROS package in '/home/thompson/incubator_ws/src/incubator_cpp_pkg_interfaces' with build type 'ament_cmake'
[0.783s] INFO:colcon.colcon_cmake.task.cmake.build:Building CMake package in '/home/thompson/incubator_ws/src/incubator_cpp_pkg_interfaces'
[0.797s] INFO:colcon.colcon_core.plugin_system:Skipping extension 'colcon_core.shell.bat': Not used on non-Windows systems
[0.797s] INFO:colcon.colcon_core.shell:Skip shell extension 'powershell' for command environment: Not usable outside of PowerShell
[0.797s] DEBUG:colcon.colcon_core.shell:Skip shell extension 'dsv' for command environment
[0.816s] DEBUG:colcon.colcon_core.event_handler.log_command:Invoking command in '/home/thompson/incubator_ws/build/incubator_cpp_pkg_interfaces': CMAKE_PREFIX_PATH=/opt/ros/humble /usr/bin/cmake --build /home/thompson/incubator_ws/build/incubator_cpp_pkg_interfaces -- -j7 -l7
[1.344s] DEBUG:colcon.colcon_core.event_handler.log_command:Invoked command in '/home/thompson/incubator_ws/build/incubator_cpp_pkg_interfaces' returned '0': CMAKE_PREFIX_PATH=/opt/ros/humble /usr/bin/cmake --build /home/thompson/incubator_ws/build/incubator_cpp_pkg_interfaces -- -j7 -l7
[1.674s] DEBUG:colcon.colcon_core.event_handler.log_command:Invoking command in '/home/thompson/incubator_ws/build/incubator_cpp_pkg_interfaces': CMAKE_PREFIX_PATH=/opt/ros/humble /usr/bin/cmake --install /home/thompson/incubator_ws/build/incubator_cpp_pkg_interfaces
[1.781s] Level 1:colcon.colcon_core.environment:create_environment_scripts_only(incubator_cpp_pkg_interfaces)
[1.782s] DEBUG:colcon.colcon_core.event_handler.log_command:Invoked command in '/home/thompson/incubator_ws/build/incubator_cpp_pkg_interfaces' returned '0': CMAKE_PREFIX_PATH=/opt/ros/humble /usr/bin/cmake --install /home/thompson/incubator_ws/build/incubator_cpp_pkg_interfaces
[1.792s] Level 1:colcon.colcon_core.environment:checking '/home/thompson/incubator_ws/install/incubator_cpp_pkg_interfaces' for CMake module files
[1.792s] Level 1:colcon.colcon_core.environment:checking '/home/thompson/incubator_ws/install/incubator_cpp_pkg_interfaces' for CMake config files
[1.793s] Level 1:colcon.colcon_core.shell:create_environment_hook('incubator_cpp_pkg_interfaces', 'cmake_prefix_path')
[1.794s] INFO:colcon.colcon_core.shell:Creating environment hook '/home/thompson/incubator_ws/install/incubator_cpp_pkg_interfaces/share/incubator_cpp_pkg_interfaces/hook/cmake_prefix_path.ps1'
[1.795s] INFO:colcon.colcon_core.shell:Creating environment descriptor '/home/thompson/incubator_ws/install/incubator_cpp_pkg_interfaces/share/incubator_cpp_pkg_interfaces/hook/cmake_prefix_path.dsv'
[1.796s] INFO:colcon.colcon_core.shell:Creating environment hook '/home/thompson/incubator_ws/install/incubator_cpp_pkg_interfaces/share/incubator_cpp_pkg_interfaces/hook/cmake_prefix_path.sh'
[1.797s] Level 1:colcon.colcon_core.environment:checking '/home/thompson/incubator_ws/install/incubator_cpp_pkg_interfaces/lib'
[1.797s] Level 1:colcon.colcon_core.shell:create_environment_hook('incubator_cpp_pkg_interfaces', 'ld_library_path_lib')
[1.798s] INFO:colcon.colcon_core.shell:Creating environment hook '/home/thompson/incubator_ws/install/incubator_cpp_pkg_interfaces/share/incubator_cpp_pkg_interfaces/hook/ld_library_path_lib.ps1'
[1.798s] INFO:colcon.colcon_core.shell:Creating environment descriptor '/home/thompson/incubator_ws/install/incubator_cpp_pkg_interfaces/share/incubator_cpp_pkg_interfaces/hook/ld_library_path_lib.dsv'
[1.798s] INFO:colcon.colcon_core.shell:Creating environment hook '/home/thompson/incubator_ws/install/incubator_cpp_pkg_interfaces/share/incubator_cpp_pkg_interfaces/hook/ld_library_path_lib.sh'
[1.799s] Level 1:colcon.colcon_core.environment:checking '/home/thompson/incubator_ws/install/incubator_cpp_pkg_interfaces/bin'
[1.799s] Level 1:colcon.colcon_core.environment:checking '/home/thompson/incubator_ws/install/incubator_cpp_pkg_interfaces/lib/pkgconfig/incubator_cpp_pkg_interfaces.pc'
[1.799s] Level 1:colcon.colcon_core.environment:checking '/home/thompson/incubator_ws/install/incubator_cpp_pkg_interfaces/lib/python3.10/site-packages'
[1.799s] Level 1:colcon.colcon_core.environment:checking '/home/thompson/incubator_ws/install/incubator_cpp_pkg_interfaces/bin'
[1.800s] INFO:colcon.colcon_core.shell:Creating package script '/home/thompson/incubator_ws/install/incubator_cpp_pkg_interfaces/share/incubator_cpp_pkg_interfaces/package.ps1'
[1.801s] INFO:colcon.colcon_core.shell:Creating package descriptor '/home/thompson/incubator_ws/install/incubator_cpp_pkg_interfaces/share/incubator_cpp_pkg_interfaces/package.dsv'
[1.802s] INFO:colcon.colcon_core.shell:Creating package script '/home/thompson/incubator_ws/install/incubator_cpp_pkg_interfaces/share/incubator_cpp_pkg_interfaces/package.sh'
[1.803s] INFO:colcon.colcon_core.shell:Creating package script '/home/thompson/incubator_ws/install/incubator_cpp_pkg_interfaces/share/incubator_cpp_pkg_interfaces/package.bash'
[1.804s] INFO:colcon.colcon_core.shell:Creating package script '/home/thompson/incubator_ws/install/incubator_cpp_pkg_interfaces/share/incubator_cpp_pkg_interfaces/package.zsh'
[1.805s] Level 1:colcon.colcon_core.environment:create_file_with_runtime_dependencies(/home/thompson/incubator_ws/install/incubator_cpp_pkg_interfaces/share/colcon-core/packages/incubator_cpp_pkg_interfaces)
[2.119s] Level 1:colcon.colcon_core.environment:create_environment_scripts_only(incubator_cpp_pkg_interfaces)
[2.119s] Level 1:colcon.colcon_core.environment:checking '/home/thompson/incubator_ws/install/incubator_cpp_pkg_interfaces' for CMake module files
[2.120s] Level 1:colcon.colcon_core.environment:checking '/home/thompson/incubator_ws/install/incubator_cpp_pkg_interfaces' for CMake config files
[2.120s] Level 1:colcon.colcon_core.shell:create_environment_hook('incubator_cpp_pkg_interfaces', 'cmake_prefix_path')
[2.121s] INFO:colcon.colcon_core.shell:Creating environment hook '/home/thompson/incubator_ws/install/incubator_cpp_pkg_interfaces/share/incubator_cpp_pkg_interfaces/hook/cmake_prefix_path.ps1'
[2.121s] INFO:colcon.colcon_core.shell:Creating environment descriptor '/home/thompson/incubator_ws/install/incubator_cpp_pkg_interfaces/share/incubator_cpp_pkg_interfaces/hook/cmake_prefix_path.dsv'
[2.122s] INFO:colcon.colcon_core.shell:Creating environment hook '/home/thompson/incubator_ws/install/incubator_cpp_pkg_interfaces/share/incubator_cpp_pkg_interfaces/hook/cmake_prefix_path.sh'
[2.123s] Level 1:colcon.colcon_core.environment:checking '/home/thompson/incubator_ws/install/incubator_cpp_pkg_interfaces/lib'
[2.123s] Level 1:colcon.colcon_core.shell:create_environment_hook('incubator_cpp_pkg_interfaces', 'ld_library_path_lib')
[2.123s] INFO:colcon.colcon_core.shell:Creating environment hook '/home/thompson/incubator_ws/install/incubator_cpp_pkg_interfaces/share/incubator_cpp_pkg_interfaces/hook/ld_library_path_lib.ps1'
[2.123s] INFO:colcon.colcon_core.shell:Creating environment descriptor '/home/thompson/incubator_ws/install/incubator_cpp_pkg_interfaces/share/incubator_cpp_pkg_interfaces/hook/ld_library_path_lib.dsv'
[2.124s] INFO:colcon.colcon_core.shell:Creating environment hook '/home/thompson/incubator_ws/install/incubator_cpp_pkg_interfaces/share/incubator_cpp_pkg_interfaces/hook/ld_library_path_lib.sh'
[2.124s] Level 1:colcon.colcon_core.environment:checking '/home/thompson/incubator_ws/install/incubator_cpp_pkg_interfaces/bin'
[2.124s] Level 1:colcon.colcon_core.environment:checking '/home/thompson/incubator_ws/install/incubator_cpp_pkg_interfaces/lib/pkgconfig/incubator_cpp_pkg_interfaces.pc'
[2.124s] Level 1:colcon.colcon_core.environment:checking '/home/thompson/incubator_ws/install/incubator_cpp_pkg_interfaces/lib/python3.10/site-packages'
[2.125s] Level 1:colcon.colcon_core.environment:checking '/home/thompson/incubator_ws/install/incubator_cpp_pkg_interfaces/bin'
[2.125s] INFO:colcon.colcon_core.shell:Creating package script '/home/thompson/incubator_ws/install/incubator_cpp_pkg_interfaces/share/incubator_cpp_pkg_interfaces/package.ps1'
[2.125s] INFO:colcon.colcon_core.shell:Creating package descriptor '/home/thompson/incubator_ws/install/incubator_cpp_pkg_interfaces/share/incubator_cpp_pkg_interfaces/package.dsv'
[2.126s] INFO:colcon.colcon_core.shell:Creating package script '/home/thompson/incubator_ws/install/incubator_cpp_pkg_interfaces/share/incubator_cpp_pkg_interfaces/package.sh'
[2.126s] INFO:colcon.colcon_core.shell:Creating package script '/home/thompson/incubator_ws/install/incubator_cpp_pkg_interfaces/share/incubator_cpp_pkg_interfaces/package.bash'
[2.127s] INFO:colcon.colcon_core.shell:Creating package script '/home/thompson/incubator_ws/install/incubator_cpp_pkg_interfaces/share/incubator_cpp_pkg_interfaces/package.zsh'
[2.127s] Level 1:colcon.colcon_core.environment:create_file_with_runtime_dependencies(/home/thompson/incubator_ws/install/incubator_cpp_pkg_interfaces/share/colcon-core/packages/incubator_cpp_pkg_interfaces)
[2.127s] INFO:colcon.colcon_ros.task.ament_cmake.build:Building ROS package in '/home/thompson/incubator_ws/src/incubator_cpp_pkg' with build type 'ament_cmake'
[2.128s] INFO:colcon.colcon_cmake.task.cmake.build:Building CMake package in '/home/thompson/incubator_ws/src/incubator_cpp_pkg'
[2.128s] INFO:colcon.colcon_core.shell:Skip shell extension 'powershell' for command environment: Not usable outside of PowerShell
[2.128s] DEBUG:colcon.colcon_core.shell:Skip shell extension 'dsv' for command environment
[2.142s] DEBUG:colcon.colcon_core.event_handler.log_command:Invoking command in '/home/thompson/incubator_ws/build/incubator_cpp_pkg': AMENT_PREFIX_PATH=/home/thompson/incubator_ws/install/incubator_cpp_pkg_interfaces:${AMENT_PREFIX_PATH} CMAKE_PREFIX_PATH=/home/thompson/incubator_ws/install/incubator_cpp_pkg_interfaces:/opt/ros/humble LD_LIBRARY_PATH=/home/thompson/incubator_ws/install/incubator_cpp_pkg_interfaces/lib:${LD_LIBRARY_PATH} PYTHONPATH=/home/thompson/incubator_ws/install/incubator_cpp_pkg_interfaces/local/lib/python3.10/dist-packages:${PYTHONPATH} /usr/bin/cmake --build /home/thompson/incubator_ws/build/incubator_cpp_pkg -- -j7 -l7
[9.156s] DEBUG:colcon.colcon_core.event_handler.log_command:Invoked command in '/home/thompson/incubator_ws/build/incubator_cpp_pkg' returned '0': AMENT_PREFIX_PATH=/home/thompson/incubator_ws/install/incubator_cpp_pkg_interfaces:${AMENT_PREFIX_PATH} CMAKE_PREFIX_PATH=/home/thompson/incubator_ws/install/incubator_cpp_pkg_interfaces:/opt/ros/humble LD_LIBRARY_PATH=/home/thompson/incubator_ws/install/incubator_cpp_pkg_interfaces/lib:${LD_LIBRARY_PATH} PYTHONPATH=/home/thompson/incubator_ws/install/incubator_cpp_pkg_interfaces/local/lib/python3.10/dist-packages:${PYTHONPATH} /usr/bin/cmake --build /home/thompson/incubator_ws/build/incubator_cpp_pkg -- -j7 -l7
[9.213s] DEBUG:colcon.colcon_core.event_handler.log_command:Invoking command in '/home/thompson/incubator_ws/build/incubator_cpp_pkg': AMENT_PREFIX_PATH=/home/thompson/incubator_ws/install/incubator_cpp_pkg_interfaces:${AMENT_PREFIX_PATH} CMAKE_PREFIX_PATH=/home/thompson/incubator_ws/install/incubator_cpp_pkg_interfaces:/opt/ros/humble LD_LIBRARY_PATH=/home/thompson/incubator_ws/install/incubator_cpp_pkg_interfaces/lib:${LD_LIBRARY_PATH} PYTHONPATH=/home/thompson/incubator_ws/install/incubator_cpp_pkg_interfaces/local/lib/python3.10/dist-packages:${PYTHONPATH} /usr/bin/cmake --install /home/thompson/incubator_ws/build/incubator_cpp_pkg
[9.251s] Level 1:colcon.colcon_core.environment:create_environment_scripts_only(incubator_cpp_pkg)
[9.252s] Level 1:colcon.colcon_core.environment:checking '/home/thompson/incubator_ws/install/incubator_cpp_pkg' for CMake module files
[9.252s] DEBUG:colcon.colcon_core.event_handler.log_command:Invoked command in '/home/thompson/incubator_ws/build/incubator_cpp_pkg' returned '0': AMENT_PREFIX_PATH=/home/thompson/incubator_ws/install/incubator_cpp_pkg_interfaces:${AMENT_PREFIX_PATH} CMAKE_PREFIX_PATH=/home/thompson/incubator_ws/install/incubator_cpp_pkg_interfaces:/opt/ros/humble LD_LIBRARY_PATH=/home/thompson/incubator_ws/install/incubator_cpp_pkg_interfaces/lib:${LD_LIBRARY_PATH} PYTHONPATH=/home/thompson/incubator_ws/install/incubator_cpp_pkg_interfaces/local/lib/python3.10/dist-packages:${PYTHONPATH} /usr/bin/cmake --install /home/thompson/incubator_ws/build/incubator_cpp_pkg
[9.253s] Level 1:colcon.colcon_core.environment:checking '/home/thompson/incubator_ws/install/incubator_cpp_pkg' for CMake config files
[9.253s] Level 1:colcon.colcon_core.shell:create_environment_hook('incubator_cpp_pkg', 'cmake_prefix_path')
[9.254s] INFO:colcon.colcon_core.shell:Creating environment hook '/home/thompson/incubator_ws/install/incubator_cpp_pkg/share/incubator_cpp_pkg/hook/cmake_prefix_path.ps1'
[9.254s] INFO:colcon.colcon_core.shell:Creating environment descriptor '/home/thompson/incubator_ws/install/incubator_cpp_pkg/share/incubator_cpp_pkg/hook/cmake_prefix_path.dsv'
[9.255s] INFO:colcon.colcon_core.shell:Creating environment hook '/home/thompson/incubator_ws/install/incubator_cpp_pkg/share/incubator_cpp_pkg/hook/cmake_prefix_path.sh'
[9.255s] Level 1:colcon.colcon_core.environment:checking '/home/thompson/incubator_ws/install/incubator_cpp_pkg/lib'
[9.255s] Level 1:colcon.colcon_core.environment:checking '/home/thompson/incubator_ws/install/incubator_cpp_pkg/bin'
[9.256s] Level 1:colcon.colcon_core.environment:checking '/home/thompson/incubator_ws/install/incubator_cpp_pkg/lib/pkgconfig/incubator_cpp_pkg.pc'
[9.256s] Level 1:colcon.colcon_core.environment:checking '/home/thompson/incubator_ws/install/incubator_cpp_pkg/lib/python3.10/site-packages'
[9.256s] Level 1:colcon.colcon_core.environment:checking '/home/thompson/incubator_ws/install/incubator_cpp_pkg/bin'
[9.256s] INFO:colcon.colcon_core.shell:Creating package script '/home/thompson/incubator_ws/install/incubator_cpp_pkg/share/incubator_cpp_pkg/package.ps1'
[9.257s] INFO:colcon.colcon_core.shell:Creating package descriptor '/home/thompson/incubator_ws/install/incubator_cpp_pkg/share/incubator_cpp_pkg/package.dsv'
[9.257s] INFO:colcon.colcon_core.shell:Creating package script '/home/thompson/incubator_ws/install/incubator_cpp_pkg/share/incubator_cpp_pkg/package.sh'
[9.258s] INFO:colcon.colcon_core.shell:Creating package script '/home/thompson/incubator_ws/install/incubator_cpp_pkg/share/incubator_cpp_pkg/package.bash'
[9.258s] INFO:colcon.colcon_core.shell:Creating package script '/home/thompson/incubator_ws/install/incubator_cpp_pkg/share/incubator_cpp_pkg/package.zsh'
[9.259s] Level 1:colcon.colcon_core.environment:create_file_with_runtime_dependencies(/home/thompson/incubator_ws/install/incubator_cpp_pkg/share/colcon-core/packages/incubator_cpp_pkg)
[9.317s] Level 1:colcon.colcon_core.environment:create_environment_scripts_only(incubator_cpp_pkg)
[9.317s] Level 1:colcon.colcon_core.environment:checking '/home/thompson/incubator_ws/install/incubator_cpp_pkg' for CMake module files
[9.318s] Level 1:colcon.colcon_core.environment:checking '/home/thompson/incubator_ws/install/incubator_cpp_pkg' for CMake config files
[9.318s] Level 1:colcon.colcon_core.shell:create_environment_hook('incubator_cpp_pkg', 'cmake_prefix_path')
[9.318s] INFO:colcon.colcon_core.shell:Creating environment hook '/home/thompson/incubator_ws/install/incubator_cpp_pkg/share/incubator_cpp_pkg/hook/cmake_prefix_path.ps1'
[9.318s] INFO:colcon.colcon_core.shell:Creating environment descriptor '/home/thompson/incubator_ws/install/incubator_cpp_pkg/share/incubator_cpp_pkg/hook/cmake_prefix_path.dsv'
[9.319s] INFO:colcon.colcon_core.shell:Creating environment hook '/home/thompson/incubator_ws/install/incubator_cpp_pkg/share/incubator_cpp_pkg/hook/cmake_prefix_path.sh'
[9.319s] Level 1:colcon.colcon_core.environment:checking '/home/thompson/incubator_ws/install/incubator_cpp_pkg/lib'
[9.319s] Level 1:colcon.colcon_core.environment:checking '/home/thompson/incubator_ws/install/incubator_cpp_pkg/bin'
[9.320s] Level 1:colcon.colcon_core.environment:checking '/home/thompson/incubator_ws/install/incubator_cpp_pkg/lib/pkgconfig/incubator_cpp_pkg.pc'
[9.320s] Level 1:colcon.colcon_core.environment:checking '/home/thompson/incubator_ws/install/incubator_cpp_pkg/lib/python3.10/site-packages'
[9.320s] Level 1:colcon.colcon_core.environment:checking '/home/thompson/incubator_ws/install/incubator_cpp_pkg/bin'
[9.320s] INFO:colcon.colcon_core.shell:Creating package script '/home/thompson/incubator_ws/install/incubator_cpp_pkg/share/incubator_cpp_pkg/package.ps1'
[9.321s] INFO:colcon.colcon_core.shell:Creating package descriptor '/home/thompson/incubator_ws/install/incubator_cpp_pkg/share/incubator_cpp_pkg/package.dsv'
[9.321s] INFO:colcon.colcon_core.shell:Creating package script '/home/thompson/incubator_ws/install/incubator_cpp_pkg/share/incubator_cpp_pkg/package.sh'
[9.322s] INFO:colcon.colcon_core.shell:Creating package script '/home/thompson/incubator_ws/install/incubator_cpp_pkg/share/incubator_cpp_pkg/package.bash'
[9.322s] INFO:colcon.colcon_core.shell:Creating package script '/home/thompson/incubator_ws/install/incubator_cpp_pkg/share/incubator_cpp_pkg/package.zsh'
[9.323s] Level 1:colcon.colcon_core.environment:create_file_with_runtime_dependencies(/home/thompson/incubator_ws/install/incubator_cpp_pkg/share/colcon-core/packages/incubator_cpp_pkg)
[9.323s] INFO:colcon.colcon_ros.task.ament_cmake.build:Building ROS package in '/home/thompson/incubator_ws/src/incubator_cpp_pkg_bringup' with build type 'ament_cmake'
[9.323s] INFO:colcon.colcon_cmake.task.cmake.build:Building CMake package in '/home/thompson/incubator_ws/src/incubator_cpp_pkg_bringup'
[9.324s] INFO:colcon.colcon_core.shell:Skip shell extension 'powershell' for command environment: Not usable outside of PowerShell
[9.324s] DEBUG:colcon.colcon_core.shell:Skip shell extension 'dsv' for command environment
[9.338s] DEBUG:colcon.colcon_core.event_handler.log_command:Invoking command in '/home/thompson/incubator_ws/build/incubator_cpp_pkg_bringup': AMENT_PREFIX_PATH=/home/thompson/incubator_ws/install/incubator_cpp_pkg:/home/thompson/incubator_ws/install/incubator_cpp_pkg_interfaces:${AMENT_PREFIX_PATH} CMAKE_PREFIX_PATH=/home/thompson/incubator_ws/install/incubator_cpp_pkg:/home/thompson/incubator_ws/install/incubator_cpp_pkg_interfaces:/opt/ros/humble LD_LIBRARY_PATH=/home/thompson/incubator_ws/install/incubator_cpp_pkg_interfaces/lib:${LD_LIBRARY_PATH} PYTHONPATH=/home/thompson/incubator_ws/install/incubator_cpp_pkg_interfaces/local/lib/python3.10/dist-packages:${PYTHONPATH} /usr/bin/cmake --build /home/thompson/incubator_ws/build/incubator_cpp_pkg_bringup -- -j7 -l7
[9.384s] DEBUG:colcon.colcon_core.event_handler.log_command:Invoked command in '/home/thompson/incubator_ws/build/incubator_cpp_pkg_bringup' returned '0': AMENT_PREFIX_PATH=/home/thompson/incubator_ws/install/incubator_cpp_pkg:/home/thompson/incubator_ws/install/incubator_cpp_pkg_interfaces:${AMENT_PREFIX_PATH} CMAKE_PREFIX_PATH=/home/thompson/incubator_ws/install/incubator_cpp_pkg:/home/thompson/incubator_ws/install/incubator_cpp_pkg_interfaces:/opt/ros/humble LD_LIBRARY_PATH=/home/thompson/incubator_ws/install/incubator_cpp_pkg_interfaces/lib:${LD_LIBRARY_PATH} PYTHONPATH=/home/thompson/incubator_ws/install/incubator_cpp_pkg_interfaces/local/lib/python3.10/dist-packages:${PYTHONPATH} /usr/bin/cmake --build /home/thompson/incubator_ws/build/incubator_cpp_pkg_bringup -- -j7 -l7
[9.411s] DEBUG:colcon.colcon_core.event_handler.log_command:Invoking command in '/home/thompson/incubator_ws/build/incubator_cpp_pkg_bringup': AMENT_PREFIX_PATH=/home/thompson/incubator_ws/install/incubator_cpp_pkg:/home/thompson/incubator_ws/install/incubator_cpp_pkg_interfaces:${AMENT_PREFIX_PATH} CMAKE_PREFIX_PATH=/home/thompson/incubator_ws/install/incubator_cpp_pkg:/home/thompson/incubator_ws/install/incubator_cpp_pkg_interfaces:/opt/ros/humble LD_LIBRARY_PATH=/home/thompson/incubator_ws/install/incubator_cpp_pkg_interfaces/lib:${LD_LIBRARY_PATH} PYTHONPATH=/home/thompson/incubator_ws/install/incubator_cpp_pkg_interfaces/local/lib/python3.10/dist-packages:${PYTHONPATH} /usr/bin/cmake --install /home/thompson/incubator_ws/build/incubator_cpp_pkg_bringup
[9.424s] Level 1:colcon.colcon_core.environment:create_environment_scripts_only(incubator_cpp_pkg_bringup)
[9.425s] Level 1:colcon.colcon_core.environment:checking '/home/thompson/incubator_ws/install/incubator_cpp_pkg_bringup' for CMake module files
[9.425s] DEBUG:colcon.colcon_core.event_handler.log_command:Invoked command in '/home/thompson/incubator_ws/build/incubator_cpp_pkg_bringup' returned '0': AMENT_PREFIX_PATH=/home/thompson/incubator_ws/install/incubator_cpp_pkg:/home/thompson/incubator_ws/install/incubator_cpp_pkg_interfaces:${AMENT_PREFIX_PATH} CMAKE_PREFIX_PATH=/home/thompson/incubator_ws/install/incubator_cpp_pkg:/home/thompson/incubator_ws/install/incubator_cpp_pkg_interfaces:/opt/ros/humble LD_LIBRARY_PATH=/home/thompson/incubator_ws/install/incubator_cpp_pkg_interfaces/lib:${LD_LIBRARY_PATH} PYTHONPATH=/home/thompson/incubator_ws/install/incubator_cpp_pkg_interfaces/local/lib/python3.10/dist-packages:${PYTHONPATH} /usr/bin/cmake --install /home/thompson/incubator_ws/build/incubator_cpp_pkg_bringup
[9.426s] Level 1:colcon.colcon_core.environment:checking '/home/thompson/incubator_ws/install/incubator_cpp_pkg_bringup' for CMake config files
[9.427s] Level 1:colcon.colcon_core.shell:create_environment_hook('incubator_cpp_pkg_bringup', 'cmake_prefix_path')
[9.427s] INFO:colcon.colcon_core.shell:Creating environment hook '/home/thompson/incubator_ws/install/incubator_cpp_pkg_bringup/share/incubator_cpp_pkg_bringup/hook/cmake_prefix_path.ps1'
[9.428s] INFO:colcon.colcon_core.shell:Creating environment descriptor '/home/thompson/incubator_ws/install/incubator_cpp_pkg_bringup/share/incubator_cpp_pkg_bringup/hook/cmake_prefix_path.dsv'
[9.428s] INFO:colcon.colcon_core.shell:Creating environment hook '/home/thompson/incubator_ws/install/incubator_cpp_pkg_bringup/share/incubator_cpp_pkg_bringup/hook/cmake_prefix_path.sh'
[9.429s] Level 1:colcon.colcon_core.environment:checking '/home/thompson/incubator_ws/install/incubator_cpp_pkg_bringup/bin'
[9.429s] Level 1:colcon.colcon_core.environment:checking '/home/thompson/incubator_ws/install/incubator_cpp_pkg_bringup/lib/pkgconfig/incubator_cpp_pkg_bringup.pc'
[9.429s] Level 1:colcon.colcon_core.environment:checking '/home/thompson/incubator_ws/install/incubator_cpp_pkg_bringup/lib/python3.10/site-packages'
[9.429s] Level 1:colcon.colcon_core.environment:checking '/home/thompson/incubator_ws/install/incubator_cpp_pkg_bringup/bin'
[9.429s] INFO:colcon.colcon_core.shell:Creating package script '/home/thompson/incubator_ws/install/incubator_cpp_pkg_bringup/share/incubator_cpp_pkg_bringup/package.ps1'
[9.430s] INFO:colcon.colcon_core.shell:Creating package descriptor '/home/thompson/incubator_ws/install/incubator_cpp_pkg_bringup/share/incubator_cpp_pkg_bringup/package.dsv'
[9.430s] INFO:colcon.colcon_core.shell:Creating package script '/home/thompson/incubator_ws/install/incubator_cpp_pkg_bringup/share/incubator_cpp_pkg_bringup/package.sh'
[9.430s] INFO:colcon.colcon_core.shell:Creating package script '/home/thompson/incubator_ws/install/incubator_cpp_pkg_bringup/share/incubator_cpp_pkg_bringup/package.bash'
[9.431s] INFO:colcon.colcon_core.shell:Creating package script '/home/thompson/incubator_ws/install/incubator_cpp_pkg_bringup/share/incubator_cpp_pkg_bringup/package.zsh'
[9.431s] Level 1:colcon.colcon_core.environment:create_file_with_runtime_dependencies(/home/thompson/incubator_ws/install/incubator_cpp_pkg_bringup/share/colcon-core/packages/incubator_cpp_pkg_bringup)
[9.457s] Level 1:colcon.colcon_core.environment:create_environment_scripts_only(incubator_cpp_pkg_bringup)
[9.457s] Level 1:colcon.colcon_core.environment:checking '/home/thompson/incubator_ws/install/incubator_cpp_pkg_bringup' for CMake module files
[9.458s] Level 1:colcon.colcon_core.environment:checking '/home/thompson/incubator_ws/install/incubator_cpp_pkg_bringup' for CMake config files
[9.458s] Level 1:colcon.colcon_core.shell:create_environment_hook('incubator_cpp_pkg_bringup', 'cmake_prefix_path')
[9.458s] INFO:colcon.colcon_core.shell:Creating environment hook '/home/thompson/incubator_ws/install/incubator_cpp_pkg_bringup/share/incubator_cpp_pkg_bringup/hook/cmake_prefix_path.ps1'
[9.459s] INFO:colcon.colcon_core.shell:Creating environment descriptor '/home/thompson/incubator_ws/install/incubator_cpp_pkg_bringup/share/incubator_cpp_pkg_bringup/hook/cmake_prefix_path.dsv'
[9.459s] INFO:colcon.colcon_core.shell:Creating environment hook '/home/thompson/incubator_ws/install/incubator_cpp_pkg_bringup/share/incubator_cpp_pkg_bringup/hook/cmake_prefix_path.sh'
[9.460s] Level 1:colcon.colcon_core.environment:checking '/home/thompson/incubator_ws/install/incubator_cpp_pkg_bringup/bin'
[9.460s] Level 1:colcon.colcon_core.environment:checking '/home/thompson/incubator_ws/install/incubator_cpp_pkg_bringup/lib/pkgconfig/incubator_cpp_pkg_bringup.pc'
[9.460s] Level 1:colcon.colcon_core.environment:checking '/home/thompson/incubator_ws/install/incubator_cpp_pkg_bringup/lib/python3.10/site-packages'
[9.461s] Level 1:colcon.colcon_core.environment:checking '/home/thompson/incubator_ws/install/incubator_cpp_pkg_bringup/bin'
[9.461s] INFO:colcon.colcon_core.shell:Creating package script '/home/thompson/incubator_ws/install/incubator_cpp_pkg_bringup/share/incubator_cpp_pkg_bringup/package.ps1'
[9.461s] INFO:colcon.colcon_core.shell:Creating package descriptor '/home/thompson/incubator_ws/install/incubator_cpp_pkg_bringup/share/incubator_cpp_pkg_bringup/package.dsv'
[9.462s] INFO:colcon.colcon_core.shell:Creating package script '/home/thompson/incubator_ws/install/incubator_cpp_pkg_bringup/share/incubator_cpp_pkg_bringup/package.sh'
[9.462s] INFO:colcon.colcon_core.shell:Creating package script '/home/thompson/incubator_ws/install/incubator_cpp_pkg_bringup/share/incubator_cpp_pkg_bringup/package.bash'
[9.463s] INFO:colcon.colcon_core.shell:Creating package script '/home/thompson/incubator_ws/install/incubator_cpp_pkg_bringup/share/incubator_cpp_pkg_bringup/package.zsh'
[9.463s] Level 1:colcon.colcon_core.environment:create_file_with_runtime_dependencies(/home/thompson/incubator_ws/install/incubator_cpp_pkg_bringup/share/colcon-core/packages/incubator_cpp_pkg_bringup)
[9.464s] DEBUG:colcon.colcon_parallel_executor.executor.parallel:closing loop
[9.464s] DEBUG:colcon.colcon_parallel_executor.executor.parallel:loop closed
[9.464s] DEBUG:colcon.colcon_parallel_executor.executor.parallel:run_until_complete finished with '0'
[9.464s] DEBUG:colcon.colcon_core.event_reactor:joining thread
[9.475s] INFO:colcon.colcon_core.plugin_system:Skipping extension 'colcon_notification.desktop_notification.terminal_notifier': Not used on non-Darwin systems
[9.476s] INFO:colcon.colcon_core.plugin_system:Skipping extension 'colcon_notification.desktop_notification.win32': Not used on non-Windows systems
[9.476s] INFO:colcon.colcon_notification.desktop_notification:Sending desktop notification using 'notify2'
[9.535s] DEBUG:colcon.colcon_core.event_reactor:joined thread
[9.536s] INFO:colcon.colcon_core.shell:Creating prefix script '/home/thompson/incubator_ws/install/local_setup.ps1'
[9.537s] INFO:colcon.colcon_core.shell:Creating prefix util module '/home/thompson/incubator_ws/install/_local_setup_util_ps1.py'
[9.540s] INFO:colcon.colcon_core.shell:Creating prefix chain script '/home/thompson/incubator_ws/install/setup.ps1'
[9.541s] INFO:colcon.colcon_core.shell:Creating prefix script '/home/thompson/incubator_ws/install/local_setup.sh'
[9.543s] INFO:colcon.colcon_core.shell:Creating prefix util module '/home/thompson/incubator_ws/install/_local_setup_util_sh.py'
[9.543s] INFO:colcon.colcon_core.shell:Creating prefix chain script '/home/thompson/incubator_ws/install/setup.sh'
[9.545s] INFO:colcon.colcon_core.shell:Creating prefix script '/home/thompson/incubator_ws/install/local_setup.bash'
[9.546s] INFO:colcon.colcon_core.shell:Creating prefix chain script '/home/thompson/incubator_ws/install/setup.bash'
[9.547s] INFO:colcon.colcon_core.shell:Creating prefix script '/home/thompson/incubator_ws/install/local_setup.zsh'
[9.549s] INFO:colcon.colcon_core.shell:Creating prefix chain script '/home/thompson/incubator_ws/install/setup.zsh'
