[0.011s] Invoking command in '/home/thompson/incubator_ws/build/incubator_cpp_pkg': CMAKE_PREFIX_PATH=/home/thompson/incubator_ws/install/incubator_cpp_pkg_interfaces:/home/thompson/incubator_ws/install/incubator_cpp_pkg_bringup:/home/thompson/incubator_ws/install/incubator_description:/home/thompson/incubator_ws/install/incubator_cpp_pkg:/opt/ros/humble /usr/bin/cmake --build /home/thompson/incubator_ws/build/incubator_cpp_pkg -- -j7 -l7
[0.070s] [ 50%] [32mBuilding CXX object CMakeFiles/Incubator_i_Instance_pt_ptp_device_manager_exe.dir/src/user_code/Incubator_i_Instance_pt_ptp_device_manager_src.cpp.o[0m
[0.071s] [ 66%] Built target Incubator_i_Instance_dt_dtp_idbr_exe
[0.071s] [ 75%] Built target Incubator_i_Instance_pt_ptp_controller_exe
[5.867s] [ 83%] [32m[1mLinking CXX executable Incubator_i_Instance_pt_ptp_device_manager_exe[0m
[6.321s] [100%] Built target Incubator_i_Instance_pt_ptp_device_manager_exe
[6.331s] Invoked command in '/home/thompson/incubator_ws/build/incubator_cpp_pkg' returned '0': CMAKE_PREFIX_PATH=/home/thompson/incubator_ws/install/incubator_cpp_pkg_interfaces:/home/thompson/incubator_ws/install/incubator_cpp_pkg_bringup:/home/thompson/incubator_ws/install/incubator_description:/home/thompson/incubator_ws/install/incubator_cpp_pkg:/opt/ros/humble /usr/bin/cmake --build /home/thompson/incubator_ws/build/incubator_cpp_pkg -- -j7 -l7
[6.396s] Invoking command in '/home/thompson/incubator_ws/build/incubator_cpp_pkg': CMAKE_PREFIX_PATH=/home/thompson/incubator_ws/install/incubator_cpp_pkg_interfaces:/home/thompson/incubator_ws/install/incubator_cpp_pkg_bringup:/home/thompson/incubator_ws/install/incubator_description:/home/thompson/incubator_ws/install/incubator_cpp_pkg:/opt/ros/humble /usr/bin/cmake --install /home/thompson/incubator_ws/build/incubator_cpp_pkg
[6.404s] -- Install configuration: ""
[6.404s] -- Installing: /home/thompson/incubator_ws/install/incubator_cpp_pkg/lib/incubator_cpp_pkg/Incubator_i_Instance_pt_ptp_device_manager_exe
[6.408s] -- Set runtime path of "/home/thompson/incubator_ws/install/incubator_cpp_pkg/lib/incubator_cpp_pkg/Incubator_i_Instance_pt_ptp_device_manager_exe" to ""
[6.408s] -- Up-to-date: /home/thompson/incubator_ws/install/incubator_cpp_pkg/lib/incubator_cpp_pkg/Incubator_i_Instance_pt_ptp_controller_exe
[6.408s] -- Up-to-date: /home/thompson/incubator_ws/install/incubator_cpp_pkg/lib/incubator_cpp_pkg/Incubator_i_Instance_dt_dtp_idbr_exe
[6.409s] -- Up-to-date: /home/thompson/incubator_ws/install/incubator_cpp_pkg/share/ament_index/resource_index/package_run_dependencies/incubator_cpp_pkg
[6.409s] -- Up-to-date: /home/thompson/incubator_ws/install/incubator_cpp_pkg/share/ament_index/resource_index/parent_prefix_path/incubator_cpp_pkg
[6.409s] -- Up-to-date: /home/thompson/incubator_ws/install/incubator_cpp_pkg/share/incubator_cpp_pkg/environment/ament_prefix_path.sh
[6.410s] -- Up-to-date: /home/thompson/incubator_ws/install/incubator_cpp_pkg/share/incubator_cpp_pkg/environment/ament_prefix_path.dsv
[6.410s] -- Up-to-date: /home/thompson/incubator_ws/install/incubator_cpp_pkg/share/incubator_cpp_pkg/environment/path.sh
[6.410s] -- Up-to-date: /home/thompson/incubator_ws/install/incubator_cpp_pkg/share/incubator_cpp_pkg/environment/path.dsv
[6.410s] -- Up-to-date: /home/thompson/incubator_ws/install/incubator_cpp_pkg/share/incubator_cpp_pkg/local_setup.bash
[6.410s] -- Up-to-date: /home/thompson/incubator_ws/install/incubator_cpp_pkg/share/incubator_cpp_pkg/local_setup.sh
[6.410s] -- Up-to-date: /home/thompson/incubator_ws/install/incubator_cpp_pkg/share/incubator_cpp_pkg/local_setup.zsh
[6.410s] -- Up-to-date: /home/thompson/incubator_ws/install/incubator_cpp_pkg/share/incubator_cpp_pkg/local_setup.dsv
[6.410s] -- Installing: /home/thompson/incubator_ws/install/incubator_cpp_pkg/share/incubator_cpp_pkg/package.dsv
[6.410s] -- Up-to-date: /home/thompson/incubator_ws/install/incubator_cpp_pkg/share/ament_index/resource_index/packages/incubator_cpp_pkg
[6.410s] -- Up-to-date: /home/thompson/incubator_ws/install/incubator_cpp_pkg/share/incubator_cpp_pkg/cmake/incubator_cpp_pkgConfig.cmake
[6.410s] -- Up-to-date: /home/thompson/incubator_ws/install/incubator_cpp_pkg/share/incubator_cpp_pkg/cmake/incubator_cpp_pkgConfig-version.cmake
[6.411s] -- Up-to-date: /home/thompson/incubator_ws/install/incubator_cpp_pkg/share/incubator_cpp_pkg/package.xml
[6.412s] Invoked command in '/home/thompson/incubator_ws/build/incubator_cpp_pkg' returned '0': CMAKE_PREFIX_PATH=/home/thompson/incubator_ws/install/incubator_cpp_pkg_interfaces:/home/thompson/incubator_ws/install/incubator_cpp_pkg_bringup:/home/thompson/incubator_ws/install/incubator_description:/home/thompson/incubator_ws/install/incubator_cpp_pkg:/opt/ros/humble /usr/bin/cmake --install /home/thompson/incubator_ws/build/incubator_cpp_pkg
