[0.591s] Invoking command in '/home/thompson/incubator_ws/src/incubator_py_pkg': CMAKE_PREFIX_PATH=/home/thompson/incubator_ws/install/incubator_cpp_pkg_interfaces:/home/thompson/incubator_ws/install/incubator_cpp_pkg_bringup:/home/thompson/incubator_ws/install/incubator_description:/home/thompson/incubator_ws/install/incubator_cpp_pkg PS1=(venv) \[\e]0;\u@\h: \w\a\]${debian_chroot:+($debian_chroot)}\[\033[01;32m\]\u@\h\[\033[00m\]:\[\033[01;34m\]\w\[\033[00m\]\$ PYTHONPATH=/home/thompson/incubator_ws/build/incubator_py_pkg/prefix_override:/usr/lib/python3/dist-packages/colcon_core/task/python/colcon_distutils_commands:/home/thompson/incubator_ws/install/incubator_py_pkg/lib/python3.10/site-packages:${PYTHONPATH} /usr/bin/python3 -W ignore:setup.py install is deprecated setup.py egg_info --egg-base ../../build/incubator_py_pkg build --build-base /home/thompson/incubator_ws/build/incubator_py_pkg/build install --record /home/thompson/incubator_ws/build/incubator_py_pkg/install.log --single-version-externally-managed install_data
[0.799s] running egg_info
[0.800s] writing ../../build/incubator_py_pkg/incubator_py_pkg.egg-info/PKG-INFO
[0.800s] writing dependency_links to ../../build/incubator_py_pkg/incubator_py_pkg.egg-info/dependency_links.txt
[0.801s] writing entry points to ../../build/incubator_py_pkg/incubator_py_pkg.egg-info/entry_points.txt
[0.801s] writing requirements to ../../build/incubator_py_pkg/incubator_py_pkg.egg-info/requires.txt
[0.801s] writing top-level names to ../../build/incubator_py_pkg/incubator_py_pkg.egg-info/top_level.txt
[0.803s] reading manifest file '../../build/incubator_py_pkg/incubator_py_pkg.egg-info/SOURCES.txt'
[0.804s] writing manifest file '../../build/incubator_py_pkg/incubator_py_pkg.egg-info/SOURCES.txt'
[0.804s] running build
[0.804s] running build_py
[0.805s] copying incubator_py_pkg/Kalman_Filter_4P.py -> /home/thompson/incubator_ws/build/incubator_py_pkg/build/lib/incubator_py_pkg
[0.805s] running install
[0.805s] running install_lib
[0.806s] copying /home/thompson/incubator_ws/build/incubator_py_pkg/build/lib/incubator_py_pkg/Kalman_Filter_4P.py -> /home/thompson/incubator_ws/install/incubator_py_pkg/lib/python3.10/site-packages/incubator_py_pkg
[0.806s] byte-compiling /home/thompson/incubator_ws/install/incubator_py_pkg/lib/python3.10/site-packages/incubator_py_pkg/Kalman_Filter_4P.py to Kalman_Filter_4P.cpython-310.pyc
[0.808s] running install_data
[0.808s] running install_egg_info
[0.809s] removing '/home/thompson/incubator_ws/install/incubator_py_pkg/lib/python3.10/site-packages/incubator_py_pkg-0.0.0-py3.10.egg-info' (and everything under it)
[0.809s] Copying ../../build/incubator_py_pkg/incubator_py_pkg.egg-info to /home/thompson/incubator_ws/install/incubator_py_pkg/lib/python3.10/site-packages/incubator_py_pkg-0.0.0-py3.10.egg-info
[0.810s] running install_scripts
[0.828s] Installing Incubator_i_Instance_dt_dtp_pkf_exe script to /home/thompson/incubator_ws/install/incubator_py_pkg/lib/incubator_py_pkg
[0.828s] writing list of installed files to '/home/thompson/incubator_ws/build/incubator_py_pkg/install.log'
[0.846s] Invoked command in '/home/thompson/incubator_ws/src/incubator_py_pkg' returned '0': CMAKE_PREFIX_PATH=/home/thompson/incubator_ws/install/incubator_cpp_pkg_interfaces:/home/thompson/incubator_ws/install/incubator_cpp_pkg_bringup:/home/thompson/incubator_ws/install/incubator_description:/home/thompson/incubator_ws/install/incubator_cpp_pkg PS1=(venv) \[\e]0;\u@\h: \w\a\]${debian_chroot:+($debian_chroot)}\[\033[01;32m\]\u@\h\[\033[00m\]:\[\033[01;34m\]\w\[\033[00m\]\$ PYTHONPATH=/home/thompson/incubator_ws/build/incubator_py_pkg/prefix_override:/usr/lib/python3/dist-packages/colcon_core/task/python/colcon_distutils_commands:/home/thompson/incubator_ws/install/incubator_py_pkg/lib/python3.10/site-packages:${PYTHONPATH} /usr/bin/python3 -W ignore:setup.py install is deprecated setup.py egg_info --egg-base ../../build/incubator_py_pkg build --build-base /home/thompson/incubator_ws/build/incubator_py_pkg/build install --record /home/thompson/incubator_ws/build/incubator_py_pkg/install.log --single-version-externally-managed install_data
