[0.010s] Invoking command in '/home/thompson/MS_Report/hamr_incubator_ws/build/incubator_cpp_pkg': AMENT_PREFIX_PATH=/home/thompson/MS_Report/hamr_incubator_ws/install/incubator_cpp_pkg_interfaces:${AMENT_PREFIX_PATH} CMAKE_PREFIX_PATH=/home/thompson/MS_Report/hamr_incubator_ws/install/incubator_cpp_pkg_interfaces:/opt/ros/humble LD_LIBRARY_PATH=/home/thompson/MS_Report/hamr_incubator_ws/install/incubator_cpp_pkg_interfaces/lib:${LD_LIBRARY_PATH} PYTHONPATH=/home/thompson/MS_Report/hamr_incubator_ws/install/incubator_cpp_pkg_interfaces/local/lib/python3.10/dist-packages:${PYTHONPATH} /usr/bin/cmake /home/thompson/MS_Report/hamr_incubator_ws/src/incubator_cpp_pkg -DCMAKE_INSTALL_PREFIX=/home/thompson/MS_Report/hamr_incubator_ws/install/incubator_cpp_pkg
[0.022s] -- Found ament_cmake: 1.3.10 (/opt/ros/humble/share/ament_cmake/cmake)
[0.130s] -- Found rclcpp: 16.0.10 (/opt/ros/humble/share/rclcpp/cmake)
[0.153s] -- Found rosidl_generator_c: 3.1.5 (/opt/ros/humble/share/rosidl_generator_c/cmake)
[0.155s] -- Found rosidl_adapter: 3.1.5 (/opt/ros/humble/share/rosidl_adapter/cmake)
[0.161s] -- Found rosidl_generator_cpp: 3.1.5 (/opt/ros/humble/share/rosidl_generator_cpp/cmake)
[0.169s] -- Using all available rosidl_typesupport_c: rosidl_typesupport_fastrtps_c;rosidl_typesupport_introspection_c
[0.180s] -- Using all available rosidl_typesupport_cpp: rosidl_typesupport_fastrtps_cpp;rosidl_typesupport_introspection_cpp
[0.207s] -- Found rmw_implementation_cmake: 6.1.2 (/opt/ros/humble/share/rmw_implementation_cmake/cmake)
[0.208s] -- Found rmw_fastrtps_cpp: 6.2.7 (/opt/ros/humble/share/rmw_fastrtps_cpp/cmake)
[0.287s] -- Using RMW implementation 'rmw_fastrtps_cpp' as default
[0.329s] -- Found incubator_cpp_pkg_interfaces: 0.0.0 (/home/thompson/MS_Report/hamr_incubator_ws/install/incubator_cpp_pkg_interfaces/share/incubator_cpp_pkg_interfaces/cmake)
[0.338s] [31mCMake Error at CMakeLists.txt:16 (target_link_libraries):
[0.338s]   Cannot specify link libraries for target
[0.338s]   "Incubator_i_Instance_pt_ptp_device_manager" which is not built by this
[0.338s]   project.
[0.338s] 
[0.338s] [0m
[0.338s] -- Configuring incomplete, errors occurred!
[0.339s] See also "/home/thompson/MS_Report/hamr_incubator_ws/build/incubator_cpp_pkg/CMakeFiles/CMakeOutput.log".
[0.344s] Invoked command in '/home/thompson/MS_Report/hamr_incubator_ws/build/incubator_cpp_pkg' returned '1': AMENT_PREFIX_PATH=/home/thompson/MS_Report/hamr_incubator_ws/install/incubator_cpp_pkg_interfaces:${AMENT_PREFIX_PATH} CMAKE_PREFIX_PATH=/home/thompson/MS_Report/hamr_incubator_ws/install/incubator_cpp_pkg_interfaces:/opt/ros/humble LD_LIBRARY_PATH=/home/thompson/MS_Report/hamr_incubator_ws/install/incubator_cpp_pkg_interfaces/lib:${LD_LIBRARY_PATH} PYTHONPATH=/home/thompson/MS_Report/hamr_incubator_ws/install/incubator_cpp_pkg_interfaces/local/lib/python3.10/dist-packages:${PYTHONPATH} /usr/bin/cmake /home/thompson/MS_Report/hamr_incubator_ws/src/incubator_cpp_pkg -DCMAKE_INSTALL_PREFIX=/home/thompson/MS_Report/hamr_incubator_ws/install/incubator_cpp_pkg
