-- Found ament_cmake: 1.3.10 (/opt/ros/humble/share/ament_cmake/cmake)
-- Found rclcpp: 16.0.10 (/opt/ros/humble/share/rclcpp/cmake)
-- Found rosidl_generator_c: 3.1.5 (/opt/ros/humble/share/rosidl_generator_c/cmake)
-- Found rosidl_adapter: 3.1.5 (/opt/ros/humble/share/rosidl_adapter/cmake)
-- Found rosidl_generator_cpp: 3.1.5 (/opt/ros/humble/share/rosidl_generator_cpp/cmake)
-- Using all available rosidl_typesupport_c: rosidl_typesupport_fastrtps_c;rosidl_typesupport_introspection_c
-- Using all available rosidl_typesupport_cpp: rosidl_typesupport_fastrtps_cpp;rosidl_typesupport_introspection_cpp
-- Found rmw_implementation_cmake: 6.1.2 (/opt/ros/humble/share/rmw_implementation_cmake/cmake)
-- Found rmw_fastrtps_cpp: 6.2.7 (/opt/ros/humble/share/rmw_fastrtps_cpp/cmake)
-- Using RMW implementation 'rmw_fastrtps_cpp' as default
-- Found incubator_cpp_pkg_interfaces: 0.0.0 (/home/thompson/incubator_ws/install/incubator_cpp_pkg_interfaces/share/incubator_cpp_pkg_interfaces/cmake)
-- Found sensor_msgs: 4.2.4 (/opt/ros/humble/share/sensor_msgs/cmake)
-- Configuring done
-- Generating done
-- Build files have been written to: /home/thompson/incubator_ws/build/incubator_cpp_pkg
[35m[1mConsolidate compiler generated dependencies of target Incubator_i_Instance_pt_ptp_controller_exe[0m
[35m[1mConsolidate compiler generated dependencies of target Incubator_i_Instance_pt_ptp_device_manager_exe[0m
[35m[1mConsolidate compiler generated dependencies of target Incubator_i_Instance_dt_dtp_idbr_exe[0m
[35m[1mConsolidate compiler generated dependencies of target Incubator_i_Instance_dt_dtp_pkf_exe[0m
[35m[1mConsolidate compiler generated dependencies of target Incubator_i_Instance_dt_dtp_loam_exe[0m
[  5%] [32mBuilding CXX object CMakeFiles/Incubator_i_Instance_dt_dtp_idbr_exe.dir/src/base_code/Incubator_i_Instance_dt_dtp_idbr_runner.cpp.o[0m
[ 25%] Built target Incubator_i_Instance_pt_ptp_device_manager_exe
[ 45%] Built target Incubator_i_Instance_dt_dtp_loam_exe
[ 85%] Built target Incubator_i_Instance_dt_dtp_pkf_exe
[ 80%] Built target Incubator_i_Instance_pt_ptp_controller_exe
[ 90%] [32mBuilding CXX object CMakeFiles/Incubator_i_Instance_dt_dtp_idbr_exe.dir/src/user_code/Incubator_i_Instance_dt_dtp_idbr_src.cpp.o[0m
In file included from [01m[K/home/thompson/incubator_ws/src/incubator_cpp_pkg/include/incubator_cpp_pkg/user_headers/Incubator_i_Instance_dt_dtp_idbr_src.hpp:2[m[K,
                 from [01m[K/home/thompson/incubator_ws/src/incubator_cpp_pkg/src/user_code/Incubator_i_Instance_dt_dtp_idbr_src.cpp:1[m[K:
[01m[K/home/thompson/incubator_ws/src/incubator_cpp_pkg/include/incubator_cpp_pkg/user_headers/influxdb.hpp:[m[K In static member function ‘[01m[Kstatic int influxdb_cpp::detail::inner::http_request(const char*, const char*, const string&, const string&, const influxdb_cpp::server_info&, std::string*)[m[K’:
[01m[K/home/thompson/incubator_ws/src/incubator_cpp_pkg/include/incubator_cpp_pkg/user_headers/influxdb.hpp:302:15:[m[K [01;35m[Kwarning: [m[Kthis statement may fall through [[01;35m[K]8;;https://gcc.gnu.org/onlinedocs/gcc/Warning-Options.html#index-Wimplicit-fallthrough=-Wimplicit-fallthrough=]8;;[m[K]
  302 | #define __(c) [01;35m[Kif[m[K((_GET_NEXT_CHAR()) != c) { ret_code = -9; goto END; }
      |               [01;35m[K^~[m[K
[01m[K/home/thompson/incubator_ws/src/incubator_cpp_pkg/include/incubator_cpp_pkg/user_headers/influxdb.hpp:321:41:[m[K [01;36m[Knote: [m[Kin expansion of macro ‘[01m[K__[m[K’
  321 |                             do {__('\r')[01;36m[K__[m[K('\n')
      |                                         [01;36m[K^~[m[K
[01m[K/home/thompson/incubator_ws/src/incubator_cpp_pkg/include/incubator_cpp_pkg/user_headers/influxdb.hpp:322:29:[m[K [01;36m[Knote: [m[Khere
  322 |                             [01;36m[Kcase[m[K 1:
      |                             [01;36m[K^~~~[m[K
[ 95%] [32m[1mLinking CXX executable Incubator_i_Instance_dt_dtp_idbr_exe[0m
[100%] Built target Incubator_i_Instance_dt_dtp_idbr_exe
-- Install configuration: ""
-- Up-to-date: /home/thompson/incubator_ws/install/incubator_cpp_pkg/lib/incubator_cpp_pkg/Incubator_i_Instance_pt_ptp_device_manager_exe
-- Up-to-date: /home/thompson/incubator_ws/install/incubator_cpp_pkg/lib/incubator_cpp_pkg/Incubator_i_Instance_pt_ptp_controller_exe
-- Installing: /home/thompson/incubator_ws/install/incubator_cpp_pkg/lib/incubator_cpp_pkg/Incubator_i_Instance_dt_dtp_idbr_exe
-- Set runtime path of "/home/thompson/incubator_ws/install/incubator_cpp_pkg/lib/incubator_cpp_pkg/Incubator_i_Instance_dt_dtp_idbr_exe" to ""
-- Up-to-date: /home/thompson/incubator_ws/install/incubator_cpp_pkg/lib/incubator_cpp_pkg/Incubator_i_Instance_dt_dtp_pkf_exe
-- Up-to-date: /home/thompson/incubator_ws/install/incubator_cpp_pkg/lib/incubator_cpp_pkg/Incubator_i_Instance_dt_dtp_loam_exe
-- Up-to-date: /home/thompson/incubator_ws/install/incubator_cpp_pkg/share/ament_index/resource_index/package_run_dependencies/incubator_cpp_pkg
-- Up-to-date: /home/thompson/incubator_ws/install/incubator_cpp_pkg/share/ament_index/resource_index/parent_prefix_path/incubator_cpp_pkg
-- Up-to-date: /home/thompson/incubator_ws/install/incubator_cpp_pkg/share/incubator_cpp_pkg/environment/ament_prefix_path.sh
-- Installing: /home/thompson/incubator_ws/install/incubator_cpp_pkg/share/incubator_cpp_pkg/environment/ament_prefix_path.dsv
-- Up-to-date: /home/thompson/incubator_ws/install/incubator_cpp_pkg/share/incubator_cpp_pkg/environment/path.sh
-- Installing: /home/thompson/incubator_ws/install/incubator_cpp_pkg/share/incubator_cpp_pkg/environment/path.dsv
-- Up-to-date: /home/thompson/incubator_ws/install/incubator_cpp_pkg/share/incubator_cpp_pkg/local_setup.bash
-- Up-to-date: /home/thompson/incubator_ws/install/incubator_cpp_pkg/share/incubator_cpp_pkg/local_setup.sh
-- Up-to-date: /home/thompson/incubator_ws/install/incubator_cpp_pkg/share/incubator_cpp_pkg/local_setup.zsh
-- Installing: /home/thompson/incubator_ws/install/incubator_cpp_pkg/share/incubator_cpp_pkg/local_setup.dsv
-- Installing: /home/thompson/incubator_ws/install/incubator_cpp_pkg/share/incubator_cpp_pkg/package.dsv
-- Up-to-date: /home/thompson/incubator_ws/install/incubator_cpp_pkg/share/ament_index/resource_index/packages/incubator_cpp_pkg
-- Up-to-date: /home/thompson/incubator_ws/install/incubator_cpp_pkg/share/incubator_cpp_pkg/cmake/incubator_cpp_pkgConfig.cmake
-- Up-to-date: /home/thompson/incubator_ws/install/incubator_cpp_pkg/share/incubator_cpp_pkg/cmake/incubator_cpp_pkgConfig-version.cmake
-- Up-to-date: /home/thompson/incubator_ws/install/incubator_cpp_pkg/share/incubator_cpp_pkg/package.xml
