[0.019s] Invoking command in '/home/thompson/incubator_ws/build/incubator_cpp_pkg': AMENT_PREFIX_PATH=/home/thompson/incubator_ws/install/incubator_cpp_pkg_interfaces:${AMENT_PREFIX_PATH} CMAKE_PREFIX_PATH=/home/thompson/incubator_ws/install/incubator_cpp_pkg_interfaces:/opt/ros/humble LD_LIBRARY_PATH=/home/thompson/incubator_ws/install/incubator_cpp_pkg_interfaces/lib:${LD_LIBRARY_PATH} PYTHONPATH=/home/thompson/incubator_ws/install/incubator_cpp_pkg_interfaces/local/lib/python3.10/dist-packages:${PYTHONPATH} /usr/bin/cmake --build /home/thompson/incubator_ws/build/incubator_cpp_pkg -- -j7 -l7
[0.048s] -- Found ament_cmake: 1.3.10 (/opt/ros/humble/share/ament_cmake/cmake)
[0.172s] -- Found rclcpp: 16.0.10 (/opt/ros/humble/share/rclcpp/cmake)
[0.203s] -- Found rosidl_generator_c: 3.1.5 (/opt/ros/humble/share/rosidl_generator_c/cmake)
[0.207s] -- Found rosidl_adapter: 3.1.5 (/opt/ros/humble/share/rosidl_adapter/cmake)
[0.214s] -- Found rosidl_generator_cpp: 3.1.5 (/opt/ros/humble/share/rosidl_generator_cpp/cmake)
[0.226s] -- Using all available rosidl_typesupport_c: rosidl_typesupport_fastrtps_c;rosidl_typesupport_introspection_c
[0.242s] -- Using all available rosidl_typesupport_cpp: rosidl_typesupport_fastrtps_cpp;rosidl_typesupport_introspection_cpp
[0.278s] -- Found rmw_implementation_cmake: 6.1.2 (/opt/ros/humble/share/rmw_implementation_cmake/cmake)
[0.279s] -- Found rmw_fastrtps_cpp: 6.2.7 (/opt/ros/humble/share/rmw_fastrtps_cpp/cmake)
[0.372s] -- Using RMW implementation 'rmw_fastrtps_cpp' as default
[0.422s] -- Found incubator_cpp_pkg_interfaces: 0.0.0 (/home/thompson/incubator_ws/install/incubator_cpp_pkg_interfaces/share/incubator_cpp_pkg_interfaces/cmake)
[0.438s] -- Found sensor_msgs: 4.2.4 (/opt/ros/humble/share/sensor_msgs/cmake)
[0.537s] -- Configuring done
[0.567s] -- Generating done
[0.570s] -- Build files have been written to: /home/thompson/incubator_ws/build/incubator_cpp_pkg
[0.609s] [35m[1mConsolidate compiler generated dependencies of target Incubator_i_Instance_pt_ptp_controller_exe[0m
[0.609s] [35m[1mConsolidate compiler generated dependencies of target Incubator_i_Instance_pt_ptp_device_manager_exe[0m
[0.609s] [35m[1mConsolidate compiler generated dependencies of target Incubator_i_Instance_dt_dtp_idbr_exe[0m
[0.609s] [35m[1mConsolidate compiler generated dependencies of target Incubator_i_Instance_dt_dtp_pkf_exe[0m
[0.609s] [35m[1mConsolidate compiler generated dependencies of target Incubator_i_Instance_dt_dtp_loam_exe[0m
[0.632s] [  5%] [32mBuilding CXX object CMakeFiles/Incubator_i_Instance_dt_dtp_idbr_exe.dir/src/base_code/Incubator_i_Instance_dt_dtp_idbr_runner.cpp.o[0m
[0.632s] [ 25%] Built target Incubator_i_Instance_pt_ptp_device_manager_exe
[0.633s] [ 45%] Built target Incubator_i_Instance_dt_dtp_loam_exe
[0.633s] [ 85%] Built target Incubator_i_Instance_dt_dtp_pkf_exe
[0.634s] [ 80%] Built target Incubator_i_Instance_pt_ptp_controller_exe
[0.634s] [ 90%] [32mBuilding CXX object CMakeFiles/Incubator_i_Instance_dt_dtp_idbr_exe.dir/src/user_code/Incubator_i_Instance_dt_dtp_idbr_src.cpp.o[0m
[3.961s] In file included from [01m[K/home/thompson/incubator_ws/src/incubator_cpp_pkg/include/incubator_cpp_pkg/user_headers/Incubator_i_Instance_dt_dtp_idbr_src.hpp:2[m[K,
[3.961s]                  from [01m[K/home/thompson/incubator_ws/src/incubator_cpp_pkg/src/user_code/Incubator_i_Instance_dt_dtp_idbr_src.cpp:1[m[K:
[3.961s] [01m[K/home/thompson/incubator_ws/src/incubator_cpp_pkg/include/incubator_cpp_pkg/user_headers/influxdb.hpp:[m[K In static member function ‘[01m[Kstatic int influxdb_cpp::detail::inner::http_request(const char*, const char*, const string&, const string&, const influxdb_cpp::server_info&, std::string*)[m[K’:
[3.962s] [01m[K/home/thompson/incubator_ws/src/incubator_cpp_pkg/include/incubator_cpp_pkg/user_headers/influxdb.hpp:302:15:[m[K [01;35m[Kwarning: [m[Kthis statement may fall through [[01;35m[K]8;;https://gcc.gnu.org/onlinedocs/gcc/Warning-Options.html#index-Wimplicit-fallthrough=-Wimplicit-fallthrough=]8;;[m[K]
[3.962s]   302 | #define __(c) [01;35m[Kif[m[K((_GET_NEXT_CHAR()) != c) { ret_code = -9; goto END; }
[3.962s]       |               [01;35m[K^~[m[K
[3.962s] [01m[K/home/thompson/incubator_ws/src/incubator_cpp_pkg/include/incubator_cpp_pkg/user_headers/influxdb.hpp:321:41:[m[K [01;36m[Knote: [m[Kin expansion of macro ‘[01m[K__[m[K’
[3.962s]   321 |                             do {__('\r')[01;36m[K__[m[K('\n')
[3.962s]       |                                         [01;36m[K^~[m[K
[3.962s] [01m[K/home/thompson/incubator_ws/src/incubator_cpp_pkg/include/incubator_cpp_pkg/user_headers/influxdb.hpp:322:29:[m[K [01;36m[Knote: [m[Khere
[3.962s]   322 |                             [01;36m[Kcase[m[K 1:
[3.962s]       |                             [01;36m[K^~~~[m[K
[4.212s] [ 95%] [32m[1mLinking CXX executable Incubator_i_Instance_dt_dtp_idbr_exe[0m
[5.050s] [100%] Built target Incubator_i_Instance_dt_dtp_idbr_exe
[5.065s] Invoked command in '/home/thompson/incubator_ws/build/incubator_cpp_pkg' returned '0': AMENT_PREFIX_PATH=/home/thompson/incubator_ws/install/incubator_cpp_pkg_interfaces:${AMENT_PREFIX_PATH} CMAKE_PREFIX_PATH=/home/thompson/incubator_ws/install/incubator_cpp_pkg_interfaces:/opt/ros/humble LD_LIBRARY_PATH=/home/thompson/incubator_ws/install/incubator_cpp_pkg_interfaces/lib:${LD_LIBRARY_PATH} PYTHONPATH=/home/thompson/incubator_ws/install/incubator_cpp_pkg_interfaces/local/lib/python3.10/dist-packages:${PYTHONPATH} /usr/bin/cmake --build /home/thompson/incubator_ws/build/incubator_cpp_pkg -- -j7 -l7
[5.159s] Invoking command in '/home/thompson/incubator_ws/build/incubator_cpp_pkg': AMENT_PREFIX_PATH=/home/thompson/incubator_ws/install/incubator_cpp_pkg_interfaces:${AMENT_PREFIX_PATH} CMAKE_PREFIX_PATH=/home/thompson/incubator_ws/install/incubator_cpp_pkg_interfaces:/opt/ros/humble LD_LIBRARY_PATH=/home/thompson/incubator_ws/install/incubator_cpp_pkg_interfaces/lib:${LD_LIBRARY_PATH} PYTHONPATH=/home/thompson/incubator_ws/install/incubator_cpp_pkg_interfaces/local/lib/python3.10/dist-packages:${PYTHONPATH} /usr/bin/cmake --install /home/thompson/incubator_ws/build/incubator_cpp_pkg
[5.166s] -- Install configuration: ""
[5.167s] -- Up-to-date: /home/thompson/incubator_ws/install/incubator_cpp_pkg/lib/incubator_cpp_pkg/Incubator_i_Instance_pt_ptp_device_manager_exe
[5.168s] -- Up-to-date: /home/thompson/incubator_ws/install/incubator_cpp_pkg/lib/incubator_cpp_pkg/Incubator_i_Instance_pt_ptp_controller_exe
[5.169s] -- Installing: /home/thompson/incubator_ws/install/incubator_cpp_pkg/lib/incubator_cpp_pkg/Incubator_i_Instance_dt_dtp_idbr_exe
[5.176s] -- Set runtime path of "/home/thompson/incubator_ws/install/incubator_cpp_pkg/lib/incubator_cpp_pkg/Incubator_i_Instance_dt_dtp_idbr_exe" to ""
[5.177s] -- Up-to-date: /home/thompson/incubator_ws/install/incubator_cpp_pkg/lib/incubator_cpp_pkg/Incubator_i_Instance_dt_dtp_pkf_exe
[5.178s] -- Up-to-date: /home/thompson/incubator_ws/install/incubator_cpp_pkg/lib/incubator_cpp_pkg/Incubator_i_Instance_dt_dtp_loam_exe
[5.178s] -- Up-to-date: /home/thompson/incubator_ws/install/incubator_cpp_pkg/share/ament_index/resource_index/package_run_dependencies/incubator_cpp_pkg
[5.178s] -- Up-to-date: /home/thompson/incubator_ws/install/incubator_cpp_pkg/share/ament_index/resource_index/parent_prefix_path/incubator_cpp_pkg
[5.178s] -- Up-to-date: /home/thompson/incubator_ws/install/incubator_cpp_pkg/share/incubator_cpp_pkg/environment/ament_prefix_path.sh
[5.179s] -- Installing: /home/thompson/incubator_ws/install/incubator_cpp_pkg/share/incubator_cpp_pkg/environment/ament_prefix_path.dsv
[5.179s] -- Up-to-date: /home/thompson/incubator_ws/install/incubator_cpp_pkg/share/incubator_cpp_pkg/environment/path.sh
[5.179s] -- Installing: /home/thompson/incubator_ws/install/incubator_cpp_pkg/share/incubator_cpp_pkg/environment/path.dsv
[5.179s] -- Up-to-date: /home/thompson/incubator_ws/install/incubator_cpp_pkg/share/incubator_cpp_pkg/local_setup.bash
[5.179s] -- Up-to-date: /home/thompson/incubator_ws/install/incubator_cpp_pkg/share/incubator_cpp_pkg/local_setup.sh
[5.179s] -- Up-to-date: /home/thompson/incubator_ws/install/incubator_cpp_pkg/share/incubator_cpp_pkg/local_setup.zsh
[5.179s] -- Installing: /home/thompson/incubator_ws/install/incubator_cpp_pkg/share/incubator_cpp_pkg/local_setup.dsv
[5.179s] -- Installing: /home/thompson/incubator_ws/install/incubator_cpp_pkg/share/incubator_cpp_pkg/package.dsv
[5.180s] -- Up-to-date: /home/thompson/incubator_ws/install/incubator_cpp_pkg/share/ament_index/resource_index/packages/incubator_cpp_pkg
[5.180s] -- Up-to-date: /home/thompson/incubator_ws/install/incubator_cpp_pkg/share/incubator_cpp_pkg/cmake/incubator_cpp_pkgConfig.cmake
[5.180s] -- Up-to-date: /home/thompson/incubator_ws/install/incubator_cpp_pkg/share/incubator_cpp_pkg/cmake/incubator_cpp_pkgConfig-version.cmake
[5.180s] -- Up-to-date: /home/thompson/incubator_ws/install/incubator_cpp_pkg/share/incubator_cpp_pkg/package.xml
[5.182s] Invoked command in '/home/thompson/incubator_ws/build/incubator_cpp_pkg' returned '0': AMENT_PREFIX_PATH=/home/thompson/incubator_ws/install/incubator_cpp_pkg_interfaces:${AMENT_PREFIX_PATH} CMAKE_PREFIX_PATH=/home/thompson/incubator_ws/install/incubator_cpp_pkg_interfaces:/opt/ros/humble LD_LIBRARY_PATH=/home/thompson/incubator_ws/install/incubator_cpp_pkg_interfaces/lib:${LD_LIBRARY_PATH} PYTHONPATH=/home/thompson/incubator_ws/install/incubator_cpp_pkg_interfaces/local/lib/python3.10/dist-packages:${PYTHONPATH} /usr/bin/cmake --install /home/thompson/incubator_ws/build/incubator_cpp_pkg
