[0.124s] DEBUG:colcon:Command line arguments: ['/usr/bin/colcon', 'build']
[0.124s] DEBUG:colcon:Parsed command line arguments: Namespace(log_base=None, log_level=None, verb_name='build', build_base='build', install_base='install', merge_install=False, symlink_install=False, test_result_base=None, continue_on_error=False, executor='parallel', parallel_workers=7, event_handlers=None, ignore_user_meta=False, metas=['./colcon.meta'], base_paths=['.'], packages_ignore=None, packages_ignore_regex=None, paths=None, packages_up_to=None, packages_up_to_regex=None, packages_above=None, packages_above_and_dependencies=None, packages_above_depth=None, packages_select_by_dep=None, packages_skip_by_dep=None, packages_skip_up_to=None, packages_select_build_failed=False, packages_skip_build_finished=False, packages_select_test_failures=False, packages_skip_test_passed=False, packages_select=None, packages_skip=None, packages_select_regex=None, packages_skip_regex=None, packages_start=None, packages_end=None, allow_overriding=[], cmake_args=None, cmake_target=None, cmake_target_skip_unavailable=False, cmake_clean_cache=False, cmake_clean_first=False, cmake_force_configure=False, ament_cmake_args=None, catkin_cmake_args=None, catkin_skip_building_tests=False, verb_parser=<colcon_defaults.argument_parser.defaults.DefaultArgumentsDecorator object at 0x7855ac4bc7c0>, verb_extension=<colcon_core.verb.build.BuildVerb object at 0x7855ac4bc250>, main=<bound method BuildVerb.main of <colcon_core.verb.build.BuildVerb object at 0x7855ac4bc250>>)
[0.312s] Level 1:colcon.colcon_core.package_discovery:discover_packages(colcon_meta) check parameters
[0.313s] Level 1:colcon.colcon_core.package_discovery:discover_packages(recursive) check parameters
[0.313s] Level 1:colcon.colcon_core.package_discovery:discover_packages(ignore) check parameters
[0.313s] Level 1:colcon.colcon_core.package_discovery:discover_packages(path) check parameters
[0.313s] Level 1:colcon.colcon_core.package_discovery:discover_packages(colcon_meta) discover
[0.313s] Level 1:colcon.colcon_core.package_discovery:discover_packages(recursive) discover
[0.313s] INFO:colcon.colcon_core.package_discovery:Crawling recursively for packages in '/home/thompson/incubator_ws'
[0.313s] Level 1:colcon.colcon_core.package_identification:_identify(.) by extensions ['ignore', 'ignore_ament_install']
[0.313s] Level 1:colcon.colcon_core.package_identification:_identify(.) by extension 'ignore'
[0.313s] Level 1:colcon.colcon_core.package_identification:_identify(.) by extension 'ignore_ament_install'
[0.313s] Level 1:colcon.colcon_core.package_identification:_identify(.) by extensions ['colcon_pkg']
[0.313s] Level 1:colcon.colcon_core.package_identification:_identify(.) by extension 'colcon_pkg'
[0.313s] Level 1:colcon.colcon_core.package_identification:_identify(.) by extensions ['colcon_meta']
[0.313s] Level 1:colcon.colcon_core.package_identification:_identify(.) by extension 'colcon_meta'
[0.313s] Level 1:colcon.colcon_core.package_identification:_identify(.) by extensions ['ros']
[0.313s] Level 1:colcon.colcon_core.package_identification:_identify(.) by extension 'ros'
[0.326s] Level 1:colcon.colcon_core.package_identification:_identify(.) by extensions ['cmake', 'python']
[0.326s] Level 1:colcon.colcon_core.package_identification:_identify(.) by extension 'cmake'
[0.326s] Level 1:colcon.colcon_core.package_identification:_identify(.) by extension 'python'
[0.326s] Level 1:colcon.colcon_core.package_identification:_identify(.) by extensions ['python_setup_py']
[0.326s] Level 1:colcon.colcon_core.package_identification:_identify(.) by extension 'python_setup_py'
[0.327s] Level 1:colcon.colcon_core.package_identification:_identify(build) by extensions ['ignore', 'ignore_ament_install']
[0.327s] Level 1:colcon.colcon_core.package_identification:_identify(build) by extension 'ignore'
[0.327s] Level 1:colcon.colcon_core.package_identification:_identify(build) ignored
[0.327s] Level 1:colcon.colcon_core.package_identification:_identify(install) by extensions ['ignore', 'ignore_ament_install']
[0.327s] Level 1:colcon.colcon_core.package_identification:_identify(install) by extension 'ignore'
[0.327s] Level 1:colcon.colcon_core.package_identification:_identify(install) ignored
[0.327s] Level 1:colcon.colcon_core.package_identification:_identify(log) by extensions ['ignore', 'ignore_ament_install']
[0.327s] Level 1:colcon.colcon_core.package_identification:_identify(log) by extension 'ignore'
[0.327s] Level 1:colcon.colcon_core.package_identification:_identify(log) ignored
[0.328s] Level 1:colcon.colcon_core.package_identification:_identify(src) by extensions ['ignore', 'ignore_ament_install']
[0.328s] Level 1:colcon.colcon_core.package_identification:_identify(src) by extension 'ignore'
[0.328s] Level 1:colcon.colcon_core.package_identification:_identify(src) by extension 'ignore_ament_install'
[0.328s] Level 1:colcon.colcon_core.package_identification:_identify(src) by extensions ['colcon_pkg']
[0.328s] Level 1:colcon.colcon_core.package_identification:_identify(src) by extension 'colcon_pkg'
[0.328s] Level 1:colcon.colcon_core.package_identification:_identify(src) by extensions ['colcon_meta']
[0.328s] Level 1:colcon.colcon_core.package_identification:_identify(src) by extension 'colcon_meta'
[0.328s] Level 1:colcon.colcon_core.package_identification:_identify(src) by extensions ['ros']
[0.328s] Level 1:colcon.colcon_core.package_identification:_identify(src) by extension 'ros'
[0.328s] Level 1:colcon.colcon_core.package_identification:_identify(src) by extensions ['cmake', 'python']
[0.328s] Level 1:colcon.colcon_core.package_identification:_identify(src) by extension 'cmake'
[0.328s] Level 1:colcon.colcon_core.package_identification:_identify(src) by extension 'python'
[0.328s] Level 1:colcon.colcon_core.package_identification:_identify(src) by extensions ['python_setup_py']
[0.328s] Level 1:colcon.colcon_core.package_identification:_identify(src) by extension 'python_setup_py'
[0.328s] Level 1:colcon.colcon_core.package_identification:_identify(src/incubator_cpp_pkg) by extensions ['ignore', 'ignore_ament_install']
[0.328s] Level 1:colcon.colcon_core.package_identification:_identify(src/incubator_cpp_pkg) by extension 'ignore'
[0.328s] Level 1:colcon.colcon_core.package_identification:_identify(src/incubator_cpp_pkg) by extension 'ignore_ament_install'
[0.329s] Level 1:colcon.colcon_core.package_identification:_identify(src/incubator_cpp_pkg) by extensions ['colcon_pkg']
[0.329s] Level 1:colcon.colcon_core.package_identification:_identify(src/incubator_cpp_pkg) by extension 'colcon_pkg'
[0.329s] Level 1:colcon.colcon_core.package_identification:_identify(src/incubator_cpp_pkg) by extensions ['colcon_meta']
[0.329s] Level 1:colcon.colcon_core.package_identification:_identify(src/incubator_cpp_pkg) by extension 'colcon_meta'
[0.329s] Level 1:colcon.colcon_core.package_identification:_identify(src/incubator_cpp_pkg) by extensions ['ros']
[0.329s] Level 1:colcon.colcon_core.package_identification:_identify(src/incubator_cpp_pkg) by extension 'ros'
[0.332s] DEBUG:colcon.colcon_core.package_identification:Package 'src/incubator_cpp_pkg' with type 'ros.ament_cmake' and name 'incubator_cpp_pkg'
[0.332s] Level 1:colcon.colcon_core.package_identification:_identify(src/incubator_cpp_pkg_bringup) by extensions ['ignore', 'ignore_ament_install']
[0.332s] Level 1:colcon.colcon_core.package_identification:_identify(src/incubator_cpp_pkg_bringup) by extension 'ignore'
[0.332s] Level 1:colcon.colcon_core.package_identification:_identify(src/incubator_cpp_pkg_bringup) by extension 'ignore_ament_install'
[0.332s] Level 1:colcon.colcon_core.package_identification:_identify(src/incubator_cpp_pkg_bringup) by extensions ['colcon_pkg']
[0.332s] Level 1:colcon.colcon_core.package_identification:_identify(src/incubator_cpp_pkg_bringup) by extension 'colcon_pkg'
[0.332s] Level 1:colcon.colcon_core.package_identification:_identify(src/incubator_cpp_pkg_bringup) by extensions ['colcon_meta']
[0.332s] Level 1:colcon.colcon_core.package_identification:_identify(src/incubator_cpp_pkg_bringup) by extension 'colcon_meta'
[0.332s] Level 1:colcon.colcon_core.package_identification:_identify(src/incubator_cpp_pkg_bringup) by extensions ['ros']
[0.332s] Level 1:colcon.colcon_core.package_identification:_identify(src/incubator_cpp_pkg_bringup) by extension 'ros'
[0.333s] DEBUG:colcon.colcon_core.package_identification:Package 'src/incubator_cpp_pkg_bringup' with type 'ros.ament_cmake' and name 'incubator_cpp_pkg_bringup'
[0.333s] Level 1:colcon.colcon_core.package_identification:_identify(src/incubator_cpp_pkg_interfaces) by extensions ['ignore', 'ignore_ament_install']
[0.334s] Level 1:colcon.colcon_core.package_identification:_identify(src/incubator_cpp_pkg_interfaces) by extension 'ignore'
[0.334s] Level 1:colcon.colcon_core.package_identification:_identify(src/incubator_cpp_pkg_interfaces) by extension 'ignore_ament_install'
[0.334s] Level 1:colcon.colcon_core.package_identification:_identify(src/incubator_cpp_pkg_interfaces) by extensions ['colcon_pkg']
[0.334s] Level 1:colcon.colcon_core.package_identification:_identify(src/incubator_cpp_pkg_interfaces) by extension 'colcon_pkg'
[0.334s] Level 1:colcon.colcon_core.package_identification:_identify(src/incubator_cpp_pkg_interfaces) by extensions ['colcon_meta']
[0.334s] Level 1:colcon.colcon_core.package_identification:_identify(src/incubator_cpp_pkg_interfaces) by extension 'colcon_meta'
[0.334s] Level 1:colcon.colcon_core.package_identification:_identify(src/incubator_cpp_pkg_interfaces) by extensions ['ros']
[0.334s] Level 1:colcon.colcon_core.package_identification:_identify(src/incubator_cpp_pkg_interfaces) by extension 'ros'
[0.335s] DEBUG:colcon.colcon_core.package_identification:Package 'src/incubator_cpp_pkg_interfaces' with type 'ros.ament_cmake' and name 'incubator_cpp_pkg_interfaces'
[0.335s] Level 1:colcon.colcon_core.package_identification:_identify(src/incubator_description) by extensions ['ignore', 'ignore_ament_install']
[0.335s] Level 1:colcon.colcon_core.package_identification:_identify(src/incubator_description) by extension 'ignore'
[0.335s] Level 1:colcon.colcon_core.package_identification:_identify(src/incubator_description) by extension 'ignore_ament_install'
[0.335s] Level 1:colcon.colcon_core.package_identification:_identify(src/incubator_description) by extensions ['colcon_pkg']
[0.335s] Level 1:colcon.colcon_core.package_identification:_identify(src/incubator_description) by extension 'colcon_pkg'
[0.335s] Level 1:colcon.colcon_core.package_identification:_identify(src/incubator_description) by extensions ['colcon_meta']
[0.335s] Level 1:colcon.colcon_core.package_identification:_identify(src/incubator_description) by extension 'colcon_meta'
[0.335s] Level 1:colcon.colcon_core.package_identification:_identify(src/incubator_description) by extensions ['ros']
[0.335s] Level 1:colcon.colcon_core.package_identification:_identify(src/incubator_description) by extension 'ros'
[0.336s] DEBUG:colcon.colcon_core.package_identification:Package 'src/incubator_description' with type 'ros.ament_cmake' and name 'incubator_description'
[0.336s] Level 1:colcon.colcon_core.package_identification:_identify(src/incubator_py_pkg) by extensions ['ignore', 'ignore_ament_install']
[0.336s] Level 1:colcon.colcon_core.package_identification:_identify(src/incubator_py_pkg) by extension 'ignore'
[0.336s] Level 1:colcon.colcon_core.package_identification:_identify(src/incubator_py_pkg) by extension 'ignore_ament_install'
[0.336s] Level 1:colcon.colcon_core.package_identification:_identify(src/incubator_py_pkg) by extensions ['colcon_pkg']
[0.336s] Level 1:colcon.colcon_core.package_identification:_identify(src/incubator_py_pkg) by extension 'colcon_pkg'
[0.336s] Level 1:colcon.colcon_core.package_identification:_identify(src/incubator_py_pkg) by extensions ['colcon_meta']
[0.336s] Level 1:colcon.colcon_core.package_identification:_identify(src/incubator_py_pkg) by extension 'colcon_meta'
[0.336s] Level 1:colcon.colcon_core.package_identification:_identify(src/incubator_py_pkg) by extensions ['ros']
[0.336s] Level 1:colcon.colcon_core.package_identification:_identify(src/incubator_py_pkg) by extension 'ros'
[0.337s] DEBUG:colcon.colcon_core.package_identification:Package 'src/incubator_py_pkg' with type 'ros.ament_python' and name 'incubator_py_pkg'
[0.338s] Level 1:colcon.colcon_core.package_identification:_identify(venv) by extensions ['ignore', 'ignore_ament_install']
[0.338s] Level 1:colcon.colcon_core.package_identification:_identify(venv) by extension 'ignore'
[0.338s] Level 1:colcon.colcon_core.package_identification:_identify(venv) ignored
[0.338s] Level 1:colcon.colcon_core.package_discovery:discover_packages(recursive) using defaults
[0.338s] Level 1:colcon.colcon_core.package_discovery:discover_packages(ignore) discover
[0.338s] Level 1:colcon.colcon_core.package_discovery:discover_packages(ignore) using defaults
[0.338s] Level 1:colcon.colcon_core.package_discovery:discover_packages(path) discover
[0.338s] Level 1:colcon.colcon_core.package_discovery:discover_packages(path) using defaults
[0.360s] Level 1:colcon.colcon_core.package_discovery:discover_packages(prefix_path) check parameters
[0.360s] Level 1:colcon.colcon_core.package_discovery:discover_packages(prefix_path) discover
[0.362s] DEBUG:colcon.colcon_installed_package_information.package_discovery:Found 5 installed packages in /home/thompson/incubator_ws/install
[0.364s] DEBUG:colcon.colcon_installed_package_information.package_discovery:Found 275 installed packages in /opt/ros/humble
[0.366s] Level 1:colcon.colcon_core.package_discovery:discover_packages(prefix_path) using defaults
[0.422s] Level 5:colcon.colcon_core.verb:set package 'incubator_cpp_pkg_interfaces' build argument 'cmake_args' from command line to 'None'
[0.422s] Level 5:colcon.colcon_core.verb:set package 'incubator_cpp_pkg_interfaces' build argument 'cmake_target' from command line to 'None'
[0.422s] Level 5:colcon.colcon_core.verb:set package 'incubator_cpp_pkg_interfaces' build argument 'cmake_target_skip_unavailable' from command line to 'False'
[0.422s] Level 5:colcon.colcon_core.verb:set package 'incubator_cpp_pkg_interfaces' build argument 'cmake_clean_cache' from command line to 'False'
[0.422s] Level 5:colcon.colcon_core.verb:set package 'incubator_cpp_pkg_interfaces' build argument 'cmake_clean_first' from command line to 'False'
[0.422s] Level 5:colcon.colcon_core.verb:set package 'incubator_cpp_pkg_interfaces' build argument 'cmake_force_configure' from command line to 'False'
[0.422s] Level 5:colcon.colcon_core.verb:set package 'incubator_cpp_pkg_interfaces' build argument 'ament_cmake_args' from command line to 'None'
[0.422s] Level 5:colcon.colcon_core.verb:set package 'incubator_cpp_pkg_interfaces' build argument 'catkin_cmake_args' from command line to 'None'
[0.422s] Level 5:colcon.colcon_core.verb:set package 'incubator_cpp_pkg_interfaces' build argument 'catkin_skip_building_tests' from command line to 'False'
[0.422s] DEBUG:colcon.colcon_core.verb:Building package 'incubator_cpp_pkg_interfaces' with the following arguments: {'ament_cmake_args': None, 'build_base': '/home/thompson/incubator_ws/build/incubator_cpp_pkg_interfaces', 'catkin_cmake_args': None, 'catkin_skip_building_tests': False, 'cmake_args': None, 'cmake_clean_cache': False, 'cmake_clean_first': False, 'cmake_force_configure': False, 'cmake_target': None, 'cmake_target_skip_unavailable': False, 'install_base': '/home/thompson/incubator_ws/install/incubator_cpp_pkg_interfaces', 'merge_install': False, 'path': '/home/thompson/incubator_ws/src/incubator_cpp_pkg_interfaces', 'symlink_install': False, 'test_result_base': None}
[0.423s] Level 5:colcon.colcon_core.verb:set package 'incubator_description' build argument 'cmake_args' from command line to 'None'
[0.423s] Level 5:colcon.colcon_core.verb:set package 'incubator_description' build argument 'cmake_target' from command line to 'None'
[0.423s] Level 5:colcon.colcon_core.verb:set package 'incubator_description' build argument 'cmake_target_skip_unavailable' from command line to 'False'
[0.423s] Level 5:colcon.colcon_core.verb:set package 'incubator_description' build argument 'cmake_clean_cache' from command line to 'False'
[0.423s] Level 5:colcon.colcon_core.verb:set package 'incubator_description' build argument 'cmake_clean_first' from command line to 'False'
[0.423s] Level 5:colcon.colcon_core.verb:set package 'incubator_description' build argument 'cmake_force_configure' from command line to 'False'
[0.423s] Level 5:colcon.colcon_core.verb:set package 'incubator_description' build argument 'ament_cmake_args' from command line to 'None'
[0.423s] Level 5:colcon.colcon_core.verb:set package 'incubator_description' build argument 'catkin_cmake_args' from command line to 'None'
[0.423s] Level 5:colcon.colcon_core.verb:set package 'incubator_description' build argument 'catkin_skip_building_tests' from command line to 'False'
[0.423s] DEBUG:colcon.colcon_core.verb:Building package 'incubator_description' with the following arguments: {'ament_cmake_args': None, 'build_base': '/home/thompson/incubator_ws/build/incubator_description', 'catkin_cmake_args': None, 'catkin_skip_building_tests': False, 'cmake_args': None, 'cmake_clean_cache': False, 'cmake_clean_first': False, 'cmake_force_configure': False, 'cmake_target': None, 'cmake_target_skip_unavailable': False, 'install_base': '/home/thompson/incubator_ws/install/incubator_description', 'merge_install': False, 'path': '/home/thompson/incubator_ws/src/incubator_description', 'symlink_install': False, 'test_result_base': None}
[0.423s] Level 5:colcon.colcon_core.verb:set package 'incubator_cpp_pkg' build argument 'cmake_args' from command line to 'None'
[0.423s] Level 5:colcon.colcon_core.verb:set package 'incubator_cpp_pkg' build argument 'cmake_target' from command line to 'None'
[0.423s] Level 5:colcon.colcon_core.verb:set package 'incubator_cpp_pkg' build argument 'cmake_target_skip_unavailable' from command line to 'False'
[0.423s] Level 5:colcon.colcon_core.verb:set package 'incubator_cpp_pkg' build argument 'cmake_clean_cache' from command line to 'False'
[0.423s] Level 5:colcon.colcon_core.verb:set package 'incubator_cpp_pkg' build argument 'cmake_clean_first' from command line to 'False'
[0.423s] Level 5:colcon.colcon_core.verb:set package 'incubator_cpp_pkg' build argument 'cmake_force_configure' from command line to 'False'
[0.423s] Level 5:colcon.colcon_core.verb:set package 'incubator_cpp_pkg' build argument 'ament_cmake_args' from command line to 'None'
[0.423s] Level 5:colcon.colcon_core.verb:set package 'incubator_cpp_pkg' build argument 'catkin_cmake_args' from command line to 'None'
[0.423s] Level 5:colcon.colcon_core.verb:set package 'incubator_cpp_pkg' build argument 'catkin_skip_building_tests' from command line to 'False'
[0.424s] DEBUG:colcon.colcon_core.verb:Building package 'incubator_cpp_pkg' with the following arguments: {'ament_cmake_args': None, 'build_base': '/home/thompson/incubator_ws/build/incubator_cpp_pkg', 'catkin_cmake_args': None, 'catkin_skip_building_tests': False, 'cmake_args': None, 'cmake_clean_cache': False, 'cmake_clean_first': False, 'cmake_force_configure': False, 'cmake_target': None, 'cmake_target_skip_unavailable': False, 'install_base': '/home/thompson/incubator_ws/install/incubator_cpp_pkg', 'merge_install': False, 'path': '/home/thompson/incubator_ws/src/incubator_cpp_pkg', 'symlink_install': False, 'test_result_base': None}
[0.424s] Level 5:colcon.colcon_core.verb:set package 'incubator_py_pkg' build argument 'cmake_args' from command line to 'None'
[0.424s] Level 5:colcon.colcon_core.verb:set package 'incubator_py_pkg' build argument 'cmake_target' from command line to 'None'
[0.424s] Level 5:colcon.colcon_core.verb:set package 'incubator_py_pkg' build argument 'cmake_target_skip_unavailable' from command line to 'False'
[0.424s] Level 5:colcon.colcon_core.verb:set package 'incubator_py_pkg' build argument 'cmake_clean_cache' from command line to 'False'
[0.424s] Level 5:colcon.colcon_core.verb:set package 'incubator_py_pkg' build argument 'cmake_clean_first' from command line to 'False'
[0.424s] Level 5:colcon.colcon_core.verb:set package 'incubator_py_pkg' build argument 'cmake_force_configure' from command line to 'False'
[0.424s] Level 5:colcon.colcon_core.verb:set package 'incubator_py_pkg' build argument 'ament_cmake_args' from command line to 'None'
[0.424s] Level 5:colcon.colcon_core.verb:set package 'incubator_py_pkg' build argument 'catkin_cmake_args' from command line to 'None'
[0.424s] Level 5:colcon.colcon_core.verb:set package 'incubator_py_pkg' build argument 'catkin_skip_building_tests' from command line to 'False'
[0.424s] DEBUG:colcon.colcon_core.verb:Building package 'incubator_py_pkg' with the following arguments: {'ament_cmake_args': None, 'build_base': '/home/thompson/incubator_ws/build/incubator_py_pkg', 'catkin_cmake_args': None, 'catkin_skip_building_tests': False, 'cmake_args': None, 'cmake_clean_cache': False, 'cmake_clean_first': False, 'cmake_force_configure': False, 'cmake_target': None, 'cmake_target_skip_unavailable': False, 'install_base': '/home/thompson/incubator_ws/install/incubator_py_pkg', 'merge_install': False, 'path': '/home/thompson/incubator_ws/src/incubator_py_pkg', 'symlink_install': False, 'test_result_base': None}
[0.425s] Level 5:colcon.colcon_core.verb:set package 'incubator_cpp_pkg_bringup' build argument 'cmake_args' from command line to 'None'
[0.425s] Level 5:colcon.colcon_core.verb:set package 'incubator_cpp_pkg_bringup' build argument 'cmake_target' from command line to 'None'
[0.425s] Level 5:colcon.colcon_core.verb:set package 'incubator_cpp_pkg_bringup' build argument 'cmake_target_skip_unavailable' from command line to 'False'
[0.425s] Level 5:colcon.colcon_core.verb:set package 'incubator_cpp_pkg_bringup' build argument 'cmake_clean_cache' from command line to 'False'
[0.425s] Level 5:colcon.colcon_core.verb:set package 'incubator_cpp_pkg_bringup' build argument 'cmake_clean_first' from command line to 'False'
[0.425s] Level 5:colcon.colcon_core.verb:set package 'incubator_cpp_pkg_bringup' build argument 'cmake_force_configure' from command line to 'False'
[0.425s] Level 5:colcon.colcon_core.verb:set package 'incubator_cpp_pkg_bringup' build argument 'ament_cmake_args' from command line to 'None'
[0.425s] Level 5:colcon.colcon_core.verb:set package 'incubator_cpp_pkg_bringup' build argument 'catkin_cmake_args' from command line to 'None'
[0.425s] Level 5:colcon.colcon_core.verb:set package 'incubator_cpp_pkg_bringup' build argument 'catkin_skip_building_tests' from command line to 'False'
[0.425s] DEBUG:colcon.colcon_core.verb:Building package 'incubator_cpp_pkg_bringup' with the following arguments: {'ament_cmake_args': None, 'build_base': '/home/thompson/incubator_ws/build/incubator_cpp_pkg_bringup', 'catkin_cmake_args': None, 'catkin_skip_building_tests': False, 'cmake_args': None, 'cmake_clean_cache': False, 'cmake_clean_first': False, 'cmake_force_configure': False, 'cmake_target': None, 'cmake_target_skip_unavailable': False, 'install_base': '/home/thompson/incubator_ws/install/incubator_cpp_pkg_bringup', 'merge_install': False, 'path': '/home/thompson/incubator_ws/src/incubator_cpp_pkg_bringup', 'symlink_install': False, 'test_result_base': None}
[0.425s] INFO:colcon.colcon_core.executor:Executing jobs using 'parallel' executor
[0.427s] DEBUG:colcon.colcon_parallel_executor.executor.parallel:run_until_complete
[0.427s] INFO:colcon.colcon_ros.task.ament_cmake.build:Building ROS package in '/home/thompson/incubator_ws/src/incubator_cpp_pkg_interfaces' with build type 'ament_cmake'
[0.428s] INFO:colcon.colcon_cmake.task.cmake.build:Building CMake package in '/home/thompson/incubator_ws/src/incubator_cpp_pkg_interfaces'
[0.431s] INFO:colcon.colcon_core.plugin_system:Skipping extension 'colcon_core.shell.bat': Not used on non-Windows systems
[0.431s] INFO:colcon.colcon_core.shell:Skip shell extension 'powershell' for command environment: Not usable outside of PowerShell
[0.431s] DEBUG:colcon.colcon_core.shell:Skip shell extension 'dsv' for command environment
[0.437s] INFO:colcon.colcon_ros.task.ament_cmake.build:Building ROS package in '/home/thompson/incubator_ws/src/incubator_description' with build type 'ament_cmake'
[0.437s] INFO:colcon.colcon_cmake.task.cmake.build:Building CMake package in '/home/thompson/incubator_ws/src/incubator_description'
[0.438s] INFO:colcon.colcon_core.shell:Skip shell extension 'powershell' for command environment: Not usable outside of PowerShell
[0.438s] DEBUG:colcon.colcon_core.shell:Skip shell extension 'dsv' for command environment
[0.454s] DEBUG:colcon.colcon_core.event_handler.log_command:Invoking command in '/home/thompson/incubator_ws/build/incubator_cpp_pkg_interfaces': CMAKE_PREFIX_PATH=${CMAKE_PREFIX_PATH}:/home/thompson/incubator_ws/install/incubator_py_pkg:/opt/ros/humble /usr/bin/cmake --build /home/thompson/incubator_ws/build/incubator_cpp_pkg_interfaces -- -j7 -l7
[0.461s] DEBUG:colcon.colcon_core.event_handler.log_command:Invoking command in '/home/thompson/incubator_ws/build/incubator_description': CMAKE_PREFIX_PATH=${CMAKE_PREFIX_PATH}:/home/thompson/incubator_ws/install/incubator_py_pkg:/opt/ros/humble /usr/bin/cmake --build /home/thompson/incubator_ws/build/incubator_description -- -j7 -l7
[0.518s] DEBUG:colcon.colcon_core.event_handler.log_command:Invoked command in '/home/thompson/incubator_ws/build/incubator_description' returned '0': CMAKE_PREFIX_PATH=${CMAKE_PREFIX_PATH}:/home/thompson/incubator_ws/install/incubator_py_pkg:/opt/ros/humble /usr/bin/cmake --build /home/thompson/incubator_ws/build/incubator_description -- -j7 -l7
[0.594s] DEBUG:colcon.colcon_core.event_handler.log_command:Invoking command in '/home/thompson/incubator_ws/build/incubator_description': CMAKE_PREFIX_PATH=${CMAKE_PREFIX_PATH}:/home/thompson/incubator_ws/install/incubator_py_pkg:/opt/ros/humble /usr/bin/cmake --install /home/thompson/incubator_ws/build/incubator_description
[0.606s] Level 1:colcon.colcon_core.environment:create_environment_scripts_only(incubator_description)
[0.606s] DEBUG:colcon.colcon_core.event_handler.log_command:Invoked command in '/home/thompson/incubator_ws/build/incubator_description' returned '0': CMAKE_PREFIX_PATH=${CMAKE_PREFIX_PATH}:/home/thompson/incubator_ws/install/incubator_py_pkg:/opt/ros/humble /usr/bin/cmake --install /home/thompson/incubator_ws/build/incubator_description
[0.609s] Level 1:colcon.colcon_core.environment:checking '/home/thompson/incubator_ws/install/incubator_description' for CMake module files
[0.609s] Level 1:colcon.colcon_core.environment:checking '/home/thompson/incubator_ws/install/incubator_description' for CMake config files
[0.609s] Level 1:colcon.colcon_core.shell:create_environment_hook('incubator_description', 'cmake_prefix_path')
[0.610s] INFO:colcon.colcon_core.shell:Creating environment hook '/home/thompson/incubator_ws/install/incubator_description/share/incubator_description/hook/cmake_prefix_path.ps1'
[0.610s] INFO:colcon.colcon_core.shell:Creating environment descriptor '/home/thompson/incubator_ws/install/incubator_description/share/incubator_description/hook/cmake_prefix_path.dsv'
[0.611s] INFO:colcon.colcon_core.shell:Creating environment hook '/home/thompson/incubator_ws/install/incubator_description/share/incubator_description/hook/cmake_prefix_path.sh'
[0.612s] Level 1:colcon.colcon_core.environment:checking '/home/thompson/incubator_ws/install/incubator_description/bin'
[0.612s] Level 1:colcon.colcon_core.environment:checking '/home/thompson/incubator_ws/install/incubator_description/lib/pkgconfig/incubator_description.pc'
[0.612s] Level 1:colcon.colcon_core.environment:checking '/home/thompson/incubator_ws/install/incubator_description/lib/python3.10/site-packages'
[0.612s] Level 1:colcon.colcon_core.environment:checking '/home/thompson/incubator_ws/install/incubator_description/bin'
[0.613s] INFO:colcon.colcon_core.shell:Creating package script '/home/thompson/incubator_ws/install/incubator_description/share/incubator_description/package.ps1'
[0.614s] INFO:colcon.colcon_core.shell:Creating package descriptor '/home/thompson/incubator_ws/install/incubator_description/share/incubator_description/package.dsv'
[0.614s] INFO:colcon.colcon_core.shell:Creating package script '/home/thompson/incubator_ws/install/incubator_description/share/incubator_description/package.sh'
[0.615s] INFO:colcon.colcon_core.shell:Creating package script '/home/thompson/incubator_ws/install/incubator_description/share/incubator_description/package.bash'
[0.616s] INFO:colcon.colcon_core.shell:Creating package script '/home/thompson/incubator_ws/install/incubator_description/share/incubator_description/package.zsh'
[0.617s] Level 1:colcon.colcon_core.environment:create_file_with_runtime_dependencies(/home/thompson/incubator_ws/install/incubator_description/share/colcon-core/packages/incubator_description)
[0.648s] Level 1:colcon.colcon_core.environment:create_environment_scripts_only(incubator_description)
[0.649s] Level 1:colcon.colcon_core.environment:checking '/home/thompson/incubator_ws/install/incubator_description' for CMake module files
[0.649s] Level 1:colcon.colcon_core.environment:checking '/home/thompson/incubator_ws/install/incubator_description' for CMake config files
[0.650s] Level 1:colcon.colcon_core.shell:create_environment_hook('incubator_description', 'cmake_prefix_path')
[0.650s] INFO:colcon.colcon_core.shell:Creating environment hook '/home/thompson/incubator_ws/install/incubator_description/share/incubator_description/hook/cmake_prefix_path.ps1'
[0.651s] INFO:colcon.colcon_core.shell:Creating environment descriptor '/home/thompson/incubator_ws/install/incubator_description/share/incubator_description/hook/cmake_prefix_path.dsv'
[0.651s] INFO:colcon.colcon_core.shell:Creating environment hook '/home/thompson/incubator_ws/install/incubator_description/share/incubator_description/hook/cmake_prefix_path.sh'
[0.652s] Level 1:colcon.colcon_core.environment:checking '/home/thompson/incubator_ws/install/incubator_description/bin'
[0.652s] Level 1:colcon.colcon_core.environment:checking '/home/thompson/incubator_ws/install/incubator_description/lib/pkgconfig/incubator_description.pc'
[0.652s] Level 1:colcon.colcon_core.environment:checking '/home/thompson/incubator_ws/install/incubator_description/lib/python3.10/site-packages'
[0.652s] Level 1:colcon.colcon_core.environment:checking '/home/thompson/incubator_ws/install/incubator_description/bin'
[0.653s] INFO:colcon.colcon_core.shell:Creating package script '/home/thompson/incubator_ws/install/incubator_description/share/incubator_description/package.ps1'
[0.653s] INFO:colcon.colcon_core.shell:Creating package descriptor '/home/thompson/incubator_ws/install/incubator_description/share/incubator_description/package.dsv'
[0.654s] INFO:colcon.colcon_core.shell:Creating package script '/home/thompson/incubator_ws/install/incubator_description/share/incubator_description/package.sh'
[0.655s] INFO:colcon.colcon_core.shell:Creating package script '/home/thompson/incubator_ws/install/incubator_description/share/incubator_description/package.bash'
[0.655s] INFO:colcon.colcon_core.shell:Creating package script '/home/thompson/incubator_ws/install/incubator_description/share/incubator_description/package.zsh'
[0.656s] Level 1:colcon.colcon_core.environment:create_file_with_runtime_dependencies(/home/thompson/incubator_ws/install/incubator_description/share/colcon-core/packages/incubator_description)
[0.914s] DEBUG:colcon.colcon_core.event_handler.log_command:Invoked command in '/home/thompson/incubator_ws/build/incubator_cpp_pkg_interfaces' returned '0': CMAKE_PREFIX_PATH=${CMAKE_PREFIX_PATH}:/home/thompson/incubator_ws/install/incubator_py_pkg:/opt/ros/humble /usr/bin/cmake --build /home/thompson/incubator_ws/build/incubator_cpp_pkg_interfaces -- -j7 -l7
[1.318s] DEBUG:colcon.colcon_core.event_handler.log_command:Invoking command in '/home/thompson/incubator_ws/build/incubator_cpp_pkg_interfaces': CMAKE_PREFIX_PATH=${CMAKE_PREFIX_PATH}:/home/thompson/incubator_ws/install/incubator_py_pkg:/opt/ros/humble /usr/bin/cmake --install /home/thompson/incubator_ws/build/incubator_cpp_pkg_interfaces
[1.393s] Level 1:colcon.colcon_core.environment:create_environment_scripts_only(incubator_cpp_pkg_interfaces)
[1.393s] Level 1:colcon.colcon_core.environment:checking '/home/thompson/incubator_ws/install/incubator_cpp_pkg_interfaces' for CMake module files
[1.393s] DEBUG:colcon.colcon_core.event_handler.log_command:Invoked command in '/home/thompson/incubator_ws/build/incubator_cpp_pkg_interfaces' returned '0': CMAKE_PREFIX_PATH=${CMAKE_PREFIX_PATH}:/home/thompson/incubator_ws/install/incubator_py_pkg:/opt/ros/humble /usr/bin/cmake --install /home/thompson/incubator_ws/build/incubator_cpp_pkg_interfaces
[1.394s] Level 1:colcon.colcon_core.environment:checking '/home/thompson/incubator_ws/install/incubator_cpp_pkg_interfaces' for CMake config files
[1.395s] Level 1:colcon.colcon_core.shell:create_environment_hook('incubator_cpp_pkg_interfaces', 'cmake_prefix_path')
[1.395s] INFO:colcon.colcon_core.shell:Creating environment hook '/home/thompson/incubator_ws/install/incubator_cpp_pkg_interfaces/share/incubator_cpp_pkg_interfaces/hook/cmake_prefix_path.ps1'
[1.396s] INFO:colcon.colcon_core.shell:Creating environment descriptor '/home/thompson/incubator_ws/install/incubator_cpp_pkg_interfaces/share/incubator_cpp_pkg_interfaces/hook/cmake_prefix_path.dsv'
[1.396s] INFO:colcon.colcon_core.shell:Creating environment hook '/home/thompson/incubator_ws/install/incubator_cpp_pkg_interfaces/share/incubator_cpp_pkg_interfaces/hook/cmake_prefix_path.sh'
[1.397s] Level 1:colcon.colcon_core.environment:checking '/home/thompson/incubator_ws/install/incubator_cpp_pkg_interfaces/lib'
[1.397s] Level 1:colcon.colcon_core.shell:create_environment_hook('incubator_cpp_pkg_interfaces', 'ld_library_path_lib')
[1.397s] INFO:colcon.colcon_core.shell:Creating environment hook '/home/thompson/incubator_ws/install/incubator_cpp_pkg_interfaces/share/incubator_cpp_pkg_interfaces/hook/ld_library_path_lib.ps1'
[1.398s] INFO:colcon.colcon_core.shell:Creating environment descriptor '/home/thompson/incubator_ws/install/incubator_cpp_pkg_interfaces/share/incubator_cpp_pkg_interfaces/hook/ld_library_path_lib.dsv'
[1.398s] INFO:colcon.colcon_core.shell:Creating environment hook '/home/thompson/incubator_ws/install/incubator_cpp_pkg_interfaces/share/incubator_cpp_pkg_interfaces/hook/ld_library_path_lib.sh'
[1.398s] Level 1:colcon.colcon_core.environment:checking '/home/thompson/incubator_ws/install/incubator_cpp_pkg_interfaces/bin'
[1.398s] Level 1:colcon.colcon_core.environment:checking '/home/thompson/incubator_ws/install/incubator_cpp_pkg_interfaces/lib/pkgconfig/incubator_cpp_pkg_interfaces.pc'
[1.399s] Level 1:colcon.colcon_core.environment:checking '/home/thompson/incubator_ws/install/incubator_cpp_pkg_interfaces/lib/python3.10/site-packages'
[1.399s] Level 1:colcon.colcon_core.environment:checking '/home/thompson/incubator_ws/install/incubator_cpp_pkg_interfaces/bin'
[1.399s] INFO:colcon.colcon_core.shell:Creating package script '/home/thompson/incubator_ws/install/incubator_cpp_pkg_interfaces/share/incubator_cpp_pkg_interfaces/package.ps1'
[1.400s] INFO:colcon.colcon_core.shell:Creating package descriptor '/home/thompson/incubator_ws/install/incubator_cpp_pkg_interfaces/share/incubator_cpp_pkg_interfaces/package.dsv'
[1.400s] INFO:colcon.colcon_core.shell:Creating package script '/home/thompson/incubator_ws/install/incubator_cpp_pkg_interfaces/share/incubator_cpp_pkg_interfaces/package.sh'
[1.401s] INFO:colcon.colcon_core.shell:Creating package script '/home/thompson/incubator_ws/install/incubator_cpp_pkg_interfaces/share/incubator_cpp_pkg_interfaces/package.bash'
[1.401s] INFO:colcon.colcon_core.shell:Creating package script '/home/thompson/incubator_ws/install/incubator_cpp_pkg_interfaces/share/incubator_cpp_pkg_interfaces/package.zsh'
[1.401s] Level 1:colcon.colcon_core.environment:create_file_with_runtime_dependencies(/home/thompson/incubator_ws/install/incubator_cpp_pkg_interfaces/share/colcon-core/packages/incubator_cpp_pkg_interfaces)
[1.796s] Level 1:colcon.colcon_core.environment:create_environment_scripts_only(incubator_cpp_pkg_interfaces)
[1.797s] Level 1:colcon.colcon_core.environment:checking '/home/thompson/incubator_ws/install/incubator_cpp_pkg_interfaces' for CMake module files
[1.797s] Level 1:colcon.colcon_core.environment:checking '/home/thompson/incubator_ws/install/incubator_cpp_pkg_interfaces' for CMake config files
[1.798s] Level 1:colcon.colcon_core.shell:create_environment_hook('incubator_cpp_pkg_interfaces', 'cmake_prefix_path')
[1.798s] INFO:colcon.colcon_core.shell:Creating environment hook '/home/thompson/incubator_ws/install/incubator_cpp_pkg_interfaces/share/incubator_cpp_pkg_interfaces/hook/cmake_prefix_path.ps1'
[1.799s] INFO:colcon.colcon_core.shell:Creating environment descriptor '/home/thompson/incubator_ws/install/incubator_cpp_pkg_interfaces/share/incubator_cpp_pkg_interfaces/hook/cmake_prefix_path.dsv'
[1.799s] INFO:colcon.colcon_core.shell:Creating environment hook '/home/thompson/incubator_ws/install/incubator_cpp_pkg_interfaces/share/incubator_cpp_pkg_interfaces/hook/cmake_prefix_path.sh'
[1.800s] Level 1:colcon.colcon_core.environment:checking '/home/thompson/incubator_ws/install/incubator_cpp_pkg_interfaces/lib'
[1.800s] Level 1:colcon.colcon_core.shell:create_environment_hook('incubator_cpp_pkg_interfaces', 'ld_library_path_lib')
[1.800s] INFO:colcon.colcon_core.shell:Creating environment hook '/home/thompson/incubator_ws/install/incubator_cpp_pkg_interfaces/share/incubator_cpp_pkg_interfaces/hook/ld_library_path_lib.ps1'
[1.801s] INFO:colcon.colcon_core.shell:Creating environment descriptor '/home/thompson/incubator_ws/install/incubator_cpp_pkg_interfaces/share/incubator_cpp_pkg_interfaces/hook/ld_library_path_lib.dsv'
[1.801s] INFO:colcon.colcon_core.shell:Creating environment hook '/home/thompson/incubator_ws/install/incubator_cpp_pkg_interfaces/share/incubator_cpp_pkg_interfaces/hook/ld_library_path_lib.sh'
[1.801s] Level 1:colcon.colcon_core.environment:checking '/home/thompson/incubator_ws/install/incubator_cpp_pkg_interfaces/bin'
[1.802s] Level 1:colcon.colcon_core.environment:checking '/home/thompson/incubator_ws/install/incubator_cpp_pkg_interfaces/lib/pkgconfig/incubator_cpp_pkg_interfaces.pc'
[1.802s] Level 1:colcon.colcon_core.environment:checking '/home/thompson/incubator_ws/install/incubator_cpp_pkg_interfaces/lib/python3.10/site-packages'
[1.802s] Level 1:colcon.colcon_core.environment:checking '/home/thompson/incubator_ws/install/incubator_cpp_pkg_interfaces/bin'
[1.802s] INFO:colcon.colcon_core.shell:Creating package script '/home/thompson/incubator_ws/install/incubator_cpp_pkg_interfaces/share/incubator_cpp_pkg_interfaces/package.ps1'
[1.803s] INFO:colcon.colcon_core.shell:Creating package descriptor '/home/thompson/incubator_ws/install/incubator_cpp_pkg_interfaces/share/incubator_cpp_pkg_interfaces/package.dsv'
[1.804s] INFO:colcon.colcon_core.shell:Creating package script '/home/thompson/incubator_ws/install/incubator_cpp_pkg_interfaces/share/incubator_cpp_pkg_interfaces/package.sh'
[1.804s] INFO:colcon.colcon_core.shell:Creating package script '/home/thompson/incubator_ws/install/incubator_cpp_pkg_interfaces/share/incubator_cpp_pkg_interfaces/package.bash'
[1.805s] INFO:colcon.colcon_core.shell:Creating package script '/home/thompson/incubator_ws/install/incubator_cpp_pkg_interfaces/share/incubator_cpp_pkg_interfaces/package.zsh'
[1.805s] Level 1:colcon.colcon_core.environment:create_file_with_runtime_dependencies(/home/thompson/incubator_ws/install/incubator_cpp_pkg_interfaces/share/colcon-core/packages/incubator_cpp_pkg_interfaces)
[1.806s] INFO:colcon.colcon_ros.task.ament_cmake.build:Building ROS package in '/home/thompson/incubator_ws/src/incubator_cpp_pkg' with build type 'ament_cmake'
[1.806s] INFO:colcon.colcon_cmake.task.cmake.build:Building CMake package in '/home/thompson/incubator_ws/src/incubator_cpp_pkg'
[1.806s] INFO:colcon.colcon_core.shell:Skip shell extension 'powershell' for command environment: Not usable outside of PowerShell
[1.806s] DEBUG:colcon.colcon_core.shell:Skip shell extension 'dsv' for command environment
[1.811s] INFO:colcon.colcon_ros.task.ament_python.build:Building ROS package in '/home/thompson/incubator_ws/src/incubator_py_pkg' with build type 'ament_python'
[1.811s] Level 1:colcon.colcon_core.shell:create_environment_hook('incubator_py_pkg', 'ament_prefix_path')
[1.811s] INFO:colcon.colcon_core.shell:Creating environment hook '/home/thompson/incubator_ws/install/incubator_py_pkg/share/incubator_py_pkg/hook/ament_prefix_path.ps1'
[1.812s] INFO:colcon.colcon_core.shell:Creating environment descriptor '/home/thompson/incubator_ws/install/incubator_py_pkg/share/incubator_py_pkg/hook/ament_prefix_path.dsv'
[1.813s] INFO:colcon.colcon_core.shell:Creating environment hook '/home/thompson/incubator_ws/install/incubator_py_pkg/share/incubator_py_pkg/hook/ament_prefix_path.sh'
[1.813s] INFO:colcon.colcon_core.shell:Skip shell extension 'powershell' for command environment: Not usable outside of PowerShell
[1.813s] DEBUG:colcon.colcon_core.shell:Skip shell extension 'dsv' for command environment
[1.821s] DEBUG:colcon.colcon_core.event_handler.log_command:Invoking command in '/home/thompson/incubator_ws/build/incubator_cpp_pkg': CMAKE_PREFIX_PATH=/home/thompson/incubator_ws/install/incubator_cpp_pkg_interfaces:/home/thompson/incubator_ws/install/incubator_cpp_pkg_bringup:/home/thompson/incubator_ws/install/incubator_description:/home/thompson/incubator_ws/install/incubator_cpp_pkg:/home/thompson/incubator_ws/install/incubator_py_pkg:/opt/ros/humble /usr/bin/cmake --build /home/thompson/incubator_ws/build/incubator_cpp_pkg -- -j7 -l7
[2.113s] INFO:colcon.colcon_core.task.python.build:Building Python package in '/home/thompson/incubator_ws/src/incubator_py_pkg'
[2.113s] INFO:colcon.colcon_core.shell:Skip shell extension 'powershell' for command environment: Not usable outside of PowerShell
[2.113s] DEBUG:colcon.colcon_core.shell:Skip shell extension 'dsv' for command environment
[2.118s] DEBUG:colcon.colcon_core.event_handler.log_command:Invoked command in '/home/thompson/incubator_ws/build/incubator_cpp_pkg' returned '0': CMAKE_PREFIX_PATH=/home/thompson/incubator_ws/install/incubator_cpp_pkg_interfaces:/home/thompson/incubator_ws/install/incubator_cpp_pkg_bringup:/home/thompson/incubator_ws/install/incubator_description:/home/thompson/incubator_ws/install/incubator_cpp_pkg:/home/thompson/incubator_ws/install/incubator_py_pkg:/opt/ros/humble /usr/bin/cmake --build /home/thompson/incubator_ws/build/incubator_cpp_pkg -- -j7 -l7
[2.201s] DEBUG:colcon.colcon_core.event_handler.log_command:Invoking command in '/home/thompson/incubator_ws/build/incubator_cpp_pkg': CMAKE_PREFIX_PATH=/home/thompson/incubator_ws/install/incubator_cpp_pkg_interfaces:/home/thompson/incubator_ws/install/incubator_cpp_pkg_bringup:/home/thompson/incubator_ws/install/incubator_description:/home/thompson/incubator_ws/install/incubator_cpp_pkg:/home/thompson/incubator_ws/install/incubator_py_pkg:/opt/ros/humble /usr/bin/cmake --install /home/thompson/incubator_ws/build/incubator_cpp_pkg
[2.212s] Level 1:colcon.colcon_core.environment:create_environment_scripts_only(incubator_cpp_pkg)
[2.212s] Level 1:colcon.colcon_core.environment:checking '/home/thompson/incubator_ws/install/incubator_cpp_pkg' for CMake module files
[2.213s] DEBUG:colcon.colcon_core.event_handler.log_command:Invoked command in '/home/thompson/incubator_ws/build/incubator_cpp_pkg' returned '0': CMAKE_PREFIX_PATH=/home/thompson/incubator_ws/install/incubator_cpp_pkg_interfaces:/home/thompson/incubator_ws/install/incubator_cpp_pkg_bringup:/home/thompson/incubator_ws/install/incubator_description:/home/thompson/incubator_ws/install/incubator_cpp_pkg:/home/thompson/incubator_ws/install/incubator_py_pkg:/opt/ros/humble /usr/bin/cmake --install /home/thompson/incubator_ws/build/incubator_cpp_pkg
[2.213s] Level 1:colcon.colcon_core.environment:checking '/home/thompson/incubator_ws/install/incubator_cpp_pkg' for CMake config files
[2.214s] Level 1:colcon.colcon_core.shell:create_environment_hook('incubator_cpp_pkg', 'cmake_prefix_path')
[2.214s] INFO:colcon.colcon_core.shell:Creating environment hook '/home/thompson/incubator_ws/install/incubator_cpp_pkg/share/incubator_cpp_pkg/hook/cmake_prefix_path.ps1'
[2.214s] INFO:colcon.colcon_core.shell:Creating environment descriptor '/home/thompson/incubator_ws/install/incubator_cpp_pkg/share/incubator_cpp_pkg/hook/cmake_prefix_path.dsv'
[2.215s] INFO:colcon.colcon_core.shell:Creating environment hook '/home/thompson/incubator_ws/install/incubator_cpp_pkg/share/incubator_cpp_pkg/hook/cmake_prefix_path.sh'
[2.215s] Level 1:colcon.colcon_core.environment:checking '/home/thompson/incubator_ws/install/incubator_cpp_pkg/lib'
[2.215s] Level 1:colcon.colcon_core.environment:checking '/home/thompson/incubator_ws/install/incubator_cpp_pkg/bin'
[2.215s] Level 1:colcon.colcon_core.environment:checking '/home/thompson/incubator_ws/install/incubator_cpp_pkg/lib/pkgconfig/incubator_cpp_pkg.pc'
[2.216s] Level 1:colcon.colcon_core.environment:checking '/home/thompson/incubator_ws/install/incubator_cpp_pkg/lib/python3.10/site-packages'
[2.216s] Level 1:colcon.colcon_core.environment:checking '/home/thompson/incubator_ws/install/incubator_cpp_pkg/bin'
[2.216s] INFO:colcon.colcon_core.shell:Creating package script '/home/thompson/incubator_ws/install/incubator_cpp_pkg/share/incubator_cpp_pkg/package.ps1'
[2.217s] INFO:colcon.colcon_core.shell:Creating package descriptor '/home/thompson/incubator_ws/install/incubator_cpp_pkg/share/incubator_cpp_pkg/package.dsv'
[2.217s] INFO:colcon.colcon_core.shell:Creating package script '/home/thompson/incubator_ws/install/incubator_cpp_pkg/share/incubator_cpp_pkg/package.sh'
[2.218s] INFO:colcon.colcon_core.shell:Creating package script '/home/thompson/incubator_ws/install/incubator_cpp_pkg/share/incubator_cpp_pkg/package.bash'
[2.218s] INFO:colcon.colcon_core.shell:Creating package script '/home/thompson/incubator_ws/install/incubator_cpp_pkg/share/incubator_cpp_pkg/package.zsh'
[2.219s] Level 1:colcon.colcon_core.environment:create_file_with_runtime_dependencies(/home/thompson/incubator_ws/install/incubator_cpp_pkg/share/colcon-core/packages/incubator_cpp_pkg)
[2.303s] Level 1:colcon.colcon_core.environment:create_environment_scripts_only(incubator_cpp_pkg)
[2.303s] Level 1:colcon.colcon_core.environment:checking '/home/thompson/incubator_ws/install/incubator_cpp_pkg' for CMake module files
[2.304s] Level 1:colcon.colcon_core.environment:checking '/home/thompson/incubator_ws/install/incubator_cpp_pkg' for CMake config files
[2.304s] Level 1:colcon.colcon_core.shell:create_environment_hook('incubator_cpp_pkg', 'cmake_prefix_path')
[2.304s] INFO:colcon.colcon_core.shell:Creating environment hook '/home/thompson/incubator_ws/install/incubator_cpp_pkg/share/incubator_cpp_pkg/hook/cmake_prefix_path.ps1'
[2.305s] INFO:colcon.colcon_core.shell:Creating environment descriptor '/home/thompson/incubator_ws/install/incubator_cpp_pkg/share/incubator_cpp_pkg/hook/cmake_prefix_path.dsv'
[2.305s] INFO:colcon.colcon_core.shell:Creating environment hook '/home/thompson/incubator_ws/install/incubator_cpp_pkg/share/incubator_cpp_pkg/hook/cmake_prefix_path.sh'
[2.306s] Level 1:colcon.colcon_core.environment:checking '/home/thompson/incubator_ws/install/incubator_cpp_pkg/lib'
[2.306s] Level 1:colcon.colcon_core.environment:checking '/home/thompson/incubator_ws/install/incubator_cpp_pkg/bin'
[2.306s] Level 1:colcon.colcon_core.environment:checking '/home/thompson/incubator_ws/install/incubator_cpp_pkg/lib/pkgconfig/incubator_cpp_pkg.pc'
[2.306s] Level 1:colcon.colcon_core.environment:checking '/home/thompson/incubator_ws/install/incubator_cpp_pkg/lib/python3.10/site-packages'
[2.306s] Level 1:colcon.colcon_core.environment:checking '/home/thompson/incubator_ws/install/incubator_cpp_pkg/bin'
[2.307s] INFO:colcon.colcon_core.shell:Creating package script '/home/thompson/incubator_ws/install/incubator_cpp_pkg/share/incubator_cpp_pkg/package.ps1'
[2.307s] INFO:colcon.colcon_core.shell:Creating package descriptor '/home/thompson/incubator_ws/install/incubator_cpp_pkg/share/incubator_cpp_pkg/package.dsv'
[2.308s] INFO:colcon.colcon_core.shell:Creating package script '/home/thompson/incubator_ws/install/incubator_cpp_pkg/share/incubator_cpp_pkg/package.sh'
[2.308s] INFO:colcon.colcon_core.shell:Creating package script '/home/thompson/incubator_ws/install/incubator_cpp_pkg/share/incubator_cpp_pkg/package.bash'
[2.309s] INFO:colcon.colcon_core.shell:Creating package script '/home/thompson/incubator_ws/install/incubator_cpp_pkg/share/incubator_cpp_pkg/package.zsh'
[2.309s] Level 1:colcon.colcon_core.environment:create_file_with_runtime_dependencies(/home/thompson/incubator_ws/install/incubator_cpp_pkg/share/colcon-core/packages/incubator_cpp_pkg)
[2.468s] DEBUG:colcon.colcon_core.event_handler.log_command:Invoking command in '/home/thompson/incubator_ws/src/incubator_py_pkg': CMAKE_PREFIX_PATH=/home/thompson/incubator_ws/install/incubator_cpp_pkg_interfaces:/home/thompson/incubator_ws/install/incubator_cpp_pkg_bringup:/home/thompson/incubator_ws/install/incubator_description:/home/thompson/incubator_ws/install/incubator_cpp_pkg PYTHONPATH=/home/thompson/incubator_ws/build/incubator_py_pkg/prefix_override:/usr/lib/python3/dist-packages/colcon_core/task/python/colcon_distutils_commands:/home/thompson/incubator_ws/install/incubator_py_pkg/lib/python3.10/site-packages:${PYTHONPATH} /usr/bin/python3 -W ignore:setup.py install is deprecated setup.py egg_info --egg-base ../../build/incubator_py_pkg build --build-base /home/thompson/incubator_ws/build/incubator_py_pkg/build install --record /home/thompson/incubator_ws/build/incubator_py_pkg/install.log --single-version-externally-managed install_data
[2.761s] Level 1:colcon.colcon_core.environment:checking '/home/thompson/incubator_ws/install/incubator_py_pkg' for CMake module files
[2.761s] Level 1:colcon.colcon_core.environment:checking '/home/thompson/incubator_ws/install/incubator_py_pkg' for CMake config files
[2.762s] Level 1:colcon.colcon_core.environment:checking '/home/thompson/incubator_ws/install/incubator_py_pkg/lib'
[2.762s] Level 1:colcon.colcon_core.environment:checking '/home/thompson/incubator_ws/install/incubator_py_pkg/bin'
[2.762s] Level 1:colcon.colcon_core.environment:checking '/home/thompson/incubator_ws/install/incubator_py_pkg/lib/pkgconfig/incubator_py_pkg.pc'
[2.762s] Level 1:colcon.colcon_core.environment:checking '/home/thompson/incubator_ws/install/incubator_py_pkg/lib/python3.10/site-packages'
[2.763s] Level 1:colcon.colcon_core.shell:create_environment_hook('incubator_py_pkg', 'pythonpath')
[2.763s] INFO:colcon.colcon_core.shell:Creating environment hook '/home/thompson/incubator_ws/install/incubator_py_pkg/share/incubator_py_pkg/hook/pythonpath.ps1'
[2.764s] DEBUG:colcon.colcon_core.event_handler.log_command:Invoked command in '/home/thompson/incubator_ws/src/incubator_py_pkg' returned '0': CMAKE_PREFIX_PATH=/home/thompson/incubator_ws/install/incubator_cpp_pkg_interfaces:/home/thompson/incubator_ws/install/incubator_cpp_pkg_bringup:/home/thompson/incubator_ws/install/incubator_description:/home/thompson/incubator_ws/install/incubator_cpp_pkg PYTHONPATH=/home/thompson/incubator_ws/build/incubator_py_pkg/prefix_override:/usr/lib/python3/dist-packages/colcon_core/task/python/colcon_distutils_commands:/home/thompson/incubator_ws/install/incubator_py_pkg/lib/python3.10/site-packages:${PYTHONPATH} /usr/bin/python3 -W ignore:setup.py install is deprecated setup.py egg_info --egg-base ../../build/incubator_py_pkg build --build-base /home/thompson/incubator_ws/build/incubator_py_pkg/build install --record /home/thompson/incubator_ws/build/incubator_py_pkg/install.log --single-version-externally-managed install_data
[2.764s] INFO:colcon.colcon_core.shell:Creating environment descriptor '/home/thompson/incubator_ws/install/incubator_py_pkg/share/incubator_py_pkg/hook/pythonpath.dsv'
[2.765s] INFO:colcon.colcon_core.shell:Creating environment hook '/home/thompson/incubator_ws/install/incubator_py_pkg/share/incubator_py_pkg/hook/pythonpath.sh'
[2.765s] Level 1:colcon.colcon_core.environment:checking '/home/thompson/incubator_ws/install/incubator_py_pkg/bin'
[2.766s] Level 1:colcon.colcon_core.environment:create_environment_scripts_only(incubator_py_pkg)
[2.766s] INFO:colcon.colcon_core.shell:Creating package script '/home/thompson/incubator_ws/install/incubator_py_pkg/share/incubator_py_pkg/package.ps1'
[2.767s] INFO:colcon.colcon_core.shell:Creating package descriptor '/home/thompson/incubator_ws/install/incubator_py_pkg/share/incubator_py_pkg/package.dsv'
[2.767s] INFO:colcon.colcon_core.shell:Creating package script '/home/thompson/incubator_ws/install/incubator_py_pkg/share/incubator_py_pkg/package.sh'
[2.768s] INFO:colcon.colcon_core.shell:Creating package script '/home/thompson/incubator_ws/install/incubator_py_pkg/share/incubator_py_pkg/package.bash'
[2.768s] INFO:colcon.colcon_core.shell:Creating package script '/home/thompson/incubator_ws/install/incubator_py_pkg/share/incubator_py_pkg/package.zsh'
[2.769s] Level 1:colcon.colcon_core.environment:create_file_with_runtime_dependencies(/home/thompson/incubator_ws/install/incubator_py_pkg/share/colcon-core/packages/incubator_py_pkg)
[2.770s] INFO:colcon.colcon_ros.task.ament_cmake.build:Building ROS package in '/home/thompson/incubator_ws/src/incubator_cpp_pkg_bringup' with build type 'ament_cmake'
[2.770s] INFO:colcon.colcon_cmake.task.cmake.build:Building CMake package in '/home/thompson/incubator_ws/src/incubator_cpp_pkg_bringup'
[2.771s] INFO:colcon.colcon_core.shell:Skip shell extension 'powershell' for command environment: Not usable outside of PowerShell
[2.771s] DEBUG:colcon.colcon_core.shell:Skip shell extension 'dsv' for command environment
[2.791s] DEBUG:colcon.colcon_core.event_handler.log_command:Invoking command in '/home/thompson/incubator_ws/build/incubator_cpp_pkg_bringup': CMAKE_PREFIX_PATH=/home/thompson/incubator_ws/install/incubator_cpp_pkg:/home/thompson/incubator_ws/install/incubator_description:/home/thompson/incubator_ws/install/incubator_cpp_pkg_interfaces:/home/thompson/incubator_ws/install/incubator_cpp_pkg_bringup:/home/thompson/incubator_ws/install/incubator_py_pkg:/opt/ros/humble /usr/bin/cmake --build /home/thompson/incubator_ws/build/incubator_cpp_pkg_bringup -- -j7 -l7
[2.845s] DEBUG:colcon.colcon_core.event_handler.log_command:Invoked command in '/home/thompson/incubator_ws/build/incubator_cpp_pkg_bringup' returned '0': CMAKE_PREFIX_PATH=/home/thompson/incubator_ws/install/incubator_cpp_pkg:/home/thompson/incubator_ws/install/incubator_description:/home/thompson/incubator_ws/install/incubator_cpp_pkg_interfaces:/home/thompson/incubator_ws/install/incubator_cpp_pkg_bringup:/home/thompson/incubator_ws/install/incubator_py_pkg:/opt/ros/humble /usr/bin/cmake --build /home/thompson/incubator_ws/build/incubator_cpp_pkg_bringup -- -j7 -l7
[2.878s] DEBUG:colcon.colcon_core.event_handler.log_command:Invoking command in '/home/thompson/incubator_ws/build/incubator_cpp_pkg_bringup': CMAKE_PREFIX_PATH=/home/thompson/incubator_ws/install/incubator_cpp_pkg:/home/thompson/incubator_ws/install/incubator_description:/home/thompson/incubator_ws/install/incubator_cpp_pkg_interfaces:/home/thompson/incubator_ws/install/incubator_cpp_pkg_bringup:/home/thompson/incubator_ws/install/incubator_py_pkg:/opt/ros/humble /usr/bin/cmake --install /home/thompson/incubator_ws/build/incubator_cpp_pkg_bringup
[2.893s] Level 1:colcon.colcon_core.environment:create_environment_scripts_only(incubator_cpp_pkg_bringup)
[2.893s] Level 1:colcon.colcon_core.environment:checking '/home/thompson/incubator_ws/install/incubator_cpp_pkg_bringup' for CMake module files
[2.894s] DEBUG:colcon.colcon_core.event_handler.log_command:Invoked command in '/home/thompson/incubator_ws/build/incubator_cpp_pkg_bringup' returned '0': CMAKE_PREFIX_PATH=/home/thompson/incubator_ws/install/incubator_cpp_pkg:/home/thompson/incubator_ws/install/incubator_description:/home/thompson/incubator_ws/install/incubator_cpp_pkg_interfaces:/home/thompson/incubator_ws/install/incubator_cpp_pkg_bringup:/home/thompson/incubator_ws/install/incubator_py_pkg:/opt/ros/humble /usr/bin/cmake --install /home/thompson/incubator_ws/build/incubator_cpp_pkg_bringup
[2.894s] Level 1:colcon.colcon_core.environment:checking '/home/thompson/incubator_ws/install/incubator_cpp_pkg_bringup' for CMake config files
[2.894s] Level 1:colcon.colcon_core.shell:create_environment_hook('incubator_cpp_pkg_bringup', 'cmake_prefix_path')
[2.895s] INFO:colcon.colcon_core.shell:Creating environment hook '/home/thompson/incubator_ws/install/incubator_cpp_pkg_bringup/share/incubator_cpp_pkg_bringup/hook/cmake_prefix_path.ps1'
[2.895s] INFO:colcon.colcon_core.shell:Creating environment descriptor '/home/thompson/incubator_ws/install/incubator_cpp_pkg_bringup/share/incubator_cpp_pkg_bringup/hook/cmake_prefix_path.dsv'
[2.896s] INFO:colcon.colcon_core.shell:Creating environment hook '/home/thompson/incubator_ws/install/incubator_cpp_pkg_bringup/share/incubator_cpp_pkg_bringup/hook/cmake_prefix_path.sh'
[2.896s] Level 1:colcon.colcon_core.environment:checking '/home/thompson/incubator_ws/install/incubator_cpp_pkg_bringup/bin'
[2.896s] Level 1:colcon.colcon_core.environment:checking '/home/thompson/incubator_ws/install/incubator_cpp_pkg_bringup/lib/pkgconfig/incubator_cpp_pkg_bringup.pc'
[2.897s] Level 1:colcon.colcon_core.environment:checking '/home/thompson/incubator_ws/install/incubator_cpp_pkg_bringup/lib/python3.10/site-packages'
[2.897s] Level 1:colcon.colcon_core.environment:checking '/home/thompson/incubator_ws/install/incubator_cpp_pkg_bringup/bin'
[2.897s] INFO:colcon.colcon_core.shell:Creating package script '/home/thompson/incubator_ws/install/incubator_cpp_pkg_bringup/share/incubator_cpp_pkg_bringup/package.ps1'
[2.898s] INFO:colcon.colcon_core.shell:Creating package descriptor '/home/thompson/incubator_ws/install/incubator_cpp_pkg_bringup/share/incubator_cpp_pkg_bringup/package.dsv'
[2.898s] INFO:colcon.colcon_core.shell:Creating package script '/home/thompson/incubator_ws/install/incubator_cpp_pkg_bringup/share/incubator_cpp_pkg_bringup/package.sh'
[2.899s] INFO:colcon.colcon_core.shell:Creating package script '/home/thompson/incubator_ws/install/incubator_cpp_pkg_bringup/share/incubator_cpp_pkg_bringup/package.bash'
[2.899s] INFO:colcon.colcon_core.shell:Creating package script '/home/thompson/incubator_ws/install/incubator_cpp_pkg_bringup/share/incubator_cpp_pkg_bringup/package.zsh'
[2.899s] Level 1:colcon.colcon_core.environment:create_file_with_runtime_dependencies(/home/thompson/incubator_ws/install/incubator_cpp_pkg_bringup/share/colcon-core/packages/incubator_cpp_pkg_bringup)
[2.929s] Level 1:colcon.colcon_core.environment:create_environment_scripts_only(incubator_cpp_pkg_bringup)
[2.929s] Level 1:colcon.colcon_core.environment:checking '/home/thompson/incubator_ws/install/incubator_cpp_pkg_bringup' for CMake module files
[2.930s] Level 1:colcon.colcon_core.environment:checking '/home/thompson/incubator_ws/install/incubator_cpp_pkg_bringup' for CMake config files
[2.930s] Level 1:colcon.colcon_core.shell:create_environment_hook('incubator_cpp_pkg_bringup', 'cmake_prefix_path')
[2.930s] INFO:colcon.colcon_core.shell:Creating environment hook '/home/thompson/incubator_ws/install/incubator_cpp_pkg_bringup/share/incubator_cpp_pkg_bringup/hook/cmake_prefix_path.ps1'
[2.931s] INFO:colcon.colcon_core.shell:Creating environment descriptor '/home/thompson/incubator_ws/install/incubator_cpp_pkg_bringup/share/incubator_cpp_pkg_bringup/hook/cmake_prefix_path.dsv'
[2.931s] INFO:colcon.colcon_core.shell:Creating environment hook '/home/thompson/incubator_ws/install/incubator_cpp_pkg_bringup/share/incubator_cpp_pkg_bringup/hook/cmake_prefix_path.sh'
[2.932s] Level 1:colcon.colcon_core.environment:checking '/home/thompson/incubator_ws/install/incubator_cpp_pkg_bringup/bin'
[2.932s] Level 1:colcon.colcon_core.environment:checking '/home/thompson/incubator_ws/install/incubator_cpp_pkg_bringup/lib/pkgconfig/incubator_cpp_pkg_bringup.pc'
[2.932s] Level 1:colcon.colcon_core.environment:checking '/home/thompson/incubator_ws/install/incubator_cpp_pkg_bringup/lib/python3.10/site-packages'
[2.932s] Level 1:colcon.colcon_core.environment:checking '/home/thompson/incubator_ws/install/incubator_cpp_pkg_bringup/bin'
[2.933s] INFO:colcon.colcon_core.shell:Creating package script '/home/thompson/incubator_ws/install/incubator_cpp_pkg_bringup/share/incubator_cpp_pkg_bringup/package.ps1'
[2.934s] INFO:colcon.colcon_core.shell:Creating package descriptor '/home/thompson/incubator_ws/install/incubator_cpp_pkg_bringup/share/incubator_cpp_pkg_bringup/package.dsv'
[2.935s] INFO:colcon.colcon_core.shell:Creating package script '/home/thompson/incubator_ws/install/incubator_cpp_pkg_bringup/share/incubator_cpp_pkg_bringup/package.sh'
[2.935s] INFO:colcon.colcon_core.shell:Creating package script '/home/thompson/incubator_ws/install/incubator_cpp_pkg_bringup/share/incubator_cpp_pkg_bringup/package.bash'
[2.936s] INFO:colcon.colcon_core.shell:Creating package script '/home/thompson/incubator_ws/install/incubator_cpp_pkg_bringup/share/incubator_cpp_pkg_bringup/package.zsh'
[2.937s] Level 1:colcon.colcon_core.environment:create_file_with_runtime_dependencies(/home/thompson/incubator_ws/install/incubator_cpp_pkg_bringup/share/colcon-core/packages/incubator_cpp_pkg_bringup)
[2.937s] DEBUG:colcon.colcon_parallel_executor.executor.parallel:closing loop
[2.938s] DEBUG:colcon.colcon_parallel_executor.executor.parallel:loop closed
[2.938s] DEBUG:colcon.colcon_parallel_executor.executor.parallel:run_until_complete finished with '0'
[2.938s] DEBUG:colcon.colcon_core.event_reactor:joining thread
[2.944s] INFO:colcon.colcon_core.plugin_system:Skipping extension 'colcon_notification.desktop_notification.terminal_notifier': Not used on non-Darwin systems
[2.944s] INFO:colcon.colcon_core.plugin_system:Skipping extension 'colcon_notification.desktop_notification.win32': Not used on non-Windows systems
[2.944s] INFO:colcon.colcon_notification.desktop_notification:Sending desktop notification using 'notify2'
[2.958s] DEBUG:colcon.colcon_core.event_reactor:joined thread
[2.959s] INFO:colcon.colcon_core.shell:Creating prefix script '/home/thompson/incubator_ws/install/local_setup.ps1'
[2.960s] INFO:colcon.colcon_core.shell:Creating prefix util module '/home/thompson/incubator_ws/install/_local_setup_util_ps1.py'
[2.961s] INFO:colcon.colcon_core.shell:Creating prefix chain script '/home/thompson/incubator_ws/install/setup.ps1'
[2.963s] INFO:colcon.colcon_core.shell:Creating prefix script '/home/thompson/incubator_ws/install/local_setup.sh'
[2.964s] INFO:colcon.colcon_core.shell:Creating prefix util module '/home/thompson/incubator_ws/install/_local_setup_util_sh.py'
[2.964s] INFO:colcon.colcon_core.shell:Creating prefix chain script '/home/thompson/incubator_ws/install/setup.sh'
[2.966s] INFO:colcon.colcon_core.shell:Creating prefix script '/home/thompson/incubator_ws/install/local_setup.bash'
[2.967s] INFO:colcon.colcon_core.shell:Creating prefix chain script '/home/thompson/incubator_ws/install/setup.bash'
[2.968s] INFO:colcon.colcon_core.shell:Creating prefix script '/home/thompson/incubator_ws/install/local_setup.zsh'
[2.969s] INFO:colcon.colcon_core.shell:Creating prefix chain script '/home/thompson/incubator_ws/install/setup.zsh'
