[0.018s] Invoking command in '/home/thompson/MS_Report/hamr_incubator_ws/build/incubator_cpp_pkg_interfaces': CMAKE_PREFIX_PATH=/opt/ros/humble /usr/bin/cmake /home/thompson/MS_Report/hamr_incubator_ws/src/incubator_cpp_pkg_interfaces -DCMAKE_INSTALL_PREFIX=/home/thompson/MS_Report/hamr_incubator_ws/install/incubator_cpp_pkg_interfaces
[0.195s] -- The C compiler identification is GNU 11.4.0
[0.307s] -- The CXX compiler identification is GNU 11.4.0
[0.322s] -- Detecting C compiler ABI info
[0.403s] -- Detecting C compiler ABI info - done
[0.411s] -- Check for working C compiler: /usr/bin/cc - skipped
[0.414s] -- Detecting C compile features
[0.415s] -- Detecting C compile features - done
[0.420s] -- Detecting CXX compiler ABI info
[0.508s] -- Detecting CXX compiler ABI info - done
[0.516s] -- Check for working CXX compiler: /usr/bin/c++ - skipped
[0.517s] -- Detecting CXX compile features
[0.517s] -- Detecting CXX compile features - done
[0.528s] -- Found ament_cmake: 1.3.10 (/opt/ros/humble/share/ament_cmake/cmake)
[0.689s] -- Found Python3: /usr/bin/python3 (found version "3.10.12") found components: Interpreter 
[0.812s] -- Found rosidl_default_generators: 1.2.0 (/opt/ros/humble/share/rosidl_default_generators/cmake)
[0.819s] -- Using all available rosidl_typesupport_c: rosidl_typesupport_fastrtps_c;rosidl_typesupport_introspection_c
[0.831s] -- Found rosidl_adapter: 3.1.5 (/opt/ros/humble/share/rosidl_adapter/cmake)
[0.896s] -- Using all available rosidl_typesupport_cpp: rosidl_typesupport_fastrtps_cpp;rosidl_typesupport_introspection_cpp
[1.241s] -- Found ament_cmake_ros: 0.10.0 (/opt/ros/humble/share/ament_cmake_ros/cmake)
[1.434s] -- Using all available rosidl_typesupport_c: rosidl_typesupport_fastrtps_c;rosidl_typesupport_introspection_c
[1.676s] -- Using all available rosidl_typesupport_cpp: rosidl_typesupport_fastrtps_cpp;rosidl_typesupport_introspection_cpp
[1.700s] -- Found PythonInterp: /usr/bin/python3 (found suitable version "3.10.12", minimum required is "3.6") 
[1.703s] -- Found python_cmake_module: 0.10.0 (/opt/ros/humble/share/python_cmake_module/cmake)
[1.731s] -- Found PythonLibs: /usr/lib/x86_64-linux-gnu/libpython3.10.so (found suitable version "3.10.12", minimum required is "3.5") 
[1.731s] -- Using PYTHON_EXECUTABLE: /usr/bin/python3
[1.731s] -- Using PYTHON_INCLUDE_DIRS: /usr/include/python3.10
[1.731s] -- Using PYTHON_LIBRARIES: /usr/lib/x86_64-linux-gnu/libpython3.10.so
[1.754s] -- Found PythonExtra: .so  
[1.802s] -- Configuring done
[1.853s] -- Generating done
[1.856s] -- Build files have been written to: /home/thompson/MS_Report/hamr_incubator_ws/build/incubator_cpp_pkg_interfaces
[1.863s] Invoked command in '/home/thompson/MS_Report/hamr_incubator_ws/build/incubator_cpp_pkg_interfaces' returned '0': CMAKE_PREFIX_PATH=/opt/ros/humble /usr/bin/cmake /home/thompson/MS_Report/hamr_incubator_ws/src/incubator_cpp_pkg_interfaces -DCMAKE_INSTALL_PREFIX=/home/thompson/MS_Report/hamr_incubator_ws/install/incubator_cpp_pkg_interfaces
[1.866s] Invoking command in '/home/thompson/MS_Report/hamr_incubator_ws/build/incubator_cpp_pkg_interfaces': CMAKE_PREFIX_PATH=/opt/ros/humble /usr/bin/cmake --build /home/thompson/MS_Report/hamr_incubator_ws/build/incubator_cpp_pkg_interfaces -- -j7 -l7
[1.911s] [  1%] [34m[1mGenerating C code for ROS interfaces[0m
[1.922s] [  1%] [34m[1mGenerating C++ code for ROS interfaces[0m
[1.932s] [  1%] Built target ament_cmake_python_copy_incubator_cpp_pkg_interfaces
[2.190s] running egg_info
[2.191s] creating incubator_cpp_pkg_interfaces.egg-info
[2.192s] writing incubator_cpp_pkg_interfaces.egg-info/PKG-INFO
[2.192s] writing dependency_links to incubator_cpp_pkg_interfaces.egg-info/dependency_links.txt
[2.192s] writing top-level names to incubator_cpp_pkg_interfaces.egg-info/top_level.txt
[2.192s] writing manifest file 'incubator_cpp_pkg_interfaces.egg-info/SOURCES.txt'
[2.197s] reading manifest file 'incubator_cpp_pkg_interfaces.egg-info/SOURCES.txt'
[2.198s] writing manifest file 'incubator_cpp_pkg_interfaces.egg-info/SOURCES.txt'
[2.225s] [  1%] Built target ament_cmake_python_build_incubator_cpp_pkg_interfaces_egg
[2.660s] [  1%] Built target incubator_cpp_pkg_interfaces__cpp
[2.676s] [  2%] [34m[1mGenerating C++ type support dispatch for ROS interfaces[0m
[2.687s] [  3%] [34m[1mGenerating C++ type support for eProsima Fast-RTPS[0m
[2.709s] [  4%] [34m[1mGenerating C++ introspection for ROS interfaces[0m
[2.812s] [  5%] [32mBuilding C object CMakeFiles/incubator_cpp_pkg_interfaces__rosidl_generator_c.dir/rosidl_generator_c/incubator_cpp_pkg_interfaces/msg/detail/float32__functions.c.o[0m
[2.813s] [  6%] [32mBuilding C object CMakeFiles/incubator_cpp_pkg_interfaces__rosidl_generator_c.dir/rosidl_generator_c/incubator_cpp_pkg_interfaces/msg/detail/degrees_ci__functions.c.o[0m
[2.813s] [  7%] [32mBuilding C object CMakeFiles/incubator_cpp_pkg_interfaces__rosidl_generator_c.dir/rosidl_generator_c/incubator_cpp_pkg_interfaces/msg/detail/closed_loop_param_updatesi__functions.c.o[0m
[2.819s] [  8%] [32mBuilding C object CMakeFiles/incubator_cpp_pkg_interfaces__rosidl_generator_c.dir/rosidl_generator_c/incubator_cpp_pkg_interfaces/msg/detail/integer64__functions.c.o[0m
[2.890s] [  9%] [32mBuilding C object CMakeFiles/incubator_cpp_pkg_interfaces__rosidl_generator_c.dir/rosidl_generator_c/incubator_cpp_pkg_interfaces/msg/detail/secondsi__functions.c.o[0m
[2.891s] [ 10%] [32mBuilding C object CMakeFiles/incubator_cpp_pkg_interfaces__rosidl_generator_c.dir/rosidl_generator_c/incubator_cpp_pkg_interfaces/msg/detail/boolean__functions.c.o[0m
[2.902s] [ 11%] [32mBuilding C object CMakeFiles/incubator_cpp_pkg_interfaces__rosidl_generator_c.dir/rosidl_generator_c/incubator_cpp_pkg_interfaces/msg/detail/device_statei__functions.c.o[0m
[2.910s] [ 12%] [32mBuilding C object CMakeFiles/incubator_cpp_pkg_interfaces__rosidl_generator_c.dir/rosidl_generator_c/incubator_cpp_pkg_interfaces/msg/detail/controller_state__functions.c.o[0m
[2.953s] [ 13%] [32mBuilding C object CMakeFiles/incubator_cpp_pkg_interfaces__rosidl_generator_c.dir/rosidl_generator_c/incubator_cpp_pkg_interfaces/msg/detail/controller_statusi__functions.c.o[0m
[2.958s] [ 14%] [32mBuilding C object CMakeFiles/incubator_cpp_pkg_interfaces__rosidl_generator_c.dir/rosidl_generator_c/incubator_cpp_pkg_interfaces/msg/detail/empty__functions.c.o[0m
[3.007s] [ 15%] [32m[1mLinking C shared library libincubator_cpp_pkg_interfaces__rosidl_generator_c.so[0m
[3.053s] [ 15%] Built target incubator_cpp_pkg_interfaces__rosidl_generator_c
[3.066s] [ 17%] [34m[1mGenerating C introspection for ROS interfaces[0m
[3.066s] [ 17%] [34m[1mGenerating C type support for eProsima Fast-RTPS[0m
[3.066s] [ 18%] [34m[1mGenerating C type support dispatch for ROS interfaces[0m
[3.210s] [ 19%] [32mBuilding CXX object CMakeFiles/incubator_cpp_pkg_interfaces__rosidl_typesupport_cpp.dir/rosidl_typesupport_cpp/incubator_cpp_pkg_interfaces/msg/float32__type_support.cpp.o[0m
[3.213s] [ 20%] [32mBuilding CXX object CMakeFiles/incubator_cpp_pkg_interfaces__rosidl_typesupport_cpp.dir/rosidl_typesupport_cpp/incubator_cpp_pkg_interfaces/msg/degrees_ci__type_support.cpp.o[0m
[3.568s] [ 21%] [32mBuilding CXX object CMakeFiles/incubator_cpp_pkg_interfaces__rosidl_typesupport_introspection_cpp.dir/rosidl_typesupport_introspection_cpp/incubator_cpp_pkg_interfaces/msg/detail/float32__type_support.cpp.o[0m
[3.618s] [ 22%] [32mBuilding CXX object CMakeFiles/incubator_cpp_pkg_interfaces__rosidl_typesupport_fastrtps_cpp.dir/rosidl_typesupport_fastrtps_cpp/incubator_cpp_pkg_interfaces/msg/detail/dds_fastrtps/float32__type_support.cpp.o[0m
[3.634s] [ 23%] [32mBuilding CXX object CMakeFiles/incubator_cpp_pkg_interfaces__rosidl_typesupport_cpp.dir/rosidl_typesupport_cpp/incubator_cpp_pkg_interfaces/msg/closed_loop_param_updatesi__type_support.cpp.o[0m
[3.634s] [ 24%] [32mBuilding CXX object CMakeFiles/incubator_cpp_pkg_interfaces__rosidl_typesupport_c.dir/rosidl_typesupport_c/incubator_cpp_pkg_interfaces/msg/float32__type_support.cpp.o[0m
[3.670s] [ 25%] [32mBuilding CXX object CMakeFiles/incubator_cpp_pkg_interfaces__rosidl_typesupport_c.dir/rosidl_typesupport_c/incubator_cpp_pkg_interfaces/msg/degrees_ci__type_support.cpp.o[0m
[3.685s] [ 26%] [32mBuilding CXX object CMakeFiles/incubator_cpp_pkg_interfaces__rosidl_typesupport_cpp.dir/rosidl_typesupport_cpp/incubator_cpp_pkg_interfaces/msg/integer64__type_support.cpp.o[0m
[3.706s] [ 27%] [32mBuilding CXX object CMakeFiles/incubator_cpp_pkg_interfaces__rosidl_typesupport_c.dir/rosidl_typesupport_c/incubator_cpp_pkg_interfaces/msg/closed_loop_param_updatesi__type_support.cpp.o[0m
[3.736s] [ 28%] [32mBuilding CXX object CMakeFiles/incubator_cpp_pkg_interfaces__rosidl_typesupport_c.dir/rosidl_typesupport_c/incubator_cpp_pkg_interfaces/msg/integer64__type_support.cpp.o[0m
[3.768s] [ 29%] [32mBuilding CXX object CMakeFiles/incubator_cpp_pkg_interfaces__rosidl_typesupport_c.dir/rosidl_typesupport_c/incubator_cpp_pkg_interfaces/msg/secondsi__type_support.cpp.o[0m
[3.803s] [ 30%] [32mBuilding CXX object CMakeFiles/incubator_cpp_pkg_interfaces__rosidl_typesupport_c.dir/rosidl_typesupport_c/incubator_cpp_pkg_interfaces/msg/boolean__type_support.cpp.o[0m
[3.836s] [ 31%] [32mBuilding CXX object CMakeFiles/incubator_cpp_pkg_interfaces__rosidl_typesupport_c.dir/rosidl_typesupport_c/incubator_cpp_pkg_interfaces/msg/device_statei__type_support.cpp.o[0m
[3.870s] [ 32%] [32mBuilding CXX object CMakeFiles/incubator_cpp_pkg_interfaces__rosidl_typesupport_c.dir/rosidl_typesupport_c/incubator_cpp_pkg_interfaces/msg/controller_state__type_support.cpp.o[0m
[3.907s] [ 32%] [32mBuilding CXX object CMakeFiles/incubator_cpp_pkg_interfaces__rosidl_typesupport_c.dir/rosidl_typesupport_c/incubator_cpp_pkg_interfaces/msg/controller_statusi__type_support.cpp.o[0m
[3.939s] [ 33%] [32mBuilding C object CMakeFiles/incubator_cpp_pkg_interfaces__rosidl_typesupport_introspection_c.dir/rosidl_typesupport_introspection_c/incubator_cpp_pkg_interfaces/msg/detail/float32__type_support.c.o[0m
[3.952s] [ 34%] [32mBuilding CXX object CMakeFiles/incubator_cpp_pkg_interfaces__rosidl_typesupport_c.dir/rosidl_typesupport_c/incubator_cpp_pkg_interfaces/msg/empty__type_support.cpp.o[0m
[3.959s] [ 35%] [32mBuilding CXX object CMakeFiles/incubator_cpp_pkg_interfaces__rosidl_typesupport_fastrtps_c.dir/rosidl_typesupport_fastrtps_c/incubator_cpp_pkg_interfaces/msg/detail/float32__type_support_c.cpp.o[0m
[3.972s] [ 36%] [32mBuilding C object CMakeFiles/incubator_cpp_pkg_interfaces__rosidl_typesupport_introspection_c.dir/rosidl_typesupport_introspection_c/incubator_cpp_pkg_interfaces/msg/detail/degrees_ci__type_support.c.o[0m
[3.982s] [ 37%] [32mBuilding C object CMakeFiles/incubator_cpp_pkg_interfaces__rosidl_typesupport_introspection_c.dir/rosidl_typesupport_introspection_c/incubator_cpp_pkg_interfaces/msg/detail/closed_loop_param_updatesi__type_support.c.o[0m
[3.996s] [ 38%] [32m[1mLinking CXX shared library libincubator_cpp_pkg_interfaces__rosidl_typesupport_c.so[0m
[4.002s] [ 39%] [32mBuilding CXX object CMakeFiles/incubator_cpp_pkg_interfaces__rosidl_typesupport_cpp.dir/rosidl_typesupport_cpp/incubator_cpp_pkg_interfaces/msg/secondsi__type_support.cpp.o[0m
[4.022s] [ 40%] [32mBuilding CXX object CMakeFiles/incubator_cpp_pkg_interfaces__rosidl_typesupport_introspection_cpp.dir/rosidl_typesupport_introspection_cpp/incubator_cpp_pkg_interfaces/msg/detail/degrees_ci__type_support.cpp.o[0m
[4.026s] [ 41%] [32mBuilding C object CMakeFiles/incubator_cpp_pkg_interfaces__rosidl_typesupport_introspection_c.dir/rosidl_typesupport_introspection_c/incubator_cpp_pkg_interfaces/msg/detail/integer64__type_support.c.o[0m
[4.057s] [ 42%] [32mBuilding CXX object CMakeFiles/incubator_cpp_pkg_interfaces__rosidl_typesupport_fastrtps_cpp.dir/rosidl_typesupport_fastrtps_cpp/incubator_cpp_pkg_interfaces/msg/detail/dds_fastrtps/degrees_ci__type_support.cpp.o[0m
[4.069s] [ 42%] Built target incubator_cpp_pkg_interfaces__rosidl_typesupport_c
[4.088s] [ 42%] [32mBuilding CXX object CMakeFiles/incubator_cpp_pkg_interfaces__rosidl_typesupport_fastrtps_cpp.dir/rosidl_typesupport_fastrtps_cpp/incubator_cpp_pkg_interfaces/msg/detail/dds_fastrtps/closed_loop_param_updatesi__type_support.cpp.o[0m
[4.095s] [ 43%] [32mBuilding C object CMakeFiles/incubator_cpp_pkg_interfaces__rosidl_typesupport_introspection_c.dir/rosidl_typesupport_introspection_c/incubator_cpp_pkg_interfaces/msg/detail/secondsi__type_support.c.o[0m
[4.123s] [ 44%] [32mBuilding CXX object CMakeFiles/incubator_cpp_pkg_interfaces__rosidl_typesupport_fastrtps_c.dir/rosidl_typesupport_fastrtps_c/incubator_cpp_pkg_interfaces/msg/detail/degrees_ci__type_support_c.cpp.o[0m
[4.159s] [ 45%] [32mBuilding C object CMakeFiles/incubator_cpp_pkg_interfaces__rosidl_typesupport_introspection_c.dir/rosidl_typesupport_introspection_c/incubator_cpp_pkg_interfaces/msg/detail/boolean__type_support.c.o[0m
[4.207s] [ 46%] [32mBuilding C object CMakeFiles/incubator_cpp_pkg_interfaces__rosidl_typesupport_introspection_c.dir/rosidl_typesupport_introspection_c/incubator_cpp_pkg_interfaces/msg/detail/device_statei__type_support.c.o[0m
[4.246s] [ 47%] [32mBuilding C object CMakeFiles/incubator_cpp_pkg_interfaces__rosidl_typesupport_introspection_c.dir/rosidl_typesupport_introspection_c/incubator_cpp_pkg_interfaces/msg/detail/controller_state__type_support.c.o[0m
[4.288s] [ 48%] [32mBuilding C object CMakeFiles/incubator_cpp_pkg_interfaces__rosidl_typesupport_introspection_c.dir/rosidl_typesupport_introspection_c/incubator_cpp_pkg_interfaces/msg/detail/controller_statusi__type_support.c.o[0m
[4.335s] [ 49%] [32mBuilding C object CMakeFiles/incubator_cpp_pkg_interfaces__rosidl_typesupport_introspection_c.dir/rosidl_typesupport_introspection_c/incubator_cpp_pkg_interfaces/msg/detail/empty__type_support.c.o[0m
[4.357s] [ 50%] [32mBuilding CXX object CMakeFiles/incubator_cpp_pkg_interfaces__rosidl_typesupport_cpp.dir/rosidl_typesupport_cpp/incubator_cpp_pkg_interfaces/msg/boolean__type_support.cpp.o[0m
[4.384s] [ 51%] [32m[1mLinking C shared library libincubator_cpp_pkg_interfaces__rosidl_typesupport_introspection_c.so[0m
[4.390s] [ 52%] [32mBuilding CXX object CMakeFiles/incubator_cpp_pkg_interfaces__rosidl_typesupport_introspection_cpp.dir/rosidl_typesupport_introspection_cpp/incubator_cpp_pkg_interfaces/msg/detail/closed_loop_param_updatesi__type_support.cpp.o[0m
[4.457s] [ 52%] Built target incubator_cpp_pkg_interfaces__rosidl_typesupport_introspection_c
[4.484s] [ 53%] [32mBuilding CXX object CMakeFiles/incubator_cpp_pkg_interfaces__rosidl_typesupport_introspection_cpp.dir/rosidl_typesupport_introspection_cpp/incubator_cpp_pkg_interfaces/msg/detail/integer64__type_support.cpp.o[0m
[4.540s] [ 54%] [32mBuilding CXX object CMakeFiles/incubator_cpp_pkg_interfaces__rosidl_typesupport_introspection_cpp.dir/rosidl_typesupport_introspection_cpp/incubator_cpp_pkg_interfaces/msg/detail/secondsi__type_support.cpp.o[0m
[4.569s] [ 55%] [32mBuilding CXX object CMakeFiles/incubator_cpp_pkg_interfaces__rosidl_typesupport_cpp.dir/rosidl_typesupport_cpp/incubator_cpp_pkg_interfaces/msg/device_statei__type_support.cpp.o[0m
[4.637s] [ 56%] [32mBuilding CXX object CMakeFiles/incubator_cpp_pkg_interfaces__rosidl_typesupport_fastrtps_c.dir/rosidl_typesupport_fastrtps_c/incubator_cpp_pkg_interfaces/msg/detail/closed_loop_param_updatesi__type_support_c.cpp.o[0m
[4.678s] [ 57%] [32mBuilding CXX object CMakeFiles/incubator_cpp_pkg_interfaces__rosidl_typesupport_introspection_cpp.dir/rosidl_typesupport_introspection_cpp/incubator_cpp_pkg_interfaces/msg/detail/boolean__type_support.cpp.o[0m
[4.735s] [ 58%] [32mBuilding CXX object CMakeFiles/incubator_cpp_pkg_interfaces__rosidl_typesupport_fastrtps_cpp.dir/rosidl_typesupport_fastrtps_cpp/incubator_cpp_pkg_interfaces/msg/detail/dds_fastrtps/integer64__type_support.cpp.o[0m
[4.849s] [ 59%] [32mBuilding CXX object CMakeFiles/incubator_cpp_pkg_interfaces__rosidl_typesupport_cpp.dir/rosidl_typesupport_cpp/incubator_cpp_pkg_interfaces/msg/controller_state__type_support.cpp.o[0m
[4.990s] [ 60%] [32mBuilding CXX object CMakeFiles/incubator_cpp_pkg_interfaces__rosidl_typesupport_fastrtps_c.dir/rosidl_typesupport_fastrtps_c/incubator_cpp_pkg_interfaces/msg/detail/integer64__type_support_c.cpp.o[0m
[5.003s] [ 61%] [32mBuilding CXX object CMakeFiles/incubator_cpp_pkg_interfaces__rosidl_typesupport_introspection_cpp.dir/rosidl_typesupport_introspection_cpp/incubator_cpp_pkg_interfaces/msg/detail/device_statei__type_support.cpp.o[0m
[5.022s] [ 62%] [32mBuilding CXX object CMakeFiles/incubator_cpp_pkg_interfaces__rosidl_typesupport_fastrtps_c.dir/rosidl_typesupport_fastrtps_c/incubator_cpp_pkg_interfaces/msg/detail/secondsi__type_support_c.cpp.o[0m
[5.109s] [ 63%] [32mBuilding CXX object CMakeFiles/incubator_cpp_pkg_interfaces__rosidl_typesupport_fastrtps_cpp.dir/rosidl_typesupport_fastrtps_cpp/incubator_cpp_pkg_interfaces/msg/detail/dds_fastrtps/secondsi__type_support.cpp.o[0m
[5.139s] [ 64%] [32mBuilding CXX object CMakeFiles/incubator_cpp_pkg_interfaces__rosidl_typesupport_introspection_cpp.dir/rosidl_typesupport_introspection_cpp/incubator_cpp_pkg_interfaces/msg/detail/controller_state__type_support.cpp.o[0m
[5.162s] [ 65%] [32mBuilding CXX object CMakeFiles/incubator_cpp_pkg_interfaces__rosidl_typesupport_cpp.dir/rosidl_typesupport_cpp/incubator_cpp_pkg_interfaces/msg/controller_statusi__type_support.cpp.o[0m
[5.270s] [ 66%] [32mBuilding CXX object CMakeFiles/incubator_cpp_pkg_interfaces__rosidl_typesupport_fastrtps_cpp.dir/rosidl_typesupport_fastrtps_cpp/incubator_cpp_pkg_interfaces/msg/detail/dds_fastrtps/boolean__type_support.cpp.o[0m
[5.407s] [ 67%] [32mBuilding CXX object CMakeFiles/incubator_cpp_pkg_interfaces__rosidl_typesupport_fastrtps_c.dir/rosidl_typesupport_fastrtps_c/incubator_cpp_pkg_interfaces/msg/detail/boolean__type_support_c.cpp.o[0m
[5.429s] [ 68%] [32mBuilding CXX object CMakeFiles/incubator_cpp_pkg_interfaces__rosidl_typesupport_fastrtps_c.dir/rosidl_typesupport_fastrtps_c/incubator_cpp_pkg_interfaces/msg/detail/device_statei__type_support_c.cpp.o[0m
[5.553s] [ 69%] [32mBuilding CXX object CMakeFiles/incubator_cpp_pkg_interfaces__rosidl_typesupport_cpp.dir/rosidl_typesupport_cpp/incubator_cpp_pkg_interfaces/msg/empty__type_support.cpp.o[0m
[5.613s] [ 70%] [32mBuilding CXX object CMakeFiles/incubator_cpp_pkg_interfaces__rosidl_typesupport_introspection_cpp.dir/rosidl_typesupport_introspection_cpp/incubator_cpp_pkg_interfaces/msg/detail/controller_statusi__type_support.cpp.o[0m
[5.625s] [ 71%] [32mBuilding CXX object CMakeFiles/incubator_cpp_pkg_interfaces__rosidl_typesupport_introspection_cpp.dir/rosidl_typesupport_introspection_cpp/incubator_cpp_pkg_interfaces/msg/detail/empty__type_support.cpp.o[0m
[5.640s] [ 72%] [32mBuilding CXX object CMakeFiles/incubator_cpp_pkg_interfaces__rosidl_typesupport_fastrtps_c.dir/rosidl_typesupport_fastrtps_c/incubator_cpp_pkg_interfaces/msg/detail/controller_state__type_support_c.cpp.o[0m
[5.818s] [ 73%] [32mBuilding CXX object CMakeFiles/incubator_cpp_pkg_interfaces__rosidl_typesupport_fastrtps_cpp.dir/rosidl_typesupport_fastrtps_cpp/incubator_cpp_pkg_interfaces/msg/detail/dds_fastrtps/device_statei__type_support.cpp.o[0m
[5.861s] [ 74%] [32mBuilding CXX object CMakeFiles/incubator_cpp_pkg_interfaces__rosidl_typesupport_fastrtps_cpp.dir/rosidl_typesupport_fastrtps_cpp/incubator_cpp_pkg_interfaces/msg/detail/dds_fastrtps/controller_state__type_support.cpp.o[0m
[5.921s] [ 75%] [32m[1mLinking CXX shared library libincubator_cpp_pkg_interfaces__rosidl_typesupport_cpp.so[0m
[5.934s] [ 76%] [32mBuilding CXX object CMakeFiles/incubator_cpp_pkg_interfaces__rosidl_typesupport_fastrtps_cpp.dir/rosidl_typesupport_fastrtps_cpp/incubator_cpp_pkg_interfaces/msg/detail/dds_fastrtps/controller_statusi__type_support.cpp.o[0m
[6.015s] [ 76%] Built target incubator_cpp_pkg_interfaces__rosidl_typesupport_cpp
[6.037s] [ 77%] [32mBuilding CXX object CMakeFiles/incubator_cpp_pkg_interfaces__rosidl_typesupport_fastrtps_cpp.dir/rosidl_typesupport_fastrtps_cpp/incubator_cpp_pkg_interfaces/msg/detail/dds_fastrtps/empty__type_support.cpp.o[0m
[6.068s] [ 78%] [32mBuilding CXX object CMakeFiles/incubator_cpp_pkg_interfaces__rosidl_typesupport_fastrtps_c.dir/rosidl_typesupport_fastrtps_c/incubator_cpp_pkg_interfaces/msg/detail/controller_statusi__type_support_c.cpp.o[0m
[6.099s] [ 79%] [32mBuilding CXX object CMakeFiles/incubator_cpp_pkg_interfaces__rosidl_typesupport_fastrtps_c.dir/rosidl_typesupport_fastrtps_c/incubator_cpp_pkg_interfaces/msg/detail/empty__type_support_c.cpp.o[0m
[6.159s] [ 80%] [32m[1mLinking CXX shared library libincubator_cpp_pkg_interfaces__rosidl_typesupport_introspection_cpp.so[0m
[6.282s] [ 80%] Built target incubator_cpp_pkg_interfaces__rosidl_typesupport_introspection_cpp
[6.529s] [ 81%] [32m[1mLinking CXX shared library libincubator_cpp_pkg_interfaces__rosidl_typesupport_fastrtps_cpp.so[0m
[6.550s] [ 82%] [32m[1mLinking CXX shared library libincubator_cpp_pkg_interfaces__rosidl_typesupport_fastrtps_c.so[0m
[6.614s] [ 82%] Built target incubator_cpp_pkg_interfaces__rosidl_typesupport_fastrtps_cpp
[6.632s] [ 82%] Built target incubator_cpp_pkg_interfaces__rosidl_typesupport_fastrtps_c
[6.655s] [ 82%] Built target incubator_cpp_pkg_interfaces
[6.678s] [ 83%] [34m[1mGenerating Python code for ROS interfaces[0m
[7.784s] [ 83%] Built target incubator_cpp_pkg_interfaces__py
[7.811s] [ 85%] [32mBuilding C object CMakeFiles/incubator_cpp_pkg_interfaces__rosidl_generator_py.dir/rosidl_generator_py/incubator_cpp_pkg_interfaces/msg/_secondsi_s.c.o[0m
[7.811s] [ 85%] [32mBuilding C object CMakeFiles/incubator_cpp_pkg_interfaces__rosidl_generator_py.dir/rosidl_generator_py/incubator_cpp_pkg_interfaces/msg/_closed_loop_param_updatesi_s.c.o[0m
[7.811s] [ 86%] [32mBuilding C object CMakeFiles/incubator_cpp_pkg_interfaces__rosidl_generator_py.dir/rosidl_generator_py/incubator_cpp_pkg_interfaces/msg/_boolean_s.c.o[0m
[7.811s] [ 88%] [32mBuilding C object CMakeFiles/incubator_cpp_pkg_interfaces__rosidl_generator_py.dir/rosidl_generator_py/incubator_cpp_pkg_interfaces/msg/_device_statei_s.c.o[0m
[7.811s] [ 88%] [32mBuilding C object CMakeFiles/incubator_cpp_pkg_interfaces__rosidl_generator_py.dir/rosidl_generator_py/incubator_cpp_pkg_interfaces/msg/_float32_s.c.o[0m
[7.812s] [ 89%] [32mBuilding C object CMakeFiles/incubator_cpp_pkg_interfaces__rosidl_generator_py.dir/rosidl_generator_py/incubator_cpp_pkg_interfaces/msg/_degrees_ci_s.c.o[0m
[7.814s] [ 90%] [32mBuilding C object CMakeFiles/incubator_cpp_pkg_interfaces__rosidl_generator_py.dir/rosidl_generator_py/incubator_cpp_pkg_interfaces/msg/_integer64_s.c.o[0m
[7.953s] [ 92%] [32mBuilding C object CMakeFiles/incubator_cpp_pkg_interfaces__rosidl_generator_py.dir/rosidl_generator_py/incubator_cpp_pkg_interfaces/msg/_controller_state_s.c.o[0m
[7.953s] [ 92%] [32mBuilding C object CMakeFiles/incubator_cpp_pkg_interfaces__rosidl_generator_py.dir/rosidl_generator_py/incubator_cpp_pkg_interfaces/msg/_controller_statusi_s.c.o[0m
[7.954s] [ 93%] [32mBuilding C object CMakeFiles/incubator_cpp_pkg_interfaces__rosidl_generator_py.dir/rosidl_generator_py/incubator_cpp_pkg_interfaces/msg/_empty_s.c.o[0m
[8.060s] [ 94%] [32m[1mLinking C shared library rosidl_generator_py/incubator_cpp_pkg_interfaces/libincubator_cpp_pkg_interfaces__rosidl_generator_py.so[0m
[8.105s] [ 94%] Built target incubator_cpp_pkg_interfaces__rosidl_generator_py
[8.128s] [ 97%] [32mBuilding C object CMakeFiles/incubator_cpp_pkg_interfaces__rosidl_typesupport_fastrtps_c__pyext.dir/rosidl_generator_py/incubator_cpp_pkg_interfaces/_incubator_cpp_pkg_interfaces_s.ep.rosidl_typesupport_fastrtps_c.c.o[0m
[8.128s] [ 97%] [32mBuilding C object CMakeFiles/incubator_cpp_pkg_interfaces__rosidl_typesupport_introspection_c__pyext.dir/rosidl_generator_py/incubator_cpp_pkg_interfaces/_incubator_cpp_pkg_interfaces_s.ep.rosidl_typesupport_introspection_c.c.o[0m
[8.128s] [ 97%] [32mBuilding C object CMakeFiles/incubator_cpp_pkg_interfaces__rosidl_typesupport_c__pyext.dir/rosidl_generator_py/incubator_cpp_pkg_interfaces/_incubator_cpp_pkg_interfaces_s.ep.rosidl_typesupport_c.c.o[0m
[8.250s] [ 98%] [32m[1mLinking C shared library rosidl_generator_py/incubator_cpp_pkg_interfaces/incubator_cpp_pkg_interfaces_s__rosidl_typesupport_c.cpython-310-x86_64-linux-gnu.so[0m
[8.250s] [ 99%] [32m[1mLinking C shared library rosidl_generator_py/incubator_cpp_pkg_interfaces/incubator_cpp_pkg_interfaces_s__rosidl_typesupport_introspection_c.cpython-310-x86_64-linux-gnu.so[0m
[8.254s] [100%] [32m[1mLinking C shared library rosidl_generator_py/incubator_cpp_pkg_interfaces/incubator_cpp_pkg_interfaces_s__rosidl_typesupport_fastrtps_c.cpython-310-x86_64-linux-gnu.so[0m
[8.288s] [100%] Built target incubator_cpp_pkg_interfaces__rosidl_typesupport_c__pyext
[8.288s] [100%] Built target incubator_cpp_pkg_interfaces__rosidl_typesupport_introspection_c__pyext
[8.291s] [100%] Built target incubator_cpp_pkg_interfaces__rosidl_typesupport_fastrtps_c__pyext
[8.306s] Invoked command in '/home/thompson/MS_Report/hamr_incubator_ws/build/incubator_cpp_pkg_interfaces' returned '0': CMAKE_PREFIX_PATH=/opt/ros/humble /usr/bin/cmake --build /home/thompson/MS_Report/hamr_incubator_ws/build/incubator_cpp_pkg_interfaces -- -j7 -l7
[8.667s] Invoking command in '/home/thompson/MS_Report/hamr_incubator_ws/build/incubator_cpp_pkg_interfaces': CMAKE_PREFIX_PATH=/opt/ros/humble /usr/bin/cmake --install /home/thompson/MS_Report/hamr_incubator_ws/build/incubator_cpp_pkg_interfaces
[8.675s] -- Install configuration: ""
[8.675s] -- Installing: /home/thompson/MS_Report/hamr_incubator_ws/install/incubator_cpp_pkg_interfaces/share/ament_index/resource_index/rosidl_interfaces/incubator_cpp_pkg_interfaces
[8.675s] -- Installing: /home/thompson/MS_Report/hamr_incubator_ws/install/incubator_cpp_pkg_interfaces/include/incubator_cpp_pkg_interfaces/incubator_cpp_pkg_interfaces
[8.676s] -- Installing: /home/thompson/MS_Report/hamr_incubator_ws/install/incubator_cpp_pkg_interfaces/include/incubator_cpp_pkg_interfaces/incubator_cpp_pkg_interfaces/msg
[8.676s] -- Installing: /home/thompson/MS_Report/hamr_incubator_ws/install/incubator_cpp_pkg_interfaces/include/incubator_cpp_pkg_interfaces/incubator_cpp_pkg_interfaces/msg/detail
[8.676s] -- Installing: /home/thompson/MS_Report/hamr_incubator_ws/install/incubator_cpp_pkg_interfaces/include/incubator_cpp_pkg_interfaces/incubator_cpp_pkg_interfaces/msg/detail/controller_state__struct.h
[8.676s] -- Installing: /home/thompson/MS_Report/hamr_incubator_ws/install/incubator_cpp_pkg_interfaces/include/incubator_cpp_pkg_interfaces/incubator_cpp_pkg_interfaces/msg/detail/integer64__functions.c
[8.676s] -- Installing: /home/thompson/MS_Report/hamr_incubator_ws/install/incubator_cpp_pkg_interfaces/include/incubator_cpp_pkg_interfaces/incubator_cpp_pkg_interfaces/msg/detail/boolean__functions.h
[8.676s] -- Installing: /home/thompson/MS_Report/hamr_incubator_ws/install/incubator_cpp_pkg_interfaces/include/incubator_cpp_pkg_interfaces/incubator_cpp_pkg_interfaces/msg/detail/float32__functions.h
[8.677s] -- Installing: /home/thompson/MS_Report/hamr_incubator_ws/install/incubator_cpp_pkg_interfaces/include/incubator_cpp_pkg_interfaces/incubator_cpp_pkg_interfaces/msg/detail/closed_loop_param_updatesi__functions.c
[8.677s] -- Installing: /home/thompson/MS_Report/hamr_incubator_ws/install/incubator_cpp_pkg_interfaces/include/incubator_cpp_pkg_interfaces/incubator_cpp_pkg_interfaces/msg/detail/float32__type_support.h
[8.677s] -- Installing: /home/thompson/MS_Report/hamr_incubator_ws/install/incubator_cpp_pkg_interfaces/include/incubator_cpp_pkg_interfaces/incubator_cpp_pkg_interfaces/msg/detail/boolean__functions.c
[8.677s] -- Installing: /home/thompson/MS_Report/hamr_incubator_ws/install/incubator_cpp_pkg_interfaces/include/incubator_cpp_pkg_interfaces/incubator_cpp_pkg_interfaces/msg/detail/controller_statusi__functions.c
[8.677s] -- Installing: /home/thompson/MS_Report/hamr_incubator_ws/install/incubator_cpp_pkg_interfaces/include/incubator_cpp_pkg_interfaces/incubator_cpp_pkg_interfaces/msg/detail/empty__type_support.h
[8.677s] -- Installing: /home/thompson/MS_Report/hamr_incubator_ws/install/incubator_cpp_pkg_interfaces/include/incubator_cpp_pkg_interfaces/incubator_cpp_pkg_interfaces/msg/detail/empty__functions.c
[8.677s] -- Installing: /home/thompson/MS_Report/hamr_incubator_ws/install/incubator_cpp_pkg_interfaces/include/incubator_cpp_pkg_interfaces/incubator_cpp_pkg_interfaces/msg/detail/integer64__functions.h
[8.677s] -- Installing: /home/thompson/MS_Report/hamr_incubator_ws/install/incubator_cpp_pkg_interfaces/include/incubator_cpp_pkg_interfaces/incubator_cpp_pkg_interfaces/msg/detail/integer64__type_support.h
[8.678s] -- Installing: /home/thompson/MS_Report/hamr_incubator_ws/install/incubator_cpp_pkg_interfaces/include/incubator_cpp_pkg_interfaces/incubator_cpp_pkg_interfaces/msg/detail/degrees_ci__functions.c
[8.678s] -- Installing: /home/thompson/MS_Report/hamr_incubator_ws/install/incubator_cpp_pkg_interfaces/include/incubator_cpp_pkg_interfaces/incubator_cpp_pkg_interfaces/msg/detail/degrees_ci__type_support.h
[8.678s] -- Installing: /home/thompson/MS_Report/hamr_incubator_ws/install/incubator_cpp_pkg_interfaces/include/incubator_cpp_pkg_interfaces/incubator_cpp_pkg_interfaces/msg/detail/empty__functions.h
[8.678s] -- Installing: /home/thompson/MS_Report/hamr_incubator_ws/install/incubator_cpp_pkg_interfaces/include/incubator_cpp_pkg_interfaces/incubator_cpp_pkg_interfaces/msg/detail/secondsi__type_support.h
[8.678s] -- Installing: /home/thompson/MS_Report/hamr_incubator_ws/install/incubator_cpp_pkg_interfaces/include/incubator_cpp_pkg_interfaces/incubator_cpp_pkg_interfaces/msg/detail/closed_loop_param_updatesi__type_support.h
[8.679s] -- Installing: /home/thompson/MS_Report/hamr_incubator_ws/install/incubator_cpp_pkg_interfaces/include/incubator_cpp_pkg_interfaces/incubator_cpp_pkg_interfaces/msg/detail/controller_statusi__functions.h
[8.679s] -- Installing: /home/thompson/MS_Report/hamr_incubator_ws/install/incubator_cpp_pkg_interfaces/include/incubator_cpp_pkg_interfaces/incubator_cpp_pkg_interfaces/msg/detail/device_statei__functions.h
[8.679s] -- Installing: /home/thompson/MS_Report/hamr_incubator_ws/install/incubator_cpp_pkg_interfaces/include/incubator_cpp_pkg_interfaces/incubator_cpp_pkg_interfaces/msg/detail/controller_state__functions.h
[8.679s] -- Installing: /home/thompson/MS_Report/hamr_incubator_ws/install/incubator_cpp_pkg_interfaces/include/incubator_cpp_pkg_interfaces/incubator_cpp_pkg_interfaces/msg/detail/controller_state__functions.c
[8.679s] -- Installing: /home/thompson/MS_Report/hamr_incubator_ws/install/incubator_cpp_pkg_interfaces/include/incubator_cpp_pkg_interfaces/incubator_cpp_pkg_interfaces/msg/detail/boolean__type_support.h
[8.679s] -- Installing: /home/thompson/MS_Report/hamr_incubator_ws/install/incubator_cpp_pkg_interfaces/include/incubator_cpp_pkg_interfaces/incubator_cpp_pkg_interfaces/msg/detail/controller_statusi__type_support.h
[8.679s] -- Installing: /home/thompson/MS_Report/hamr_incubator_ws/install/incubator_cpp_pkg_interfaces/include/incubator_cpp_pkg_interfaces/incubator_cpp_pkg_interfaces/msg/detail/secondsi__struct.h
[8.680s] -- Installing: /home/thompson/MS_Report/hamr_incubator_ws/install/incubator_cpp_pkg_interfaces/include/incubator_cpp_pkg_interfaces/incubator_cpp_pkg_interfaces/msg/detail/device_statei__struct.h
[8.680s] -- Installing: /home/thompson/MS_Report/hamr_incubator_ws/install/incubator_cpp_pkg_interfaces/include/incubator_cpp_pkg_interfaces/incubator_cpp_pkg_interfaces/msg/detail/device_statei__type_support.h
[8.680s] -- Installing: /home/thompson/MS_Report/hamr_incubator_ws/install/incubator_cpp_pkg_interfaces/include/incubator_cpp_pkg_interfaces/incubator_cpp_pkg_interfaces/msg/detail/closed_loop_param_updatesi__struct.h
[8.680s] -- Installing: /home/thompson/MS_Report/hamr_incubator_ws/install/incubator_cpp_pkg_interfaces/include/incubator_cpp_pkg_interfaces/incubator_cpp_pkg_interfaces/msg/detail/closed_loop_param_updatesi__functions.h
[8.680s] -- Installing: /home/thompson/MS_Report/hamr_incubator_ws/install/incubator_cpp_pkg_interfaces/include/incubator_cpp_pkg_interfaces/incubator_cpp_pkg_interfaces/msg/detail/integer64__struct.h
[8.680s] -- Installing: /home/thompson/MS_Report/hamr_incubator_ws/install/incubator_cpp_pkg_interfaces/include/incubator_cpp_pkg_interfaces/incubator_cpp_pkg_interfaces/msg/detail/device_statei__functions.c
[8.680s] -- Installing: /home/thompson/MS_Report/hamr_incubator_ws/install/incubator_cpp_pkg_interfaces/include/incubator_cpp_pkg_interfaces/incubator_cpp_pkg_interfaces/msg/detail/degrees_ci__struct.h
[8.681s] -- Installing: /home/thompson/MS_Report/hamr_incubator_ws/install/incubator_cpp_pkg_interfaces/include/incubator_cpp_pkg_interfaces/incubator_cpp_pkg_interfaces/msg/detail/controller_state__type_support.h
[8.681s] -- Installing: /home/thompson/MS_Report/hamr_incubator_ws/install/incubator_cpp_pkg_interfaces/include/incubator_cpp_pkg_interfaces/incubator_cpp_pkg_interfaces/msg/detail/boolean__struct.h
[8.681s] -- Installing: /home/thompson/MS_Report/hamr_incubator_ws/install/incubator_cpp_pkg_interfaces/include/incubator_cpp_pkg_interfaces/incubator_cpp_pkg_interfaces/msg/detail/secondsi__functions.c
[8.681s] -- Installing: /home/thompson/MS_Report/hamr_incubator_ws/install/incubator_cpp_pkg_interfaces/include/incubator_cpp_pkg_interfaces/incubator_cpp_pkg_interfaces/msg/detail/float32__functions.c
[8.682s] -- Installing: /home/thompson/MS_Report/hamr_incubator_ws/install/incubator_cpp_pkg_interfaces/include/incubator_cpp_pkg_interfaces/incubator_cpp_pkg_interfaces/msg/detail/secondsi__functions.h
[8.682s] -- Installing: /home/thompson/MS_Report/hamr_incubator_ws/install/incubator_cpp_pkg_interfaces/include/incubator_cpp_pkg_interfaces/incubator_cpp_pkg_interfaces/msg/detail/controller_statusi__struct.h
[8.682s] -- Installing: /home/thompson/MS_Report/hamr_incubator_ws/install/incubator_cpp_pkg_interfaces/include/incubator_cpp_pkg_interfaces/incubator_cpp_pkg_interfaces/msg/detail/degrees_ci__functions.h
[8.682s] -- Installing: /home/thompson/MS_Report/hamr_incubator_ws/install/incubator_cpp_pkg_interfaces/include/incubator_cpp_pkg_interfaces/incubator_cpp_pkg_interfaces/msg/detail/empty__struct.h
[8.682s] -- Installing: /home/thompson/MS_Report/hamr_incubator_ws/install/incubator_cpp_pkg_interfaces/include/incubator_cpp_pkg_interfaces/incubator_cpp_pkg_interfaces/msg/detail/float32__struct.h
[8.682s] -- Installing: /home/thompson/MS_Report/hamr_incubator_ws/install/incubator_cpp_pkg_interfaces/include/incubator_cpp_pkg_interfaces/incubator_cpp_pkg_interfaces/msg/boolean.h
[8.682s] -- Installing: /home/thompson/MS_Report/hamr_incubator_ws/install/incubator_cpp_pkg_interfaces/include/incubator_cpp_pkg_interfaces/incubator_cpp_pkg_interfaces/msg/controller_state.h
[8.682s] -- Installing: /home/thompson/MS_Report/hamr_incubator_ws/install/incubator_cpp_pkg_interfaces/include/incubator_cpp_pkg_interfaces/incubator_cpp_pkg_interfaces/msg/secondsi.h
[8.683s] -- Installing: /home/thompson/MS_Report/hamr_incubator_ws/install/incubator_cpp_pkg_interfaces/include/incubator_cpp_pkg_interfaces/incubator_cpp_pkg_interfaces/msg/device_statei.h
[8.683s] -- Installing: /home/thompson/MS_Report/hamr_incubator_ws/install/incubator_cpp_pkg_interfaces/include/incubator_cpp_pkg_interfaces/incubator_cpp_pkg_interfaces/msg/empty.h
[8.683s] -- Installing: /home/thompson/MS_Report/hamr_incubator_ws/install/incubator_cpp_pkg_interfaces/include/incubator_cpp_pkg_interfaces/incubator_cpp_pkg_interfaces/msg/controller_statusi.h
[8.683s] -- Installing: /home/thompson/MS_Report/hamr_incubator_ws/install/incubator_cpp_pkg_interfaces/include/incubator_cpp_pkg_interfaces/incubator_cpp_pkg_interfaces/msg/degrees_ci.h
[8.683s] -- Installing: /home/thompson/MS_Report/hamr_incubator_ws/install/incubator_cpp_pkg_interfaces/include/incubator_cpp_pkg_interfaces/incubator_cpp_pkg_interfaces/msg/rosidl_generator_c__visibility_control.h
[8.683s] -- Installing: /home/thompson/MS_Report/hamr_incubator_ws/install/incubator_cpp_pkg_interfaces/include/incubator_cpp_pkg_interfaces/incubator_cpp_pkg_interfaces/msg/integer64.h
[8.683s] -- Installing: /home/thompson/MS_Report/hamr_incubator_ws/install/incubator_cpp_pkg_interfaces/include/incubator_cpp_pkg_interfaces/incubator_cpp_pkg_interfaces/msg/float32.h
[8.683s] -- Installing: /home/thompson/MS_Report/hamr_incubator_ws/install/incubator_cpp_pkg_interfaces/include/incubator_cpp_pkg_interfaces/incubator_cpp_pkg_interfaces/msg/closed_loop_param_updatesi.h
[8.683s] -- Installing: /home/thompson/MS_Report/hamr_incubator_ws/install/incubator_cpp_pkg_interfaces/share/incubator_cpp_pkg_interfaces/environment/library_path.sh
[8.684s] -- Installing: /home/thompson/MS_Report/hamr_incubator_ws/install/incubator_cpp_pkg_interfaces/share/incubator_cpp_pkg_interfaces/environment/library_path.dsv
[8.684s] -- Installing: /home/thompson/MS_Report/hamr_incubator_ws/install/incubator_cpp_pkg_interfaces/lib/libincubator_cpp_pkg_interfaces__rosidl_generator_c.so
[8.684s] -- Set runtime path of "/home/thompson/MS_Report/hamr_incubator_ws/install/incubator_cpp_pkg_interfaces/lib/libincubator_cpp_pkg_interfaces__rosidl_generator_c.so" to ""
[8.684s] -- Up-to-date: /home/thompson/MS_Report/hamr_incubator_ws/install/incubator_cpp_pkg_interfaces/include/incubator_cpp_pkg_interfaces/incubator_cpp_pkg_interfaces
[8.684s] -- Up-to-date: /home/thompson/MS_Report/hamr_incubator_ws/install/incubator_cpp_pkg_interfaces/include/incubator_cpp_pkg_interfaces/incubator_cpp_pkg_interfaces/msg
[8.684s] -- Up-to-date: /home/thompson/MS_Report/hamr_incubator_ws/install/incubator_cpp_pkg_interfaces/include/incubator_cpp_pkg_interfaces/incubator_cpp_pkg_interfaces/msg/detail
[8.684s] -- Installing: /home/thompson/MS_Report/hamr_incubator_ws/install/incubator_cpp_pkg_interfaces/include/incubator_cpp_pkg_interfaces/incubator_cpp_pkg_interfaces/msg/detail/empty__rosidl_typesupport_fastrtps_c.h
[8.684s] -- Installing: /home/thompson/MS_Report/hamr_incubator_ws/install/incubator_cpp_pkg_interfaces/include/incubator_cpp_pkg_interfaces/incubator_cpp_pkg_interfaces/msg/detail/closed_loop_param_updatesi__rosidl_typesupport_fastrtps_c.h
[8.685s] -- Installing: /home/thompson/MS_Report/hamr_incubator_ws/install/incubator_cpp_pkg_interfaces/include/incubator_cpp_pkg_interfaces/incubator_cpp_pkg_interfaces/msg/detail/device_statei__rosidl_typesupport_fastrtps_c.h
[8.685s] -- Installing: /home/thompson/MS_Report/hamr_incubator_ws/install/incubator_cpp_pkg_interfaces/include/incubator_cpp_pkg_interfaces/incubator_cpp_pkg_interfaces/msg/detail/boolean__rosidl_typesupport_fastrtps_c.h
[8.685s] -- Installing: /home/thompson/MS_Report/hamr_incubator_ws/install/incubator_cpp_pkg_interfaces/include/incubator_cpp_pkg_interfaces/incubator_cpp_pkg_interfaces/msg/detail/controller_state__rosidl_typesupport_fastrtps_c.h
[8.685s] -- Installing: /home/thompson/MS_Report/hamr_incubator_ws/install/incubator_cpp_pkg_interfaces/include/incubator_cpp_pkg_interfaces/incubator_cpp_pkg_interfaces/msg/detail/secondsi__rosidl_typesupport_fastrtps_c.h
[8.685s] -- Installing: /home/thompson/MS_Report/hamr_incubator_ws/install/incubator_cpp_pkg_interfaces/include/incubator_cpp_pkg_interfaces/incubator_cpp_pkg_interfaces/msg/detail/degrees_ci__rosidl_typesupport_fastrtps_c.h
[8.685s] -- Installing: /home/thompson/MS_Report/hamr_incubator_ws/install/incubator_cpp_pkg_interfaces/include/incubator_cpp_pkg_interfaces/incubator_cpp_pkg_interfaces/msg/detail/controller_statusi__rosidl_typesupport_fastrtps_c.h
[8.686s] -- Installing: /home/thompson/MS_Report/hamr_incubator_ws/install/incubator_cpp_pkg_interfaces/include/incubator_cpp_pkg_interfaces/incubator_cpp_pkg_interfaces/msg/detail/float32__rosidl_typesupport_fastrtps_c.h
[8.686s] -- Installing: /home/thompson/MS_Report/hamr_incubator_ws/install/incubator_cpp_pkg_interfaces/include/incubator_cpp_pkg_interfaces/incubator_cpp_pkg_interfaces/msg/detail/integer64__rosidl_typesupport_fastrtps_c.h
[8.686s] -- Installing: /home/thompson/MS_Report/hamr_incubator_ws/install/incubator_cpp_pkg_interfaces/include/incubator_cpp_pkg_interfaces/incubator_cpp_pkg_interfaces/msg/rosidl_typesupport_fastrtps_c__visibility_control.h
[8.686s] -- Installing: /home/thompson/MS_Report/hamr_incubator_ws/install/incubator_cpp_pkg_interfaces/lib/libincubator_cpp_pkg_interfaces__rosidl_typesupport_fastrtps_c.so
[8.686s] -- Set runtime path of "/home/thompson/MS_Report/hamr_incubator_ws/install/incubator_cpp_pkg_interfaces/lib/libincubator_cpp_pkg_interfaces__rosidl_typesupport_fastrtps_c.so" to ""
[8.686s] -- Up-to-date: /home/thompson/MS_Report/hamr_incubator_ws/install/incubator_cpp_pkg_interfaces/include/incubator_cpp_pkg_interfaces/incubator_cpp_pkg_interfaces
[8.686s] -- Up-to-date: /home/thompson/MS_Report/hamr_incubator_ws/install/incubator_cpp_pkg_interfaces/include/incubator_cpp_pkg_interfaces/incubator_cpp_pkg_interfaces/msg
[8.686s] -- Up-to-date: /home/thompson/MS_Report/hamr_incubator_ws/install/incubator_cpp_pkg_interfaces/include/incubator_cpp_pkg_interfaces/incubator_cpp_pkg_interfaces/msg/detail
[8.687s] -- Installing: /home/thompson/MS_Report/hamr_incubator_ws/install/incubator_cpp_pkg_interfaces/include/incubator_cpp_pkg_interfaces/incubator_cpp_pkg_interfaces/msg/detail/closed_loop_param_updatesi__type_support.c
[8.687s] -- Installing: /home/thompson/MS_Report/hamr_incubator_ws/install/incubator_cpp_pkg_interfaces/include/incubator_cpp_pkg_interfaces/incubator_cpp_pkg_interfaces/msg/detail/closed_loop_param_updatesi__rosidl_typesupport_introspection_c.h
[8.687s] -- Installing: /home/thompson/MS_Report/hamr_incubator_ws/install/incubator_cpp_pkg_interfaces/include/incubator_cpp_pkg_interfaces/incubator_cpp_pkg_interfaces/msg/detail/device_statei__type_support.c
[8.687s] -- Installing: /home/thompson/MS_Report/hamr_incubator_ws/install/incubator_cpp_pkg_interfaces/include/incubator_cpp_pkg_interfaces/incubator_cpp_pkg_interfaces/msg/detail/controller_state__type_support.c
[8.687s] -- Installing: /home/thompson/MS_Report/hamr_incubator_ws/install/incubator_cpp_pkg_interfaces/include/incubator_cpp_pkg_interfaces/incubator_cpp_pkg_interfaces/msg/detail/empty__rosidl_typesupport_introspection_c.h
[8.687s] -- Installing: /home/thompson/MS_Report/hamr_incubator_ws/install/incubator_cpp_pkg_interfaces/include/incubator_cpp_pkg_interfaces/incubator_cpp_pkg_interfaces/msg/detail/degrees_ci__rosidl_typesupport_introspection_c.h
[8.687s] -- Installing: /home/thompson/MS_Report/hamr_incubator_ws/install/incubator_cpp_pkg_interfaces/include/incubator_cpp_pkg_interfaces/incubator_cpp_pkg_interfaces/msg/detail/boolean__rosidl_typesupport_introspection_c.h
[8.687s] -- Installing: /home/thompson/MS_Report/hamr_incubator_ws/install/incubator_cpp_pkg_interfaces/include/incubator_cpp_pkg_interfaces/incubator_cpp_pkg_interfaces/msg/detail/empty__type_support.c
[8.688s] -- Installing: /home/thompson/MS_Report/hamr_incubator_ws/install/incubator_cpp_pkg_interfaces/include/incubator_cpp_pkg_interfaces/incubator_cpp_pkg_interfaces/msg/detail/controller_statusi__rosidl_typesupport_introspection_c.h
[8.688s] -- Installing: /home/thompson/MS_Report/hamr_incubator_ws/install/incubator_cpp_pkg_interfaces/include/incubator_cpp_pkg_interfaces/incubator_cpp_pkg_interfaces/msg/detail/integer64__rosidl_typesupport_introspection_c.h
[8.688s] -- Installing: /home/thompson/MS_Report/hamr_incubator_ws/install/incubator_cpp_pkg_interfaces/include/incubator_cpp_pkg_interfaces/incubator_cpp_pkg_interfaces/msg/detail/controller_statusi__type_support.c
[8.688s] -- Installing: /home/thompson/MS_Report/hamr_incubator_ws/install/incubator_cpp_pkg_interfaces/include/incubator_cpp_pkg_interfaces/incubator_cpp_pkg_interfaces/msg/detail/boolean__type_support.c
[8.688s] -- Installing: /home/thompson/MS_Report/hamr_incubator_ws/install/incubator_cpp_pkg_interfaces/include/incubator_cpp_pkg_interfaces/incubator_cpp_pkg_interfaces/msg/detail/controller_state__rosidl_typesupport_introspection_c.h
[8.688s] -- Installing: /home/thompson/MS_Report/hamr_incubator_ws/install/incubator_cpp_pkg_interfaces/include/incubator_cpp_pkg_interfaces/incubator_cpp_pkg_interfaces/msg/detail/degrees_ci__type_support.c
[8.688s] -- Installing: /home/thompson/MS_Report/hamr_incubator_ws/install/incubator_cpp_pkg_interfaces/include/incubator_cpp_pkg_interfaces/incubator_cpp_pkg_interfaces/msg/detail/device_statei__rosidl_typesupport_introspection_c.h
[8.689s] -- Installing: /home/thompson/MS_Report/hamr_incubator_ws/install/incubator_cpp_pkg_interfaces/include/incubator_cpp_pkg_interfaces/incubator_cpp_pkg_interfaces/msg/detail/float32__type_support.c
[8.689s] -- Installing: /home/thompson/MS_Report/hamr_incubator_ws/install/incubator_cpp_pkg_interfaces/include/incubator_cpp_pkg_interfaces/incubator_cpp_pkg_interfaces/msg/detail/secondsi__rosidl_typesupport_introspection_c.h
[8.689s] -- Installing: /home/thompson/MS_Report/hamr_incubator_ws/install/incubator_cpp_pkg_interfaces/include/incubator_cpp_pkg_interfaces/incubator_cpp_pkg_interfaces/msg/detail/integer64__type_support.c
[8.689s] -- Installing: /home/thompson/MS_Report/hamr_incubator_ws/install/incubator_cpp_pkg_interfaces/include/incubator_cpp_pkg_interfaces/incubator_cpp_pkg_interfaces/msg/detail/float32__rosidl_typesupport_introspection_c.h
[8.689s] -- Installing: /home/thompson/MS_Report/hamr_incubator_ws/install/incubator_cpp_pkg_interfaces/include/incubator_cpp_pkg_interfaces/incubator_cpp_pkg_interfaces/msg/detail/secondsi__type_support.c
[8.689s] -- Installing: /home/thompson/MS_Report/hamr_incubator_ws/install/incubator_cpp_pkg_interfaces/include/incubator_cpp_pkg_interfaces/incubator_cpp_pkg_interfaces/msg/rosidl_typesupport_introspection_c__visibility_control.h
[8.689s] -- Installing: /home/thompson/MS_Report/hamr_incubator_ws/install/incubator_cpp_pkg_interfaces/lib/libincubator_cpp_pkg_interfaces__rosidl_typesupport_introspection_c.so
[8.689s] -- Set runtime path of "/home/thompson/MS_Report/hamr_incubator_ws/install/incubator_cpp_pkg_interfaces/lib/libincubator_cpp_pkg_interfaces__rosidl_typesupport_introspection_c.so" to ""
[8.689s] -- Installing: /home/thompson/MS_Report/hamr_incubator_ws/install/incubator_cpp_pkg_interfaces/lib/libincubator_cpp_pkg_interfaces__rosidl_typesupport_c.so
[8.690s] -- Set runtime path of "/home/thompson/MS_Report/hamr_incubator_ws/install/incubator_cpp_pkg_interfaces/lib/libincubator_cpp_pkg_interfaces__rosidl_typesupport_c.so" to ""
[8.690s] -- Up-to-date: /home/thompson/MS_Report/hamr_incubator_ws/install/incubator_cpp_pkg_interfaces/include/incubator_cpp_pkg_interfaces/incubator_cpp_pkg_interfaces
[8.690s] -- Up-to-date: /home/thompson/MS_Report/hamr_incubator_ws/install/incubator_cpp_pkg_interfaces/include/incubator_cpp_pkg_interfaces/incubator_cpp_pkg_interfaces/msg
[8.690s] -- Installing: /home/thompson/MS_Report/hamr_incubator_ws/install/incubator_cpp_pkg_interfaces/include/incubator_cpp_pkg_interfaces/incubator_cpp_pkg_interfaces/msg/integer64.hpp
[8.690s] -- Up-to-date: /home/thompson/MS_Report/hamr_incubator_ws/install/incubator_cpp_pkg_interfaces/include/incubator_cpp_pkg_interfaces/incubator_cpp_pkg_interfaces/msg/detail
[8.690s] -- Installing: /home/thompson/MS_Report/hamr_incubator_ws/install/incubator_cpp_pkg_interfaces/include/incubator_cpp_pkg_interfaces/incubator_cpp_pkg_interfaces/msg/detail/device_statei__struct.hpp
[8.690s] -- Installing: /home/thompson/MS_Report/hamr_incubator_ws/install/incubator_cpp_pkg_interfaces/include/incubator_cpp_pkg_interfaces/incubator_cpp_pkg_interfaces/msg/detail/device_statei__builder.hpp
[8.690s] -- Installing: /home/thompson/MS_Report/hamr_incubator_ws/install/incubator_cpp_pkg_interfaces/include/incubator_cpp_pkg_interfaces/incubator_cpp_pkg_interfaces/msg/detail/degrees_ci__builder.hpp
[8.690s] -- Installing: /home/thompson/MS_Report/hamr_incubator_ws/install/incubator_cpp_pkg_interfaces/include/incubator_cpp_pkg_interfaces/incubator_cpp_pkg_interfaces/msg/detail/integer64__builder.hpp
[8.690s] -- Installing: /home/thompson/MS_Report/hamr_incubator_ws/install/incubator_cpp_pkg_interfaces/include/incubator_cpp_pkg_interfaces/incubator_cpp_pkg_interfaces/msg/detail/integer64__traits.hpp
[8.691s] -- Installing: /home/thompson/MS_Report/hamr_incubator_ws/install/incubator_cpp_pkg_interfaces/include/incubator_cpp_pkg_interfaces/incubator_cpp_pkg_interfaces/msg/detail/controller_state__builder.hpp
[8.691s] -- Installing: /home/thompson/MS_Report/hamr_incubator_ws/install/incubator_cpp_pkg_interfaces/include/incubator_cpp_pkg_interfaces/incubator_cpp_pkg_interfaces/msg/detail/secondsi__traits.hpp
[8.691s] -- Installing: /home/thompson/MS_Report/hamr_incubator_ws/install/incubator_cpp_pkg_interfaces/include/incubator_cpp_pkg_interfaces/incubator_cpp_pkg_interfaces/msg/detail/boolean__traits.hpp
[8.691s] -- Installing: /home/thompson/MS_Report/hamr_incubator_ws/install/incubator_cpp_pkg_interfaces/include/incubator_cpp_pkg_interfaces/incubator_cpp_pkg_interfaces/msg/detail/controller_statusi__struct.hpp
[8.691s] -- Installing: /home/thompson/MS_Report/hamr_incubator_ws/install/incubator_cpp_pkg_interfaces/include/incubator_cpp_pkg_interfaces/incubator_cpp_pkg_interfaces/msg/detail/float32__builder.hpp
[8.691s] -- Installing: /home/thompson/MS_Report/hamr_incubator_ws/install/incubator_cpp_pkg_interfaces/include/incubator_cpp_pkg_interfaces/incubator_cpp_pkg_interfaces/msg/detail/float32__struct.hpp
[8.692s] -- Installing: /home/thompson/MS_Report/hamr_incubator_ws/install/incubator_cpp_pkg_interfaces/include/incubator_cpp_pkg_interfaces/incubator_cpp_pkg_interfaces/msg/detail/empty__builder.hpp
[8.692s] -- Installing: /home/thompson/MS_Report/hamr_incubator_ws/install/incubator_cpp_pkg_interfaces/include/incubator_cpp_pkg_interfaces/incubator_cpp_pkg_interfaces/msg/detail/secondsi__struct.hpp
[8.692s] -- Installing: /home/thompson/MS_Report/hamr_incubator_ws/install/incubator_cpp_pkg_interfaces/include/incubator_cpp_pkg_interfaces/incubator_cpp_pkg_interfaces/msg/detail/boolean__struct.hpp
[8.692s] -- Installing: /home/thompson/MS_Report/hamr_incubator_ws/install/incubator_cpp_pkg_interfaces/include/incubator_cpp_pkg_interfaces/incubator_cpp_pkg_interfaces/msg/detail/closed_loop_param_updatesi__traits.hpp
[8.692s] -- Installing: /home/thompson/MS_Report/hamr_incubator_ws/install/incubator_cpp_pkg_interfaces/include/incubator_cpp_pkg_interfaces/incubator_cpp_pkg_interfaces/msg/detail/float32__traits.hpp
[8.692s] -- Installing: /home/thompson/MS_Report/hamr_incubator_ws/install/incubator_cpp_pkg_interfaces/include/incubator_cpp_pkg_interfaces/incubator_cpp_pkg_interfaces/msg/detail/controller_statusi__traits.hpp
[8.692s] -- Installing: /home/thompson/MS_Report/hamr_incubator_ws/install/incubator_cpp_pkg_interfaces/include/incubator_cpp_pkg_interfaces/incubator_cpp_pkg_interfaces/msg/detail/degrees_ci__traits.hpp
[8.692s] -- Installing: /home/thompson/MS_Report/hamr_incubator_ws/install/incubator_cpp_pkg_interfaces/include/incubator_cpp_pkg_interfaces/incubator_cpp_pkg_interfaces/msg/detail/empty__struct.hpp
[8.692s] -- Installing: /home/thompson/MS_Report/hamr_incubator_ws/install/incubator_cpp_pkg_interfaces/include/incubator_cpp_pkg_interfaces/incubator_cpp_pkg_interfaces/msg/detail/controller_state__struct.hpp
[8.693s] -- Installing: /home/thompson/MS_Report/hamr_incubator_ws/install/incubator_cpp_pkg_interfaces/include/incubator_cpp_pkg_interfaces/incubator_cpp_pkg_interfaces/msg/detail/empty__traits.hpp
[8.693s] -- Installing: /home/thompson/MS_Report/hamr_incubator_ws/install/incubator_cpp_pkg_interfaces/include/incubator_cpp_pkg_interfaces/incubator_cpp_pkg_interfaces/msg/detail/closed_loop_param_updatesi__struct.hpp
[8.693s] -- Installing: /home/thompson/MS_Report/hamr_incubator_ws/install/incubator_cpp_pkg_interfaces/include/incubator_cpp_pkg_interfaces/incubator_cpp_pkg_interfaces/msg/detail/closed_loop_param_updatesi__builder.hpp
[8.693s] -- Installing: /home/thompson/MS_Report/hamr_incubator_ws/install/incubator_cpp_pkg_interfaces/include/incubator_cpp_pkg_interfaces/incubator_cpp_pkg_interfaces/msg/detail/controller_statusi__builder.hpp
[8.693s] -- Installing: /home/thompson/MS_Report/hamr_incubator_ws/install/incubator_cpp_pkg_interfaces/include/incubator_cpp_pkg_interfaces/incubator_cpp_pkg_interfaces/msg/detail/controller_state__traits.hpp
[8.694s] -- Installing: /home/thompson/MS_Report/hamr_incubator_ws/install/incubator_cpp_pkg_interfaces/include/incubator_cpp_pkg_interfaces/incubator_cpp_pkg_interfaces/msg/detail/boolean__builder.hpp
[8.694s] -- Installing: /home/thompson/MS_Report/hamr_incubator_ws/install/incubator_cpp_pkg_interfaces/include/incubator_cpp_pkg_interfaces/incubator_cpp_pkg_interfaces/msg/detail/integer64__struct.hpp
[8.694s] -- Installing: /home/thompson/MS_Report/hamr_incubator_ws/install/incubator_cpp_pkg_interfaces/include/incubator_cpp_pkg_interfaces/incubator_cpp_pkg_interfaces/msg/detail/secondsi__builder.hpp
[8.694s] -- Installing: /home/thompson/MS_Report/hamr_incubator_ws/install/incubator_cpp_pkg_interfaces/include/incubator_cpp_pkg_interfaces/incubator_cpp_pkg_interfaces/msg/detail/degrees_ci__struct.hpp
[8.694s] -- Installing: /home/thompson/MS_Report/hamr_incubator_ws/install/incubator_cpp_pkg_interfaces/include/incubator_cpp_pkg_interfaces/incubator_cpp_pkg_interfaces/msg/detail/device_statei__traits.hpp
[8.694s] -- Installing: /home/thompson/MS_Report/hamr_incubator_ws/install/incubator_cpp_pkg_interfaces/include/incubator_cpp_pkg_interfaces/incubator_cpp_pkg_interfaces/msg/empty.hpp
[8.694s] -- Installing: /home/thompson/MS_Report/hamr_incubator_ws/install/incubator_cpp_pkg_interfaces/include/incubator_cpp_pkg_interfaces/incubator_cpp_pkg_interfaces/msg/degrees_ci.hpp
[8.694s] -- Installing: /home/thompson/MS_Report/hamr_incubator_ws/install/incubator_cpp_pkg_interfaces/include/incubator_cpp_pkg_interfaces/incubator_cpp_pkg_interfaces/msg/boolean.hpp
[8.695s] -- Installing: /home/thompson/MS_Report/hamr_incubator_ws/install/incubator_cpp_pkg_interfaces/include/incubator_cpp_pkg_interfaces/incubator_cpp_pkg_interfaces/msg/float32.hpp
[8.695s] -- Installing: /home/thompson/MS_Report/hamr_incubator_ws/install/incubator_cpp_pkg_interfaces/include/incubator_cpp_pkg_interfaces/incubator_cpp_pkg_interfaces/msg/controller_statusi.hpp
[8.695s] -- Installing: /home/thompson/MS_Report/hamr_incubator_ws/install/incubator_cpp_pkg_interfaces/include/incubator_cpp_pkg_interfaces/incubator_cpp_pkg_interfaces/msg/controller_state.hpp
[8.695s] -- Installing: /home/thompson/MS_Report/hamr_incubator_ws/install/incubator_cpp_pkg_interfaces/include/incubator_cpp_pkg_interfaces/incubator_cpp_pkg_interfaces/msg/secondsi.hpp
[8.695s] -- Installing: /home/thompson/MS_Report/hamr_incubator_ws/install/incubator_cpp_pkg_interfaces/include/incubator_cpp_pkg_interfaces/incubator_cpp_pkg_interfaces/msg/closed_loop_param_updatesi.hpp
[8.695s] -- Installing: /home/thompson/MS_Report/hamr_incubator_ws/install/incubator_cpp_pkg_interfaces/include/incubator_cpp_pkg_interfaces/incubator_cpp_pkg_interfaces/msg/device_statei.hpp
[8.695s] -- Up-to-date: /home/thompson/MS_Report/hamr_incubator_ws/install/incubator_cpp_pkg_interfaces/include/incubator_cpp_pkg_interfaces/incubator_cpp_pkg_interfaces
[8.695s] -- Up-to-date: /home/thompson/MS_Report/hamr_incubator_ws/install/incubator_cpp_pkg_interfaces/include/incubator_cpp_pkg_interfaces/incubator_cpp_pkg_interfaces/msg
[8.696s] -- Up-to-date: /home/thompson/MS_Report/hamr_incubator_ws/install/incubator_cpp_pkg_interfaces/include/incubator_cpp_pkg_interfaces/incubator_cpp_pkg_interfaces/msg/detail
[8.696s] -- Installing: /home/thompson/MS_Report/hamr_incubator_ws/install/incubator_cpp_pkg_interfaces/include/incubator_cpp_pkg_interfaces/incubator_cpp_pkg_interfaces/msg/detail/secondsi__rosidl_typesupport_fastrtps_cpp.hpp
[8.696s] -- Installing: /home/thompson/MS_Report/hamr_incubator_ws/install/incubator_cpp_pkg_interfaces/include/incubator_cpp_pkg_interfaces/incubator_cpp_pkg_interfaces/msg/detail/device_statei__rosidl_typesupport_fastrtps_cpp.hpp
[8.696s] -- Installing: /home/thompson/MS_Report/hamr_incubator_ws/install/incubator_cpp_pkg_interfaces/include/incubator_cpp_pkg_interfaces/incubator_cpp_pkg_interfaces/msg/detail/float32__rosidl_typesupport_fastrtps_cpp.hpp
[8.696s] -- Installing: /home/thompson/MS_Report/hamr_incubator_ws/install/incubator_cpp_pkg_interfaces/include/incubator_cpp_pkg_interfaces/incubator_cpp_pkg_interfaces/msg/detail/integer64__rosidl_typesupport_fastrtps_cpp.hpp
[8.696s] -- Installing: /home/thompson/MS_Report/hamr_incubator_ws/install/incubator_cpp_pkg_interfaces/include/incubator_cpp_pkg_interfaces/incubator_cpp_pkg_interfaces/msg/detail/degrees_ci__rosidl_typesupport_fastrtps_cpp.hpp
[8.696s] -- Installing: /home/thompson/MS_Report/hamr_incubator_ws/install/incubator_cpp_pkg_interfaces/include/incubator_cpp_pkg_interfaces/incubator_cpp_pkg_interfaces/msg/detail/controller_statusi__rosidl_typesupport_fastrtps_cpp.hpp
[8.697s] -- Installing: /home/thompson/MS_Report/hamr_incubator_ws/install/incubator_cpp_pkg_interfaces/include/incubator_cpp_pkg_interfaces/incubator_cpp_pkg_interfaces/msg/detail/closed_loop_param_updatesi__rosidl_typesupport_fastrtps_cpp.hpp
[8.697s] -- Installing: /home/thompson/MS_Report/hamr_incubator_ws/install/incubator_cpp_pkg_interfaces/include/incubator_cpp_pkg_interfaces/incubator_cpp_pkg_interfaces/msg/detail/empty__rosidl_typesupport_fastrtps_cpp.hpp
[8.697s] -- Installing: /home/thompson/MS_Report/hamr_incubator_ws/install/incubator_cpp_pkg_interfaces/include/incubator_cpp_pkg_interfaces/incubator_cpp_pkg_interfaces/msg/detail/dds_fastrtps
[8.697s] -- Installing: /home/thompson/MS_Report/hamr_incubator_ws/install/incubator_cpp_pkg_interfaces/include/incubator_cpp_pkg_interfaces/incubator_cpp_pkg_interfaces/msg/detail/controller_state__rosidl_typesupport_fastrtps_cpp.hpp
[8.697s] -- Installing: /home/thompson/MS_Report/hamr_incubator_ws/install/incubator_cpp_pkg_interfaces/include/incubator_cpp_pkg_interfaces/incubator_cpp_pkg_interfaces/msg/detail/boolean__rosidl_typesupport_fastrtps_cpp.hpp
[8.697s] -- Installing: /home/thompson/MS_Report/hamr_incubator_ws/install/incubator_cpp_pkg_interfaces/include/incubator_cpp_pkg_interfaces/incubator_cpp_pkg_interfaces/msg/rosidl_typesupport_fastrtps_cpp__visibility_control.h
[8.697s] -- Installing: /home/thompson/MS_Report/hamr_incubator_ws/install/incubator_cpp_pkg_interfaces/lib/libincubator_cpp_pkg_interfaces__rosidl_typesupport_fastrtps_cpp.so
[8.697s] -- Set runtime path of "/home/thompson/MS_Report/hamr_incubator_ws/install/incubator_cpp_pkg_interfaces/lib/libincubator_cpp_pkg_interfaces__rosidl_typesupport_fastrtps_cpp.so" to ""
[8.698s] -- Up-to-date: /home/thompson/MS_Report/hamr_incubator_ws/install/incubator_cpp_pkg_interfaces/include/incubator_cpp_pkg_interfaces/incubator_cpp_pkg_interfaces
[8.698s] -- Up-to-date: /home/thompson/MS_Report/hamr_incubator_ws/install/incubator_cpp_pkg_interfaces/include/incubator_cpp_pkg_interfaces/incubator_cpp_pkg_interfaces/msg
[8.698s] -- Up-to-date: /home/thompson/MS_Report/hamr_incubator_ws/install/incubator_cpp_pkg_interfaces/include/incubator_cpp_pkg_interfaces/incubator_cpp_pkg_interfaces/msg/detail
[8.698s] -- Installing: /home/thompson/MS_Report/hamr_incubator_ws/install/incubator_cpp_pkg_interfaces/include/incubator_cpp_pkg_interfaces/incubator_cpp_pkg_interfaces/msg/detail/boolean__type_support.cpp
[8.698s] -- Installing: /home/thompson/MS_Report/hamr_incubator_ws/install/incubator_cpp_pkg_interfaces/include/incubator_cpp_pkg_interfaces/incubator_cpp_pkg_interfaces/msg/detail/boolean__rosidl_typesupport_introspection_cpp.hpp
[8.698s] -- Installing: /home/thompson/MS_Report/hamr_incubator_ws/install/incubator_cpp_pkg_interfaces/include/incubator_cpp_pkg_interfaces/incubator_cpp_pkg_interfaces/msg/detail/device_statei__type_support.cpp
[8.698s] -- Installing: /home/thompson/MS_Report/hamr_incubator_ws/install/incubator_cpp_pkg_interfaces/include/incubator_cpp_pkg_interfaces/incubator_cpp_pkg_interfaces/msg/detail/empty__rosidl_typesupport_introspection_cpp.hpp
[8.698s] -- Installing: /home/thompson/MS_Report/hamr_incubator_ws/install/incubator_cpp_pkg_interfaces/include/incubator_cpp_pkg_interfaces/incubator_cpp_pkg_interfaces/msg/detail/device_statei__rosidl_typesupport_introspection_cpp.hpp
[8.698s] -- Installing: /home/thompson/MS_Report/hamr_incubator_ws/install/incubator_cpp_pkg_interfaces/include/incubator_cpp_pkg_interfaces/incubator_cpp_pkg_interfaces/msg/detail/secondsi__rosidl_typesupport_introspection_cpp.hpp
[8.698s] -- Installing: /home/thompson/MS_Report/hamr_incubator_ws/install/incubator_cpp_pkg_interfaces/include/incubator_cpp_pkg_interfaces/incubator_cpp_pkg_interfaces/msg/detail/closed_loop_param_updatesi__rosidl_typesupport_introspection_cpp.hpp
[8.699s] -- Installing: /home/thompson/MS_Report/hamr_incubator_ws/install/incubator_cpp_pkg_interfaces/include/incubator_cpp_pkg_interfaces/incubator_cpp_pkg_interfaces/msg/detail/controller_state__type_support.cpp
[8.699s] -- Installing: /home/thompson/MS_Report/hamr_incubator_ws/install/incubator_cpp_pkg_interfaces/include/incubator_cpp_pkg_interfaces/incubator_cpp_pkg_interfaces/msg/detail/degrees_ci__type_support.cpp
[8.699s] -- Installing: /home/thompson/MS_Report/hamr_incubator_ws/install/incubator_cpp_pkg_interfaces/include/incubator_cpp_pkg_interfaces/incubator_cpp_pkg_interfaces/msg/detail/controller_state__rosidl_typesupport_introspection_cpp.hpp
[8.699s] -- Installing: /home/thompson/MS_Report/hamr_incubator_ws/install/incubator_cpp_pkg_interfaces/include/incubator_cpp_pkg_interfaces/incubator_cpp_pkg_interfaces/msg/detail/controller_statusi__type_support.cpp
[8.699s] -- Installing: /home/thompson/MS_Report/hamr_incubator_ws/install/incubator_cpp_pkg_interfaces/include/incubator_cpp_pkg_interfaces/incubator_cpp_pkg_interfaces/msg/detail/integer64__rosidl_typesupport_introspection_cpp.hpp
[8.699s] -- Installing: /home/thompson/MS_Report/hamr_incubator_ws/install/incubator_cpp_pkg_interfaces/include/incubator_cpp_pkg_interfaces/incubator_cpp_pkg_interfaces/msg/detail/float32__type_support.cpp
[8.699s] -- Installing: /home/thompson/MS_Report/hamr_incubator_ws/install/incubator_cpp_pkg_interfaces/include/incubator_cpp_pkg_interfaces/incubator_cpp_pkg_interfaces/msg/detail/float32__rosidl_typesupport_introspection_cpp.hpp
[8.699s] -- Installing: /home/thompson/MS_Report/hamr_incubator_ws/install/incubator_cpp_pkg_interfaces/include/incubator_cpp_pkg_interfaces/incubator_cpp_pkg_interfaces/msg/detail/empty__type_support.cpp
[8.700s] -- Installing: /home/thompson/MS_Report/hamr_incubator_ws/install/incubator_cpp_pkg_interfaces/include/incubator_cpp_pkg_interfaces/incubator_cpp_pkg_interfaces/msg/detail/secondsi__type_support.cpp
[8.700s] -- Installing: /home/thompson/MS_Report/hamr_incubator_ws/install/incubator_cpp_pkg_interfaces/include/incubator_cpp_pkg_interfaces/incubator_cpp_pkg_interfaces/msg/detail/integer64__type_support.cpp
[8.700s] -- Installing: /home/thompson/MS_Report/hamr_incubator_ws/install/incubator_cpp_pkg_interfaces/include/incubator_cpp_pkg_interfaces/incubator_cpp_pkg_interfaces/msg/detail/controller_statusi__rosidl_typesupport_introspection_cpp.hpp
[8.700s] -- Installing: /home/thompson/MS_Report/hamr_incubator_ws/install/incubator_cpp_pkg_interfaces/include/incubator_cpp_pkg_interfaces/incubator_cpp_pkg_interfaces/msg/detail/closed_loop_param_updatesi__type_support.cpp
[8.700s] -- Installing: /home/thompson/MS_Report/hamr_incubator_ws/install/incubator_cpp_pkg_interfaces/include/incubator_cpp_pkg_interfaces/incubator_cpp_pkg_interfaces/msg/detail/degrees_ci__rosidl_typesupport_introspection_cpp.hpp
[8.700s] -- Installing: /home/thompson/MS_Report/hamr_incubator_ws/install/incubator_cpp_pkg_interfaces/lib/libincubator_cpp_pkg_interfaces__rosidl_typesupport_introspection_cpp.so
[8.700s] -- Set runtime path of "/home/thompson/MS_Report/hamr_incubator_ws/install/incubator_cpp_pkg_interfaces/lib/libincubator_cpp_pkg_interfaces__rosidl_typesupport_introspection_cpp.so" to ""
[8.700s] -- Installing: /home/thompson/MS_Report/hamr_incubator_ws/install/incubator_cpp_pkg_interfaces/lib/libincubator_cpp_pkg_interfaces__rosidl_typesupport_cpp.so
[8.700s] -- Set runtime path of "/home/thompson/MS_Report/hamr_incubator_ws/install/incubator_cpp_pkg_interfaces/lib/libincubator_cpp_pkg_interfaces__rosidl_typesupport_cpp.so" to ""
[8.701s] -- Installing: /home/thompson/MS_Report/hamr_incubator_ws/install/incubator_cpp_pkg_interfaces/share/incubator_cpp_pkg_interfaces/environment/pythonpath.sh
[8.701s] -- Installing: /home/thompson/MS_Report/hamr_incubator_ws/install/incubator_cpp_pkg_interfaces/share/incubator_cpp_pkg_interfaces/environment/pythonpath.dsv
[8.701s] -- Installing: /home/thompson/MS_Report/hamr_incubator_ws/install/incubator_cpp_pkg_interfaces/local/lib/python3.10/dist-packages/incubator_cpp_pkg_interfaces-0.0.0-py3.10.egg-info
[8.701s] -- Installing: /home/thompson/MS_Report/hamr_incubator_ws/install/incubator_cpp_pkg_interfaces/local/lib/python3.10/dist-packages/incubator_cpp_pkg_interfaces-0.0.0-py3.10.egg-info/SOURCES.txt
[8.701s] -- Installing: /home/thompson/MS_Report/hamr_incubator_ws/install/incubator_cpp_pkg_interfaces/local/lib/python3.10/dist-packages/incubator_cpp_pkg_interfaces-0.0.0-py3.10.egg-info/dependency_links.txt
[8.701s] -- Installing: /home/thompson/MS_Report/hamr_incubator_ws/install/incubator_cpp_pkg_interfaces/local/lib/python3.10/dist-packages/incubator_cpp_pkg_interfaces-0.0.0-py3.10.egg-info/PKG-INFO
[8.702s] -- Installing: /home/thompson/MS_Report/hamr_incubator_ws/install/incubator_cpp_pkg_interfaces/local/lib/python3.10/dist-packages/incubator_cpp_pkg_interfaces-0.0.0-py3.10.egg-info/top_level.txt
[8.702s] -- Installing: /home/thompson/MS_Report/hamr_incubator_ws/install/incubator_cpp_pkg_interfaces/local/lib/python3.10/dist-packages/incubator_cpp_pkg_interfaces
[8.702s] -- Installing: /home/thompson/MS_Report/hamr_incubator_ws/install/incubator_cpp_pkg_interfaces/local/lib/python3.10/dist-packages/incubator_cpp_pkg_interfaces/__init__.py
[8.702s] -- Installing: /home/thompson/MS_Report/hamr_incubator_ws/install/incubator_cpp_pkg_interfaces/local/lib/python3.10/dist-packages/incubator_cpp_pkg_interfaces/_incubator_cpp_pkg_interfaces_s.ep.rosidl_typesupport_c.c
[8.702s] -- Installing: /home/thompson/MS_Report/hamr_incubator_ws/install/incubator_cpp_pkg_interfaces/local/lib/python3.10/dist-packages/incubator_cpp_pkg_interfaces/_incubator_cpp_pkg_interfaces_s.ep.rosidl_typesupport_fastrtps_c.c
[8.702s] -- Installing: /home/thompson/MS_Report/hamr_incubator_ws/install/incubator_cpp_pkg_interfaces/local/lib/python3.10/dist-packages/incubator_cpp_pkg_interfaces/libincubator_cpp_pkg_interfaces__rosidl_generator_py.so
[8.702s] -- Installing: /home/thompson/MS_Report/hamr_incubator_ws/install/incubator_cpp_pkg_interfaces/local/lib/python3.10/dist-packages/incubator_cpp_pkg_interfaces/_incubator_cpp_pkg_interfaces_s.ep.rosidl_typesupport_introspection_c.c
[8.702s] -- Installing: /home/thompson/MS_Report/hamr_incubator_ws/install/incubator_cpp_pkg_interfaces/local/lib/python3.10/dist-packages/incubator_cpp_pkg_interfaces/incubator_cpp_pkg_interfaces_s__rosidl_typesupport_c.cpython-310-x86_64-linux-gnu.so
[8.702s] -- Installing: /home/thompson/MS_Report/hamr_incubator_ws/install/incubator_cpp_pkg_interfaces/local/lib/python3.10/dist-packages/incubator_cpp_pkg_interfaces/incubator_cpp_pkg_interfaces_s__rosidl_typesupport_fastrtps_c.cpython-310-x86_64-linux-gnu.so
[8.703s] -- Installing: /home/thompson/MS_Report/hamr_incubator_ws/install/incubator_cpp_pkg_interfaces/local/lib/python3.10/dist-packages/incubator_cpp_pkg_interfaces/msg
[8.703s] -- Installing: /home/thompson/MS_Report/hamr_incubator_ws/install/incubator_cpp_pkg_interfaces/local/lib/python3.10/dist-packages/incubator_cpp_pkg_interfaces/msg/_integer64_s.c
[8.703s] -- Installing: /home/thompson/MS_Report/hamr_incubator_ws/install/incubator_cpp_pkg_interfaces/local/lib/python3.10/dist-packages/incubator_cpp_pkg_interfaces/msg/__init__.py
[8.703s] -- Installing: /home/thompson/MS_Report/hamr_incubator_ws/install/incubator_cpp_pkg_interfaces/local/lib/python3.10/dist-packages/incubator_cpp_pkg_interfaces/msg/_empty_s.c
[8.703s] -- Installing: /home/thompson/MS_Report/hamr_incubator_ws/install/incubator_cpp_pkg_interfaces/local/lib/python3.10/dist-packages/incubator_cpp_pkg_interfaces/msg/_controller_statusi_s.c
[8.703s] -- Installing: /home/thompson/MS_Report/hamr_incubator_ws/install/incubator_cpp_pkg_interfaces/local/lib/python3.10/dist-packages/incubator_cpp_pkg_interfaces/msg/_closed_loop_param_updatesi.py
[8.703s] -- Installing: /home/thompson/MS_Report/hamr_incubator_ws/install/incubator_cpp_pkg_interfaces/local/lib/python3.10/dist-packages/incubator_cpp_pkg_interfaces/msg/_controller_state.py
[8.703s] -- Installing: /home/thompson/MS_Report/hamr_incubator_ws/install/incubator_cpp_pkg_interfaces/local/lib/python3.10/dist-packages/incubator_cpp_pkg_interfaces/msg/_secondsi.py
[8.703s] -- Installing: /home/thompson/MS_Report/hamr_incubator_ws/install/incubator_cpp_pkg_interfaces/local/lib/python3.10/dist-packages/incubator_cpp_pkg_interfaces/msg/_boolean.py
[8.704s] -- Installing: /home/thompson/MS_Report/hamr_incubator_ws/install/incubator_cpp_pkg_interfaces/local/lib/python3.10/dist-packages/incubator_cpp_pkg_interfaces/msg/_secondsi_s.c
[8.704s] -- Installing: /home/thompson/MS_Report/hamr_incubator_ws/install/incubator_cpp_pkg_interfaces/local/lib/python3.10/dist-packages/incubator_cpp_pkg_interfaces/msg/_closed_loop_param_updatesi_s.c
[8.704s] -- Installing: /home/thompson/MS_Report/hamr_incubator_ws/install/incubator_cpp_pkg_interfaces/local/lib/python3.10/dist-packages/incubator_cpp_pkg_interfaces/msg/_integer64.py
[8.704s] -- Installing: /home/thompson/MS_Report/hamr_incubator_ws/install/incubator_cpp_pkg_interfaces/local/lib/python3.10/dist-packages/incubator_cpp_pkg_interfaces/msg/_controller_statusi.py
[8.704s] -- Installing: /home/thompson/MS_Report/hamr_incubator_ws/install/incubator_cpp_pkg_interfaces/local/lib/python3.10/dist-packages/incubator_cpp_pkg_interfaces/msg/_degrees_ci.py
[8.704s] -- Installing: /home/thompson/MS_Report/hamr_incubator_ws/install/incubator_cpp_pkg_interfaces/local/lib/python3.10/dist-packages/incubator_cpp_pkg_interfaces/msg/_float32_s.c
[8.704s] -- Installing: /home/thompson/MS_Report/hamr_incubator_ws/install/incubator_cpp_pkg_interfaces/local/lib/python3.10/dist-packages/incubator_cpp_pkg_interfaces/msg/_degrees_ci_s.c
[8.704s] -- Installing: /home/thompson/MS_Report/hamr_incubator_ws/install/incubator_cpp_pkg_interfaces/local/lib/python3.10/dist-packages/incubator_cpp_pkg_interfaces/msg/_boolean_s.c
[8.704s] -- Installing: /home/thompson/MS_Report/hamr_incubator_ws/install/incubator_cpp_pkg_interfaces/local/lib/python3.10/dist-packages/incubator_cpp_pkg_interfaces/msg/_empty.py
[8.704s] -- Installing: /home/thompson/MS_Report/hamr_incubator_ws/install/incubator_cpp_pkg_interfaces/local/lib/python3.10/dist-packages/incubator_cpp_pkg_interfaces/msg/_device_statei_s.c
[8.704s] -- Installing: /home/thompson/MS_Report/hamr_incubator_ws/install/incubator_cpp_pkg_interfaces/local/lib/python3.10/dist-packages/incubator_cpp_pkg_interfaces/msg/_device_statei.py
[8.704s] -- Installing: /home/thompson/MS_Report/hamr_incubator_ws/install/incubator_cpp_pkg_interfaces/local/lib/python3.10/dist-packages/incubator_cpp_pkg_interfaces/msg/_controller_state_s.c
[8.704s] -- Installing: /home/thompson/MS_Report/hamr_incubator_ws/install/incubator_cpp_pkg_interfaces/local/lib/python3.10/dist-packages/incubator_cpp_pkg_interfaces/msg/_float32.py
[8.704s] -- Installing: /home/thompson/MS_Report/hamr_incubator_ws/install/incubator_cpp_pkg_interfaces/local/lib/python3.10/dist-packages/incubator_cpp_pkg_interfaces/incubator_cpp_pkg_interfaces_s__rosidl_typesupport_introspection_c.cpython-310-x86_64-linux-gnu.so
[8.742s] Listing '/home/thompson/MS_Report/hamr_incubator_ws/install/incubator_cpp_pkg_interfaces/local/lib/python3.10/dist-packages/incubator_cpp_pkg_interfaces'...
[8.742s] Compiling '/home/thompson/MS_Report/hamr_incubator_ws/install/incubator_cpp_pkg_interfaces/local/lib/python3.10/dist-packages/incubator_cpp_pkg_interfaces/__init__.py'...
[8.742s] Listing '/home/thompson/MS_Report/hamr_incubator_ws/install/incubator_cpp_pkg_interfaces/local/lib/python3.10/dist-packages/incubator_cpp_pkg_interfaces/msg'...
[8.742s] Compiling '/home/thompson/MS_Report/hamr_incubator_ws/install/incubator_cpp_pkg_interfaces/local/lib/python3.10/dist-packages/incubator_cpp_pkg_interfaces/msg/__init__.py'...
[8.742s] Compiling '/home/thompson/MS_Report/hamr_incubator_ws/install/incubator_cpp_pkg_interfaces/local/lib/python3.10/dist-packages/incubator_cpp_pkg_interfaces/msg/_boolean.py'...
[8.742s] Compiling '/home/thompson/MS_Report/hamr_incubator_ws/install/incubator_cpp_pkg_interfaces/local/lib/python3.10/dist-packages/incubator_cpp_pkg_interfaces/msg/_closed_loop_param_updatesi.py'...
[8.742s] Compiling '/home/thompson/MS_Report/hamr_incubator_ws/install/incubator_cpp_pkg_interfaces/local/lib/python3.10/dist-packages/incubator_cpp_pkg_interfaces/msg/_controller_state.py'...
[8.742s] Compiling '/home/thompson/MS_Report/hamr_incubator_ws/install/incubator_cpp_pkg_interfaces/local/lib/python3.10/dist-packages/incubator_cpp_pkg_interfaces/msg/_controller_statusi.py'...
[8.742s] Compiling '/home/thompson/MS_Report/hamr_incubator_ws/install/incubator_cpp_pkg_interfaces/local/lib/python3.10/dist-packages/incubator_cpp_pkg_interfaces/msg/_degrees_ci.py'...
[8.742s] Compiling '/home/thompson/MS_Report/hamr_incubator_ws/install/incubator_cpp_pkg_interfaces/local/lib/python3.10/dist-packages/incubator_cpp_pkg_interfaces/msg/_device_statei.py'...
[8.743s] Compiling '/home/thompson/MS_Report/hamr_incubator_ws/install/incubator_cpp_pkg_interfaces/local/lib/python3.10/dist-packages/incubator_cpp_pkg_interfaces/msg/_empty.py'...
[8.743s] Compiling '/home/thompson/MS_Report/hamr_incubator_ws/install/incubator_cpp_pkg_interfaces/local/lib/python3.10/dist-packages/incubator_cpp_pkg_interfaces/msg/_float32.py'...
[8.743s] Compiling '/home/thompson/MS_Report/hamr_incubator_ws/install/incubator_cpp_pkg_interfaces/local/lib/python3.10/dist-packages/incubator_cpp_pkg_interfaces/msg/_integer64.py'...
[8.743s] Compiling '/home/thompson/MS_Report/hamr_incubator_ws/install/incubator_cpp_pkg_interfaces/local/lib/python3.10/dist-packages/incubator_cpp_pkg_interfaces/msg/_secondsi.py'...
[8.746s] -- Installing: /home/thompson/MS_Report/hamr_incubator_ws/install/incubator_cpp_pkg_interfaces/local/lib/python3.10/dist-packages/incubator_cpp_pkg_interfaces/incubator_cpp_pkg_interfaces_s__rosidl_typesupport_fastrtps_c.cpython-310-x86_64-linux-gnu.so
[8.746s] -- Set runtime path of "/home/thompson/MS_Report/hamr_incubator_ws/install/incubator_cpp_pkg_interfaces/local/lib/python3.10/dist-packages/incubator_cpp_pkg_interfaces/incubator_cpp_pkg_interfaces_s__rosidl_typesupport_fastrtps_c.cpython-310-x86_64-linux-gnu.so" to ""
[8.746s] -- Installing: /home/thompson/MS_Report/hamr_incubator_ws/install/incubator_cpp_pkg_interfaces/local/lib/python3.10/dist-packages/incubator_cpp_pkg_interfaces/incubator_cpp_pkg_interfaces_s__rosidl_typesupport_introspection_c.cpython-310-x86_64-linux-gnu.so
[8.746s] -- Set runtime path of "/home/thompson/MS_Report/hamr_incubator_ws/install/incubator_cpp_pkg_interfaces/local/lib/python3.10/dist-packages/incubator_cpp_pkg_interfaces/incubator_cpp_pkg_interfaces_s__rosidl_typesupport_introspection_c.cpython-310-x86_64-linux-gnu.so" to ""
[8.747s] -- Installing: /home/thompson/MS_Report/hamr_incubator_ws/install/incubator_cpp_pkg_interfaces/local/lib/python3.10/dist-packages/incubator_cpp_pkg_interfaces/incubator_cpp_pkg_interfaces_s__rosidl_typesupport_c.cpython-310-x86_64-linux-gnu.so
[8.747s] -- Set runtime path of "/home/thompson/MS_Report/hamr_incubator_ws/install/incubator_cpp_pkg_interfaces/local/lib/python3.10/dist-packages/incubator_cpp_pkg_interfaces/incubator_cpp_pkg_interfaces_s__rosidl_typesupport_c.cpython-310-x86_64-linux-gnu.so" to ""
[8.747s] -- Installing: /home/thompson/MS_Report/hamr_incubator_ws/install/incubator_cpp_pkg_interfaces/lib/libincubator_cpp_pkg_interfaces__rosidl_generator_py.so
[8.747s] -- Set runtime path of "/home/thompson/MS_Report/hamr_incubator_ws/install/incubator_cpp_pkg_interfaces/lib/libincubator_cpp_pkg_interfaces__rosidl_generator_py.so" to ""
[8.748s] -- Installing: /home/thompson/MS_Report/hamr_incubator_ws/install/incubator_cpp_pkg_interfaces/share/incubator_cpp_pkg_interfaces/msg/Float32.idl
[8.748s] -- Installing: /home/thompson/MS_Report/hamr_incubator_ws/install/incubator_cpp_pkg_interfaces/share/incubator_cpp_pkg_interfaces/msg/DegreesCi.idl
[8.748s] -- Installing: /home/thompson/MS_Report/hamr_incubator_ws/install/incubator_cpp_pkg_interfaces/share/incubator_cpp_pkg_interfaces/msg/ClosedLoopParamUpdatesi.idl
[8.748s] -- Installing: /home/thompson/MS_Report/hamr_incubator_ws/install/incubator_cpp_pkg_interfaces/share/incubator_cpp_pkg_interfaces/msg/Integer64.idl
[8.748s] -- Installing: /home/thompson/MS_Report/hamr_incubator_ws/install/incubator_cpp_pkg_interfaces/share/incubator_cpp_pkg_interfaces/msg/Secondsi.idl
[8.748s] -- Installing: /home/thompson/MS_Report/hamr_incubator_ws/install/incubator_cpp_pkg_interfaces/share/incubator_cpp_pkg_interfaces/msg/Boolean.idl
[8.748s] -- Installing: /home/thompson/MS_Report/hamr_incubator_ws/install/incubator_cpp_pkg_interfaces/share/incubator_cpp_pkg_interfaces/msg/DeviceStatei.idl
[8.749s] -- Installing: /home/thompson/MS_Report/hamr_incubator_ws/install/incubator_cpp_pkg_interfaces/share/incubator_cpp_pkg_interfaces/msg/ControllerState.idl
[8.749s] -- Installing: /home/thompson/MS_Report/hamr_incubator_ws/install/incubator_cpp_pkg_interfaces/share/incubator_cpp_pkg_interfaces/msg/ControllerStatusi.idl
[8.749s] -- Installing: /home/thompson/MS_Report/hamr_incubator_ws/install/incubator_cpp_pkg_interfaces/share/incubator_cpp_pkg_interfaces/msg/Empty.idl
[8.749s] -- Installing: /home/thompson/MS_Report/hamr_incubator_ws/install/incubator_cpp_pkg_interfaces/share/incubator_cpp_pkg_interfaces/msg/Float32.msg
[8.749s] -- Installing: /home/thompson/MS_Report/hamr_incubator_ws/install/incubator_cpp_pkg_interfaces/share/incubator_cpp_pkg_interfaces/msg/DegreesCi.msg
[8.749s] -- Installing: /home/thompson/MS_Report/hamr_incubator_ws/install/incubator_cpp_pkg_interfaces/share/incubator_cpp_pkg_interfaces/msg/ClosedLoopParamUpdatesi.msg
[8.750s] -- Installing: /home/thompson/MS_Report/hamr_incubator_ws/install/incubator_cpp_pkg_interfaces/share/incubator_cpp_pkg_interfaces/msg/Integer64.msg
[8.750s] -- Installing: /home/thompson/MS_Report/hamr_incubator_ws/install/incubator_cpp_pkg_interfaces/share/incubator_cpp_pkg_interfaces/msg/Secondsi.msg
[8.750s] -- Installing: /home/thompson/MS_Report/hamr_incubator_ws/install/incubator_cpp_pkg_interfaces/share/incubator_cpp_pkg_interfaces/msg/Boolean.msg
[8.750s] -- Installing: /home/thompson/MS_Report/hamr_incubator_ws/install/incubator_cpp_pkg_interfaces/share/incubator_cpp_pkg_interfaces/msg/DeviceStatei.msg
[8.750s] -- Installing: /home/thompson/MS_Report/hamr_incubator_ws/install/incubator_cpp_pkg_interfaces/share/incubator_cpp_pkg_interfaces/msg/ControllerState.msg
[8.750s] -- Installing: /home/thompson/MS_Report/hamr_incubator_ws/install/incubator_cpp_pkg_interfaces/share/incubator_cpp_pkg_interfaces/msg/ControllerStatusi.msg
[8.750s] -- Installing: /home/thompson/MS_Report/hamr_incubator_ws/install/incubator_cpp_pkg_interfaces/share/incubator_cpp_pkg_interfaces/msg/Empty.msg
[8.751s] -- Installing: /home/thompson/MS_Report/hamr_incubator_ws/install/incubator_cpp_pkg_interfaces/share/ament_index/resource_index/package_run_dependencies/incubator_cpp_pkg_interfaces
[8.751s] -- Installing: /home/thompson/MS_Report/hamr_incubator_ws/install/incubator_cpp_pkg_interfaces/share/ament_index/resource_index/parent_prefix_path/incubator_cpp_pkg_interfaces
[8.751s] -- Installing: /home/thompson/MS_Report/hamr_incubator_ws/install/incubator_cpp_pkg_interfaces/share/incubator_cpp_pkg_interfaces/environment/ament_prefix_path.sh
[8.751s] -- Installing: /home/thompson/MS_Report/hamr_incubator_ws/install/incubator_cpp_pkg_interfaces/share/incubator_cpp_pkg_interfaces/environment/ament_prefix_path.dsv
[8.751s] -- Installing: /home/thompson/MS_Report/hamr_incubator_ws/install/incubator_cpp_pkg_interfaces/share/incubator_cpp_pkg_interfaces/environment/path.sh
[8.751s] -- Installing: /home/thompson/MS_Report/hamr_incubator_ws/install/incubator_cpp_pkg_interfaces/share/incubator_cpp_pkg_interfaces/environment/path.dsv
[8.751s] -- Installing: /home/thompson/MS_Report/hamr_incubator_ws/install/incubator_cpp_pkg_interfaces/share/incubator_cpp_pkg_interfaces/local_setup.bash
[8.751s] -- Installing: /home/thompson/MS_Report/hamr_incubator_ws/install/incubator_cpp_pkg_interfaces/share/incubator_cpp_pkg_interfaces/local_setup.sh
[8.751s] -- Installing: /home/thompson/MS_Report/hamr_incubator_ws/install/incubator_cpp_pkg_interfaces/share/incubator_cpp_pkg_interfaces/local_setup.zsh
[8.752s] -- Installing: /home/thompson/MS_Report/hamr_incubator_ws/install/incubator_cpp_pkg_interfaces/share/incubator_cpp_pkg_interfaces/local_setup.dsv
[8.752s] -- Installing: /home/thompson/MS_Report/hamr_incubator_ws/install/incubator_cpp_pkg_interfaces/share/incubator_cpp_pkg_interfaces/package.dsv
[8.752s] -- Installing: /home/thompson/MS_Report/hamr_incubator_ws/install/incubator_cpp_pkg_interfaces/share/ament_index/resource_index/packages/incubator_cpp_pkg_interfaces
[8.752s] -- Installing: /home/thompson/MS_Report/hamr_incubator_ws/install/incubator_cpp_pkg_interfaces/share/incubator_cpp_pkg_interfaces/cmake/export_incubator_cpp_pkg_interfaces__rosidl_generator_cExport.cmake
[8.752s] -- Installing: /home/thompson/MS_Report/hamr_incubator_ws/install/incubator_cpp_pkg_interfaces/share/incubator_cpp_pkg_interfaces/cmake/export_incubator_cpp_pkg_interfaces__rosidl_generator_cExport-noconfig.cmake
[8.752s] -- Installing: /home/thompson/MS_Report/hamr_incubator_ws/install/incubator_cpp_pkg_interfaces/share/incubator_cpp_pkg_interfaces/cmake/export_incubator_cpp_pkg_interfaces__rosidl_typesupport_fastrtps_cExport.cmake
[8.752s] -- Installing: /home/thompson/MS_Report/hamr_incubator_ws/install/incubator_cpp_pkg_interfaces/share/incubator_cpp_pkg_interfaces/cmake/export_incubator_cpp_pkg_interfaces__rosidl_typesupport_fastrtps_cExport-noconfig.cmake
[8.753s] -- Installing: /home/thompson/MS_Report/hamr_incubator_ws/install/incubator_cpp_pkg_interfaces/share/incubator_cpp_pkg_interfaces/cmake/incubator_cpp_pkg_interfaces__rosidl_typesupport_introspection_cExport.cmake
[8.753s] -- Installing: /home/thompson/MS_Report/hamr_incubator_ws/install/incubator_cpp_pkg_interfaces/share/incubator_cpp_pkg_interfaces/cmake/incubator_cpp_pkg_interfaces__rosidl_typesupport_introspection_cExport-noconfig.cmake
[8.753s] -- Installing: /home/thompson/MS_Report/hamr_incubator_ws/install/incubator_cpp_pkg_interfaces/share/incubator_cpp_pkg_interfaces/cmake/incubator_cpp_pkg_interfaces__rosidl_typesupport_cExport.cmake
[8.753s] -- Installing: /home/thompson/MS_Report/hamr_incubator_ws/install/incubator_cpp_pkg_interfaces/share/incubator_cpp_pkg_interfaces/cmake/incubator_cpp_pkg_interfaces__rosidl_typesupport_cExport-noconfig.cmake
[8.753s] -- Installing: /home/thompson/MS_Report/hamr_incubator_ws/install/incubator_cpp_pkg_interfaces/share/incubator_cpp_pkg_interfaces/cmake/export_incubator_cpp_pkg_interfaces__rosidl_generator_cppExport.cmake
[8.753s] -- Installing: /home/thompson/MS_Report/hamr_incubator_ws/install/incubator_cpp_pkg_interfaces/share/incubator_cpp_pkg_interfaces/cmake/export_incubator_cpp_pkg_interfaces__rosidl_typesupport_fastrtps_cppExport.cmake
[8.754s] -- Installing: /home/thompson/MS_Report/hamr_incubator_ws/install/incubator_cpp_pkg_interfaces/share/incubator_cpp_pkg_interfaces/cmake/export_incubator_cpp_pkg_interfaces__rosidl_typesupport_fastrtps_cppExport-noconfig.cmake
[8.754s] -- Installing: /home/thompson/MS_Report/hamr_incubator_ws/install/incubator_cpp_pkg_interfaces/share/incubator_cpp_pkg_interfaces/cmake/incubator_cpp_pkg_interfaces__rosidl_typesupport_introspection_cppExport.cmake
[8.754s] -- Installing: /home/thompson/MS_Report/hamr_incubator_ws/install/incubator_cpp_pkg_interfaces/share/incubator_cpp_pkg_interfaces/cmake/incubator_cpp_pkg_interfaces__rosidl_typesupport_introspection_cppExport-noconfig.cmake
[8.754s] -- Installing: /home/thompson/MS_Report/hamr_incubator_ws/install/incubator_cpp_pkg_interfaces/share/incubator_cpp_pkg_interfaces/cmake/incubator_cpp_pkg_interfaces__rosidl_typesupport_cppExport.cmake
[8.754s] -- Installing: /home/thompson/MS_Report/hamr_incubator_ws/install/incubator_cpp_pkg_interfaces/share/incubator_cpp_pkg_interfaces/cmake/incubator_cpp_pkg_interfaces__rosidl_typesupport_cppExport-noconfig.cmake
[8.754s] -- Installing: /home/thompson/MS_Report/hamr_incubator_ws/install/incubator_cpp_pkg_interfaces/share/incubator_cpp_pkg_interfaces/cmake/export_incubator_cpp_pkg_interfaces__rosidl_generator_pyExport.cmake
[8.754s] -- Installing: /home/thompson/MS_Report/hamr_incubator_ws/install/incubator_cpp_pkg_interfaces/share/incubator_cpp_pkg_interfaces/cmake/export_incubator_cpp_pkg_interfaces__rosidl_generator_pyExport-noconfig.cmake
[8.755s] -- Installing: /home/thompson/MS_Report/hamr_incubator_ws/install/incubator_cpp_pkg_interfaces/share/incubator_cpp_pkg_interfaces/cmake/rosidl_cmake-extras.cmake
[8.755s] -- Installing: /home/thompson/MS_Report/hamr_incubator_ws/install/incubator_cpp_pkg_interfaces/share/incubator_cpp_pkg_interfaces/cmake/ament_cmake_export_include_directories-extras.cmake
[8.755s] -- Installing: /home/thompson/MS_Report/hamr_incubator_ws/install/incubator_cpp_pkg_interfaces/share/incubator_cpp_pkg_interfaces/cmake/ament_cmake_export_libraries-extras.cmake
[8.755s] -- Installing: /home/thompson/MS_Report/hamr_incubator_ws/install/incubator_cpp_pkg_interfaces/share/incubator_cpp_pkg_interfaces/cmake/ament_cmake_export_targets-extras.cmake
[8.755s] -- Installing: /home/thompson/MS_Report/hamr_incubator_ws/install/incubator_cpp_pkg_interfaces/share/incubator_cpp_pkg_interfaces/cmake/rosidl_cmake_export_typesupport_targets-extras.cmake
[8.755s] -- Installing: /home/thompson/MS_Report/hamr_incubator_ws/install/incubator_cpp_pkg_interfaces/share/incubator_cpp_pkg_interfaces/cmake/ament_cmake_export_dependencies-extras.cmake
[8.755s] -- Installing: /home/thompson/MS_Report/hamr_incubator_ws/install/incubator_cpp_pkg_interfaces/share/incubator_cpp_pkg_interfaces/cmake/rosidl_cmake_export_typesupport_libraries-extras.cmake
[8.756s] -- Installing: /home/thompson/MS_Report/hamr_incubator_ws/install/incubator_cpp_pkg_interfaces/share/incubator_cpp_pkg_interfaces/cmake/incubator_cpp_pkg_interfacesConfig.cmake
[8.756s] -- Installing: /home/thompson/MS_Report/hamr_incubator_ws/install/incubator_cpp_pkg_interfaces/share/incubator_cpp_pkg_interfaces/cmake/incubator_cpp_pkg_interfacesConfig-version.cmake
[8.756s] -- Installing: /home/thompson/MS_Report/hamr_incubator_ws/install/incubator_cpp_pkg_interfaces/share/incubator_cpp_pkg_interfaces/package.xml
[8.758s] Invoked command in '/home/thompson/MS_Report/hamr_incubator_ws/build/incubator_cpp_pkg_interfaces' returned '0': CMAKE_PREFIX_PATH=/opt/ros/humble /usr/bin/cmake --install /home/thompson/MS_Report/hamr_incubator_ws/build/incubator_cpp_pkg_interfaces
