[0.012s] Invoking command in '/home/thompson/MS_Report/hamr_incubator_ws/build/incubator_cpp_pkg': AMENT_PREFIX_PATH=/home/thompson/MS_Report/hamr_incubator_ws/install/incubator_cpp_pkg_interfaces:${AMENT_PREFIX_PATH} CMAKE_PREFIX_PATH=/home/thompson/MS_Report/hamr_incubator_ws/install/incubator_cpp_pkg_interfaces:/opt/ros/humble LD_LIBRARY_PATH=/home/thompson/MS_Report/hamr_incubator_ws/install/incubator_cpp_pkg_interfaces/lib:${LD_LIBRARY_PATH} PYTHONPATH=/home/thompson/MS_Report/hamr_incubator_ws/install/incubator_cpp_pkg_interfaces/local/lib/python3.10/dist-packages:${PYTHONPATH} /usr/bin/cmake --build /home/thompson/MS_Report/hamr_incubator_ws/build/incubator_cpp_pkg -- -j7 -l7
[0.046s] -- Found ament_cmake: 1.3.10 (/opt/ros/humble/share/ament_cmake/cmake)
[0.164s] -- Found rclcpp: 16.0.10 (/opt/ros/humble/share/rclcpp/cmake)
[0.194s] -- Found rosidl_generator_c: 3.1.5 (/opt/ros/humble/share/rosidl_generator_c/cmake)
[0.196s] -- Found rosidl_adapter: 3.1.5 (/opt/ros/humble/share/rosidl_adapter/cmake)
[0.202s] -- Found rosidl_generator_cpp: 3.1.5 (/opt/ros/humble/share/rosidl_generator_cpp/cmake)
[0.210s] -- Using all available rosidl_typesupport_c: rosidl_typesupport_fastrtps_c;rosidl_typesupport_introspection_c
[0.222s] -- Using all available rosidl_typesupport_cpp: rosidl_typesupport_fastrtps_cpp;rosidl_typesupport_introspection_cpp
[0.260s] -- Found rmw_implementation_cmake: 6.1.2 (/opt/ros/humble/share/rmw_implementation_cmake/cmake)
[0.263s] -- Found rmw_fastrtps_cpp: 6.2.7 (/opt/ros/humble/share/rmw_fastrtps_cpp/cmake)
[0.357s] -- Using RMW implementation 'rmw_fastrtps_cpp' as default
[0.422s] -- Found incubator_cpp_pkg_interfaces: 0.0.0 (/home/thompson/MS_Report/hamr_incubator_ws/install/incubator_cpp_pkg_interfaces/share/incubator_cpp_pkg_interfaces/cmake)
[0.493s] -- Configuring done
[0.496s] [31mCMake Error at CMakeLists.txt:18 (add_executable):
[0.496s]   Cannot find source file:
[0.496s] 
[0.496s]     include/incubator_cpp_pkg/user_headers/Controller_Model_SM.hppsrc/base_code/Incubator_i_Instance_pt_ptp_controller_runner.cpp
[0.496s] 
[0.496s]   Tried extensions .c .C .c++ .cc .cpp .cxx .cu .mpp .m .M .mm .ixx .cppm .h
[0.496s]   .hh .h++ .hm .hpp .hxx .in .txx .f .F .for .f77 .f90 .f95 .f03 .hip .ispc
[0.496s] 
[0.496s] [0m
[0.496s] [31mCMake Error at CMakeLists.txt:18 (add_executable):
[0.497s]   No SOURCES given to target: Incubator_i_Instance_pt_ptp_controller_exe
[0.497s] 
[0.497s] [0m
[0.497s] [0mCMake Generate step failed.  Build files cannot be regenerated correctly.[0m
[0.502s] gmake: *** [Makefile:511: cmake_check_build_system] Error 1
[0.504s] Invoked command in '/home/thompson/MS_Report/hamr_incubator_ws/build/incubator_cpp_pkg' returned '2': AMENT_PREFIX_PATH=/home/thompson/MS_Report/hamr_incubator_ws/install/incubator_cpp_pkg_interfaces:${AMENT_PREFIX_PATH} CMAKE_PREFIX_PATH=/home/thompson/MS_Report/hamr_incubator_ws/install/incubator_cpp_pkg_interfaces:/opt/ros/humble LD_LIBRARY_PATH=/home/thompson/MS_Report/hamr_incubator_ws/install/incubator_cpp_pkg_interfaces/lib:${LD_LIBRARY_PATH} PYTHONPATH=/home/thompson/MS_Report/hamr_incubator_ws/install/incubator_cpp_pkg_interfaces/local/lib/python3.10/dist-packages:${PYTHONPATH} /usr/bin/cmake --build /home/thompson/MS_Report/hamr_incubator_ws/build/incubator_cpp_pkg -- -j7 -l7
